Log file open, 08/20/17 20:20:09
LogInit:Display: Running engine for game: Climbing
LogPlatformFile: Not using cached read wrapper
LogInit:Display: RandInit(1455219820) SRandInit(1455219820).
LogTaskGraph: Started task graph with 5 named threads and 8 total threads with 1 sets of task threads.
LogStats: Stats thread started at 0.071905
LogInit: Using libcurl 7.47.1
LogInit:  - built for x86_64-pc-win32
LogInit:  - supports SSL with OpenSSL/1.0.2g
LogInit:  - supports HTTP deflate (compression) using libz 1.2.8
LogInit:  - other features:
LogInit:      CURL_VERSION_SSL
LogInit:      CURL_VERSION_LIBZ
LogInit:      CURL_VERSION_IPV6
LogInit:      CURL_VERSION_ASYNCHDNS
LogInit:      CURL_VERSION_LARGEFILE
LogInit:      CURL_VERSION_IDN
LogInit:  CurlRequestOptions (configurable via config and command line):
LogInit:  - bVerifyPeer = false  - Libcurl will NOT verify peer certificate
LogInit:  - bUseHttpProxy = false  - Libcurl will NOT use HTTP proxy
LogInit:  - bDontReuseConnections = false  - Libcurl will reuse connections
LogInit:  - CertBundlePath = nullptr  - Libcurl will use whatever was configured at build time.
LogInit: Build: ++UE4+Release-4.16-CL-3561208
LogInit: Engine Version: 4.16.3-3561208+++UE4+Release-4.16
LogInit: Compatible Engine Version: 4.16.0-3452394+++UE4+Release-4.16
LogInit: Net CL: 3452394
LogDevObjectVersion: Number of dev versions registered: 16
LogDevObjectVersion:   Dev-Blueprints (B0D832E4-1F89-4F0D-ACCF-7EB736FD4AA2): 9
LogDevObjectVersion:   Dev-Build (E1C64328-A22C-4D53-A36C-8E866417BD8C): 0
LogDevObjectVersion:   Dev-Core (375EC13C-06E4-48FB-B500-84F0262A717E): 2
LogDevObjectVersion:   Dev-Editor (E4B068ED-F494-42E9-A231-DA0B2E46BB41): 17
LogDevObjectVersion:   Dev-Framework (CFFC743F-43B0-4480-9391-14DF171D2073): 23
LogDevObjectVersion:   Dev-Mobile (B02B49B5-BB20-44E9-A304-32B752E40360): 0
LogDevObjectVersion:   Dev-Networking (A4E4105C-59A1-49B5-A7C5-40C4547EDFEE): 0
LogDevObjectVersion:   Dev-Online (39C831C9-5AE6-47DC-9A44-9C173E1C8E7C): 0
LogDevObjectVersion:   Dev-Physics (78F01B33-EBEA-4F98-B9B4-84EACCB95AA2): 0
LogDevObjectVersion:   Dev-Platform (6631380F-2D4D-43E0-8009-CF276956A95A): 0
LogDevObjectVersion:   Dev-Rendering (12F88B9F-8875-4AFC-A67C-D90C383ABD29): 15
LogDevObjectVersion:   Dev-Sequencer (7B5AE74C-D270-4C10-A958-57980B212A5A): 4
LogDevObjectVersion:   Dev-VR (D7296918-1DD6-4BDD-9DE2-64A83CC13884): 0
LogDevObjectVersion:   Dev-LoadTimes (C2A15278-BFE7-4AFE-6C17-90FF531DF755): 1
LogDevObjectVersion:   Private-Geometry (6EACA3D4-40EC-4CC1-B786-8BED09428FC5): 1
LogDevObjectVersion:   Dev-AnimPhys (29E575DD-E0A3-4627-9D10-D276232CDCEA): 3
LogInit: Compiled (64-bit): Jul 28 2017 11:49:47
LogInit: Compiled with Visual C++: 19.00.24215.01
LogInit: Build Configuration: Development
LogInit: Branch Name: ++UE4+Release-4.16
LogInit: Command line:  
LogInit: Base directory: D:/Software/Unreal Engine 4/Epic Games/UE_4.16/Engine/Binaries/Win64/
LogInit: Installed Engine Build: 1
LogInit: Presizing for max 8388607 objects, including 0 objects not considered by GC, pre-allocating 0 bytes for permanent pool.
LogInit: Object subsystem initialized
[2017.08.20-10.20.09:320][  0]LogInit: Selected Device Profile: [Windows]
[2017.08.20-10.20.09:320][  0]LogInit: Applying CVar settings loaded from the selected device profile: [Windows]
[2017.08.20-10.20.09:337][  0]LogInit: Computer: JACKE-PC
[2017.08.20-10.20.09:337][  0]LogInit: User: Insigma
[2017.08.20-10.20.09:337][  0]LogInit: CPU Page size=4096, Cores=4
[2017.08.20-10.20.09:337][  0]LogInit: High frequency timer resolution =3.914111 MHz
[2017.08.20-10.20.09:337][  0]LogMemory: Memory total: Physical=15.9GB (16GB approx)
[2017.08.20-10.20.09:337][  0]LogMemory: Platform Memory Stats for Windows
[2017.08.20-10.20.09:337][  0]LogMemory: Process Physical Memory: 274.04 MB used, 274.04 MB peak
[2017.08.20-10.20.09:337][  0]LogMemory: Process Virtual Memory: 263.84 MB used, 263.84 MB peak
[2017.08.20-10.20.09:338][  0]LogMemory: Physical Memory: 5879.22 MB used,  10448.49 MB free, 16327.71 MB total
[2017.08.20-10.20.09:338][  0]LogMemory: Virtual Memory: 622.31 MB used,  10448.49 MB free, 8388608.00 MB total
[2017.08.20-10.20.09:401][  0]LogInit: Using OS detected language (en-US).
[2017.08.20-10.20.09:401][  0]LogInit: Using OS detected locale (en-US).
[2017.08.20-10.20.09:402][  0]LogTextLocalizationManager: No specific localization for 'en-US' exists, so the 'en' localization will be used.
[2017.08.20-10.20.10:041][  0]LogD3D11RHI: D3D11 adapters:
[2017.08.20-10.20.10:438][  0]LogD3D11RHI:    0. 'NVIDIA GeForce GTX 980 Ti' (Feature Level 11_0)
[2017.08.20-10.20.10:438][  0]LogD3D11RHI:       6048/0/7907 MB DedicatedVideo/DedicatedSystem/SharedSystem, Outputs:1, VendorId:0x10de
[2017.08.20-10.20.10:438][  0]LogD3D11RHI: Chosen D3D11 Adapter: 0
[2017.08.20-10.20.10:442][  0]LogD3D11RHI: Creating new Direct3DDevice
[2017.08.20-10.20.10:442][  0]LogD3D11RHI:     GPU DeviceId: 0x17c8 (for the marketing name, search the web for "GPU Device Id")
[2017.08.20-10.20.10:442][  0]LogWindows: EnumDisplayDevices:
[2017.08.20-10.20.10:442][  0]LogWindows:    0. 'NVIDIA GeForce GTX 980 Ti' (P:1 D:1)
[2017.08.20-10.20.10:442][  0]LogWindows:    1. 'NVIDIA GeForce GTX 980 Ti' (P:0 D:0)
[2017.08.20-10.20.10:442][  0]LogWindows:    2. 'NVIDIA GeForce GTX 980 Ti' (P:0 D:0)
[2017.08.20-10.20.10:442][  0]LogWindows:    3. 'NVIDIA GeForce GTX 980 Ti' (P:0 D:0)
[2017.08.20-10.20.10:442][  0]LogWindows:    4. 'RDPDD Chained DD' (P:0 D:0)
[2017.08.20-10.20.10:442][  0]LogWindows:    5. 'RDP Encoder Mirror Driver' (P:0 D:0)
[2017.08.20-10.20.10:442][  0]LogWindows:    6. 'RDP Reflector Display Driver' (P:0 D:0)
[2017.08.20-10.20.10:442][  0]LogWindows: DebugString: GetVideoDriverDetailsInvalid PrimaryIsNotTheChoosenAdapter GetVideoDriverDetailsInvalid PrimaryIsNotTheChoosenAdapter GetVideoDriverDetailsInvalid PrimaryIsNotTheChoosenAdapter FoundDriverCount:4 
[2017.08.20-10.20.10:442][  0]LogD3D11RHI:     Adapter Name: NVIDIA GeForce GTX 980 Ti
[2017.08.20-10.20.10:442][  0]LogD3D11RHI:   Driver Version: 381.65 (internal:22.21.13.8165, unified:381.65)
[2017.08.20-10.20.10:442][  0]LogD3D11RHI:      Driver Date: 3-31-2017
[2017.08.20-10.20.10:442][  0]LogRHI: Texture pool is 1361 MB (70% of 1945 MB)
[2017.08.20-10.20.10:830][  0]LogD3D11RHI: Async texture creation enabled
[2017.08.20-10.20.10:972][  0]LogD3D11RHI: GPU Timing Frequency: 1000.000000 (Debug: 2 2)
[2017.08.20-10.20.11:019][  0]LogShaderCompilers: Guid format shader working directory is 15 characters bigger than the processId version (../../../../../Lucy/Lucy/Climbing/Intermediate/Shaders/WorkingDirectory/9832/).
[2017.08.20-10.20.11:019][  0]LogShaderCompilers: Cleaned the shader compiler working directory 'C:/Users/Insigma/AppData/Local/Temp/UnrealShaderWorkingDir/D92CE813457E749C3C628996B42832F6/'.
[2017.08.20-10.20.11:019][  0]LogShaderCompilers:Display: Using Local Shader Compiler.
[2017.08.20-10.20.11:713][  0]LogTemp:Display: Loaded TP AllDesktopTargetPlatform
[2017.08.20-10.20.11:742][  0]LogTemp:Display: Loaded TP MacClientTargetPlatform
[2017.08.20-10.20.11:769][  0]LogTemp:Display: Loaded TP MacNoEditorTargetPlatform
[2017.08.20-10.20.11:796][  0]LogTemp:Display: Loaded TP MacServerTargetPlatform
[2017.08.20-10.20.11:824][  0]LogTemp:Display: Loaded TP MacTargetPlatform
[2017.08.20-10.20.11:850][  0]LogTemp:Display: Loaded TP WindowsClientTargetPlatform
[2017.08.20-10.20.11:878][  0]LogTemp:Display: Loaded TP WindowsNoEditorTargetPlatform
[2017.08.20-10.20.11:906][  0]LogTemp:Display: Loaded TP WindowsServerTargetPlatform
[2017.08.20-10.20.11:929][  0]LogTemp:Display: Loaded TP WindowsTargetPlatform
[2017.08.20-10.20.11:959][  0]LogTemp:Display: Loaded TP AndroidTargetPlatform
[2017.08.20-10.20.11:986][  0]LogTemp:Display: Loaded TP Android_ASTCTargetPlatform
[2017.08.20-10.20.12:014][  0]LogTemp:Display: Loaded TP Android_ATCTargetPlatform
[2017.08.20-10.20.12:041][  0]LogTemp:Display: Loaded TP Android_DXTTargetPlatform
[2017.08.20-10.20.12:068][  0]LogTemp:Display: Loaded TP Android_ETC1TargetPlatform
[2017.08.20-10.20.12:094][  0]LogTemp:Display: Loaded TP Android_ETC2TargetPlatform
[2017.08.20-10.20.12:149][  0]LogTemp:Display: Loaded TP Android_MultiTargetPlatform
[2017.08.20-10.20.12:149][  0]LogTemp:Display: Loaded TP Android_PVRTCTargetPlatform
[2017.08.20-10.20.12:169][  0]LogTemp:Display: Loaded TP HTML5TargetPlatform
[2017.08.20-10.20.12:230][  0]LogTemp:Display: Loaded TP IOSTargetPlatform
[2017.08.20-10.20.12:246][  0]LogTemp:Display: Loaded TP TVOSTargetPlatform
[2017.08.20-10.20.12:273][  0]LogTemp:Display: Loaded TP LinuxClientTargetPlatform
[2017.08.20-10.20.12:300][  0]LogTemp:Display: Loaded TP LinuxNoEditorTargetPlatform
[2017.08.20-10.20.12:326][  0]LogTemp:Display: Loaded TP LinuxServerTargetPlatform
[2017.08.20-10.20.12:352][  0]LogTemp:Display: Loaded TP LinuxTargetPlatform
[2017.08.20-10.20.12:352][  0]LogTargetPlatformManager:Display: Building Assets For Windows
[2017.08.20-10.20.12:591][  0]LogDerivedDataCache:Display: Max Cache Size: 512 MB
[2017.08.20-10.20.12:664][  0]LogDerivedDataCache: Loaded boot cache 0.07s 90MB C:/Users/Insigma/AppData/Local/UnrealEngine/4.16/DerivedDataCache/Boot.ddc.
[2017.08.20-10.20.12:664][  0]LogDerivedDataCache:Display: Loaded Boot cache: C:/Users/Insigma/AppData/Local/UnrealEngine/4.16/DerivedDataCache/Boot.ddc
[2017.08.20-10.20.12:664][  0]LogDerivedDataCache: FDerivedDataBackendGraph:  Pak pak cache file ../../../../../Lucy/Lucy/Climbing/DerivedDataCache/DDC.ddp not found, will not use a pak cache.
[2017.08.20-10.20.12:664][  0]LogDerivedDataCache: Unable to find inner node Pak for hierarchical cache Hierarchy.
[2017.08.20-10.20.12:664][  0]LogDerivedDataCache: FDerivedDataBackendGraph:  CompressedPak pak cache file ../../../../../Lucy/Lucy/Climbing/DerivedDataCache/Compressed.ddp not found, will not use a pak cache.
[2017.08.20-10.20.12:664][  0]LogDerivedDataCache: Unable to find inner node CompressedPak for hierarchical cache Hierarchy.
[2017.08.20-10.20.12:677][  0]LogDerivedDataCache:Display: Pak cache opened for reading ../../../Engine/DerivedDataCache/Compressed.ddp.
[2017.08.20-10.20.12:689][  0]LogDerivedDataCache: Using Local data cache path C:/Users/Insigma/AppData/Local/UnrealEngine/Common/DerivedDataCache: Writable
[2017.08.20-10.20.12:697][  0]LogMaterial: Verifying Global Shaders for PCD3D_SM5
[2017.08.20-10.20.12:697][  0]LogSlate: Using Freetype 2.6.0
[2017.08.20-10.20.12:697][  0]LogSlate: SlateFontCache - WITH_FREETYPE: 1, WITH_HARFBUZZ: 1
[2017.08.20-10.20.12:697][  0]LogSlate: SlateFontCache - WITH_FREETYPE: 1, WITH_HARFBUZZ: 1
[2017.08.20-10.20.12:950][  0]LogInit: Selected Device Profile: [Windows]
[2017.08.20-10.20.12:953][  0]LogContentStreaming: Texture pool size is 0.00 MB
[2017.08.20-10.20.13:098][  0]LogMeshUtilities: Using QuadricMeshReduction for automatic static mesh reduction
[2017.08.20-10.20.13:119][  0]LogSimplygon: Simplygon DLL not present - disabling.
[2017.08.20-10.20.13:142][  0]LogMeshUtilities: Using SimplygonSwarm for distributed automatic mesh merging
[2017.08.20-10.20.13:142][  0]LogMeshUtilities: No automatic skeletal mesh reduction module available
[2017.08.20-10.20.13:142][  0]LogMeshUtilities: No automatic mesh merging module available
[2017.08.20-10.20.13:517][  0]LogNetVersion: Climbing , NetCL: 3452394, EngineNetVer: 2, GameNetVer: 0 (Checksum: 2115053939)
[2017.08.20-10.20.13:562][  0]LogAssetRegistry: FAssetRegistry took 0.0225 seconds to start up
[2017.08.20-10.20.13:599][  0]LogPackageLocalizationCache: Processed 4 localized package path(s) for 2 prioritized culture(s) in 0.024562 seconds
[2017.08.20-10.20.13:603][  0]LogUObjectArray: 34194 objects as part of root set at end of initial load.
[2017.08.20-10.20.13:603][  0]LogUObjectAllocator: 7260416 out of 0 bytes used by permanent object pool.
[2017.08.20-10.20.13:603][  0]LogUObjectArray: CloseDisregardForGC: 0/0 objects in disregard for GC pool
[2017.08.20-10.20.13:632][  0]LogInit: WinSock: version 1.1 (2.2), MaxSocks=32767, MaxUdp=65467
[2017.08.20-10.20.15:028][  0]LogTcpMessaging: Initializing TcpMessaging bridge
[2017.08.20-10.20.15:052][  0]LogUdpMessaging: Initializing bridge on interface 0.0.0.0:0 to multicast group 230.0.0.1:6666.
[2017.08.20-10.20.15:340][  0]LogMaterial: Uniform references updated for custom material expression Custom.
[2017.08.20-10.20.15:555][  0]SourceControl: Info Source control is disabled
[2017.08.20-10.20.15:555][  0]SourceControl: Info Source control is disabled
[2017.08.20-10.20.15:578][  0]SourceControl: Info Source control is disabled
[2017.08.20-10.20.15:599][  0]SourceControl: Info Source control is disabled
[2017.08.20-10.20.15:911][  0]LogAndroidPermission: UAndroidPermissionCallbackProxy::GetInstance
[2017.08.20-10.20.16:199][  0]LogEngine: Initializing Engine...
[2017.08.20-10.20.16:200][  0]LogHMD: Failed to initialize OpenVR with code 110
[2017.08.20-10.20.16:361][  0]LogStats: UGameplayTagsManager::ConstructGameplayTagTree: Construct from data asset -  0.000 s
[2017.08.20-10.20.16:361][  0]LogStats: UGameplayTagsManager::ConstructGameplayTagTree: GameplayTagTreeChangedEvent.Broadcast -  0.000 s
[2017.08.20-10.20.16:426][  0]LogAIModule: Creating AISystem for world Untitled
[2017.08.20-10.20.16:444][  0]LogInit: XAudio2 using 'Speakers (Sound Blaster Recon3Di)' : 2 channels at 48 kHz using 32 bits per sample (channel mask 0x3)
[2017.08.20-10.20.16:461][  0]LogInit: FAudioDevice initialized.
[2017.08.20-10.20.16:496][  0]LogDerivedDataCache: Saved boot cache 0.03s 90MB C:/Users/Insigma/AppData/Local/UnrealEngine/4.16/DerivedDataCache/Boot.ddc.
[2017.08.20-10.20.16:504][  0]LogInit: Texture streaming: Enabled
[2017.08.20-10.20.16:547][  0]LogEngineSessionManager: EngineSessionManager initialized
[2017.08.20-10.20.16:654][  0]LogInit: Transaction tracking system initialized
[2017.08.20-10.20.16:797][  0]BlueprintLog: New page: Editor Load
[2017.08.20-10.20.17:233][  0]LocalizationService: Info Localization service is disabled
[2017.08.20-10.20.17:559][  0]LogConsoleResponse:Display: 
[2017.08.20-10.20.17:667][  0]LogCook:Display: Max memory allowance for cook 16384mb min free memory 0mb
[2017.08.20-10.20.17:667][  0]LogCook:Display: Mobile HDR setting 1
[2017.08.20-10.20.17:765][  0]LogFileCache: Scanning file cache for directory 'D:/Software/Unreal Engine 4/Lucy/Lucy/Climbing/Content/' took 0.01s
[2017.08.20-10.20.18:139][  0]SourceControl: Info Source control is disabled
[2017.08.20-10.20.18:139][  0]Cmd: MAP LOAD FILE="../../../../../Lucy/Lucy/Climbing/Content/SideScrollerBP/Maps/SideScrollerExampleMap.umap" TEMPLATE=0 SHOWPROGRESS=1 FEATURELEVEL=3
[2017.08.20-10.20.18:139][  0]LightingResults: New page: Lighting Build
[2017.08.20-10.20.18:158][  0]MapCheck: New page: Map Check
[2017.08.20-10.20.18:158][  0]LightingResults: New page: Lighting Build
[2017.08.20-10.20.18:426][  0]LogLinker:Warning: Can't find file '/Game/SideScrollerBP/Maps/SideScrollerExampleMap_BuiltData'
[2017.08.20-10.20.18:427][  0]LogLinker:Warning: Can't find file for asset '/Game/SideScrollerBP/Maps/SideScrollerExampleMap_BuiltData' while loading ../../../../../Lucy/Lucy/Climbing/Content/SideScrollerBP/Maps/SideScrollerExampleMap.umap.
[2017.08.20-10.20.18:427][  0]LoadErrors:Error: Error /Game/SideScrollerBP/Maps/SideScrollerExampleMap : Can't find file for asset. /Game/SideScrollerBP/Maps/SideScrollerExampleMap_BuiltData
[2017.08.20-10.20.18:431][  0]LogLinker:Warning: Can't find file '/Game/SideScrollerBP/Maps/SideScrollerExampleMap_BuiltData'
[2017.08.20-10.20.18:431][  0]LogLinker:Warning: Can't find file for asset '/Game/SideScrollerBP/Maps/SideScrollerExampleMap_BuiltData' while loading ../../../../../Lucy/Lucy/Climbing/Content/SideScrollerBP/Maps/SideScrollerExampleMap.umap.
[2017.08.20-10.20.18:431][  0]LoadErrors:Error: Error /Game/SideScrollerBP/Maps/SideScrollerExampleMap : Can't find file for asset. /Game/SideScrollerBP/Maps/SideScrollerExampleMap_BuiltData
[2017.08.20-10.20.18:433][  0]LogLinker:Warning: Can't find file '/Game/SideScrollerBP/Maps/SideScrollerExampleMap_BuiltData'
[2017.08.20-10.20.18:433][  0]LogLinker:Warning: Can't find file for asset '/Game/SideScrollerBP/Maps/SideScrollerExampleMap_BuiltData' while loading NULL.
[2017.08.20-10.20.18:433][  0]LogLinker:Warning: Can't find file '/Game/SideScrollerBP/Maps/SideScrollerExampleMap_BuiltData'
[2017.08.20-10.20.18:433][  0]LogLinker:Warning: Can't find file for asset '/Game/SideScrollerBP/Maps/SideScrollerExampleMap_BuiltData' while loading NULL.
[2017.08.20-10.20.18:459][  0]LogLinker:Warning: Can't find file '/Game/SideScrollerBP/Maps/SideScrollerExampleMap_BuiltData'
[2017.08.20-10.20.18:459][  0]LoadErrors: Info Failed to load /Game/SideScrollerBP/Maps/SideScrollerExampleMap_BuiltData.SideScrollerExampleMap_BuiltData Referenced by PersistentLevel
[2017.08.20-10.20.18:459][  0]LogLinker:Warning: Can't find file for asset '/Game/SideScrollerBP/Maps/SideScrollerExampleMap_BuiltData' while loading NULL.
[2017.08.20-10.20.18:460][  0]LoadErrors: Info Failed to load /Game/SideScrollerBP/Maps/SideScrollerExampleMap_BuiltData.SideScrollerExampleMap_BuiltData Referenced by PersistentLevel
[2017.08.20-10.20.18:601][  0]LogAIModule: Creating AISystem for world SideScrollerExampleMap
[2017.08.20-10.20.18:609][  0]LogEditorServer: Finished looking for orphan Actors (0.000 secs)
[2017.08.20-10.20.18:622][  0]Cmd: MAP CHECKDEP NOCLEARLOG
[2017.08.20-10.20.18:644][  0]MapCheck: Info Map check complete: 0 Error(s), 0 Warning(s), took 22.157ms to complete.
[2017.08.20-10.20.18:644][  0]LogFileHelpers: Loading map 'SideScrollerExampleMap' took 0.505
[2017.08.20-10.20.18:758][  0]LogCollectionManager: Loaded 0 collections in 0.000801 seconds
[2017.08.20-10.20.18:812][  0]LogFileCache: Scanning file cache for directory 'D:/Software/Unreal Engine 4/Lucy/Lucy/Climbing/Saved/Collections/' took 0.01s
[2017.08.20-10.20.18:812][  0]LogFileCache: Scanning file cache for directory 'D:/Software/Unreal Engine 4/Lucy/Lucy/Climbing/Content/Developers/Insigma/Collections/' took 0.01s
[2017.08.20-10.20.18:812][  0]LogFileCache: Scanning file cache for directory 'D:/Software/Unreal Engine 4/Lucy/Lucy/Climbing/Content/Collections/' took 0.01s
[2017.08.20-10.20.18:812][  0]LogCollectionManager: Rebuilt the GUID cache for 0 collections in 0.000001 seconds
[2017.08.20-10.20.18:818][  0]LogContentBrowser: Native class hierarchy populated in 0.0065 seconds. Added 2329 classes and 491 folders.
[2017.08.20-10.20.18:848][  0]LogContentBrowser: Native class hierarchy updated for 'WidgetCarousel' in 0.0004 seconds. Added 0 classes and 0 folders.
[2017.08.20-10.20.18:867][  0]LogContentBrowser: Native class hierarchy updated for 'AddContentDialog' in 0.0004 seconds. Added 0 classes and 0 folders.
[2017.08.20-10.20.18:888][  0]LogContentBrowser: Native class hierarchy updated for 'SceneOutliner' in 0.0004 seconds. Added 1 classes and 2 folders.
[2017.08.20-10.20.18:909][  0]LogCrashTracker: Crashtracker disabled due to settings.
[2017.08.20-10.20.18:914][  0]LogSlate: Took 0.000269 seconds to synchronously load lazily loaded font '../../../Engine/Content/Slate/Fonts/Roboto-Regular.ttf' (155K)
[2017.08.20-10.20.18:915][  0]LogSlate: Took 0.000097 seconds to synchronously load lazily loaded font '../../../Engine/Content/Slate/Fonts/Roboto-Bold.ttf' (160K)
[2017.08.20-10.20.18:918][  0]LogSlate: Took 0.000117 seconds to synchronously load lazily loaded font '../../../Engine/Content/Editor/Slate/Fonts/FontAwesome.ttf' (139K)
[2017.08.20-10.20.18:985][  0]LogRenderer: Reallocating scene render targets to support 1072x576 NumSamples 1 (Frame:1).
[2017.08.20-10.20.19:102][  0]LogUObjectGlobals:Warning: Failed to find object 'Class None.'
[2017.08.20-10.20.19:143][  0]LogContentBrowser: Native class hierarchy updated for 'HierarchicalLODOutliner' in 0.0004 seconds. Added 1 classes and 2 folders.
[2017.08.20-10.20.19:144][  0]LogLoad: (Engine Initialization) Total time: 10.71 seconds
[2017.08.20-10.20.19:144][  0]LogLoad: (Engine Initialization) Total Blueprint compile time: 0.14 seconds
[2017.08.20-10.20.19:144][  0]LogExternalProfiler: Found external profiler: VSPerf
[2017.08.20-10.20.19:144][  0]LogExternalProfiler: Using external profiler: VSPerf
[2017.08.20-10.20.19:482][  0]LogOcInput: OculusInput pre-init called
[2017.08.20-10.20.19:482][  0]LogHMD: Starting GearVRController plugin
[2017.08.20-10.20.19:521][  0]LogContentStreaming: Texture pool size now 1000 MB
[2017.08.20-10.20.19:569][  0]LogSlate: Took 0.000103 seconds to synchronously load lazily loaded font '../../../Engine/Content/Slate/Fonts/Roboto-Light.ttf' (159K)
[2017.08.20-10.20.19:815][  1]LogFileCache: Retrieving MD5 hashes for directory 'D:/Software/Unreal Engine 4/Lucy/Lucy/Climbing/Content/' took 0.31s
[2017.08.20-10.20.20:151][  2]LogAssetRegistry: Asset discovery search completed in 6.6091 seconds
[2017.08.20-10.20.20:153][  2]LogCollectionManager: Rebuilt the object cache for 0 collections in 0.000001 seconds (found 0 objects)
[2017.08.20-10.20.20:153][  2]LogCollectionManager: Fixed up redirectors for 0 collections in 0.000025 seconds (updated 0 objects)
[2017.08.20-10.24.40:414][270]LogSlate: Took 0.000105 seconds to synchronously load lazily loaded font '../../../Engine/Content/Slate/Fonts/Roboto-Light.ttf' (159K)
[2017.08.20-10.24.40:475][270]LogAIModule: Creating AISystem for world TestLevel
[2017.08.20-10.24.40:493][270]Cmd: MAP LOAD FILE="../../../../../Lucy/Lucy/Climbing/Content/SideScrollerBP/Maps/TestLevel.umap" TEMPLATE=0 SHOWPROGRESS=1 FEATURELEVEL=3
[2017.08.20-10.24.40:493][270]LightingResults: New page: Lighting Build
[2017.08.20-10.24.40:494][270]LoadErrors: New page: Loading map: TestLevel.umap
[2017.08.20-10.24.40:494][270]MapCheck: New page: Map Check
[2017.08.20-10.24.40:494][270]LightingResults: New page: Lighting Build
[2017.08.20-10.24.40:507][270]LogEditorServer: Finished looking for orphan Actors (0.000 secs)
[2017.08.20-10.24.40:529][270]Cmd: MAP CHECKDEP NOCLEARLOG
[2017.08.20-10.24.40:551][270]MapCheck: Info Map check complete: 0 Error(s), 0 Warning(s), took 21.987ms to complete.
[2017.08.20-10.24.40:551][270]LogFileHelpers: Loading map 'TestLevel' took 0.058
[2017.08.20-10.25.36:050][912]LogEditorViewport: Clicking on Actor (LMB): StaticMeshActor (Ledge72)
[2017.08.20-10.25.59:915][729]LogEditorViewport: Clicking on Actor (LMB): StaticMeshActor (Wall6)
[2017.08.20-10.26.03:841][170]LogEditorViewport: Clicking on Actor (LMB): StaticMeshActor (Wall4)
[2017.08.20-10.26.06:097][431]LogEditorViewport: Clicking on Actor (LMB): StaticMeshActor (Wall9)
[2017.08.20-10.26.08:843][726]LogEditorViewport: Clicking on Actor (LMB): StaticMeshActor (Wall9)
[2017.08.20-10.26.10:710][938]LogEditorViewport: Clicking on Actor (LMB): BP_Sky_Sphere_C (SkySphereBlueprint)
[2017.08.20-10.26.23:085][401]LogTemp: Repeting last play command: Selected Viewport
[2017.08.20-10.26.23:108][401]LogBlueprintUserMessages: Early PlayInEditor Detection: Level '/Game/SideScrollerBP/Maps/TestLevel.TestLevel:PersistentLevel' has LevelScriptBlueprint '/Game/SideScrollerBP/Maps/TestLevel.TestLevel:PersistentLevel.TestLevel' with GeneratedClass '/Game/SideScrollerBP/Maps/TestLevel.TestLevel_C' with ClassGeneratedBy '/Game/SideScrollerBP/Maps/TestLevel.TestLevel:PersistentLevel.TestLevel'
[2017.08.20-10.26.23:108][401]LogPlayLevel: PlayLevel: No blueprints needed recompiling
[2017.08.20-10.26.23:108][401]PIE: New page: PIE session: TestLevel (Aug 21, 2017, 6:26:23 AM)
[2017.08.20-10.26.23:108][401]LogPlayLevel: Creating play world package: /Game/SideScrollerBP/Maps/UEDPIE_0_TestLevel
[2017.08.20-10.26.23:126][401]LogPlayLevel: PIE: StaticDuplicateObject took: (0.017635s)
[2017.08.20-10.26.23:126][401]LogAIModule: Creating AISystem for world TestLevel
[2017.08.20-10.26.23:126][401]LogPlayLevel: PIE: World Init took: (0.000784s)
[2017.08.20-10.26.23:127][401]LogPlayLevel: PIE: Created PIE world by copying editor world from /Game/SideScrollerBP/Maps/TestLevel.TestLevel to /Game/SideScrollerBP/Maps/UEDPIE_0_TestLevel.TestLevel (0.018806s)
[2017.08.20-10.26.23:143][401]LogInit: XAudio2 using 'Speakers (Sound Blaster Recon3Di)' : 2 channels at 48 kHz using 32 bits per sample (channel mask 0x3)
[2017.08.20-10.26.23:150][401]LogInit: FAudioDevice initialized.
[2017.08.20-10.26.23:196][401]LogLoad: Game class is 'SideScrollerGameMode_C'
[2017.08.20-10.26.23:207][401]LogWorld: Bringing World /Game/SideScrollerBP/Maps/UEDPIE_0_TestLevel.TestLevel up for play (max tick rate 0) at 2017.08.20-20.26.23
[2017.08.20-10.26.23:209][401]LogWorld: Bringing up level for play took: 0.008809
[2017.08.20-10.26.23:242][401]LogContentBrowser: Native class hierarchy updated for 'MovieSceneCapture' in 0.0004 seconds. Added 11 classes and 0 folders.
[2017.08.20-10.26.23:243][401]PIE: Info Play in editor start time for /Game/SideScrollerBP/Maps/UEDPIE_0_TestLevel 1.058
[2017.08.20-10.26.23:243][401]LogBlueprintUserMessages: Late PlayInEditor Detection: Level '/Game/SideScrollerBP/Maps/TestLevel.TestLevel:PersistentLevel' has LevelScriptBlueprint '/Game/SideScrollerBP/Maps/TestLevel.TestLevel:PersistentLevel.TestLevel' with GeneratedClass '/Game/SideScrollerBP/Maps/TestLevel.TestLevel_C' with ClassGeneratedBy '/Game/SideScrollerBP/Maps/TestLevel.TestLevel:PersistentLevel.TestLevel'
[2017.08.20-10.27.02:345][ 82]LogBlueprintUserMessages: Early EndPlayMap Detection: Level '/Game/SideScrollerBP/Maps/TestLevel.TestLevel:PersistentLevel' has LevelScriptBlueprint '/Game/SideScrollerBP/Maps/TestLevel.TestLevel:PersistentLevel.TestLevel' with GeneratedClass '/Game/SideScrollerBP/Maps/TestLevel.TestLevel_C' with ClassGeneratedBy '/Game/SideScrollerBP/Maps/TestLevel.TestLevel:PersistentLevel.TestLevel'
[2017.08.20-10.27.02:377][ 82]LogBlueprintUserMessages: Late EndPlayMap Detection: Level '/Game/SideScrollerBP/Maps/TestLevel.TestLevel:PersistentLevel' has LevelScriptBlueprint '/Game/SideScrollerBP/Maps/TestLevel.TestLevel:PersistentLevel.TestLevel' with GeneratedClass '/Game/SideScrollerBP/Maps/TestLevel.TestLevel_C' with ClassGeneratedBy '/Game/SideScrollerBP/Maps/TestLevel.TestLevel:PersistentLevel.TestLevel'
[2017.08.20-10.27.25:946][893]Cmd: OBJ SAVEPACKAGE PACKAGE="/Game/SideScrollerBP/Maps/TestLevel" FILE="../../../../../Lucy/Lucy/Climbing/Content/SideScrollerBP/Maps/TestLevel.umap" SILENT=true AUTOSAVING=false KEEPDIRTY=false
[2017.08.20-10.27.26:181][893]LogSavePackage: Save=206.39ms
[2017.08.20-10.27.26:181][893]LogSavePackage: Moving '../../../../../Lucy/Lucy/Climbing/Saved/TestLevelE293433E4CF30D2470EA658829B49794.tmp' to '../../../../../Lucy/Lucy/Climbing/Content/SideScrollerBP/Maps/TestLevel.umap'
[2017.08.20-10.27.26:183][893]LogSavePackage:Display: Finished SavePackage ../../../../../Lucy/Lucy/Climbing/Content/SideScrollerBP/Maps/TestLevel.umap
[2017.08.20-10.27.32:951][695]LogEditorViewport: Clicking on Actor (LMB): StaticMeshActor (Wall8)
[2017.08.20-10.27.39:208][428]LogEditorViewport: Clicking on Actor (LMB): StaticMeshActor (Wall8)
[2017.08.20-10.27.50:731][795]LogEditorViewport: Clicking on Actor (LMB): StaticMeshActor (Wall8)
[2017.08.20-10.27.58:186][657]LogEditorViewport: Clicking on Actor (LMB): BP_Sky_Sphere_C (SkySphereBlueprint)
[2017.08.20-10.28.07:328][740]LogEditorViewport: Clicking on Actor (LMB): BP_Sky_Sphere_C (SkySphereBlueprint)
[2017.08.20-10.28.11:949][250]LogContentBrowser: Native class hierarchy updated for 'BlueprintGraph' in 0.0006 seconds. Added 112 classes and 0 folders.
[2017.08.20-10.28.12:389][250]LogSlate: Took 0.000111 seconds to synchronously load lazily loaded font '../../../Engine/Content/Editor/Slate/Fonts/Roboto-BoldCondensed.ttf' (158K)
[2017.08.20-10.28.12:589][251]LogSlate: Took 0.000118 seconds to synchronously load lazily loaded font '../../../Engine/Content/Editor/Slate/Fonts/Roboto-Italic.ttf' (157K)
[2017.08.20-10.28.30:635][850]BlueprintLog: New page: Compile BP_Sky_Sphere
[2017.08.20-10.28.33:238][ 91]LogEditorTransaction: Undo Edit Stars Brightness
[2017.08.20-10.28.33:254][ 91]LogSlate: Took 0.000121 seconds to synchronously load lazily loaded font '../../../Engine/Content/Slate/Fonts/Roboto-Light.ttf' (159K)
[2017.08.20-10.28.35:078][264]LogEditorTransaction: Undo Edit Sun Brightness
[2017.08.20-10.28.39:741][726]LogEditorTransaction: Undo Edit Sun Brightness
[2017.08.20-10.28.41:015][833]LogEditorTransaction: Undo Edit Sun Brightness
[2017.08.20-10.28.42:325][958]LogEditorTransaction: Undo Clicking on Actors
[2017.08.20-10.28.45:194][249]BlueprintLog: New page: Compile BP_Sky_Sphere
[2017.08.20-10.29.02:912][278]Cmd: OBJ SAVEPACKAGE PACKAGE="/Game/SideScrollerBP/Maps/TestLevel" FILE="../../../../../Lucy/Lucy/Climbing/Content/SideScrollerBP/Maps/TestLevel.umap" SILENT=true AUTOSAVING=false KEEPDIRTY=false
[2017.08.20-10.29.03:143][278]LogSavePackage: Save=218.15ms
[2017.08.20-10.29.03:143][278]LogSavePackage: Moving '../../../../../Lucy/Lucy/Climbing/Saved/TestLevelA1B82B08413092B7544735AA4D266240.tmp' to '../../../../../Lucy/Lucy/Climbing/Content/SideScrollerBP/Maps/TestLevel.umap'
[2017.08.20-10.29.03:145][278]LogSavePackage:Display: Finished SavePackage ../../../../../Lucy/Lucy/Climbing/Content/SideScrollerBP/Maps/TestLevel.umap
[2017.08.20-11.35.43:448][587]LogTemp: Repeting last play command: Selected Viewport
[2017.08.20-11.35.43:462][587]LogBlueprintUserMessages: Early PlayInEditor Detection: Level '/Game/SideScrollerBP/Maps/TestLevel.TestLevel:PersistentLevel' has LevelScriptBlueprint '/Game/SideScrollerBP/Maps/TestLevel.TestLevel:PersistentLevel.TestLevel' with GeneratedClass '/Game/SideScrollerBP/Maps/TestLevel.TestLevel_C' with ClassGeneratedBy '/Game/SideScrollerBP/Maps/TestLevel.TestLevel:PersistentLevel.TestLevel'
[2017.08.20-11.35.43:462][587]LogPlayLevel: PlayLevel: No blueprints needed recompiling
[2017.08.20-11.35.43:462][587]PIE: New page: PIE session: TestLevel (Aug 21, 2017, 7:35:43 AM)
[2017.08.20-11.35.43:462][587]LogPlayLevel: Creating play world package: /Game/SideScrollerBP/Maps/UEDPIE_0_TestLevel
[2017.08.20-11.35.43:479][587]LogPlayLevel: PIE: StaticDuplicateObject took: (0.017159s)
[2017.08.20-11.35.43:480][587]LogAIModule: Creating AISystem for world TestLevel
[2017.08.20-11.35.43:480][587]LogPlayLevel: PIE: World Init took: (0.000745s)
[2017.08.20-11.35.43:480][587]LogPlayLevel: PIE: Created PIE world by copying editor world from /Game/SideScrollerBP/Maps/TestLevel.TestLevel to /Game/SideScrollerBP/Maps/UEDPIE_0_TestLevel.TestLevel (0.018110s)
[2017.08.20-11.35.43:496][587]LogInit: XAudio2 using 'Speakers (Sound Blaster Recon3Di)' : 2 channels at 48 kHz using 32 bits per sample (channel mask 0x3)
[2017.08.20-11.35.43:500][587]LogInit: FAudioDevice initialized.
[2017.08.20-11.35.43:528][587]LogLoad: Game class is 'SideScrollerGameMode_C'
[2017.08.20-11.35.43:532][587]LogWorld: Bringing World /Game/SideScrollerBP/Maps/UEDPIE_0_TestLevel.TestLevel up for play (max tick rate 0) at 2017.08.20-21.35.43
[2017.08.20-11.35.43:532][587]LogWorld: Bringing up level for play took: 0.003213
[2017.08.20-11.35.43:533][587]PIE: Info Play in editor start time for /Game/SideScrollerBP/Maps/UEDPIE_0_TestLevel -0.704
[2017.08.20-11.35.43:533][587]LogBlueprintUserMessages: Late PlayInEditor Detection: Level '/Game/SideScrollerBP/Maps/TestLevel.TestLevel:PersistentLevel' has LevelScriptBlueprint '/Game/SideScrollerBP/Maps/TestLevel.TestLevel:PersistentLevel.TestLevel' with GeneratedClass '/Game/SideScrollerBP/Maps/TestLevel.TestLevel_C' with ClassGeneratedBy '/Game/SideScrollerBP/Maps/TestLevel.TestLevel:PersistentLevel.TestLevel'
[2017.08.20-11.36.21:936][187]LogBlueprintUserMessages: Early EndPlayMap Detection: Level '/Game/SideScrollerBP/Maps/TestLevel.TestLevel:PersistentLevel' has LevelScriptBlueprint '/Game/SideScrollerBP/Maps/TestLevel.TestLevel:PersistentLevel.TestLevel' with GeneratedClass '/Game/SideScrollerBP/Maps/TestLevel.TestLevel_C' with ClassGeneratedBy '/Game/SideScrollerBP/Maps/TestLevel.TestLevel:PersistentLevel.TestLevel'
[2017.08.20-11.36.21:972][187]LogBlueprintUserMessages: Late EndPlayMap Detection: Level '/Game/SideScrollerBP/Maps/TestLevel.TestLevel:PersistentLevel' has LevelScriptBlueprint '/Game/SideScrollerBP/Maps/TestLevel.TestLevel:PersistentLevel.TestLevel' with GeneratedClass '/Game/SideScrollerBP/Maps/TestLevel.TestLevel_C' with ClassGeneratedBy '/Game/SideScrollerBP/Maps/TestLevel.TestLevel:PersistentLevel.TestLevel'
[2017.08.20-11.36.23:791][378]Cmd: QUIT_EDITOR
[2017.08.20-11.36.23:863][378]LogExit: Preparing to exit.
[2017.08.20-11.36.24:185][378]LogDirectoryWatcher: A directory notification for 'D:/Software/Unreal Engine 4/Lucy/Lucy/Climbing/Content/' was aborted.
[2017.08.20-11.36.24:208][378]LogExit: Editor shut down
[2017.08.20-11.36.24:210][378]LogExit: Transaction tracking system shut down
[2017.08.20-11.36.24:277][378]LogObj: Freed 0b from 0 cluster array pools.
[2017.08.20-11.36.24:277][378]LogExit: Object subsystem successfully closed.
[2017.08.20-11.36.24:292][378]LogD3D11RHI: Shutdown
[2017.08.20-11.36.24:292][378]LogD3D11RHI: CleanupD3DDevice
[2017.08.20-11.36.24:339][378]LogD3D11RHI: ~FD3D11DynamicRHI
[2017.08.20-11.36.24:344][378]LogModuleManager: Shutting down and abandoning module BlueprintGraph (530)
[2017.08.20-11.36.24:344][378]LogModuleManager: Shutting down and abandoning module BlueprintProfiler (528)
[2017.08.20-11.36.24:344][378]LogModuleManager: Shutting down and abandoning module MovieSceneCapture (526)
[2017.08.20-11.36.24:344][378]LogModuleManager: Shutting down and abandoning module HierarchicalLODOutliner (524)
[2017.08.20-11.36.24:344][378]LogModuleManager: Shutting down and abandoning module CrashTracker (522)
[2017.08.20-11.36.24:344][378]LogModuleManager: Shutting down and abandoning module SceneOutliner (520)
[2017.08.20-11.36.24:344][378]LogModuleManager: Shutting down and abandoning module AddContentDialog (518)
[2017.08.20-11.36.24:344][378]LogDirectoryWatcher: A directory notification for 'D:/Software/Unreal Engine 4/Epic Games/UE_4.16/FeaturePacks/' was aborted.
[2017.08.20-11.36.24:345][378]LogModuleManager: Shutting down and abandoning module WidgetCarousel (517)
[2017.08.20-11.36.24:345][378]LogModuleManager: Shutting down and abandoning module EditorWidgets (514)
[2017.08.20-11.36.24:345][378]LogModuleManager: Shutting down and abandoning module CollectionManager (512)
[2017.08.20-11.36.24:345][378]LogDirectoryWatcher: A directory notification for 'D:/Software/Unreal Engine 4/Lucy/Lucy/Climbing/Content/Collections/' was aborted.
[2017.08.20-11.36.24:345][378]LogDirectoryWatcher: A directory notification for 'D:/Software/Unreal Engine 4/Lucy/Lucy/Climbing/Content/Developers/Insigma/Collections/' was aborted.
[2017.08.20-11.36.24:345][378]LogDirectoryWatcher: A directory notification for 'D:/Software/Unreal Engine 4/Lucy/Lucy/Climbing/Saved/Collections/' was aborted.
[2017.08.20-11.36.24:345][378]LogModuleManager: Shutting down and abandoning module StatsViewer (510)
[2017.08.20-11.36.24:345][378]LogModuleManager: Shutting down and abandoning module FoliageEdit (508)
[2017.08.20-11.36.24:345][378]LogModuleManager: Shutting down and abandoning module LandscapeEditor (506)
[2017.08.20-11.36.24:345][378]LogModuleManager: Shutting down and abandoning module MeshPaintMode (504)
[2017.08.20-11.36.24:345][378]LogModuleManager: Shutting down and abandoning module SceneDepthPickerMode (502)
[2017.08.20-11.36.24:345][378]LogModuleManager: Shutting down and abandoning module ActorPickerMode (500)
[2017.08.20-11.36.24:345][378]LogModuleManager: Shutting down and abandoning module GeometryMode (498)
[2017.08.20-11.36.24:345][378]LogModuleManager: Shutting down and abandoning module TextureAlignMode (496)
[2017.08.20-11.36.24:345][378]LogModuleManager: Shutting down and abandoning module BspMode (494)
[2017.08.20-11.36.24:345][378]LogModuleManager: Shutting down and abandoning module HardwareSurvey (492)
[2017.08.20-11.36.24:345][378]LogModuleManager: Shutting down and abandoning module SequenceRecorderSections (490)
[2017.08.20-11.36.24:345][378]LogModuleManager: Shutting down and abandoning module AutomationWorker (488)
[2017.08.20-11.36.24:345][378]LogModuleManager: Shutting down and abandoning module MatineeToLevelSequence (486)
[2017.08.20-11.36.24:345][378]LogModuleManager: Shutting down and abandoning module LevelSequenceEditor (484)
[2017.08.20-11.36.24:345][378]LogModuleManager: Shutting down and abandoning module PlacementMode (483)
[2017.08.20-11.36.24:345][378]LogModuleManager: Shutting down and abandoning module WmfMediaFactory (480)
[2017.08.20-11.36.24:345][378]LogModuleManager: Shutting down and abandoning module WmfMediaEditor (478)
[2017.08.20-11.36.24:345][378]LogModuleManager: Shutting down and abandoning module AvfMediaFactory (476)
[2017.08.20-11.36.24:345][378]LogModuleManager: Shutting down and abandoning module AvfMediaEditor (474)
[2017.08.20-11.36.24:345][378]LogModuleManager: Shutting down and abandoning module AndroidMediaFactory (472)
[2017.08.20-11.36.24:345][378]LogModuleManager: Shutting down and abandoning module Media (471)
[2017.08.20-11.36.24:345][378]LogModuleManager: Shutting down and abandoning module AndroidMediaEditor (468)
[2017.08.20-11.36.24:345][378]LogModuleManager: Shutting down and abandoning module CharacterAI (466)
[2017.08.20-11.36.24:345][378]LogModuleManager: Shutting down and abandoning module AudioCapture (464)
[2017.08.20-11.36.24:346][378]LogModuleManager: Shutting down and abandoning module SequenceRecorder (463)
[2017.08.20-11.36.24:346][378]LogModuleManager: Shutting down and abandoning module SmartSnapping (460)
[2017.08.20-11.36.24:346][378]LogModuleManager: Shutting down and abandoning module SessionServices (458)
[2017.08.20-11.36.24:346][378]LogModuleManager: Shutting down and abandoning module ViewportSnapping (456)
[2017.08.20-11.36.24:346][378]LogModuleManager: Shutting down and abandoning module ViewportInteraction (454)
[2017.08.20-11.36.24:346][378]LogModuleManager: Shutting down and abandoning module ClothPainter (452)
[2017.08.20-11.36.24:346][378]LogModuleManager: Shutting down and abandoning module LogVisualizer (450)
[2017.08.20-11.36.24:346][378]LogModuleManager: Shutting down and abandoning module IntroTutorials (448)
[2017.08.20-11.36.24:346][378]LogModuleManager: Shutting down and abandoning module GameProjectGeneration (447)
[2017.08.20-11.36.24:346][378]LogModuleManager: Shutting down and abandoning module EditorLiveStreaming (444)
[2017.08.20-11.36.24:346][378]LogModuleManager: Shutting down and abandoning module IOSPlatformEditor (442)
[2017.08.20-11.36.24:346][378]LogModuleManager: Shutting down and abandoning module HTML5PlatformEditor (440)
[2017.08.20-11.36.24:346][378]LogModuleManager: Shutting down and abandoning module AndroidPlatformEditor (438)
[2017.08.20-11.36.24:346][378]LogModuleManager: Shutting down and abandoning module AndroidDeviceDetection (437)
[2017.08.20-11.36.24:401][378]LogModuleManager: Shutting down and abandoning module IOSRuntimeSettings (434)
[2017.08.20-11.36.24:401][378]LogModuleManager: Shutting down and abandoning module AndroidRuntimeSettings (432)
[2017.08.20-11.36.24:401][378]LogModuleManager: Shutting down and abandoning module InputBindingEditor (430)
[2017.08.20-11.36.24:401][378]LogModuleManager: Shutting down and abandoning module MergeActors (428)
[2017.08.20-11.36.24:401][378]LogModuleManager: Shutting down and abandoning module SizeMap (426)
[2017.08.20-11.36.24:401][378]LogModuleManager: Shutting down and abandoning module TreeMap (424)
[2017.08.20-11.36.24:401][378]LogModuleManager: Shutting down and abandoning module ReferenceViewer (422)
[2017.08.20-11.36.24:401][378]LogModuleManager: Shutting down and abandoning module LocalizationDashboard (420)
[2017.08.20-11.36.24:401][378]LogModuleManager: Shutting down and abandoning module LocalizationService (419)
[2017.08.20-11.36.24:401][378]LogModuleManager: Shutting down and abandoning module HardwareTargeting (416)
[2017.08.20-11.36.24:401][378]LogModuleManager: Shutting down and abandoning module DeviceProfileEditor (414)
[2017.08.20-11.36.24:401][378]LogModuleManager: Shutting down and abandoning module UndoHistory (412)
[2017.08.20-11.36.24:401][378]LogModuleManager: Shutting down and abandoning module UserFeedback (410)
[2017.08.20-11.36.24:401][378]LogModuleManager: Shutting down and abandoning module XmlParser (408)
[2017.08.20-11.36.24:401][378]LogModuleManager: Shutting down and abandoning module Blutility (406)
[2017.08.20-11.36.24:401][378]LogModuleManager: Shutting down and abandoning module ProjectSettingsViewer (404)
[2017.08.20-11.36.24:401][378]LogModuleManager: Shutting down and abandoning module ProjectTargetPlatformEditor (403)
[2017.08.20-11.36.24:401][378]LogModuleManager: Shutting down and abandoning module EditorSettingsViewer (400)
[2017.08.20-11.36.24:401][378]LogModuleManager: Shutting down and abandoning module SettingsEditor (398)
[2017.08.20-11.36.24:401][378]LogModuleManager: Shutting down and abandoning module ProjectLauncher (396)
[2017.08.20-11.36.24:401][378]LogModuleManager: Shutting down and abandoning module SessionFrontend (394)
[2017.08.20-11.36.24:401][378]LogModuleManager: Shutting down and abandoning module ProfilerClient (392)
[2017.08.20-11.36.24:401][378]LogModuleManager: Shutting down and abandoning module DeviceManager (390)
[2017.08.20-11.36.24:401][378]LogModuleManager: Shutting down and abandoning module TargetDeviceServices (389)
[2017.08.20-11.36.24:441][378]LogModuleManager: Shutting down and abandoning module AutomationController (386)
[2017.08.20-11.36.24:441][378]LogModuleManager: Shutting down and abandoning module AutomationWindow (384)
[2017.08.20-11.36.24:441][378]LogModuleManager: Shutting down and abandoning module Layers (382)
[2017.08.20-11.36.24:441][378]LogModuleManager: Shutting down and abandoning module ComponentVisualizers (380)
[2017.08.20-11.36.24:441][378]LogModuleManager: Shutting down and abandoning module DetailCustomizations (378)
[2017.08.20-11.36.24:441][378]LogModuleManager: Shutting down and abandoning module PackagesDialog (376)
[2017.08.20-11.36.24:441][378]LogModuleManager: Shutting down and abandoning module Persona (374)
[2017.08.20-11.36.24:441][378]LogModuleManager: Shutting down and abandoning module AdvancedPreviewScene (373)
[2017.08.20-11.36.24:441][378]LogModuleManager: Shutting down and abandoning module AnimGraph (371)
[2017.08.20-11.36.24:441][378]LogModuleManager: Shutting down and abandoning module Kismet (368)
[2017.08.20-11.36.24:452][378]LogModuleManager: Shutting down and abandoning module ClassViewer (366)
[2017.08.20-11.36.24:452][378]LogModuleManager: Shutting down and abandoning module Toolbox (364)
[2017.08.20-11.36.24:452][378]LogModuleManager: Shutting down and abandoning module ModuleUI (362)
[2017.08.20-11.36.24:452][378]LogModuleManager: Shutting down and abandoning module MovieSceneTools (360)
[2017.08.20-11.36.24:453][378]LogModuleManager: Shutting down and abandoning module OutputLog (358)
[2017.08.20-11.36.24:453][378]LogModuleManager: Shutting down and abandoning module GammaUI (356)
[2017.08.20-11.36.24:453][378]LogModuleManager: Shutting down and abandoning module Documentation (354)
[2017.08.20-11.36.24:453][378]LogModuleManager: Shutting down and abandoning module MovieSceneTracks (352)
[2017.08.20-11.36.24:453][378]LogModuleManager: Shutting down and abandoning module MovieScene (350)
[2017.08.20-11.36.24:453][378]LogModuleManager: Shutting down and abandoning module Niagara (348)
[2017.08.20-11.36.24:453][378]LogModuleManager: Shutting down and abandoning module NiagaraEditor (347)
[2017.08.20-11.36.24:453][378]LogModuleManager: Shutting down and abandoning module StreamingPauseRendering (344)
[2017.08.20-11.36.24:453][378]LogModuleManager: Shutting down and abandoning module AnalyticsET (342)
[2017.08.20-11.36.24:453][378]LogModuleManager: Shutting down and abandoning module PortalServices (340)
[2017.08.20-11.36.24:453][378]LogModuleManager: Shutting down and abandoning module PortalRpc (338)
[2017.08.20-11.36.24:453][378]LogModuleManager: Shutting down and abandoning module MessagingRpc (336)
[2017.08.20-11.36.24:453][378]LogModuleManager: Shutting down and abandoning module AIModule (334)
[2017.08.20-11.36.24:453][378]LogModuleManager: Shutting down and abandoning module GameplayDebugger (333)
[2017.08.20-11.36.24:453][378]LogModuleManager: Shutting down and abandoning module AITestSuite (331)
[2017.08.20-11.36.24:453][378]LogModuleManager: Shutting down and abandoning module ProfilerService (328)
[2017.08.20-11.36.24:484][378]LogModuleManager: Shutting down and abandoning module TaskGraph (326)
[2017.08.20-11.36.24:484][378]LogModuleManager: Shutting down and abandoning module SteamVRController (324)
[2017.08.20-11.36.24:484][378]LogModuleManager: Shutting down and abandoning module SteamVR (322)
[2017.08.20-11.36.24:484][378]LogModuleManager: Shutting down and abandoning module ProceduralMeshComponentEditor (320)
[2017.08.20-11.36.24:484][378]LogModuleManager: Shutting down and abandoning module ProceduralMeshComponent (318)
[2017.08.20-11.36.24:484][378]LogModuleManager: Shutting down and abandoning module OculusLibrary (316)
[2017.08.20-11.36.24:484][378]LogModuleManager: Shutting down and abandoning module OculusInput (314)
[2017.08.20-11.36.24:484][378]LogModuleManager: Shutting down and abandoning module MobilePatchingUtils (312)
[2017.08.20-11.36.24:484][378]LogModuleManager: Shutting down and abandoning module CustomMeshComponent (310)
[2017.08.20-11.36.24:484][378]LogModuleManager: Shutting down and abandoning module CableComponent (308)
[2017.08.20-11.36.24:484][378]LogModuleManager: Shutting down and abandoning module ArchVisCharacter (306)
[2017.08.20-11.36.24:484][378]LogModuleManager: Shutting down and abandoning module AndroidPermission (304)
[2017.08.20-11.36.24:484][378]LogModuleManager: Shutting down and abandoning module MediaPlayerEditor (300)
[2017.08.20-11.36.24:485][378]LogModuleManager: Shutting down and abandoning module HTML5Networking (298)
[2017.08.20-11.36.24:485][378]LogModuleManager: Shutting down and abandoning module AlembicImporter (296)
[2017.08.20-11.36.24:485][378]LogModuleManager: Shutting down and abandoning module AlembicLibrary (295)
[2017.08.20-11.36.24:485][378]LogModuleManager: Shutting down and abandoning module GeometryCache (294)
[2017.08.20-11.36.24:485][378]LogModuleManager: Shutting down and abandoning module GeometryCacheEd (293)
[2017.08.20-11.36.24:485][378]LogModuleManager: Shutting down and abandoning module SuperSearchEditor (288)
[2017.08.20-11.36.24:485][378]LogModuleManager: Shutting down and abandoning module SuperSearch (287)
[2017.08.20-11.36.24:485][378]LogModuleManager: Shutting down and abandoning module SpeedTreeImporter (284)
[2017.08.20-11.36.24:485][378]LogModuleManager: Shutting down and abandoning module PluginBrowser (282)
[2017.08.20-11.36.24:485][378]LogModuleManager: Shutting down and abandoning module MobileLauncherProfileWizard (280)
[2017.08.20-11.36.24:485][378]LogModuleManager: Shutting down and abandoning module VisualStudioSourceCodeAccess (278)
[2017.08.20-11.36.24:485][378]LogModuleManager: Shutting down and abandoning module DesktopPlatform (277)
[2017.08.20-11.36.24:485][378]LogModuleManager: Shutting down and abandoning module UObjectPlugin (274)
[2017.08.20-11.36.24:485][378]LogModuleManager: Shutting down and abandoning module SubversionSourceControl (272)
[2017.08.20-11.36.24:485][378]LogModuleManager: Shutting down and abandoning module PerforceSourceControl (270)
[2017.08.20-11.36.24:485][378]LogModuleManager: Shutting down and abandoning module GitSourceControl (268)
[2017.08.20-11.36.24:485][378]LogModuleManager: Shutting down and abandoning module SourceControl (267)
[2017.08.20-11.36.24:485][378]LogModuleManager: Shutting down and abandoning module LightPropagationVolumeEditor (264)
[2017.08.20-11.36.24:485][378]LogModuleManager: Shutting down and abandoning module PaperTiledImporter (262)
[2017.08.20-11.36.24:485][378]LogModuleManager: Shutting down and abandoning module PaperSpriteSheetImporter (260)
[2017.08.20-11.36.24:485][378]LogModuleManager: Shutting down and abandoning module Paper2DEditor (258)
[2017.08.20-11.36.24:485][378]LogModuleManager: Shutting down and abandoning module MeshPaint (257)
[2017.08.20-11.36.24:485][378]LogModuleManager: Shutting down and abandoning module LevelEditor (255)
[2017.08.20-11.36.24:486][378]LogModuleManager: Shutting down and abandoning module PixelInspectorModule (254)
[2017.08.20-11.36.24:486][378]LogModuleManager: Shutting down and abandoning module MainFrame (252)
[2017.08.20-11.36.24:486][378]LogModuleManager: Shutting down and abandoning module HotReload (251)
[2017.08.20-11.36.24:487][378]LogModuleManager: Shutting down and abandoning module PhysXVehiclesEditor (246)
[2017.08.20-11.36.24:487][378]LogModuleManager: Shutting down and abandoning module PhysXVehicles (244)
[2017.08.20-11.36.24:487][378]LogModuleManager: Shutting down and abandoning module LocationServicesBPLibrary (242)
[2017.08.20-11.36.24:487][378]LogModuleManager: Shutting down and abandoning module ImmediatePhysicsEditor (240)
[2017.08.20-11.36.24:487][378]LogModuleManager: Shutting down and abandoning module ImmediatePhysics (238)
[2017.08.20-11.36.24:487][378]LogModuleManager: Shutting down and abandoning module UdpMessaging (236)
[2017.08.20-11.36.24:587][378]LogModuleManager: Shutting down and abandoning module TcpMessaging (234)
[2017.08.20-11.36.25:042][378]LogModuleManager: Shutting down and abandoning module GameplayTagsEditor (232)
[2017.08.20-11.36.25:042][378]LogModuleManager: Shutting down and abandoning module FacialAnimationEditor (230)
[2017.08.20-11.36.25:042][378]LogModuleManager: Shutting down and abandoning module FacialAnimation (228)
[2017.08.20-11.36.25:042][378]LogModuleManager: Shutting down and abandoning module AssetManagerEditor (226)
[2017.08.20-11.36.25:042][378]LogModuleManager: Shutting down and abandoning module GraphEditor (225)
[2017.08.20-11.36.25:042][378]LogModuleManager: Shutting down and abandoning module ContentBrowser (223)
[2017.08.20-11.36.25:044][378]LogModuleManager: Shutting down and abandoning module LightPropagationVolumeRuntime (220)
[2017.08.20-11.36.25:044][378]LogModuleManager: Shutting down and abandoning module Paper2D (218)
[2017.08.20-11.36.25:044][378]LogModuleManager: Shutting down and abandoning module WindowsMoviePlayer (216)
[2017.08.20-11.36.25:044][378]LogModuleManager: Shutting down and abandoning module WmfMedia (214)
[2017.08.20-11.36.25:045][378]LogModuleManager: Shutting down and abandoning module ClothingSystemEditor (212)
[2017.08.20-11.36.25:045][378]LogModuleManager: Shutting down and abandoning module ClothingSystemRuntime (210)
[2017.08.20-11.36.25:045][378]LogModuleManager: Shutting down and abandoning module MediaAssets (208)
[2017.08.20-11.36.25:045][378]LogModuleManager: Shutting down and abandoning module GameLiveStreaming (206)
[2017.08.20-11.36.25:046][378]LogModuleManager: Shutting down and abandoning module VREditor (204)
[2017.08.20-11.36.25:046][378]LogModuleManager: Shutting down and abandoning module StringTableEditor (202)
[2017.08.20-11.36.25:046][378]LogModuleManager: Shutting down and abandoning module GameplayTasksEditor (200)
[2017.08.20-11.36.25:046][378]LogModuleManager: Shutting down and abandoning module BehaviorTreeEditor (198)
[2017.08.20-11.36.25:046][378]LogModuleManager: Shutting down and abandoning module FunctionalTesting (196)
[2017.08.20-11.36.25:046][378]LogModuleManager: Shutting down and abandoning module CollisionAnalyzer (194)
[2017.08.20-11.36.25:046][378]LogModuleManager: Shutting down and abandoning module UMG (192)
[2017.08.20-11.36.25:046][378]LogModuleManager: Shutting down and abandoning module UMGEditor (191)
[2017.08.20-11.36.25:046][378]LogModuleManager: Shutting down and abandoning module Sequencer (190)
[2017.08.20-11.36.25:046][378]LogModuleManager: Shutting down and abandoning module AssetTools (188)
[2017.08.20-11.36.25:046][378]LogModuleManager: Shutting down and abandoning module MessageLog (187)
[2017.08.20-11.36.25:046][378]LogModuleManager: Shutting down and abandoning module WorkspaceMenuStructure (186)
[2017.08.20-11.36.25:046][378]LogModuleManager: Shutting down and abandoning module SlateReflector (180)
[2017.08.20-11.36.25:046][378]LogModuleManager: Shutting down and abandoning module Slate (178)
[2017.08.20-11.36.25:046][378]LogModuleManager: Shutting down and abandoning module EditorStyle (176)
[2017.08.20-11.36.25:050][378]LogModuleManager: Shutting down and abandoning module SourceCodeAccess (174)
[2017.08.20-11.36.25:050][378]LogModuleManager: Shutting down and abandoning module HeadMountedDisplay (172)
[2017.08.20-11.36.25:050][378]LogModuleManager: Shutting down and abandoning module XAudio2 (170)
[2017.08.20-11.36.25:050][378]LogModuleManager: Shutting down and abandoning module Networking (168)
[2017.08.20-11.36.25:050][378]LogModuleManager: Shutting down and abandoning module Core (164)
[2017.08.20-11.36.25:050][378]LogModuleManager: Shutting down and abandoning module AssetRegistry (162)
[2017.08.20-11.36.25:205][378]LogDirectoryWatcher: A directory notification for '../../../Engine/Content/' was aborted.
[2017.08.20-11.36.25:205][378]LogDirectoryWatcher: A directory notification for '../../../../../Lucy/Lucy/Climbing/Content/' was aborted.
[2017.08.20-11.36.25:205][378]LogDirectoryWatcher: A directory notification for '../../../Engine/Plugins/2D/Paper2D/Content/' was aborted.
[2017.08.20-11.36.25:205][378]LogDirectoryWatcher: A directory notification for '../../../Engine/Plugins/Runtime/GearVR/Content/' was aborted.
[2017.08.20-11.36.25:207][378]LogModuleManager: Shutting down and abandoning module DirectoryWatcher (161)
[2017.08.20-11.36.25:207][378]LogModuleManager: Shutting down and abandoning module KismetCompiler (158)
[2017.08.20-11.36.25:207][378]LogModuleManager: Shutting down and abandoning module PhysXFormats (156)
[2017.08.20-11.36.25:207][378]LogModuleManager: Shutting down and abandoning module MeshUtilities (154)
[2017.08.20-11.36.25:207][378]LogModuleManager: Shutting down and abandoning module SimplygonSwarm (153)
[2017.08.20-11.36.25:207][378]LogModuleManager: Shutting down and abandoning module SimplygonMeshReduction (151)
[2017.08.20-11.36.25:207][378]LogModuleManager: Shutting down and abandoning module QuadricMeshReduction (149)
[2017.08.20-11.36.25:207][378]LogModuleManager: Shutting down and abandoning module LevelSequence (146)
[2017.08.20-11.36.25:207][378]LogModuleManager: Shutting down and abandoning module DerivedDataCache (144)
[2017.08.20-11.36.25:288][378]LogDerivedDataCache: Shutdown
[2017.08.20-11.36.25:288][378]LogModuleManager: Shutting down and abandoning module TargetPlatform (142)
[2017.08.20-11.36.25:288][378]LogModuleManager: Shutting down and abandoning module VulkanShaderFormat (141)
[2017.08.20-11.36.25:288][378]LogModuleManager: Shutting down and abandoning module ShaderFormatVectorVM (139)
[2017.08.20-11.36.25:288][378]LogModuleManager: Shutting down and abandoning module ShaderFormatOpenGL (137)
[2017.08.20-11.36.25:288][378]LogModuleManager: Shutting down and abandoning module ShaderFormatD3D (135)
[2017.08.20-11.36.25:288][378]LogModuleManager: Shutting down and abandoning module MetalShaderFormat (133)
[2017.08.20-11.36.25:288][378]LogModuleManager: Shutting down and abandoning module TextureFormatUncompressed (131)
[2017.08.20-11.36.25:288][378]LogModuleManager: Shutting down and abandoning module TextureFormatPVR (129)
[2017.08.20-11.36.25:288][378]LogModuleManager: Shutting down and abandoning module TextureFormatDXT (127)
[2017.08.20-11.36.25:288][378]LogModuleManager: Shutting down and abandoning module TextureFormatIntelISPCTexComp (125)
[2017.08.20-11.36.25:288][378]LogModuleManager: Shutting down and abandoning module TextureFormatASTC (123)
[2017.08.20-11.36.25:288][378]LogModuleManager: Shutting down and abandoning module ImageWrapper (122)
[2017.08.20-11.36.25:288][378]LogModuleManager: Shutting down and abandoning module TextureFormatAndroid (119)
[2017.08.20-11.36.25:288][378]LogModuleManager: Shutting down and abandoning module AudioFormatOpus (117)
[2017.08.20-11.36.25:288][378]LogModuleManager: Shutting down and abandoning module AudioFormatOgg (115)
[2017.08.20-11.36.25:288][378]LogModuleManager: Shutting down and abandoning module AudioFormatADPCM (113)
[2017.08.20-11.36.25:288][378]LogModuleManager: Shutting down and abandoning module LinuxTargetPlatform (111)
[2017.08.20-11.36.25:288][378]LogModuleManager: Shutting down and abandoning module LinuxServerTargetPlatform (109)
[2017.08.20-11.36.25:288][378]LogModuleManager: Shutting down and abandoning module LinuxNoEditorTargetPlatform (107)
[2017.08.20-11.36.25:288][378]LogModuleManager: Shutting down and abandoning module LinuxClientTargetPlatform (105)
[2017.08.20-11.36.25:288][378]LogModuleManager: Shutting down and abandoning module TVOSTargetPlatform (103)
[2017.08.20-11.36.25:288][378]LogModuleManager: Shutting down and abandoning module Messaging (101)
[2017.08.20-11.36.25:288][378]LogModuleManager: Shutting down and abandoning module IOSTargetPlatform (99)
[2017.08.20-11.36.25:288][378]LogModuleManager: Shutting down and abandoning module HTML5TargetPlatform (97)
[2017.08.20-11.36.25:288][378]LogModuleManager: Shutting down and abandoning module Android_PVRTCTargetPlatform (95)
[2017.08.20-11.36.25:288][378]LogModuleManager: Shutting down and abandoning module Android_MultiTargetPlatform (93)
[2017.08.20-11.36.25:288][378]LogModuleManager: Shutting down and abandoning module Android_ETC2TargetPlatform (91)
[2017.08.20-11.36.25:288][378]LogModuleManager: Shutting down and abandoning module Android_ETC1TargetPlatform (89)
[2017.08.20-11.36.25:288][378]LogModuleManager: Shutting down and abandoning module Android_DXTTargetPlatform (87)
[2017.08.20-11.36.25:288][378]LogModuleManager: Shutting down and abandoning module Android_ATCTargetPlatform (85)
[2017.08.20-11.36.25:288][378]LogModuleManager: Shutting down and abandoning module Android_ASTCTargetPlatform (83)
[2017.08.20-11.36.25:288][378]LogModuleManager: Shutting down and abandoning module AndroidTargetPlatform (81)
[2017.08.20-11.36.25:288][378]LogModuleManager: Shutting down and abandoning module WindowsTargetPlatform (79)
[2017.08.20-11.36.25:288][378]LogModuleManager: Shutting down and abandoning module WindowsServerTargetPlatform (77)
[2017.08.20-11.36.25:288][378]LogModuleManager: Shutting down and abandoning module WindowsNoEditorTargetPlatform (75)
[2017.08.20-11.36.25:288][378]LogModuleManager: Shutting down and abandoning module WindowsClientTargetPlatform (73)
[2017.08.20-11.36.25:288][378]LogModuleManager: Shutting down and abandoning module MacTargetPlatform (71)
[2017.08.20-11.36.25:288][378]LogModuleManager: Shutting down and abandoning module MacServerTargetPlatform (69)
[2017.08.20-11.36.25:288][378]LogModuleManager: Shutting down and abandoning module MacNoEditorTargetPlatform (67)
[2017.08.20-11.36.25:288][378]LogModuleManager: Shutting down and abandoning module MacClientTargetPlatform (65)
[2017.08.20-11.36.25:288][378]LogModuleManager: Shutting down and abandoning module AllDesktopTargetPlatform (63)
[2017.08.20-11.36.25:288][378]LogModuleManager: Shutting down and abandoning module InputCore (60)
[2017.08.20-11.36.25:288][378]LogModuleManager: Shutting down and abandoning module Settings (58)
[2017.08.20-11.36.25:288][378]LogModuleManager: Shutting down and abandoning module OculusRift (56)
[2017.08.20-11.36.25:288][378]LogModuleManager: Shutting down and abandoning module GearVRController (54)
[2017.08.20-11.36.25:288][378]LogModuleManager: Shutting down and abandoning module GearVR (52)
[2017.08.20-11.36.25:288][378]LogModuleManager: Shutting down and abandoning module ExampleDeviceProfileSelector (50)
[2017.08.20-11.36.25:288][378]LogModuleManager: Shutting down and abandoning module OnlineBlueprintSupport (48)
[2017.08.20-11.36.25:288][378]LogModuleManager: Shutting down and abandoning module OnlineSubsystem (44)
[2017.08.20-11.36.25:288][378]LogOnline:Display: Unloading online subsystem: NULL
[2017.08.20-11.36.25:288][378]LogModuleManager: Shutting down and abandoning module XMPP (43)
[2017.08.20-11.36.25:288][378]LogModuleManager: Shutting down and abandoning module HTTP (41)
[2017.08.20-11.36.25:288][378]LogHttp:Display: Http module shutting down, but needs to wait on 1 outstanding Http requests:
[2017.08.20-11.36.25:288][378]LogHttp:Display: 	verb=[POST] url=[https://datarouter.ol.epicgames.com/datarouter/api/v1/public/data?SessionID=%7B7AC53F15-4B2F-D450-43B0-83817AD64927%7D&AppID=UEEditor.Rocket.Release&AppVersion=4.16.3-3561208%2B%2B%2BUE4%2BRelease-4.16&UserID=37455e184213eeac73424196fac0a9b5%7C8a243beec6d44cfdb529f95d9020becb%7Cea0c5f4a-54c2-4bf2-abf8-cbd62efac170&AppEnvironment=datacollector-binary&UploadType=eteventstream] status=Processing
[2017.08.20-11.36.25:303][378]LogModuleManager: Shutting down and abandoning module SSL (40)
[2017.08.20-11.36.25:304][378]LogModuleManager: Shutting down and abandoning module HTTPChunkInstaller (36)
[2017.08.20-11.36.25:304][378]LogModuleManager: Shutting down and abandoning module AnimationModifiers (34)
[2017.08.20-11.36.25:304][378]LogModuleManager: Shutting down and abandoning module PropertyEditor (33)
[2017.08.20-11.36.25:304][378]LogModuleManager: Shutting down and abandoning module AudioEditor (30)
[2017.08.20-11.36.25:304][378]LogModuleManager: Shutting down and abandoning module TextureCompressor (28)
[2017.08.20-11.36.25:304][378]LogModuleManager: Shutting down and abandoning module ShaderCore (26)
[2017.08.20-11.36.25:304][378]LogModuleManager: Shutting down and abandoning module Landscape (24)
[2017.08.20-11.36.25:304][378]LogModuleManager: Shutting down and abandoning module SlateRHIRenderer (22)
[2017.08.20-11.36.25:305][378]LogModuleManager: Shutting down and abandoning module OpenGLDrv (20)
[2017.08.20-11.36.25:305][378]LogModuleManager: Shutting down and abandoning module D3D11RHI (18)
[2017.08.20-11.36.25:305][378]LogModuleManager: Shutting down and abandoning module AnimGraphRuntime (16)
[2017.08.20-11.36.25:305][378]LogModuleManager: Shutting down and abandoning module Renderer (14)
[2017.08.20-11.36.25:305][378]LogModuleManager: Shutting down and abandoning module Engine (12)
[2017.08.20-11.36.25:305][378]LogModuleManager: Shutting down and abandoning module CoreUObject (10)
[2017.08.20-11.36.25:305][378]LogModuleManager: Shutting down and abandoning module NetworkFile (8)
[2017.08.20-11.36.25:305][378]LogModuleManager: Shutting down and abandoning module StreamingFile (6)
[2017.08.20-11.36.25:305][378]LogModuleManager: Shutting down and abandoning module SandboxFile (4)
[2017.08.20-11.36.25:305][378]LogModuleManager: Shutting down and abandoning module PakFile (2)
[2017.08.20-11.36.25:306][378]LogExit: Exiting.
[2017.08.20-11.36.25:314][378]Log file closed, 08/20/17 21:36:25
