Log file open, 08/28/17 19:16:07
LogInit:Display: Running engine for game: Lucy
LogPlatformFile: Not using cached read wrapper
LogInit:Display: RandInit(-1873924812) SRandInit(-1873924812).
LogTaskGraph: Started task graph with 5 named threads and 8 total threads with 1 sets of task threads.
LogStats: Stats thread started at 0.070288
LogInit: Using libcurl 7.47.1
LogInit:  - built for x86_64-pc-win32
LogInit:  - supports SSL with OpenSSL/1.0.2g
LogInit:  - supports HTTP deflate (compression) using libz 1.2.8
LogInit:  - other features:
LogInit:      CURL_VERSION_SSL
LogInit:      CURL_VERSION_LIBZ
LogInit:      CURL_VERSION_IPV6
LogInit:      CURL_VERSION_ASYNCHDNS
LogInit:      CURL_VERSION_LARGEFILE
LogInit:      CURL_VERSION_IDN
LogInit:  CurlRequestOptions (configurable via config and command line):
LogInit:  - bVerifyPeer = false  - Libcurl will NOT verify peer certificate
LogInit:  - bUseHttpProxy = false  - Libcurl will NOT use HTTP proxy
LogInit:  - bDontReuseConnections = false  - Libcurl will reuse connections
LogInit:  - CertBundlePath = nullptr  - Libcurl will use whatever was configured at build time.
LogInit: Build: ++UE4+Release-4.16-CL-3561208
LogInit: Engine Version: 4.16.3-3561208+++UE4+Release-4.16
LogInit: Compatible Engine Version: 4.16.0-3452394+++UE4+Release-4.16
LogInit: Net CL: 3452394
LogDevObjectVersion: Number of dev versions registered: 16
LogDevObjectVersion:   Dev-Blueprints (B0D832E4-1F89-4F0D-ACCF-7EB736FD4AA2): 9
LogDevObjectVersion:   Dev-Build (E1C64328-A22C-4D53-A36C-8E866417BD8C): 0
LogDevObjectVersion:   Dev-Core (375EC13C-06E4-48FB-B500-84F0262A717E): 2
LogDevObjectVersion:   Dev-Editor (E4B068ED-F494-42E9-A231-DA0B2E46BB41): 17
LogDevObjectVersion:   Dev-Framework (CFFC743F-43B0-4480-9391-14DF171D2073): 23
LogDevObjectVersion:   Dev-Mobile (B02B49B5-BB20-44E9-A304-32B752E40360): 0
LogDevObjectVersion:   Dev-Networking (A4E4105C-59A1-49B5-A7C5-40C4547EDFEE): 0
LogDevObjectVersion:   Dev-Online (39C831C9-5AE6-47DC-9A44-9C173E1C8E7C): 0
LogDevObjectVersion:   Dev-Physics (78F01B33-EBEA-4F98-B9B4-84EACCB95AA2): 0
LogDevObjectVersion:   Dev-Platform (6631380F-2D4D-43E0-8009-CF276956A95A): 0
LogDevObjectVersion:   Dev-Rendering (12F88B9F-8875-4AFC-A67C-D90C383ABD29): 15
LogDevObjectVersion:   Dev-Sequencer (7B5AE74C-D270-4C10-A958-57980B212A5A): 4
LogDevObjectVersion:   Dev-VR (D7296918-1DD6-4BDD-9DE2-64A83CC13884): 0
LogDevObjectVersion:   Dev-LoadTimes (C2A15278-BFE7-4AFE-6C17-90FF531DF755): 1
LogDevObjectVersion:   Private-Geometry (6EACA3D4-40EC-4CC1-B786-8BED09428FC5): 1
LogDevObjectVersion:   Dev-AnimPhys (29E575DD-E0A3-4627-9D10-D276232CDCEA): 3
LogInit: Compiled (64-bit): Jul 28 2017 11:49:47
LogInit: Compiled with Visual C++: 19.00.24215.01
LogInit: Build Configuration: Development
LogInit: Branch Name: ++UE4+Release-4.16
LogInit: Command line:  
LogInit: Base directory: D:/Software/Unreal Engine 4/Epic Games/UE_4.16/Engine/Binaries/Win64/
LogInit: Installed Engine Build: 1
LogInit: Presizing for max 8388607 objects, including 0 objects not considered by GC, pre-allocating 0 bytes for permanent pool.
LogInit: Object subsystem initialized
[2017.08.28-09.16.07:870][  0]LogInit: Selected Device Profile: [Windows]
[2017.08.28-09.16.07:870][  0]LogInit: Applying CVar settings loaded from the selected device profile: [Windows]
[2017.08.28-09.16.07:891][  0]LogInit: Computer: JACKE-PC
[2017.08.28-09.16.07:891][  0]LogInit: User: Insigma
[2017.08.28-09.16.07:891][  0]LogInit: CPU Page size=4096, Cores=4
[2017.08.28-09.16.07:891][  0]LogInit: High frequency timer resolution =3.914199 MHz
[2017.08.28-09.16.07:892][  0]LogMemory: Memory total: Physical=15.9GB (16GB approx)
[2017.08.28-09.16.07:892][  0]LogMemory: Platform Memory Stats for Windows
[2017.08.28-09.16.07:892][  0]LogMemory: Process Physical Memory: 274.36 MB used, 274.36 MB peak
[2017.08.28-09.16.07:892][  0]LogMemory: Process Virtual Memory: 263.94 MB used, 263.94 MB peak
[2017.08.28-09.16.07:892][  0]LogMemory: Physical Memory: 5461.43 MB used,  10866.28 MB free, 16327.71 MB total
[2017.08.28-09.16.07:892][  0]LogMemory: Virtual Memory: 622.31 MB used,  10866.28 MB free, 8388608.00 MB total
[2017.08.28-09.16.07:952][  0]LogInit: Using OS detected language (en-US).
[2017.08.28-09.16.07:952][  0]LogInit: Using OS detected locale (en-US).
[2017.08.28-09.16.07:953][  0]LogTextLocalizationManager: No specific localization for 'en-US' exists, so the 'en' localization will be used.
[2017.08.28-09.16.08:557][  0]LogD3D11RHI: D3D11 adapters:
[2017.08.28-09.16.08:959][  0]LogD3D11RHI:    0. 'NVIDIA GeForce GTX 980 Ti' (Feature Level 11_0)
[2017.08.28-09.16.08:959][  0]LogD3D11RHI:       6048/0/7907 MB DedicatedVideo/DedicatedSystem/SharedSystem, Outputs:1, VendorId:0x10de
[2017.08.28-09.16.08:959][  0]LogD3D11RHI: Chosen D3D11 Adapter: 0
[2017.08.28-09.16.08:963][  0]LogD3D11RHI: Creating new Direct3DDevice
[2017.08.28-09.16.08:963][  0]LogD3D11RHI:     GPU DeviceId: 0x17c8 (for the marketing name, search the web for "GPU Device Id")
[2017.08.28-09.16.08:963][  0]LogWindows: EnumDisplayDevices:
[2017.08.28-09.16.08:963][  0]LogWindows:    0. 'NVIDIA GeForce GTX 980 Ti' (P:1 D:1)
[2017.08.28-09.16.08:963][  0]LogWindows:    1. 'NVIDIA GeForce GTX 980 Ti' (P:0 D:0)
[2017.08.28-09.16.08:963][  0]LogWindows:    2. 'NVIDIA GeForce GTX 980 Ti' (P:0 D:0)
[2017.08.28-09.16.08:963][  0]LogWindows:    3. 'NVIDIA GeForce GTX 980 Ti' (P:0 D:0)
[2017.08.28-09.16.08:963][  0]LogWindows:    4. 'RDPDD Chained DD' (P:0 D:0)
[2017.08.28-09.16.08:963][  0]LogWindows:    5. 'RDP Encoder Mirror Driver' (P:0 D:0)
[2017.08.28-09.16.08:963][  0]LogWindows:    6. 'RDP Reflector Display Driver' (P:0 D:0)
[2017.08.28-09.16.08:963][  0]LogWindows: DebugString: GetVideoDriverDetailsInvalid PrimaryIsNotTheChoosenAdapter GetVideoDriverDetailsInvalid PrimaryIsNotTheChoosenAdapter GetVideoDriverDetailsInvalid PrimaryIsNotTheChoosenAdapter FoundDriverCount:4 
[2017.08.28-09.16.08:963][  0]LogD3D11RHI:     Adapter Name: NVIDIA GeForce GTX 980 Ti
[2017.08.28-09.16.08:963][  0]LogD3D11RHI:   Driver Version: 381.65 (internal:22.21.13.8165, unified:381.65)
[2017.08.28-09.16.08:963][  0]LogD3D11RHI:      Driver Date: 3-31-2017
[2017.08.28-09.16.08:963][  0]LogRHI: Texture pool is 1361 MB (70% of 1945 MB)
[2017.08.28-09.16.09:342][  0]LogD3D11RHI: Async texture creation enabled
[2017.08.28-09.16.09:405][  0]LogD3D11RHI: GPU Timing Frequency: 1000.000000 (Debug: 2 2)
[2017.08.28-09.16.09:452][  0]LogShaderCompilers: Guid format shader working directory is 15 characters bigger than the processId version (../../../../../Lucy/Lucy/Climbing/Intermediate/Shaders/WorkingDirectory/6908/).
[2017.08.28-09.16.09:452][  0]LogShaderCompilers: Cleaned the shader compiler working directory 'C:/Users/Insigma/AppData/Local/Temp/UnrealShaderWorkingDir/2C2F68624A8DA0F2615647B2743A0203/'.
[2017.08.28-09.16.09:452][  0]LogShaderCompilers:Display: Using Local Shader Compiler.
[2017.08.28-09.16.10:139][  0]LogTemp:Display: Loaded TP AllDesktopTargetPlatform
[2017.08.28-09.16.10:165][  0]LogTemp:Display: Loaded TP MacClientTargetPlatform
[2017.08.28-09.16.10:191][  0]LogTemp:Display: Loaded TP MacNoEditorTargetPlatform
[2017.08.28-09.16.10:217][  0]LogTemp:Display: Loaded TP MacServerTargetPlatform
[2017.08.28-09.16.10:243][  0]LogTemp:Display: Loaded TP MacTargetPlatform
[2017.08.28-09.16.10:270][  0]LogTemp:Display: Loaded TP WindowsClientTargetPlatform
[2017.08.28-09.16.10:296][  0]LogTemp:Display: Loaded TP WindowsNoEditorTargetPlatform
[2017.08.28-09.16.10:322][  0]LogTemp:Display: Loaded TP WindowsServerTargetPlatform
[2017.08.28-09.16.10:343][  0]LogTemp:Display: Loaded TP WindowsTargetPlatform
[2017.08.28-09.16.10:368][  0]LogTemp:Display: Loaded TP AndroidTargetPlatform
[2017.08.28-09.16.10:394][  0]LogTemp:Display: Loaded TP Android_ASTCTargetPlatform
[2017.08.28-09.16.10:419][  0]LogTemp:Display: Loaded TP Android_ATCTargetPlatform
[2017.08.28-09.16.10:444][  0]LogTemp:Display: Loaded TP Android_DXTTargetPlatform
[2017.08.28-09.16.10:470][  0]LogTemp:Display: Loaded TP Android_ETC1TargetPlatform
[2017.08.28-09.16.10:495][  0]LogTemp:Display: Loaded TP Android_ETC2TargetPlatform
[2017.08.28-09.16.10:546][  0]LogTemp:Display: Loaded TP Android_MultiTargetPlatform
[2017.08.28-09.16.10:546][  0]LogTemp:Display: Loaded TP Android_PVRTCTargetPlatform
[2017.08.28-09.16.10:564][  0]LogTemp:Display: Loaded TP HTML5TargetPlatform
[2017.08.28-09.16.10:619][  0]LogTemp:Display: Loaded TP IOSTargetPlatform
[2017.08.28-09.16.10:652][  0]LogTemp:Display: Loaded TP TVOSTargetPlatform
[2017.08.28-09.16.10:677][  0]LogTemp:Display: Loaded TP LinuxClientTargetPlatform
[2017.08.28-09.16.10:703][  0]LogTemp:Display: Loaded TP LinuxNoEditorTargetPlatform
[2017.08.28-09.16.10:728][  0]LogTemp:Display: Loaded TP LinuxServerTargetPlatform
[2017.08.28-09.16.10:753][  0]LogTemp:Display: Loaded TP LinuxTargetPlatform
[2017.08.28-09.16.10:753][  0]LogTargetPlatformManager:Display: Building Assets For Windows
[2017.08.28-09.16.10:969][  0]LogDerivedDataCache:Display: Max Cache Size: 512 MB
[2017.08.28-09.16.11:038][  0]LogDerivedDataCache: Loaded boot cache 0.07s 90MB C:/Users/Insigma/AppData/Local/UnrealEngine/4.16/DerivedDataCache/Boot.ddc.
[2017.08.28-09.16.11:038][  0]LogDerivedDataCache:Display: Loaded Boot cache: C:/Users/Insigma/AppData/Local/UnrealEngine/4.16/DerivedDataCache/Boot.ddc
[2017.08.28-09.16.11:038][  0]LogDerivedDataCache: FDerivedDataBackendGraph:  Pak pak cache file ../../../../../Lucy/Lucy/Climbing/DerivedDataCache/DDC.ddp not found, will not use a pak cache.
[2017.08.28-09.16.11:038][  0]LogDerivedDataCache: Unable to find inner node Pak for hierarchical cache Hierarchy.
[2017.08.28-09.16.11:038][  0]LogDerivedDataCache: FDerivedDataBackendGraph:  CompressedPak pak cache file ../../../../../Lucy/Lucy/Climbing/DerivedDataCache/Compressed.ddp not found, will not use a pak cache.
[2017.08.28-09.16.11:038][  0]LogDerivedDataCache: Unable to find inner node CompressedPak for hierarchical cache Hierarchy.
[2017.08.28-09.16.11:050][  0]LogDerivedDataCache:Display: Pak cache opened for reading ../../../Engine/DerivedDataCache/Compressed.ddp.
[2017.08.28-09.16.11:062][  0]LogDerivedDataCache: Using Local data cache path C:/Users/Insigma/AppData/Local/UnrealEngine/Common/DerivedDataCache: Writable
[2017.08.28-09.16.11:070][  0]LogMaterial: Verifying Global Shaders for PCD3D_SM5
[2017.08.28-09.16.11:070][  0]LogSlate: Using Freetype 2.6.0
[2017.08.28-09.16.11:070][  0]LogSlate: SlateFontCache - WITH_FREETYPE: 1, WITH_HARFBUZZ: 1
[2017.08.28-09.16.11:070][  0]LogSlate: SlateFontCache - WITH_FREETYPE: 1, WITH_HARFBUZZ: 1
[2017.08.28-09.16.11:322][  0]LogInit: Selected Device Profile: [Windows]
[2017.08.28-09.16.11:325][  0]LogContentStreaming: Texture pool size is 0.00 MB
[2017.08.28-09.16.11:469][  0]LogMeshUtilities: Using QuadricMeshReduction for automatic static mesh reduction
[2017.08.28-09.16.11:489][  0]LogSimplygon: Simplygon DLL not present - disabling.
[2017.08.28-09.16.11:510][  0]LogMeshUtilities: Using SimplygonSwarm for distributed automatic mesh merging
[2017.08.28-09.16.11:510][  0]LogMeshUtilities: No automatic skeletal mesh reduction module available
[2017.08.28-09.16.11:510][  0]LogMeshUtilities: No automatic mesh merging module available
[2017.08.28-09.16.11:839][  0]LogNetVersion: Lucy , NetCL: 3452394, EngineNetVer: 2, GameNetVer: 0 (Checksum: 3432496989)
[2017.08.28-09.16.11:883][  0]LogAssetRegistry: FAssetRegistry took 0.0227 seconds to start up
[2017.08.28-09.16.11:915][  0]LogPackageLocalizationCache: Processed 4 localized package path(s) for 2 prioritized culture(s) in 0.022032 seconds
[2017.08.28-09.16.11:919][  0]LogUObjectArray: 34194 objects as part of root set at end of initial load.
[2017.08.28-09.16.11:919][  0]LogUObjectAllocator: 7260424 out of 0 bytes used by permanent object pool.
[2017.08.28-09.16.11:919][  0]LogUObjectArray: CloseDisregardForGC: 0/0 objects in disregard for GC pool
[2017.08.28-09.16.11:945][  0]LogInit: WinSock: version 1.1 (2.2), MaxSocks=32767, MaxUdp=65467
[2017.08.28-09.16.13:289][  0]LogTcpMessaging: Initializing TcpMessaging bridge
[2017.08.28-09.16.13:312][  0]LogUdpMessaging: Initializing bridge on interface 0.0.0.0:0 to multicast group 230.0.0.1:6666.
[2017.08.28-09.16.13:678][  0]LogMaterial: Uniform references updated for custom material expression Custom.
[2017.08.28-09.16.13:896][  0]SourceControl: Info Source control is disabled
[2017.08.28-09.16.13:896][  0]SourceControl: Info Source control is disabled
[2017.08.28-09.16.13:918][  0]SourceControl: Info Source control is disabled
[2017.08.28-09.16.13:939][  0]SourceControl: Info Source control is disabled
[2017.08.28-09.16.14:238][  0]LogAndroidPermission: UAndroidPermissionCallbackProxy::GetInstance
[2017.08.28-09.16.14:517][  0]LogEngine: Initializing Engine...
[2017.08.28-09.16.14:517][  0]LogHMD: Failed to initialize OpenVR with code 110
[2017.08.28-09.16.14:687][  0]LogStats: UGameplayTagsManager::ConstructGameplayTagTree: Construct from data asset -  0.000 s
[2017.08.28-09.16.14:687][  0]LogStats: UGameplayTagsManager::ConstructGameplayTagTree: GameplayTagTreeChangedEvent.Broadcast -  0.000 s
[2017.08.28-09.16.14:753][  0]LogAIModule: Creating AISystem for world Untitled
[2017.08.28-09.16.14:762][  0]LogInit: XAudio2 using 'Speakers (Sound Blaster Recon3Di)' : 2 channels at 48 kHz using 32 bits per sample (channel mask 0x3)
[2017.08.28-09.16.14:777][  0]LogInit: FAudioDevice initialized.
[2017.08.28-09.16.14:813][  0]LogDerivedDataCache: Saved boot cache 0.04s 90MB C:/Users/Insigma/AppData/Local/UnrealEngine/4.16/DerivedDataCache/Boot.ddc.
[2017.08.28-09.16.14:823][  0]LogInit: Texture streaming: Enabled
[2017.08.28-09.16.14:865][  0]LogEngineSessionManager: EngineSessionManager initialized
[2017.08.28-09.16.14:965][  0]LogInit: Transaction tracking system initialized
[2017.08.28-09.16.15:103][  0]BlueprintLog: New page: Editor Load
[2017.08.28-09.16.15:517][  0]LocalizationService: Info Localization service is disabled
[2017.08.28-09.16.15:829][  0]LogConsoleResponse:Display: 
[2017.08.28-09.16.15:930][  0]LogCook:Display: Max memory allowance for cook 16384mb min free memory 0mb
[2017.08.28-09.16.15:930][  0]LogCook:Display: Mobile HDR setting 1
[2017.08.28-09.16.16:362][  0]LogFileCache: Scanning file cache for directory 'D:/Software/Unreal Engine 4/Lucy/Lucy/Climbing/Content/' took 0.01s
[2017.08.28-09.16.16:384][  0]SourceControl: Info Source control is disabled
[2017.08.28-09.16.16:384][  0]Cmd: MAP LOAD FILE="../../../../../Lucy/Lucy/Climbing/Content/SideScrollerBP/Maps/SideScrollerExampleMap.umap" TEMPLATE=0 SHOWPROGRESS=1 FEATURELEVEL=3
[2017.08.28-09.16.16:384][  0]LightingResults: New page: Lighting Build
[2017.08.28-09.16.16:403][  0]MapCheck: New page: Map Check
[2017.08.28-09.16.16:403][  0]LightingResults: New page: Lighting Build
[2017.08.28-09.16.16:654][  0]LogLinker:Warning: Can't find file '/Game/SideScrollerBP/Maps/SideScrollerExampleMap_BuiltData'
[2017.08.28-09.16.16:654][  0]LogLinker:Warning: Can't find file for asset '/Game/SideScrollerBP/Maps/SideScrollerExampleMap_BuiltData' while loading ../../../../../Lucy/Lucy/Climbing/Content/SideScrollerBP/Maps/SideScrollerExampleMap.umap.
[2017.08.28-09.16.16:654][  0]LoadErrors:Error: Error /Game/SideScrollerBP/Maps/SideScrollerExampleMap : Can't find file for asset. /Game/SideScrollerBP/Maps/SideScrollerExampleMap_BuiltData
[2017.08.28-09.16.16:658][  0]LogLinker:Warning: Can't find file '/Game/SideScrollerBP/Maps/SideScrollerExampleMap_BuiltData'
[2017.08.28-09.16.16:658][  0]LogLinker:Warning: Can't find file for asset '/Game/SideScrollerBP/Maps/SideScrollerExampleMap_BuiltData' while loading ../../../../../Lucy/Lucy/Climbing/Content/SideScrollerBP/Maps/SideScrollerExampleMap.umap.
[2017.08.28-09.16.16:658][  0]LoadErrors:Error: Error /Game/SideScrollerBP/Maps/SideScrollerExampleMap : Can't find file for asset. /Game/SideScrollerBP/Maps/SideScrollerExampleMap_BuiltData
[2017.08.28-09.16.16:660][  0]LogLinker:Warning: Can't find file '/Game/SideScrollerBP/Maps/SideScrollerExampleMap_BuiltData'
[2017.08.28-09.16.16:660][  0]LogLinker:Warning: Can't find file for asset '/Game/SideScrollerBP/Maps/SideScrollerExampleMap_BuiltData' while loading NULL.
[2017.08.28-09.16.16:660][  0]LogLinker:Warning: Can't find file '/Game/SideScrollerBP/Maps/SideScrollerExampleMap_BuiltData'
[2017.08.28-09.16.16:660][  0]LogLinker:Warning: Can't find file for asset '/Game/SideScrollerBP/Maps/SideScrollerExampleMap_BuiltData' while loading NULL.
[2017.08.28-09.16.16:667][  0]LogLinker:Warning: Can't find file '/Game/SideScrollerBP/Maps/SideScrollerExampleMap_BuiltData'
[2017.08.28-09.16.16:667][  0]LoadErrors: Info Failed to load /Game/SideScrollerBP/Maps/SideScrollerExampleMap_BuiltData.SideScrollerExampleMap_BuiltData Referenced by PersistentLevel
[2017.08.28-09.16.16:667][  0]LogLinker:Warning: Can't find file for asset '/Game/SideScrollerBP/Maps/SideScrollerExampleMap_BuiltData' while loading NULL.
[2017.08.28-09.16.16:667][  0]LoadErrors: Info Failed to load /Game/SideScrollerBP/Maps/SideScrollerExampleMap_BuiltData.SideScrollerExampleMap_BuiltData Referenced by PersistentLevel
[2017.08.28-09.16.16:823][  0]LogAIModule: Creating AISystem for world SideScrollerExampleMap
[2017.08.28-09.16.16:831][  0]LogEditorServer: Finished looking for orphan Actors (0.000 secs)
[2017.08.28-09.16.16:842][  0]Cmd: MAP CHECKDEP NOCLEARLOG
[2017.08.28-09.16.16:867][  0]MapCheck: Info Map check complete: 0 Error(s), 0 Warning(s), took 24.972ms to complete.
[2017.08.28-09.16.16:867][  0]LogFileHelpers: Loading map 'SideScrollerExampleMap' took 0.483
[2017.08.28-09.16.16:980][  0]LogCollectionManager: Loaded 0 collections in 0.000805 seconds
[2017.08.28-09.16.17:066][  0]LogFileCache: Scanning file cache for directory 'D:/Software/Unreal Engine 4/Lucy/Lucy/Climbing/Saved/Collections/' took 0.01s
[2017.08.28-09.16.17:066][  0]LogFileCache: Scanning file cache for directory 'D:/Software/Unreal Engine 4/Lucy/Lucy/Climbing/Content/Developers/Insigma/Collections/' took 0.01s
[2017.08.28-09.16.17:066][  0]LogFileCache: Scanning file cache for directory 'D:/Software/Unreal Engine 4/Lucy/Lucy/Climbing/Content/Collections/' took 0.01s
[2017.08.28-09.16.17:066][  0]LogCollectionManager: Rebuilt the GUID cache for 0 collections in 0.000002 seconds
[2017.08.28-09.16.17:074][  0]LogContentBrowser: Native class hierarchy populated in 0.0085 seconds. Added 2329 classes and 491 folders.
[2017.08.28-09.16.17:104][  0]LogContentBrowser: Native class hierarchy updated for 'WidgetCarousel' in 0.0004 seconds. Added 0 classes and 0 folders.
[2017.08.28-09.16.17:123][  0]LogContentBrowser: Native class hierarchy updated for 'AddContentDialog' in 0.0004 seconds. Added 0 classes and 0 folders.
[2017.08.28-09.16.17:143][  0]LogContentBrowser: Native class hierarchy updated for 'SceneOutliner' in 0.0004 seconds. Added 1 classes and 2 folders.
[2017.08.28-09.16.17:164][  0]LogCrashTracker: Crashtracker disabled due to settings.
[2017.08.28-09.16.17:175][  0]LogSlate: Took 0.000086 seconds to synchronously load lazily loaded font '../../../Engine/Content/Slate/Fonts/Roboto-Regular.ttf' (155K)
[2017.08.28-09.16.17:176][  0]LogSlate: Took 0.000075 seconds to synchronously load lazily loaded font '../../../Engine/Content/Slate/Fonts/Roboto-Bold.ttf' (160K)
[2017.08.28-09.16.17:179][  0]LogSlate: Took 0.000093 seconds to synchronously load lazily loaded font '../../../Engine/Content/Editor/Slate/Fonts/FontAwesome.ttf' (139K)
[2017.08.28-09.16.17:245][  0]LogRenderer: Reallocating scene render targets to support 1072x576 NumSamples 1 (Frame:1).
[2017.08.28-09.16.17:411][  0]LogUObjectGlobals:Warning: Failed to find object 'Class None.'
[2017.08.28-09.16.17:466][  0]LogContentBrowser: Native class hierarchy updated for 'HierarchicalLODOutliner' in 0.0004 seconds. Added 1 classes and 2 folders.
[2017.08.28-09.16.17:466][  0]LogLoad: (Engine Initialization) Total time: 10.52 seconds
[2017.08.28-09.16.17:466][  0]LogLoad: (Engine Initialization) Total Blueprint compile time: 0.13 seconds
[2017.08.28-09.16.17:466][  0]LogExternalProfiler: Found external profiler: VSPerf
[2017.08.28-09.16.17:466][  0]LogExternalProfiler: Using external profiler: VSPerf
[2017.08.28-09.16.17:480][  0]LogOcInput: OculusInput pre-init called
[2017.08.28-09.16.17:480][  0]LogHMD: Starting GearVRController plugin
[2017.08.28-09.16.17:504][  0]LogAssetRegistry: Asset discovery search completed in 5.6413 seconds
[2017.08.28-09.16.17:505][  0]LogCollectionManager: Rebuilt the object cache for 0 collections in 0.000001 seconds (found 0 objects)
[2017.08.28-09.16.17:505][  0]LogCollectionManager: Fixed up redirectors for 0 collections in 0.000019 seconds (updated 0 objects)
[2017.08.28-09.16.17:507][  0]LogContentStreaming: Texture pool size now 1000 MB
[2017.08.28-09.16.17:549][  0]LogSlate: Took 0.000096 seconds to synchronously load lazily loaded font '../../../Engine/Content/Slate/Fonts/Roboto-Light.ttf' (159K)
[2017.08.28-09.16.17:557][  1]LogFileCache: Retrieving MD5 hashes for directory 'D:/Software/Unreal Engine 4/Lucy/Lucy/Climbing/Content/' took 0.07s
[2017.08.28-09.16.26:089][ 14]LogSlate: Took 0.000091 seconds to synchronously load lazily loaded font '../../../Engine/Content/Slate/Fonts/Roboto-Light.ttf' (159K)
[2017.08.28-09.16.26:388][ 14]LogStaticMesh: Building static mesh Elevator_Top...
[2017.08.28-09.16.26:458][ 14]LogStaticMesh: Built static mesh [0.09s] /Game/SideScrollerBP/Actors/Elevator_Top.Elevator_Top
[2017.08.28-09.16.26:558][ 14]LogAIModule: Creating AISystem for world TestLevel
[2017.08.28-09.16.26:574][ 14]Cmd: MAP LOAD FILE="../../../../../Lucy/Lucy/Climbing/Content/SideScrollerBP/Maps/TestLevel.umap" TEMPLATE=0 SHOWPROGRESS=1 FEATURELEVEL=3
[2017.08.28-09.16.26:574][ 14]LightingResults: New page: Lighting Build
[2017.08.28-09.16.26:575][ 14]LoadErrors: New page: Loading map: TestLevel.umap
[2017.08.28-09.16.26:575][ 14]MapCheck: New page: Map Check
[2017.08.28-09.16.26:575][ 14]LightingResults: New page: Lighting Build
[2017.08.28-09.16.26:589][ 14]LogEditorServer: Finished looking for orphan Actors (0.000 secs)
[2017.08.28-09.16.26:612][ 14]Cmd: MAP CHECKDEP NOCLEARLOG
[2017.08.28-09.16.26:634][ 14]MapCheck: Info Map check complete: 0 Error(s), 0 Warning(s), took 22.119ms to complete.
[2017.08.28-09.16.26:634][ 14]LogFileHelpers: Loading map 'TestLevel' took 0.061
[2017.08.28-09.16.29:858][389]LogTemp: Repeting last play command: Selected Viewport
[2017.08.28-09.16.29:918][389]LogBlueprintUserMessages: Early PlayInEditor Detection: Level '/Game/SideScrollerBP/Maps/TestLevel.TestLevel:PersistentLevel' has LevelScriptBlueprint '/Game/SideScrollerBP/Maps/TestLevel.TestLevel:PersistentLevel.TestLevel' with GeneratedClass '/Game/SideScrollerBP/Maps/TestLevel.TestLevel_C' with ClassGeneratedBy '/Game/SideScrollerBP/Maps/TestLevel.TestLevel:PersistentLevel.TestLevel'
[2017.08.28-09.16.29:918][389]LogPlayLevel: PlayLevel: No blueprints needed recompiling
[2017.08.28-09.16.29:937][389]PIE: New page: PIE session: TestLevel (Aug 29, 2017, 5:16:29 AM)
[2017.08.28-09.16.29:937][389]LogPlayLevel: Creating play world package: /Game/SideScrollerBP/Maps/UEDPIE_0_TestLevel
[2017.08.28-09.16.29:996][389]LogPlayLevel: PIE: StaticDuplicateObject took: (0.058898s)
[2017.08.28-09.16.29:997][389]LogAIModule: Creating AISystem for world TestLevel
[2017.08.28-09.16.29:997][389]LogPlayLevel: PIE: World Init took: (0.000677s)
[2017.08.28-09.16.29:997][389]LogPlayLevel: PIE: Created PIE world by copying editor world from /Game/SideScrollerBP/Maps/TestLevel.TestLevel to /Game/SideScrollerBP/Maps/UEDPIE_0_TestLevel.TestLevel (0.059786s)
[2017.08.28-09.16.30:011][389]LogInit: XAudio2 using 'Speakers (Sound Blaster Recon3Di)' : 2 channels at 48 kHz using 32 bits per sample (channel mask 0x3)
[2017.08.28-09.16.30:016][389]LogInit: FAudioDevice initialized.
[2017.08.28-09.16.30:070][389]LogLoad: Game class is 'SideScrollerGameMode_C'
[2017.08.28-09.16.30:090][389]LogWorld: Bringing World /Game/SideScrollerBP/Maps/UEDPIE_0_TestLevel.TestLevel up for play (max tick rate 0) at 2017.08.28-19.16.30
[2017.08.28-09.16.30:148][389]LogWorld: Bringing up level for play took: 0.066096
[2017.08.28-09.16.30:285][389]LogContentBrowser: Native class hierarchy updated for 'MovieSceneCapture' in 0.0006 seconds. Added 11 classes and 0 folders.
[2017.08.28-09.16.30:286][389]PIE: Info Play in editor start time for /Game/SideScrollerBP/Maps/UEDPIE_0_TestLevel 0.391
[2017.08.28-09.16.30:286][389]LogBlueprintUserMessages: Late PlayInEditor Detection: Level '/Game/SideScrollerBP/Maps/TestLevel.TestLevel:PersistentLevel' has LevelScriptBlueprint '/Game/SideScrollerBP/Maps/TestLevel.TestLevel:PersistentLevel.TestLevel' with GeneratedClass '/Game/SideScrollerBP/Maps/TestLevel.TestLevel_C' with ClassGeneratedBy '/Game/SideScrollerBP/Maps/TestLevel.TestLevel:PersistentLevel.TestLevel'
[2017.08.28-09.16.36:845][147]LogOutputDevice:Warning: 

Script Stack:
ElevatorSwitch1_Blueprint_C.ExecuteUbergraph_ElevatorSwitch1_Blueprint
ElevatorSwitch1_Blueprint_C.BndEvt__CollisionMesh_K2Node_ComponentBoundEvent_2_ComponentBeginOverlapSignature__DelegateSignature

[2017.08.28-09.16.37:190][147]LogStats: FPlatformStackWalk::StackWalkAndDump -  0.344 s
[2017.08.28-09.16.37:190][147]LogOutputDevice:Error: === Handled ensure: ===
[2017.08.28-09.16.37:190][147]LogOutputDevice:Error: 
[2017.08.28-09.16.37:190][147]LogOutputDevice:Error: Ensure condition failed: false [File:D:\Build\++UE4+Release-4.16+Compile\Sync\Engine\Source\Runtime\CoreUObject\Private\UObject\Obj.cpp] [Line: 787]
[2017.08.28-09.16.37:190][147]LogOutputDevice:Error: Unsupported context object of class LevelSequence (SuperClass(es) - MovieSceneSequence, MovieSceneSignedObject, Object). You must add a way to retrieve a UWorld context for this class.
[2017.08.28-09.16.37:190][147]LogOutputDevice:Error: Stack: 
[2017.08.28-09.16.37:190][147]LogOutputDevice:Error: UE4Editor-Core.dll!0x00000000DC47E2B6
[2017.08.28-09.16.37:190][147]LogOutputDevice:Error: UE4Editor-Core.dll!0x00000000DC22B8C2
[2017.08.28-09.16.37:190][147]LogOutputDevice:Error: UE4Editor-Core.dll!0x00000000DC241E86
[2017.08.28-09.16.37:190][147]LogOutputDevice:Error: UE4Editor-CoreUObject.dll!0x00000000DCED3E5D
[2017.08.28-09.16.37:190][147]LogOutputDevice:Error: UE4Editor-Engine.dll!0x00000000D9E23C66
[2017.08.28-09.16.37:190][147]LogOutputDevice:Error: UE4Editor-LevelSequence.dll!0x00000000E5C1CC00
[2017.08.28-09.16.37:190][147]LogOutputDevice:Error: UE4Editor-LevelSequence.dll!0x00000000E5C27A07
[2017.08.28-09.16.37:190][147]LogOutputDevice:Error: UE4Editor-CoreUObject.dll!0x00000000DCD58734
[2017.08.28-09.16.37:190][147]LogOutputDevice:Error: UE4Editor-CoreUObject.dll!0x00000000DCF16DD4
[2017.08.28-09.16.37:190][147]LogOutputDevice:Error: UE4Editor-CoreUObject.dll!0x00000000DCF2BDA1
[2017.08.28-09.16.37:190][147]LogOutputDevice:Error: UE4Editor-CoreUObject.dll!0x00000000DCF54884
[2017.08.28-09.16.37:190][147]LogOutputDevice:Error: UE4Editor-CoreUObject.dll!0x00000000DCF2DFD2
[2017.08.28-09.16.37:190][147]LogOutputDevice:Error: UE4Editor-CoreUObject.dll!0x00000000DCF177DE
[2017.08.28-09.16.37:190][147]LogOutputDevice:Error: UE4Editor-CoreUObject.dll!0x00000000DCF2DFD2
[2017.08.28-09.16.37:190][147]LogOutputDevice:Error: UE4Editor-CoreUObject.dll!0x00000000DCD58734
[2017.08.28-09.16.37:190][147]LogOutputDevice:Error: UE4Editor-CoreUObject.dll!0x00000000DCF2D366
[2017.08.28-09.16.37:190][147]LogOutputDevice:Error: UE4Editor-Engine.dll!0x00000000D8DF3F27
[2017.08.28-09.16.37:190][147]LogOutputDevice:Error: UE4Editor-Engine.dll!0x00000000D8D752A9
[2017.08.28-09.16.37:190][147]LogOutputDevice:Error: UE4Editor-Engine.dll!0x00000000D92AB798
[2017.08.28-09.16.37:190][147]LogOutputDevice:Error: UE4Editor-Engine.dll!0x00000000D9298C06
[2017.08.28-09.16.37:190][147]LogOutputDevice:Error: UE4Editor-Engine.dll!0x00000000D92D883C
[2017.08.28-09.16.37:190][147]LogOutputDevice:Error: UE4Editor-Engine.dll!0x00000000D92A8A7C
[2017.08.28-09.16.37:190][147]LogOutputDevice:Error: UE4Editor-Engine.dll!0x00000000D928EAE9
[2017.08.28-09.16.37:190][147]LogOutputDevice:Error: UE4Editor-Engine.dll!0x00000000D91F547A
[2017.08.28-09.16.37:190][147]LogOutputDevice:Error: UE4Editor-Engine.dll!0x00000000D921B184
[2017.08.28-09.16.37:190][147]LogOutputDevice:Error: UE4Editor-Engine.dll!0x00000000D91A4884
[2017.08.28-09.16.37:190][147]LogOutputDevice:Error: UE4Editor-Engine.dll!0x00000000D91D8695
[2017.08.28-09.16.37:190][147]LogOutputDevice:Error: UE4Editor-Engine.dll!0x00000000D9DA379B
[2017.08.28-09.16.37:191][147]LogOutputDevice:Error: UE4Editor-Engine.dll!0x00000000D9DAA17B
[2017.08.28-09.16.37:191][147]LogOutputDevice:Error: UE4Editor-Core.dll!0x00000000DC0F4D8C
[2017.08.28-09.16.37:191][147]LogOutputDevice:Error: UE4Editor-Core.dll!0x00000000DC0F51AD
[2017.08.28-09.16.37:191][147]LogOutputDevice:Error: UE4Editor-Core.dll!0x00000000DC10FA66
[2017.08.28-09.16.37:191][147]LogOutputDevice:Error: UE4Editor-Engine.dll!0x00000000D9DC6662
[2017.08.28-09.16.37:191][147]LogOutputDevice:Error: UE4Editor-Engine.dll!0x00000000D9DCBBC2
[2017.08.28-09.16.37:191][147]LogOutputDevice:Error: UE4Editor-Engine.dll!0x00000000D96EE504
[2017.08.28-09.16.37:191][147]LogOutputDevice:Error: UE4Editor-Engine.dll!0x00000000D96F65CF
[2017.08.28-09.16.37:191][147]LogOutputDevice:Error: UE4Editor-UnrealEd.dll!0x00000000D5E63973
[2017.08.28-09.16.37:191][147]LogOutputDevice:Error: UE4Editor-UnrealEd.dll!0x00000000D6688D86
[2017.08.28-09.16.37:191][147]LogOutputDevice:Error: UE4Editor.exe!0x000000003F27E2B2
[2017.08.28-09.16.37:191][147]LogOutputDevice:Error: UE4Editor.exe!0x000000003F26F0B0
[2017.08.28-09.16.37:191][147]LogOutputDevice:Error: UE4Editor.exe!0x000000003F26F12A
[2017.08.28-09.16.37:191][147]LogOutputDevice:Error: UE4Editor.exe!0x000000003F280CF9
[2017.08.28-09.16.37:191][147]LogOutputDevice:Error: UE4Editor.exe!0x000000003F2825F7
[2017.08.28-09.16.37:191][147]LogOutputDevice:Error: kernel32.dll!0x00000000778459CD
[2017.08.28-09.16.37:191][147]LogOutputDevice:Error: ntdll.dll!0x0000000077A7A2E1
[2017.08.28-09.16.37:191][147]LogOutputDevice:Error: 
[2017.08.28-09.16.37:201][147]LogStats:                SubmitErrorReport -  0.000 s
[2017.08.28-09.16.37:647][147]LogStats:                    SendNewReport -  0.446 s
[2017.08.28-09.16.37:647][147]LogStats:             FDebug::EnsureFailed -  0.801 s
[2017.08.28-09.17.24:098][616]LogBlueprintUserMessages: Early EndPlayMap Detection: Level '/Game/SideScrollerBP/Maps/TestLevel.TestLevel:PersistentLevel' has LevelScriptBlueprint '/Game/SideScrollerBP/Maps/TestLevel.TestLevel:PersistentLevel.TestLevel' with GeneratedClass '/Game/SideScrollerBP/Maps/TestLevel.TestLevel_C' with ClassGeneratedBy '/Game/SideScrollerBP/Maps/TestLevel.TestLevel:PersistentLevel.TestLevel'
[2017.08.28-09.17.24:160][616]LogBlueprintUserMessages: Late EndPlayMap Detection: Level '/Game/SideScrollerBP/Maps/TestLevel.TestLevel:PersistentLevel' has LevelScriptBlueprint '/Game/SideScrollerBP/Maps/TestLevel.TestLevel:PersistentLevel.TestLevel' with GeneratedClass '/Game/SideScrollerBP/Maps/TestLevel.TestLevel_C' with ClassGeneratedBy '/Game/SideScrollerBP/Maps/TestLevel.TestLevel:PersistentLevel.TestLevel'
[2017.08.28-09.18.43:983][605]LogEditorViewport: Clicking on Actor (LMB): StaticMeshActor (Floor)
[2017.08.28-09.18.59:977][408]LogEditorViewport: Clicking on Actor (LMB): StaticMeshActor (Cube)
[2017.08.28-09.19.03:411][808]LogEditorViewport: Clicking on Actor (LMB): StaticMeshActor (Floor)
[2017.08.28-09.19.05:849][ 84]LogEditorViewport: Clicking on Actor (LMB): PostProcessVolume (PostProcessVolume)
[2017.08.28-09.19.07:007][183]LogEditorViewport: Clicking on Actor (LMB): LightmassImportanceVolume (LightmassImportanceVolume)
[2017.08.28-09.19.08:110][309]LogEditorViewport: Clicking on Actor (LMB): PostProcessVolume (PostProcessVolume)
[2017.08.28-09.19.11:595][709]LogEditorViewport: Clicking on Actor (LMB): NavMeshBoundsVolume (NavMeshBoundsVolume)
[2017.08.28-09.19.26:723][466]LogEditorViewport: Clicking on Actor (LMB): StaticMeshActor (Wall3)
[2017.08.28-09.19.26:923][486]LogEditorViewport: Clicking on Actor (LMB): StaticMeshActor (Wall3)
[2017.08.28-09.19.27:300][530]LogEditorViewport: Clicking on Component (LMB): StaticMeshComponent (StaticMeshComponent0)
[2017.08.28-09.19.27:615][565]LogEditorViewport: Clicking on Component (LMB): StaticMeshComponent (StaticMeshComponent0)
[2017.08.28-09.19.28:291][645]LogEditorViewport: Clicking on Actor (LMB): StaticMeshActor (Floor)
[2017.08.28-09.19.29:347][768]LogEditorViewport: Clicking on Actor (LMB): StaticMeshActor (Wall3)
[2017.08.28-09.19.29:887][829]LogEditorViewport: Clicking on Actor (LMB): StaticMeshActor (Wall3)
[2017.08.28-09.19.30:480][899]LogEditorViewport: Clicking on Actor (LMB): StaticMeshActor (Wall2)
[2017.08.28-09.19.31:787][ 52]LogEditorViewport: Clicking on Actor (LMB): LightmassImportanceVolume (LightmassImportanceVolume)
[2017.08.28-09.19.32:152][ 93]LogEditorViewport: Clicking on Actor (LMB): StaticMeshActor (Floor)
[2017.08.28-09.19.32:694][154]LogEditorViewport: Clicking on Actor (LMB): StaticMeshActor (Wall2)
[2017.08.28-09.19.33:083][197]LogEditorViewport: Clicking on Actor (LMB): StaticMeshActor (Wall3)
[2017.08.28-09.20.21:289][970]LogEditorViewport: Clicking on Actor (LMB): StaticMeshActor (Floor)
[2017.08.28-09.20.22:548][ 50]Cmd: DELETE
[2017.08.28-09.20.22:548][ 50]Cmd: ACTOR DELETE
[2017.08.28-09.20.22:631][ 50]LogEditorActor: Deleted Actor: StaticMeshActor
[2017.08.28-09.20.22:654][ 50]LogEditorActor: Deleted 1 Actors (0.024 secs)
[2017.08.28-09.20.22:662][ 50]LogEditorViewport: Clicking on Actor (LMB): TextRenderActor (TemplateLabel)
[2017.08.28-09.20.23:270][106]Cmd: DELETE
[2017.08.28-09.20.23:270][106]Cmd: ACTOR DELETE
[2017.08.28-09.20.23:271][106]LogEditorActor: Deleted Actor: TextRenderActor
[2017.08.28-09.20.23:277][106]LogEditorActor: Deleted 1 Actors (0.007 secs)
[2017.08.28-09.20.23:736][161]LogEditorViewport: Clicking on Actor (LMB): StaticMeshActor (Wall3)
[2017.08.28-09.20.23:836][169]Cmd: DELETE
[2017.08.28-09.20.23:836][169]Cmd: ACTOR DELETE
[2017.08.28-09.20.23:836][169]LogEditorActor: Deleted Actor: StaticMeshActor
[2017.08.28-09.20.23:842][169]LogEditorActor: Deleted 1 Actors (0.007 secs)
[2017.08.28-09.20.24:530][252]LogEditorViewport: Clicking on Actor (LMB): StaticMeshActor (Ledge4)
[2017.08.28-09.20.24:795][280]Cmd: DELETE
[2017.08.28-09.20.24:795][280]Cmd: ACTOR DELETE
[2017.08.28-09.20.24:796][280]LogEditorActor: Deleted Actor: StaticMeshActor
[2017.08.28-09.20.24:802][280]LogEditorActor: Deleted 1 Actors (0.007 secs)
[2017.08.28-09.20.25:828][403]Cmd: TRANSACTION UNDO
[2017.08.28-09.20.25:828][403]LogEditorTransaction: Undo Delete Actors
[2017.08.28-09.20.25:851][403]LogSlate: Took 0.000151 seconds to synchronously load lazily loaded font '../../../Engine/Content/Slate/Fonts/Roboto-Light.ttf' (159K)
[2017.08.28-09.20.26:056][426]Cmd: TRANSACTION UNDO
[2017.08.28-09.20.26:056][426]LogEditorTransaction: Undo Clicking on Actors
[2017.08.28-09.20.26:362][444]Cmd: TRANSACTION UNDO
[2017.08.28-09.20.26:362][444]LogEditorTransaction: Undo Delete Actors
[2017.08.28-09.20.26:741][486]Cmd: TRANSACTION UNDO
[2017.08.28-09.20.26:741][486]LogEditorTransaction: Undo Clicking on Actors
[2017.08.28-09.20.27:067][525]Cmd: TRANSACTION UNDO
[2017.08.28-09.20.27:067][525]LogEditorTransaction: Undo Delete Actors
[2017.08.28-09.20.27:423][565]Cmd: TRANSACTION UNDO
[2017.08.28-09.20.27:423][565]LogEditorTransaction: Undo Clicking on Actors
[2017.08.28-09.20.27:744][603]Cmd: TRANSACTION UNDO
[2017.08.28-09.20.27:744][603]LogEditorTransaction: Undo Delete Actors
[2017.08.28-09.20.31:883][ 77]LogEditorViewport: Clicking on Actor (LMB): PostProcessVolume (PostProcessVolume)
[2017.08.28-09.20.32:770][177]Cmd: DELETE
[2017.08.28-09.20.32:770][177]Cmd: ACTOR DELETE
[2017.08.28-09.20.32:771][177]LogEditorActor: Deleted Actor: PostProcessVolume
[2017.08.28-09.20.32:777][177]LogEditorActor: Deleted 1 Actors (0.007 secs)
[2017.08.28-09.20.33:657][283]LogEditorViewport: Clicking on Actor (LMB): LightmassImportanceVolume (LightmassImportanceVolume)
[2017.08.28-09.20.34:069][329]Cmd: DELETE
[2017.08.28-09.20.34:069][329]Cmd: ACTOR DELETE
[2017.08.28-09.20.34:070][329]LogEditorActor: Deleted Actor: LightmassImportanceVolume
[2017.08.28-09.20.34:076][329]LogEditorActor: Deleted 1 Actors (0.007 secs)
[2017.08.28-09.20.36:156][579]LogEditorViewport: Clicking on Actor (LMB): NavMeshBoundsVolume (NavMeshBoundsVolume)
[2017.08.28-09.20.36:506][617]Cmd: DELETE
[2017.08.28-09.20.36:506][617]Cmd: ACTOR DELETE
[2017.08.28-09.20.36:507][617]LogEditorActor: Deleted Actor: NavMeshBoundsVolume
[2017.08.28-09.20.36:513][617]LogEditorActor: Deleted 1 Actors (0.007 secs)
[2017.08.28-09.20.37:165][695]LogEditorViewport: Clicking on Actor (LMB): StaticMeshActor (Wall2)
[2017.08.28-09.20.38:275][824]LogEditorViewport: Clicking on Actor (LMB): StaticMeshActor (Floor)
[2017.08.28-09.20.39:206][932]LogEditorViewport: Clicking on Actor (LMB): StaticMeshActor (Ledge2)
[2017.08.28-09.20.39:454][958]Cmd: DELETE
[2017.08.28-09.20.39:454][958]Cmd: ACTOR DELETE
[2017.08.28-09.20.39:454][958]LogEditorActor: Deleted Actor: StaticMeshActor
[2017.08.28-09.20.39:461][958]LogEditorActor: Deleted 1 Actors (0.007 secs)
[2017.08.28-09.20.39:978][ 20]LogEditorViewport: Clicking on Actor (LMB): StaticMeshActor (Ledge10)
[2017.08.28-09.20.40:118][ 33]Cmd: DELETE
[2017.08.28-09.20.40:118][ 33]Cmd: ACTOR DELETE
[2017.08.28-09.20.40:118][ 33]LogEditorActor: Deleted Actor: StaticMeshActor
[2017.08.28-09.20.40:125][ 33]LogEditorActor: Deleted 1 Actors (0.007 secs)
[2017.08.28-09.20.40:734][106]LogEditorViewport: Clicking on Actor (LMB): StaticMeshActor (Pillar2)
[2017.08.28-09.20.40:874][119]Cmd: DELETE
[2017.08.28-09.20.40:874][119]Cmd: ACTOR DELETE
[2017.08.28-09.20.40:874][119]LogEditorActor: Deleted Actor: StaticMeshActor
[2017.08.28-09.20.40:880][119]LogEditorActor: Deleted 1 Actors (0.006 secs)
[2017.08.28-09.20.41:610][207]LogEditorViewport: Clicking on Actor (LMB): StaticMeshActor (Ledge1)
[2017.08.28-09.20.41:726][217]Cmd: DELETE
[2017.08.28-09.20.41:726][217]Cmd: ACTOR DELETE
[2017.08.28-09.20.41:726][217]LogEditorActor: Deleted Actor: StaticMeshActor
[2017.08.28-09.20.41:732][217]LogEditorActor: Deleted 1 Actors (0.007 secs)
[2017.08.28-09.20.42:504][310]LogEditorViewport: Clicking on Actor (LMB): StaticMeshActor (Cube)
[2017.08.28-09.20.42:627][321]Cmd: DELETE
[2017.08.28-09.20.42:627][321]Cmd: ACTOR DELETE
[2017.08.28-09.20.42:627][321]LogEditorActor: Deleted Actor: StaticMeshActor
[2017.08.28-09.20.42:633][321]LogEditorActor: Deleted 1 Actors (0.007 secs)
[2017.08.28-09.20.43:902][473]LogEditorViewport: Clicking on Actor (LMB): Button1_C (Button)
[2017.08.28-09.20.44:045][480]Cmd: DELETE
[2017.08.28-09.20.44:045][480]Cmd: ACTOR DELETE
[2017.08.28-09.20.47:285][480]LogEditorActor: Deleted 0 Actors (3.240 secs)
[2017.08.28-09.20.49:227][705]LogEditorViewport: Clicking on Actor (LMB): Wolf_C (Wolf)
[2017.08.28-09.20.49:381][717]Cmd: DELETE
[2017.08.28-09.20.49:381][717]Cmd: ACTOR DELETE
[2017.08.28-09.20.49:382][717]LogEditorActor: Deleted Actor: Wolf_C
[2017.08.28-09.20.49:389][717]LogEditorActor: Deleted 1 Actors (0.007 secs)
[2017.08.28-09.20.49:969][787]LogEditorViewport: Clicking on Actor (LMB): SphereReflectionCapture (SphereReflectionCapture)
[2017.08.28-09.20.50:415][837]Cmd: DELETE
[2017.08.28-09.20.50:415][837]Cmd: ACTOR DELETE
[2017.08.28-09.20.50:415][837]LogEditorActor: Deleted Actor: SphereReflectionCapture
[2017.08.28-09.20.50:422][837]LogEditorActor: Deleted 1 Actors (0.007 secs)
[2017.08.28-09.20.50:939][899]LogEditorViewport: Clicking on Actor (LMB): StaticMeshActor (Ledge4)
[2017.08.28-09.20.51:146][920]Cmd: DELETE
[2017.08.28-09.20.51:146][920]Cmd: ACTOR DELETE
[2017.08.28-09.20.51:147][920]LogEditorActor: Deleted Actor: StaticMeshActor
[2017.08.28-09.20.51:153][920]LogEditorActor: Deleted 1 Actors (0.007 secs)
[2017.08.28-09.20.51:845][  3]LogEditorViewport: Clicking on Actor (LMB): StaticMeshActor (Ledge3)
[2017.08.28-09.20.51:950][ 12]Cmd: DELETE
[2017.08.28-09.20.51:950][ 12]Cmd: ACTOR DELETE
[2017.08.28-09.20.51:950][ 12]LogEditorActor: Deleted Actor: StaticMeshActor
[2017.08.28-09.20.51:956][ 12]LogEditorActor: Deleted 1 Actors (0.007 secs)
[2017.08.28-09.20.52:632][ 93]LogEditorViewport: Clicking on Actor (LMB): StaticMeshActor (Wall3)
[2017.08.28-09.20.52:763][105]Cmd: DELETE
[2017.08.28-09.20.52:763][105]Cmd: ACTOR DELETE
[2017.08.28-09.20.52:763][105]LogEditorActor: Deleted Actor: StaticMeshActor
[2017.08.28-09.20.52:770][105]LogEditorActor: Deleted 1 Actors (0.007 secs)
[2017.08.28-09.20.53:537][197]LogEditorViewport: Clicking on Actor (LMB): DirectionalLight (Light Source)
[2017.08.28-09.20.53:831][228]Cmd: DELETE
[2017.08.28-09.20.53:831][228]Cmd: ACTOR DELETE
[2017.08.28-09.20.55:055][228]LogEditorActor: Deleted 0 Actors (1.224 secs)
[2017.08.28-09.20.55:661][300]LogEditorViewport: Clicking on Actor (LMB): StaticMeshActor (Floor)
[2017.08.28-09.20.57:011][458]LogEditorViewport: Clicking on Actor (LMB): StaticMeshActor (Ledge9)
[2017.08.28-09.20.57:193][476]Cmd: DELETE
[2017.08.28-09.20.57:193][476]Cmd: ACTOR DELETE
[2017.08.28-09.20.57:194][476]LogEditorActor: Deleted Actor: StaticMeshActor
[2017.08.28-09.20.57:200][476]LogEditorActor: Deleted 1 Actors (0.007 secs)
[2017.08.28-09.20.57:851][554]LogEditorViewport: Clicking on Actor (LMB): StaticMeshActor (Ledge7)
[2017.08.28-09.20.57:979][566]Cmd: DELETE
[2017.08.28-09.20.57:979][566]Cmd: ACTOR DELETE
[2017.08.28-09.20.57:980][566]LogEditorActor: Deleted Actor: StaticMeshActor
[2017.08.28-09.20.57:986][566]LogEditorActor: Deleted 1 Actors (0.007 secs)
[2017.08.28-09.20.58:345][609]LogEditorViewport: Clicking on Actor (LMB): StaticMeshActor (Ledge8)
[2017.08.28-09.20.58:531][628]Cmd: DELETE
[2017.08.28-09.20.58:531][628]Cmd: ACTOR DELETE
[2017.08.28-09.20.58:531][628]LogEditorActor: Deleted Actor: StaticMeshActor
[2017.08.28-09.20.58:538][628]LogEditorActor: Deleted 1 Actors (0.007 secs)
[2017.08.28-09.20.58:963][679]LogEditorViewport: Clicking on Actor (LMB): Elevator1_C (OldElevator1)
[2017.08.28-09.20.59:255][710]Cmd: DELETE
[2017.08.28-09.20.59:255][710]Cmd: ACTOR DELETE
[2017.08.28-09.21.00:330][710]LogEditorActor: Deleted 0 Actors (1.075 secs)
[2017.08.28-09.21.00:982][788]LogEditorViewport: Clicking on Actor (LMB): StaticMeshActor (Floor)
[2017.08.28-09.21.01:598][858]LogEditorViewport: Clicking on Actor (LMB): Button1_C (Button)
[2017.08.28-09.21.01:763][875]Cmd: DELETE
[2017.08.28-09.21.01:763][875]Cmd: ACTOR DELETE
[2017.08.28-09.21.02:768][875]LogEditorActor: Deleted 0 Actors (1.005 secs)
[2017.08.28-09.21.03:386][948]LogEditorViewport: Clicking on Actor (LMB): StaticMeshActor (Floor)
[2017.08.28-09.21.04:310][ 55]LogEditorViewport: Clicking on Actor (LMB): StaticMeshActor (Floor)
[2017.08.28-09.21.06:336][296]Cmd: TRANSACTION UNDO
[2017.08.28-09.21.06:336][296]LogEditorTransaction: Undo Clicking on Actors
[2017.08.28-09.21.06:532][313]Cmd: TRANSACTION UNDO
[2017.08.28-09.21.06:532][313]LogEditorTransaction: Undo Clicking on Actors
[2017.08.28-09.21.06:681][321]Cmd: TRANSACTION UNDO
[2017.08.28-09.21.06:681][321]LogEditorTransaction: Undo Delete Actors
[2017.08.28-09.21.07:829][449]Cmd: TRANSACTION UNDO
[2017.08.28-09.21.07:829][449]LogEditorTransaction: Undo Clicking on Actors
[2017.08.28-09.21.07:992][464]Cmd: TRANSACTION UNDO
[2017.08.28-09.21.07:992][464]LogEditorTransaction: Undo Clicking on Actors
[2017.08.28-09.21.08:149][480]Cmd: TRANSACTION UNDO
[2017.08.28-09.21.08:149][480]LogEditorTransaction: Undo Delete Actors
[2017.08.28-09.21.08:328][501]Cmd: TRANSACTION UNDO
[2017.08.28-09.21.08:328][501]LogEditorTransaction: Undo Clicking on Actors
[2017.08.28-09.21.08:503][522]Cmd: TRANSACTION UNDO
[2017.08.28-09.21.08:503][522]LogEditorTransaction: Undo Delete Actors
[2017.08.28-09.21.08:708][543]Cmd: TRANSACTION UNDO
[2017.08.28-09.21.08:708][543]LogEditorTransaction: Undo Clicking on Actors
[2017.08.28-09.21.08:893][565]Cmd: TRANSACTION UNDO
[2017.08.28-09.21.08:893][565]LogEditorTransaction: Undo Delete Actors
[2017.08.28-09.21.09:085][585]Cmd: TRANSACTION UNDO
[2017.08.28-09.21.09:085][585]LogEditorTransaction: Undo Clicking on Actors
[2017.08.28-09.21.09:269][607]Cmd: TRANSACTION UNDO
[2017.08.28-09.21.09:269][607]LogEditorTransaction: Undo Delete Actors
[2017.08.28-09.21.09:459][627]Cmd: TRANSACTION UNDO
[2017.08.28-09.21.09:459][627]LogEditorTransaction: Undo Clicking on Actors
[2017.08.28-09.21.09:655][646]Cmd: TRANSACTION UNDO
[2017.08.28-09.21.09:655][646]LogEditorTransaction: Undo Clicking on Actors
[2017.08.28-09.21.09:854][667]Cmd: TRANSACTION UNDO
[2017.08.28-09.21.09:854][667]LogEditorTransaction: Undo Delete Actors
[2017.08.28-09.21.10:058][691]Cmd: TRANSACTION UNDO
[2017.08.28-09.21.10:058][691]LogEditorTransaction: Undo Clicking on Actors
[2017.08.28-09.21.10:250][714]Cmd: TRANSACTION UNDO
[2017.08.28-09.21.10:250][714]LogEditorTransaction: Undo Delete Actors
[2017.08.28-09.21.10:439][733]Cmd: TRANSACTION UNDO
[2017.08.28-09.21.10:439][733]LogEditorTransaction: Undo Clicking on Actors
[2017.08.28-09.21.10:640][757]Cmd: TRANSACTION UNDO
[2017.08.28-09.21.10:640][757]LogEditorTransaction: Undo Delete Actors
[2017.08.28-09.21.10:831][777]Cmd: TRANSACTION UNDO
[2017.08.28-09.21.10:831][777]LogEditorTransaction: Undo Clicking on Actors
[2017.08.28-09.21.11:023][800]Cmd: TRANSACTION UNDO
[2017.08.28-09.21.11:023][800]LogEditorTransaction: Undo Delete Actors
[2017.08.28-09.21.11:223][821]Cmd: TRANSACTION UNDO
[2017.08.28-09.21.11:223][821]LogEditorTransaction: Undo Clicking on Actors
[2017.08.28-09.21.11:424][845]Cmd: TRANSACTION UNDO
[2017.08.28-09.21.11:424][845]LogEditorTransaction: Undo Delete Actors
[2017.08.28-09.21.11:636][868]Cmd: TRANSACTION UNDO
[2017.08.28-09.21.11:636][868]LogEditorTransaction: Undo Clicking on Actors
[2017.08.28-09.21.11:838][892]Cmd: TRANSACTION UNDO
[2017.08.28-09.21.11:838][892]LogEditorTransaction: Undo Delete Actors
[2017.08.28-09.21.12:038][907]Cmd: TRANSACTION UNDO
[2017.08.28-09.21.12:038][907]LogEditorTransaction: Undo Clicking on Actors
[2017.08.28-09.21.12:232][928]Cmd: TRANSACTION UNDO
[2017.08.28-09.21.12:232][928]LogEditorTransaction: Undo Delete Actors
[2017.08.28-09.21.12:429][951]Cmd: TRANSACTION UNDO
[2017.08.28-09.21.12:429][951]LogEditorTransaction: Undo Clicking on Actors
[2017.08.28-09.21.12:622][974]Cmd: TRANSACTION UNDO
[2017.08.28-09.21.12:622][974]LogEditorTransaction: Undo Delete Actors
[2017.08.28-09.21.12:869][  0]Cmd: TRANSACTION UNDO
[2017.08.28-09.21.12:869][  0]LogEditorTransaction: Undo Clicking on Actors
[2017.08.28-09.21.13:171][ 36]Cmd: TRANSACTION UNDO
[2017.08.28-09.21.13:171][ 36]LogEditorTransaction: Undo Delete Actors
[2017.08.28-09.21.13:726][ 99]Cmd: TRANSACTION UNDO
[2017.08.28-09.21.13:726][ 99]LogEditorTransaction: Undo Clicking on Actors
[2017.08.28-09.21.14:318][170]Cmd: TRANSACTION UNDO
[2017.08.28-09.21.14:318][170]LogEditorTransaction: Undo Delete Actors
[2017.08.28-09.21.14:918][239]Cmd: TRANSACTION UNDO
[2017.08.28-09.21.14:918][239]LogEditorTransaction: Undo Clicking on Actors
[2017.08.28-09.21.15:353][291]Cmd: TRANSACTION UNDO
[2017.08.28-09.21.15:353][291]LogEditorTransaction: Undo Delete Actors
[2017.08.28-09.21.15:786][340]Cmd: TRANSACTION UNDO
[2017.08.28-09.21.15:786][340]LogEditorTransaction: Undo Clicking on Actors
[2017.08.28-09.21.16:246][395]Cmd: TRANSACTION UNDO
[2017.08.28-09.21.16:246][395]LogEditorTransaction: Undo Delete Actors
[2017.08.28-09.21.16:588][433]Cmd: TRANSACTION UNDO
[2017.08.28-09.21.16:588][433]LogEditorTransaction: Undo Clicking on Actors
[2017.08.28-09.21.16:852][460]Cmd: TRANSACTION UNDO
[2017.08.28-09.21.16:852][460]LogEditorTransaction: Undo Clicking on Actors
[2017.08.28-09.21.17:140][492]Cmd: TRANSACTION UNDO
[2017.08.28-09.21.17:140][492]LogEditorTransaction: Undo Clicking on Actors
[2017.08.28-09.21.17:407][524]Cmd: TRANSACTION UNDO
[2017.08.28-09.21.17:407][524]LogEditorTransaction: Undo Delete Actors
[2017.08.28-09.21.17:652][550]Cmd: TRANSACTION UNDO
[2017.08.28-09.21.17:652][550]LogEditorTransaction: Undo Clicking on Actors
[2017.08.28-09.21.17:980][589]Cmd: TRANSACTION UNDO
[2017.08.28-09.21.17:980][589]LogEditorTransaction: Undo Delete Actors
[2017.08.28-09.21.18:329][629]Cmd: TRANSACTION UNDO
[2017.08.28-09.21.18:329][629]LogEditorTransaction: Undo Clicking on Actors
[2017.08.28-09.21.18:806][686]Cmd: TRANSACTION UNDO
[2017.08.28-09.21.18:806][686]LogEditorTransaction: Undo Delete Actors
[2017.08.28-09.21.23:002][175]LogEditorViewport: Clicking on Actor (LMB): BP_Sky_Sphere_C (SkySphereBlueprint)
[2017.08.28-09.21.23:875][274]LogEditorViewport: Clicking on Actor (LMB): StaticMeshActor (Ledge7)
[2017.08.28-09.21.33:697][281]Cmd: QUIT_EDITOR
[2017.08.28-09.21.33:778][281]LogExit: Preparing to exit.
[2017.08.28-09.21.34:582][281]LogDirectoryWatcher: A directory notification for 'D:/Software/Unreal Engine 4/Lucy/Lucy/Climbing/Content/' was aborted.
[2017.08.28-09.21.34:602][281]LogExit: Editor shut down
[2017.08.28-09.21.34:605][281]LogExit: Transaction tracking system shut down
[2017.08.28-09.21.34:649][281]LogObj: Freed 0b from 0 cluster array pools.
[2017.08.28-09.21.34:649][281]LogExit: Object subsystem successfully closed.
[2017.08.28-09.21.34:665][281]LogD3D11RHI: Shutdown
[2017.08.28-09.21.34:665][281]LogD3D11RHI: CleanupD3DDevice
[2017.08.28-09.21.34:716][281]LogD3D11RHI: ~FD3D11DynamicRHI
[2017.08.28-09.21.34:721][281]LogModuleManager: Shutting down and abandoning module MovieSceneCapture (526)
[2017.08.28-09.21.34:721][281]LogModuleManager: Shutting down and abandoning module HierarchicalLODOutliner (524)
[2017.08.28-09.21.34:721][281]LogModuleManager: Shutting down and abandoning module CrashTracker (522)
[2017.08.28-09.21.34:721][281]LogModuleManager: Shutting down and abandoning module SceneOutliner (520)
[2017.08.28-09.21.34:721][281]LogModuleManager: Shutting down and abandoning module AddContentDialog (518)
[2017.08.28-09.21.34:721][281]LogDirectoryWatcher: A directory notification for 'D:/Software/Unreal Engine 4/Epic Games/UE_4.16/FeaturePacks/' was aborted.
[2017.08.28-09.21.34:721][281]LogModuleManager: Shutting down and abandoning module WidgetCarousel (517)
[2017.08.28-09.21.34:721][281]LogModuleManager: Shutting down and abandoning module EditorWidgets (514)
[2017.08.28-09.21.34:721][281]LogModuleManager: Shutting down and abandoning module CollectionManager (512)
[2017.08.28-09.21.34:721][281]LogDirectoryWatcher: A directory notification for 'D:/Software/Unreal Engine 4/Lucy/Lucy/Climbing/Content/Collections/' was aborted.
[2017.08.28-09.21.34:721][281]LogDirectoryWatcher: A directory notification for 'D:/Software/Unreal Engine 4/Lucy/Lucy/Climbing/Content/Developers/Insigma/Collections/' was aborted.
[2017.08.28-09.21.34:721][281]LogDirectoryWatcher: A directory notification for 'D:/Software/Unreal Engine 4/Lucy/Lucy/Climbing/Saved/Collections/' was aborted.
[2017.08.28-09.21.34:721][281]LogModuleManager: Shutting down and abandoning module StatsViewer (510)
[2017.08.28-09.21.34:721][281]LogModuleManager: Shutting down and abandoning module FoliageEdit (508)
[2017.08.28-09.21.34:721][281]LogModuleManager: Shutting down and abandoning module LandscapeEditor (506)
[2017.08.28-09.21.34:722][281]LogModuleManager: Shutting down and abandoning module MeshPaintMode (504)
[2017.08.28-09.21.34:722][281]LogModuleManager: Shutting down and abandoning module SceneDepthPickerMode (502)
[2017.08.28-09.21.34:722][281]LogModuleManager: Shutting down and abandoning module ActorPickerMode (500)
[2017.08.28-09.21.34:722][281]LogModuleManager: Shutting down and abandoning module GeometryMode (498)
[2017.08.28-09.21.34:722][281]LogModuleManager: Shutting down and abandoning module TextureAlignMode (496)
[2017.08.28-09.21.34:722][281]LogModuleManager: Shutting down and abandoning module BspMode (494)
[2017.08.28-09.21.34:722][281]LogModuleManager: Shutting down and abandoning module HardwareSurvey (492)
[2017.08.28-09.21.34:722][281]LogModuleManager: Shutting down and abandoning module SequenceRecorderSections (490)
[2017.08.28-09.21.34:722][281]LogModuleManager: Shutting down and abandoning module AutomationWorker (488)
[2017.08.28-09.21.34:722][281]LogModuleManager: Shutting down and abandoning module MatineeToLevelSequence (486)
[2017.08.28-09.21.34:722][281]LogModuleManager: Shutting down and abandoning module LevelSequenceEditor (484)
[2017.08.28-09.21.34:722][281]LogModuleManager: Shutting down and abandoning module PlacementMode (483)
[2017.08.28-09.21.34:722][281]LogModuleManager: Shutting down and abandoning module WmfMediaFactory (480)
[2017.08.28-09.21.34:722][281]LogModuleManager: Shutting down and abandoning module WmfMediaEditor (478)
[2017.08.28-09.21.34:722][281]LogModuleManager: Shutting down and abandoning module AvfMediaFactory (476)
[2017.08.28-09.21.34:722][281]LogModuleManager: Shutting down and abandoning module AvfMediaEditor (474)
[2017.08.28-09.21.34:722][281]LogModuleManager: Shutting down and abandoning module AndroidMediaFactory (472)
[2017.08.28-09.21.34:722][281]LogModuleManager: Shutting down and abandoning module Media (471)
[2017.08.28-09.21.34:722][281]LogModuleManager: Shutting down and abandoning module AndroidMediaEditor (468)
[2017.08.28-09.21.34:722][281]LogModuleManager: Shutting down and abandoning module CharacterAI (466)
[2017.08.28-09.21.34:722][281]LogModuleManager: Shutting down and abandoning module AudioCapture (464)
[2017.08.28-09.21.34:722][281]LogModuleManager: Shutting down and abandoning module SequenceRecorder (463)
[2017.08.28-09.21.34:722][281]LogModuleManager: Shutting down and abandoning module SmartSnapping (460)
[2017.08.28-09.21.34:722][281]LogModuleManager: Shutting down and abandoning module SessionServices (458)
[2017.08.28-09.21.34:722][281]LogModuleManager: Shutting down and abandoning module ViewportSnapping (456)
[2017.08.28-09.21.34:722][281]LogModuleManager: Shutting down and abandoning module ViewportInteraction (454)
[2017.08.28-09.21.34:722][281]LogModuleManager: Shutting down and abandoning module ClothPainter (452)
[2017.08.28-09.21.34:722][281]LogModuleManager: Shutting down and abandoning module LogVisualizer (450)
[2017.08.28-09.21.34:722][281]LogModuleManager: Shutting down and abandoning module IntroTutorials (448)
[2017.08.28-09.21.34:722][281]LogModuleManager: Shutting down and abandoning module GameProjectGeneration (447)
[2017.08.28-09.21.34:722][281]LogModuleManager: Shutting down and abandoning module EditorLiveStreaming (444)
[2017.08.28-09.21.34:722][281]LogModuleManager: Shutting down and abandoning module IOSPlatformEditor (442)
[2017.08.28-09.21.34:722][281]LogModuleManager: Shutting down and abandoning module HTML5PlatformEditor (440)
[2017.08.28-09.21.34:722][281]LogModuleManager: Shutting down and abandoning module AndroidPlatformEditor (438)
[2017.08.28-09.21.34:722][281]LogModuleManager: Shutting down and abandoning module AndroidDeviceDetection (437)
[2017.08.28-09.21.35:669][281]LogModuleManager: Shutting down and abandoning module IOSRuntimeSettings (434)
[2017.08.28-09.21.35:669][281]LogModuleManager: Shutting down and abandoning module AndroidRuntimeSettings (432)
[2017.08.28-09.21.35:669][281]LogModuleManager: Shutting down and abandoning module InputBindingEditor (430)
[2017.08.28-09.21.35:669][281]LogModuleManager: Shutting down and abandoning module MergeActors (428)
[2017.08.28-09.21.35:669][281]LogModuleManager: Shutting down and abandoning module SizeMap (426)
[2017.08.28-09.21.35:669][281]LogModuleManager: Shutting down and abandoning module TreeMap (424)
[2017.08.28-09.21.35:669][281]LogModuleManager: Shutting down and abandoning module ReferenceViewer (422)
[2017.08.28-09.21.35:669][281]LogModuleManager: Shutting down and abandoning module LocalizationDashboard (420)
[2017.08.28-09.21.35:669][281]LogModuleManager: Shutting down and abandoning module LocalizationService (419)
[2017.08.28-09.21.35:669][281]LogModuleManager: Shutting down and abandoning module HardwareTargeting (416)
[2017.08.28-09.21.35:669][281]LogModuleManager: Shutting down and abandoning module DeviceProfileEditor (414)
[2017.08.28-09.21.35:669][281]LogModuleManager: Shutting down and abandoning module UndoHistory (412)
[2017.08.28-09.21.35:669][281]LogModuleManager: Shutting down and abandoning module UserFeedback (410)
[2017.08.28-09.21.35:669][281]LogModuleManager: Shutting down and abandoning module XmlParser (408)
[2017.08.28-09.21.35:669][281]LogModuleManager: Shutting down and abandoning module Blutility (406)
[2017.08.28-09.21.35:669][281]LogModuleManager: Shutting down and abandoning module ProjectSettingsViewer (404)
[2017.08.28-09.21.35:669][281]LogModuleManager: Shutting down and abandoning module ProjectTargetPlatformEditor (403)
[2017.08.28-09.21.35:669][281]LogModuleManager: Shutting down and abandoning module EditorSettingsViewer (400)
[2017.08.28-09.21.35:669][281]LogModuleManager: Shutting down and abandoning module SettingsEditor (398)
[2017.08.28-09.21.35:669][281]LogModuleManager: Shutting down and abandoning module ProjectLauncher (396)
[2017.08.28-09.21.35:669][281]LogModuleManager: Shutting down and abandoning module SessionFrontend (394)
[2017.08.28-09.21.35:669][281]LogModuleManager: Shutting down and abandoning module ProfilerClient (392)
[2017.08.28-09.21.35:669][281]LogModuleManager: Shutting down and abandoning module DeviceManager (390)
[2017.08.28-09.21.35:669][281]LogModuleManager: Shutting down and abandoning module TargetDeviceServices (389)
[2017.08.28-09.21.35:709][281]LogModuleManager: Shutting down and abandoning module AutomationController (386)
[2017.08.28-09.21.35:709][281]LogModuleManager: Shutting down and abandoning module AutomationWindow (384)
[2017.08.28-09.21.35:709][281]LogModuleManager: Shutting down and abandoning module Layers (382)
[2017.08.28-09.21.35:709][281]LogModuleManager: Shutting down and abandoning module ComponentVisualizers (380)
[2017.08.28-09.21.35:709][281]LogModuleManager: Shutting down and abandoning module DetailCustomizations (378)
[2017.08.28-09.21.35:709][281]LogModuleManager: Shutting down and abandoning module PackagesDialog (376)
[2017.08.28-09.21.35:709][281]LogModuleManager: Shutting down and abandoning module Persona (374)
[2017.08.28-09.21.35:709][281]LogModuleManager: Shutting down and abandoning module AdvancedPreviewScene (373)
[2017.08.28-09.21.35:709][281]LogModuleManager: Shutting down and abandoning module AnimGraph (371)
[2017.08.28-09.21.35:709][281]LogModuleManager: Shutting down and abandoning module Kismet (368)
[2017.08.28-09.21.35:709][281]LogModuleManager: Shutting down and abandoning module ClassViewer (366)
[2017.08.28-09.21.35:709][281]LogModuleManager: Shutting down and abandoning module Toolbox (364)
[2017.08.28-09.21.35:709][281]LogModuleManager: Shutting down and abandoning module ModuleUI (362)
[2017.08.28-09.21.35:709][281]LogModuleManager: Shutting down and abandoning module MovieSceneTools (360)
[2017.08.28-09.21.35:710][281]LogModuleManager: Shutting down and abandoning module OutputLog (358)
[2017.08.28-09.21.35:710][281]LogModuleManager: Shutting down and abandoning module GammaUI (356)
[2017.08.28-09.21.35:710][281]LogModuleManager: Shutting down and abandoning module Documentation (354)
[2017.08.28-09.21.35:710][281]LogModuleManager: Shutting down and abandoning module MovieSceneTracks (352)
[2017.08.28-09.21.35:710][281]LogModuleManager: Shutting down and abandoning module MovieScene (350)
[2017.08.28-09.21.35:710][281]LogModuleManager: Shutting down and abandoning module Niagara (348)
[2017.08.28-09.21.35:710][281]LogModuleManager: Shutting down and abandoning module NiagaraEditor (347)
[2017.08.28-09.21.35:710][281]LogModuleManager: Shutting down and abandoning module StreamingPauseRendering (344)
[2017.08.28-09.21.35:710][281]LogModuleManager: Shutting down and abandoning module AnalyticsET (342)
[2017.08.28-09.21.35:710][281]LogModuleManager: Shutting down and abandoning module PortalServices (340)
[2017.08.28-09.21.35:710][281]LogModuleManager: Shutting down and abandoning module PortalRpc (338)
[2017.08.28-09.21.35:710][281]LogModuleManager: Shutting down and abandoning module MessagingRpc (336)
[2017.08.28-09.21.35:710][281]LogModuleManager: Shutting down and abandoning module AIModule (334)
[2017.08.28-09.21.35:710][281]LogModuleManager: Shutting down and abandoning module GameplayDebugger (333)
[2017.08.28-09.21.35:710][281]LogModuleManager: Shutting down and abandoning module AITestSuite (331)
[2017.08.28-09.21.35:710][281]LogModuleManager: Shutting down and abandoning module ProfilerService (328)
[2017.08.28-09.21.35:732][281]LogModuleManager: Shutting down and abandoning module TaskGraph (326)
[2017.08.28-09.21.35:732][281]LogModuleManager: Shutting down and abandoning module SteamVRController (324)
[2017.08.28-09.21.35:732][281]LogModuleManager: Shutting down and abandoning module SteamVR (322)
[2017.08.28-09.21.35:732][281]LogModuleManager: Shutting down and abandoning module ProceduralMeshComponentEditor (320)
[2017.08.28-09.21.35:732][281]LogModuleManager: Shutting down and abandoning module ProceduralMeshComponent (318)
[2017.08.28-09.21.35:732][281]LogModuleManager: Shutting down and abandoning module OculusLibrary (316)
[2017.08.28-09.21.35:732][281]LogModuleManager: Shutting down and abandoning module OculusInput (314)
[2017.08.28-09.21.35:732][281]LogModuleManager: Shutting down and abandoning module MobilePatchingUtils (312)
[2017.08.28-09.21.35:732][281]LogModuleManager: Shutting down and abandoning module CustomMeshComponent (310)
[2017.08.28-09.21.35:732][281]LogModuleManager: Shutting down and abandoning module CableComponent (308)
[2017.08.28-09.21.35:732][281]LogModuleManager: Shutting down and abandoning module ArchVisCharacter (306)
[2017.08.28-09.21.35:732][281]LogModuleManager: Shutting down and abandoning module AndroidPermission (304)
[2017.08.28-09.21.35:732][281]LogModuleManager: Shutting down and abandoning module MediaPlayerEditor (300)
[2017.08.28-09.21.35:732][281]LogModuleManager: Shutting down and abandoning module HTML5Networking (298)
[2017.08.28-09.21.35:732][281]LogModuleManager: Shutting down and abandoning module AlembicImporter (296)
[2017.08.28-09.21.35:732][281]LogModuleManager: Shutting down and abandoning module AlembicLibrary (295)
[2017.08.28-09.21.35:732][281]LogModuleManager: Shutting down and abandoning module GeometryCache (294)
[2017.08.28-09.21.35:732][281]LogModuleManager: Shutting down and abandoning module GeometryCacheEd (293)
[2017.08.28-09.21.35:732][281]LogModuleManager: Shutting down and abandoning module SuperSearchEditor (288)
[2017.08.28-09.21.35:732][281]LogModuleManager: Shutting down and abandoning module SuperSearch (287)
[2017.08.28-09.21.35:732][281]LogModuleManager: Shutting down and abandoning module SpeedTreeImporter (284)
[2017.08.28-09.21.35:732][281]LogModuleManager: Shutting down and abandoning module PluginBrowser (282)
[2017.08.28-09.21.35:732][281]LogModuleManager: Shutting down and abandoning module MobileLauncherProfileWizard (280)
[2017.08.28-09.21.35:732][281]LogModuleManager: Shutting down and abandoning module VisualStudioSourceCodeAccess (278)
[2017.08.28-09.21.35:732][281]LogModuleManager: Shutting down and abandoning module DesktopPlatform (277)
[2017.08.28-09.21.35:732][281]LogModuleManager: Shutting down and abandoning module UObjectPlugin (274)
[2017.08.28-09.21.35:732][281]LogModuleManager: Shutting down and abandoning module SubversionSourceControl (272)
[2017.08.28-09.21.35:732][281]LogModuleManager: Shutting down and abandoning module PerforceSourceControl (270)
[2017.08.28-09.21.35:732][281]LogModuleManager: Shutting down and abandoning module GitSourceControl (268)
[2017.08.28-09.21.35:732][281]LogModuleManager: Shutting down and abandoning module SourceControl (267)
[2017.08.28-09.21.35:732][281]LogModuleManager: Shutting down and abandoning module LightPropagationVolumeEditor (264)
[2017.08.28-09.21.35:732][281]LogModuleManager: Shutting down and abandoning module PaperTiledImporter (262)
[2017.08.28-09.21.35:732][281]LogModuleManager: Shutting down and abandoning module PaperSpriteSheetImporter (260)
[2017.08.28-09.21.35:732][281]LogModuleManager: Shutting down and abandoning module Paper2DEditor (258)
[2017.08.28-09.21.35:732][281]LogModuleManager: Shutting down and abandoning module MeshPaint (257)
[2017.08.28-09.21.35:732][281]LogModuleManager: Shutting down and abandoning module LevelEditor (255)
[2017.08.28-09.21.35:733][281]LogModuleManager: Shutting down and abandoning module PixelInspectorModule (254)
[2017.08.28-09.21.35:733][281]LogModuleManager: Shutting down and abandoning module MainFrame (252)
[2017.08.28-09.21.35:733][281]LogModuleManager: Shutting down and abandoning module HotReload (251)
[2017.08.28-09.21.35:734][281]LogModuleManager: Shutting down and abandoning module PhysXVehiclesEditor (246)
[2017.08.28-09.21.35:734][281]LogModuleManager: Shutting down and abandoning module PhysXVehicles (244)
[2017.08.28-09.21.35:734][281]LogModuleManager: Shutting down and abandoning module LocationServicesBPLibrary (242)
[2017.08.28-09.21.35:734][281]LogModuleManager: Shutting down and abandoning module ImmediatePhysicsEditor (240)
[2017.08.28-09.21.35:734][281]LogModuleManager: Shutting down and abandoning module ImmediatePhysics (238)
[2017.08.28-09.21.35:734][281]LogModuleManager: Shutting down and abandoning module UdpMessaging (236)
[2017.08.28-09.21.35:834][281]LogModuleManager: Shutting down and abandoning module TcpMessaging (234)
[2017.08.28-09.21.35:934][281]LogModuleManager: Shutting down and abandoning module GameplayTagsEditor (232)
[2017.08.28-09.21.35:934][281]LogModuleManager: Shutting down and abandoning module FacialAnimationEditor (230)
[2017.08.28-09.21.35:934][281]LogModuleManager: Shutting down and abandoning module FacialAnimation (228)
[2017.08.28-09.21.35:934][281]LogModuleManager: Shutting down and abandoning module AssetManagerEditor (226)
[2017.08.28-09.21.35:934][281]LogModuleManager: Shutting down and abandoning module GraphEditor (225)
[2017.08.28-09.21.35:934][281]LogModuleManager: Shutting down and abandoning module ContentBrowser (223)
[2017.08.28-09.21.35:934][281]LogModuleManager: Shutting down and abandoning module LightPropagationVolumeRuntime (220)
[2017.08.28-09.21.35:934][281]LogModuleManager: Shutting down and abandoning module Paper2D (218)
[2017.08.28-09.21.35:934][281]LogModuleManager: Shutting down and abandoning module WindowsMoviePlayer (216)
[2017.08.28-09.21.35:934][281]LogModuleManager: Shutting down and abandoning module WmfMedia (214)
[2017.08.28-09.21.35:934][281]LogModuleManager: Shutting down and abandoning module ClothingSystemEditor (212)
[2017.08.28-09.21.35:934][281]LogModuleManager: Shutting down and abandoning module ClothingSystemRuntime (210)
[2017.08.28-09.21.35:935][281]LogModuleManager: Shutting down and abandoning module MediaAssets (208)
[2017.08.28-09.21.35:935][281]LogModuleManager: Shutting down and abandoning module GameLiveStreaming (206)
[2017.08.28-09.21.35:935][281]LogModuleManager: Shutting down and abandoning module VREditor (204)
[2017.08.28-09.21.35:935][281]LogModuleManager: Shutting down and abandoning module StringTableEditor (202)
[2017.08.28-09.21.35:935][281]LogModuleManager: Shutting down and abandoning module GameplayTasksEditor (200)
[2017.08.28-09.21.35:935][281]LogModuleManager: Shutting down and abandoning module BehaviorTreeEditor (198)
[2017.08.28-09.21.35:935][281]LogModuleManager: Shutting down and abandoning module FunctionalTesting (196)
[2017.08.28-09.21.35:935][281]LogModuleManager: Shutting down and abandoning module CollisionAnalyzer (194)
[2017.08.28-09.21.35:935][281]LogModuleManager: Shutting down and abandoning module UMG (192)
[2017.08.28-09.21.35:935][281]LogModuleManager: Shutting down and abandoning module UMGEditor (191)
[2017.08.28-09.21.35:935][281]LogModuleManager: Shutting down and abandoning module Sequencer (190)
[2017.08.28-09.21.35:935][281]LogModuleManager: Shutting down and abandoning module AssetTools (188)
[2017.08.28-09.21.35:935][281]LogModuleManager: Shutting down and abandoning module MessageLog (187)
[2017.08.28-09.21.35:935][281]LogModuleManager: Shutting down and abandoning module WorkspaceMenuStructure (186)
[2017.08.28-09.21.35:935][281]LogModuleManager: Shutting down and abandoning module SlateReflector (180)
[2017.08.28-09.21.35:935][281]LogModuleManager: Shutting down and abandoning module Slate (178)
[2017.08.28-09.21.35:935][281]LogModuleManager: Shutting down and abandoning module EditorStyle (176)
[2017.08.28-09.21.35:936][281]LogModuleManager: Shutting down and abandoning module SourceCodeAccess (174)
[2017.08.28-09.21.35:936][281]LogModuleManager: Shutting down and abandoning module HeadMountedDisplay (172)
[2017.08.28-09.21.35:936][281]LogModuleManager: Shutting down and abandoning module XAudio2 (170)
[2017.08.28-09.21.35:936][281]LogModuleManager: Shutting down and abandoning module Networking (168)
[2017.08.28-09.21.35:936][281]LogModuleManager: Shutting down and abandoning module Core (164)
[2017.08.28-09.21.35:936][281]LogModuleManager: Shutting down and abandoning module AssetRegistry (162)
[2017.08.28-09.21.35:975][281]LogDirectoryWatcher: A directory notification for '../../../Engine/Content/' was aborted.
[2017.08.28-09.21.35:975][281]LogDirectoryWatcher: A directory notification for '../../../../../Lucy/Lucy/Climbing/Content/' was aborted.
[2017.08.28-09.21.35:975][281]LogDirectoryWatcher: A directory notification for '../../../Engine/Plugins/2D/Paper2D/Content/' was aborted.
[2017.08.28-09.21.35:975][281]LogDirectoryWatcher: A directory notification for '../../../Engine/Plugins/Runtime/GearVR/Content/' was aborted.
[2017.08.28-09.21.35:977][281]LogModuleManager: Shutting down and abandoning module DirectoryWatcher (161)
[2017.08.28-09.21.35:977][281]LogModuleManager: Shutting down and abandoning module KismetCompiler (158)
[2017.08.28-09.21.35:977][281]LogModuleManager: Shutting down and abandoning module PhysXFormats (156)
[2017.08.28-09.21.35:977][281]LogModuleManager: Shutting down and abandoning module MeshUtilities (154)
[2017.08.28-09.21.35:977][281]LogModuleManager: Shutting down and abandoning module SimplygonSwarm (153)
[2017.08.28-09.21.35:977][281]LogModuleManager: Shutting down and abandoning module SimplygonMeshReduction (151)
[2017.08.28-09.21.35:977][281]LogModuleManager: Shutting down and abandoning module QuadricMeshReduction (149)
[2017.08.28-09.21.35:977][281]LogModuleManager: Shutting down and abandoning module LevelSequence (146)
[2017.08.28-09.21.35:977][281]LogModuleManager: Shutting down and abandoning module DerivedDataCache (144)
[2017.08.28-09.21.36:008][281]LogDerivedDataCache: Shutdown
[2017.08.28-09.21.36:008][281]LogModuleManager: Shutting down and abandoning module TargetPlatform (142)
[2017.08.28-09.21.36:008][281]LogModuleManager: Shutting down and abandoning module VulkanShaderFormat (141)
[2017.08.28-09.21.36:008][281]LogModuleManager: Shutting down and abandoning module ShaderFormatVectorVM (139)
[2017.08.28-09.21.36:008][281]LogModuleManager: Shutting down and abandoning module ShaderFormatOpenGL (137)
[2017.08.28-09.21.36:008][281]LogModuleManager: Shutting down and abandoning module ShaderFormatD3D (135)
[2017.08.28-09.21.36:008][281]LogModuleManager: Shutting down and abandoning module MetalShaderFormat (133)
[2017.08.28-09.21.36:008][281]LogModuleManager: Shutting down and abandoning module TextureFormatUncompressed (131)
[2017.08.28-09.21.36:008][281]LogModuleManager: Shutting down and abandoning module TextureFormatPVR (129)
[2017.08.28-09.21.36:008][281]LogModuleManager: Shutting down and abandoning module TextureFormatDXT (127)
[2017.08.28-09.21.36:008][281]LogModuleManager: Shutting down and abandoning module TextureFormatIntelISPCTexComp (125)
[2017.08.28-09.21.36:008][281]LogModuleManager: Shutting down and abandoning module TextureFormatASTC (123)
[2017.08.28-09.21.36:008][281]LogModuleManager: Shutting down and abandoning module ImageWrapper (122)
[2017.08.28-09.21.36:008][281]LogModuleManager: Shutting down and abandoning module TextureFormatAndroid (119)
[2017.08.28-09.21.36:008][281]LogModuleManager: Shutting down and abandoning module AudioFormatOpus (117)
[2017.08.28-09.21.36:008][281]LogModuleManager: Shutting down and abandoning module AudioFormatOgg (115)
[2017.08.28-09.21.36:008][281]LogModuleManager: Shutting down and abandoning module AudioFormatADPCM (113)
[2017.08.28-09.21.36:008][281]LogModuleManager: Shutting down and abandoning module LinuxTargetPlatform (111)
[2017.08.28-09.21.36:008][281]LogModuleManager: Shutting down and abandoning module LinuxServerTargetPlatform (109)
[2017.08.28-09.21.36:008][281]LogModuleManager: Shutting down and abandoning module LinuxNoEditorTargetPlatform (107)
[2017.08.28-09.21.36:008][281]LogModuleManager: Shutting down and abandoning module LinuxClientTargetPlatform (105)
[2017.08.28-09.21.36:008][281]LogModuleManager: Shutting down and abandoning module TVOSTargetPlatform (103)
[2017.08.28-09.21.36:008][281]LogModuleManager: Shutting down and abandoning module Messaging (101)
[2017.08.28-09.21.36:008][281]LogModuleManager: Shutting down and abandoning module IOSTargetPlatform (99)
[2017.08.28-09.21.36:008][281]LogModuleManager: Shutting down and abandoning module HTML5TargetPlatform (97)
[2017.08.28-09.21.36:008][281]LogModuleManager: Shutting down and abandoning module Android_PVRTCTargetPlatform (95)
[2017.08.28-09.21.36:008][281]LogModuleManager: Shutting down and abandoning module Android_MultiTargetPlatform (93)
[2017.08.28-09.21.36:008][281]LogModuleManager: Shutting down and abandoning module Android_ETC2TargetPlatform (91)
[2017.08.28-09.21.36:008][281]LogModuleManager: Shutting down and abandoning module Android_ETC1TargetPlatform (89)
[2017.08.28-09.21.36:008][281]LogModuleManager: Shutting down and abandoning module Android_DXTTargetPlatform (87)
[2017.08.28-09.21.36:008][281]LogModuleManager: Shutting down and abandoning module Android_ATCTargetPlatform (85)
[2017.08.28-09.21.36:008][281]LogModuleManager: Shutting down and abandoning module Android_ASTCTargetPlatform (83)
[2017.08.28-09.21.36:008][281]LogModuleManager: Shutting down and abandoning module AndroidTargetPlatform (81)
[2017.08.28-09.21.36:008][281]LogModuleManager: Shutting down and abandoning module WindowsTargetPlatform (79)
[2017.08.28-09.21.36:008][281]LogModuleManager: Shutting down and abandoning module WindowsServerTargetPlatform (77)
[2017.08.28-09.21.36:008][281]LogModuleManager: Shutting down and abandoning module WindowsNoEditorTargetPlatform (75)
[2017.08.28-09.21.36:008][281]LogModuleManager: Shutting down and abandoning module WindowsClientTargetPlatform (73)
[2017.08.28-09.21.36:008][281]LogModuleManager: Shutting down and abandoning module MacTargetPlatform (71)
[2017.08.28-09.21.36:008][281]LogModuleManager: Shutting down and abandoning module MacServerTargetPlatform (69)
[2017.08.28-09.21.36:008][281]LogModuleManager: Shutting down and abandoning module MacNoEditorTargetPlatform (67)
[2017.08.28-09.21.36:008][281]LogModuleManager: Shutting down and abandoning module MacClientTargetPlatform (65)
[2017.08.28-09.21.36:008][281]LogModuleManager: Shutting down and abandoning module AllDesktopTargetPlatform (63)
[2017.08.28-09.21.36:008][281]LogModuleManager: Shutting down and abandoning module InputCore (60)
[2017.08.28-09.21.36:008][281]LogModuleManager: Shutting down and abandoning module Settings (58)
[2017.08.28-09.21.36:008][281]LogModuleManager: Shutting down and abandoning module OculusRift (56)
[2017.08.28-09.21.36:008][281]LogModuleManager: Shutting down and abandoning module GearVRController (54)
[2017.08.28-09.21.36:008][281]LogModuleManager: Shutting down and abandoning module GearVR (52)
[2017.08.28-09.21.36:008][281]LogModuleManager: Shutting down and abandoning module ExampleDeviceProfileSelector (50)
[2017.08.28-09.21.36:008][281]LogModuleManager: Shutting down and abandoning module OnlineBlueprintSupport (48)
[2017.08.28-09.21.36:008][281]LogModuleManager: Shutting down and abandoning module OnlineSubsystem (44)
[2017.08.28-09.21.36:008][281]LogOnline:Display: Unloading online subsystem: NULL
[2017.08.28-09.21.36:008][281]LogModuleManager: Shutting down and abandoning module XMPP (43)
[2017.08.28-09.21.36:009][281]LogModuleManager: Shutting down and abandoning module HTTP (41)
[2017.08.28-09.21.36:009][281]LogHttp:Display: Http module shutting down, but needs to wait on 1 outstanding Http requests:
[2017.08.28-09.21.36:009][281]LogHttp:Display: 	verb=[POST] url=[https://datarouter.ol.epicgames.com/datarouter/api/v1/public/data?SessionID=%7B444DF29E-430C-21D2-942E-FBA69250F15E%7D&AppID=UEEditor.Rocket.Release&AppVersion=4.16.3-3561208%2B%2B%2BUE4%2BRelease-4.16&UserID=37455e184213eeac73424196fac0a9b5%7C8a243beec6d44cfdb529f95d9020becb%7Cea0c5f4a-54c2-4bf2-abf8-cbd62efac170&AppEnvironment=datacollector-binary&UploadType=eteventstream] status=Processing
[2017.08.28-09.21.36:037][281]LogModuleManager: Shutting down and abandoning module SSL (40)
[2017.08.28-09.21.36:040][281]LogModuleManager: Shutting down and abandoning module HTTPChunkInstaller (36)
[2017.08.28-09.21.36:040][281]LogModuleManager: Shutting down and abandoning module AnimationModifiers (34)
[2017.08.28-09.21.36:040][281]LogModuleManager: Shutting down and abandoning module PropertyEditor (33)
[2017.08.28-09.21.36:040][281]LogModuleManager: Shutting down and abandoning module AudioEditor (30)
[2017.08.28-09.21.36:040][281]LogModuleManager: Shutting down and abandoning module TextureCompressor (28)
[2017.08.28-09.21.36:040][281]LogModuleManager: Shutting down and abandoning module ShaderCore (26)
[2017.08.28-09.21.36:040][281]LogModuleManager: Shutting down and abandoning module Landscape (24)
[2017.08.28-09.21.36:040][281]LogModuleManager: Shutting down and abandoning module SlateRHIRenderer (22)
[2017.08.28-09.21.36:041][281]LogModuleManager: Shutting down and abandoning module OpenGLDrv (20)
[2017.08.28-09.21.36:041][281]LogModuleManager: Shutting down and abandoning module D3D11RHI (18)
[2017.08.28-09.21.36:041][281]LogModuleManager: Shutting down and abandoning module AnimGraphRuntime (16)
[2017.08.28-09.21.36:041][281]LogModuleManager: Shutting down and abandoning module Renderer (14)
[2017.08.28-09.21.36:041][281]LogModuleManager: Shutting down and abandoning module Engine (12)
[2017.08.28-09.21.36:041][281]LogModuleManager: Shutting down and abandoning module CoreUObject (10)
[2017.08.28-09.21.36:041][281]LogModuleManager: Shutting down and abandoning module NetworkFile (8)
[2017.08.28-09.21.36:041][281]LogModuleManager: Shutting down and abandoning module StreamingFile (6)
[2017.08.28-09.21.36:041][281]LogModuleManager: Shutting down and abandoning module SandboxFile (4)
[2017.08.28-09.21.36:041][281]LogModuleManager: Shutting down and abandoning module PakFile (2)
[2017.08.28-09.21.36:044][281]LogExit: Exiting.
[2017.08.28-09.21.36:065][281]Log file closed, 08/28/17 19:21:36
