Log file open, 12/07/17 15:44:22
LogInit:Display: Running engine for game: Lucy
LogPlatformFile: Not using cached read wrapper
LogInit:Display: RandInit(2064957448) SRandInit(2064957449).
LogTaskGraph: Started task graph with 5 named threads and 8 total threads with 1 sets of task threads.
LogStats: Stats thread started at 3.849850
LogInit: Using libcurl 7.47.1
LogInit:  - built for x86_64-pc-win32
LogInit:  - supports SSL with OpenSSL/1.0.2g
LogInit:  - supports HTTP deflate (compression) using libz 1.2.8
LogInit:  - other features:
LogInit:      CURL_VERSION_SSL
LogInit:      CURL_VERSION_LIBZ
LogInit:      CURL_VERSION_IPV6
LogInit:      CURL_VERSION_ASYNCHDNS
LogInit:      CURL_VERSION_LARGEFILE
LogInit:      CURL_VERSION_IDN
LogInit:  CurlRequestOptions (configurable via config and command line):
LogInit:  - bVerifyPeer = false  - Libcurl will NOT verify peer certificate
LogInit:  - bUseHttpProxy = false  - Libcurl will NOT use HTTP proxy
LogInit:  - bDontReuseConnections = false  - Libcurl will reuse connections
LogInit:  - CertBundlePath = nullptr  - Libcurl will use whatever was configured at build time.
LogInit: Build: ++UE4+Release-4.16-CL-3561208
LogInit: Engine Version: 4.16.3-3561208+++UE4+Release-4.16
LogInit: Compatible Engine Version: 4.16.0-3452394+++UE4+Release-4.16
LogInit: Net CL: 3452394
LogDevObjectVersion: Number of dev versions registered: 16
LogDevObjectVersion:   Dev-Blueprints (B0D832E4-1F89-4F0D-ACCF-7EB736FD4AA2): 9
LogDevObjectVersion:   Dev-Build (E1C64328-A22C-4D53-A36C-8E866417BD8C): 0
LogDevObjectVersion:   Dev-Core (375EC13C-06E4-48FB-B500-84F0262A717E): 2
LogDevObjectVersion:   Dev-Editor (E4B068ED-F494-42E9-A231-DA0B2E46BB41): 17
LogDevObjectVersion:   Dev-Framework (CFFC743F-43B0-4480-9391-14DF171D2073): 23
LogDevObjectVersion:   Dev-Mobile (B02B49B5-BB20-44E9-A304-32B752E40360): 0
LogDevObjectVersion:   Dev-Networking (A4E4105C-59A1-49B5-A7C5-40C4547EDFEE): 0
LogDevObjectVersion:   Dev-Online (39C831C9-5AE6-47DC-9A44-9C173E1C8E7C): 0
LogDevObjectVersion:   Dev-Physics (78F01B33-EBEA-4F98-B9B4-84EACCB95AA2): 0
LogDevObjectVersion:   Dev-Platform (6631380F-2D4D-43E0-8009-CF276956A95A): 0
LogDevObjectVersion:   Dev-Rendering (12F88B9F-8875-4AFC-A67C-D90C383ABD29): 15
LogDevObjectVersion:   Dev-Sequencer (7B5AE74C-D270-4C10-A958-57980B212A5A): 4
LogDevObjectVersion:   Dev-VR (D7296918-1DD6-4BDD-9DE2-64A83CC13884): 0
LogDevObjectVersion:   Dev-LoadTimes (C2A15278-BFE7-4AFE-6C17-90FF531DF755): 1
LogDevObjectVersion:   Private-Geometry (6EACA3D4-40EC-4CC1-B786-8BED09428FC5): 1
LogDevObjectVersion:   Dev-AnimPhys (29E575DD-E0A3-4627-9D10-D276232CDCEA): 3
LogInit: Compiled (64-bit): Jul 28 2017 11:49:47
LogInit: Compiled with Visual C++: 19.00.24215.01
LogInit: Build Configuration: Development
LogInit: Branch Name: ++UE4+Release-4.16
LogInit: Command line:  
LogInit: Base directory: D:/Software/Unreal Engine 4/Epic Games/UE_4.16/Engine/Binaries/Win64/
LogInit: Installed Engine Build: 1
LogInit: Presizing for max 8388607 objects, including 0 objects not considered by GC, pre-allocating 0 bytes for permanent pool.
LogInit: Object subsystem initialized
[2017.12.07-04.44.23:946][  0]LogInit: Selected Device Profile: [Windows]
[2017.12.07-04.44.23:946][  0]LogInit: Applying CVar settings loaded from the selected device profile: [Windows]
[2017.12.07-04.44.24:042][  0]LogInit: Computer: JACKE-PC
[2017.12.07-04.44.24:042][  0]LogInit: User: Insigma
[2017.12.07-04.44.24:042][  0]LogInit: CPU Page size=4096, Cores=4
[2017.12.07-04.44.24:042][  0]LogInit: High frequency timer resolution =3.914179 MHz
[2017.12.07-04.44.24:048][  0]LogMemory: Memory total: Physical=15.9GB (16GB approx)
[2017.12.07-04.44.24:048][  0]LogMemory: Platform Memory Stats for Windows
[2017.12.07-04.44.24:048][  0]LogMemory: Process Physical Memory: 275.76 MB used, 275.76 MB peak
[2017.12.07-04.44.24:048][  0]LogMemory: Process Virtual Memory: 263.77 MB used, 263.77 MB peak
[2017.12.07-04.44.24:048][  0]LogMemory: Physical Memory: 5756.94 MB used,  10570.77 MB free, 16327.71 MB total
[2017.12.07-04.44.24:048][  0]LogMemory: Virtual Memory: 622.31 MB used,  10570.77 MB free, 8388608.00 MB total
[2017.12.07-04.44.25:039][  0]LogInit: Using OS detected language (en-US).
[2017.12.07-04.44.25:039][  0]LogInit: Using OS detected locale (en-US).
[2017.12.07-04.44.25:330][  0]LogTextLocalizationManager: No specific localization for 'en-US' exists, so the 'en' localization will be used.
[2017.12.07-04.44.31:066][  0]LogD3D11RHI: D3D11 adapters:
[2017.12.07-04.44.31:547][  0]LogD3D11RHI:    0. 'NVIDIA GeForce GTX 980 Ti' (Feature Level 11_0)
[2017.12.07-04.44.31:547][  0]LogD3D11RHI:       6048/0/7907 MB DedicatedVideo/DedicatedSystem/SharedSystem, Outputs:1, VendorId:0x10de
[2017.12.07-04.44.31:547][  0]LogD3D11RHI: Chosen D3D11 Adapter: 0
[2017.12.07-04.44.31:552][  0]LogD3D11RHI: Creating new Direct3DDevice
[2017.12.07-04.44.31:552][  0]LogD3D11RHI:     GPU DeviceId: 0x17c8 (for the marketing name, search the web for "GPU Device Id")
[2017.12.07-04.44.31:552][  0]LogWindows: EnumDisplayDevices:
[2017.12.07-04.44.31:552][  0]LogWindows:    0. 'NVIDIA GeForce GTX 980 Ti' (P:1 D:1)
[2017.12.07-04.44.31:552][  0]LogWindows:    1. 'NVIDIA GeForce GTX 980 Ti' (P:0 D:0)
[2017.12.07-04.44.31:552][  0]LogWindows:    2. 'NVIDIA GeForce GTX 980 Ti' (P:0 D:0)
[2017.12.07-04.44.31:552][  0]LogWindows:    3. 'NVIDIA GeForce GTX 980 Ti' (P:0 D:0)
[2017.12.07-04.44.31:552][  0]LogWindows:    4. 'RDPDD Chained DD' (P:0 D:0)
[2017.12.07-04.44.31:552][  0]LogWindows:    5. 'RDP Encoder Mirror Driver' (P:0 D:0)
[2017.12.07-04.44.31:553][  0]LogWindows:    6. 'RDP Reflector Display Driver' (P:0 D:0)
[2017.12.07-04.44.31:553][  0]LogWindows: DebugString: GetVideoDriverDetailsInvalid PrimaryIsNotTheChoosenAdapter GetVideoDriverDetailsInvalid PrimaryIsNotTheChoosenAdapter GetVideoDriverDetailsInvalid PrimaryIsNotTheChoosenAdapter FoundDriverCount:4 
[2017.12.07-04.44.31:553][  0]LogD3D11RHI:     Adapter Name: NVIDIA GeForce GTX 980 Ti
[2017.12.07-04.44.31:553][  0]LogD3D11RHI:   Driver Version: 381.65 (internal:22.21.13.8165, unified:381.65)
[2017.12.07-04.44.31:553][  0]LogD3D11RHI:      Driver Date: 3-31-2017
[2017.12.07-04.44.31:553][  0]LogRHI: Texture pool is 1361 MB (70% of 1945 MB)
[2017.12.07-04.44.31:947][  0]LogD3D11RHI: Async texture creation enabled
[2017.12.07-04.44.32:285][  0]LogD3D11RHI: GPU Timing Frequency: 1000.000000 (Debug: 2 2)
[2017.12.07-04.44.32:378][  0]LogShaderCompilers: Guid format shader working directory is 15 characters bigger than the processId version (../../../../../Lucy/Lucy/Climbing/Intermediate/Shaders/WorkingDirectory/8304/).
[2017.12.07-04.44.32:378][  0]LogShaderCompilers: Cleaned the shader compiler working directory 'C:/Users/Insigma/AppData/Local/Temp/UnrealShaderWorkingDir/9597D6B84771E9A64313B9B6A5E723B6/'.
[2017.12.07-04.44.32:380][  0]LogShaderCompilers:Display: Using Local Shader Compiler.
[2017.12.07-04.44.35:157][  0]LogTemp:Display: Loaded TP AllDesktopTargetPlatform
[2017.12.07-04.44.35:191][  0]LogTemp:Display: Loaded TP MacClientTargetPlatform
[2017.12.07-04.44.35:222][  0]LogTemp:Display: Loaded TP MacNoEditorTargetPlatform
[2017.12.07-04.44.35:253][  0]LogTemp:Display: Loaded TP MacServerTargetPlatform
[2017.12.07-04.44.35:297][  0]LogTemp:Display: Loaded TP MacTargetPlatform
[2017.12.07-04.44.35:328][  0]LogTemp:Display: Loaded TP WindowsClientTargetPlatform
[2017.12.07-04.44.35:360][  0]LogTemp:Display: Loaded TP WindowsNoEditorTargetPlatform
[2017.12.07-04.44.35:391][  0]LogTemp:Display: Loaded TP WindowsServerTargetPlatform
[2017.12.07-04.44.35:418][  0]LogTemp:Display: Loaded TP WindowsTargetPlatform
[2017.12.07-04.44.35:457][  0]LogTemp:Display: Loaded TP AndroidTargetPlatform
[2017.12.07-04.44.35:487][  0]LogTemp:Display: Loaded TP Android_ASTCTargetPlatform
[2017.12.07-04.44.35:518][  0]LogTemp:Display: Loaded TP Android_ATCTargetPlatform
[2017.12.07-04.44.35:548][  0]LogTemp:Display: Loaded TP Android_DXTTargetPlatform
[2017.12.07-04.44.35:579][  0]LogTemp:Display: Loaded TP Android_ETC1TargetPlatform
[2017.12.07-04.44.35:609][  0]LogTemp:Display: Loaded TP Android_ETC2TargetPlatform
[2017.12.07-04.44.35:670][  0]LogTemp:Display: Loaded TP Android_MultiTargetPlatform
[2017.12.07-04.44.35:670][  0]LogTemp:Display: Loaded TP Android_PVRTCTargetPlatform
[2017.12.07-04.44.35:693][  0]LogTemp:Display: Loaded TP HTML5TargetPlatform
[2017.12.07-04.44.35:863][  0]LogTemp:Display: Loaded TP IOSTargetPlatform
[2017.12.07-04.44.35:907][  0]LogTemp:Display: Loaded TP TVOSTargetPlatform
[2017.12.07-04.44.35:953][  0]LogTemp:Display: Loaded TP LinuxClientTargetPlatform
[2017.12.07-04.44.35:983][  0]LogTemp:Display: Loaded TP LinuxNoEditorTargetPlatform
[2017.12.07-04.44.36:013][  0]LogTemp:Display: Loaded TP LinuxServerTargetPlatform
[2017.12.07-04.44.36:053][  0]LogTemp:Display: Loaded TP LinuxTargetPlatform
[2017.12.07-04.44.36:053][  0]LogTargetPlatformManager:Display: Building Assets For Windows
[2017.12.07-04.44.37:548][  0]LogDerivedDataCache:Display: Max Cache Size: 512 MB
[2017.12.07-04.44.37:892][  0]LogDerivedDataCache: Loaded boot cache 0.34s 90MB C:/Users/Insigma/AppData/Local/UnrealEngine/4.16/DerivedDataCache/Boot.ddc.
[2017.12.07-04.44.37:892][  0]LogDerivedDataCache:Display: Loaded Boot cache: C:/Users/Insigma/AppData/Local/UnrealEngine/4.16/DerivedDataCache/Boot.ddc
[2017.12.07-04.44.37:892][  0]LogDerivedDataCache: FDerivedDataBackendGraph:  Pak pak cache file ../../../../../Lucy/Lucy/Climbing/DerivedDataCache/DDC.ddp not found, will not use a pak cache.
[2017.12.07-04.44.37:892][  0]LogDerivedDataCache: Unable to find inner node Pak for hierarchical cache Hierarchy.
[2017.12.07-04.44.37:892][  0]LogDerivedDataCache: FDerivedDataBackendGraph:  CompressedPak pak cache file ../../../../../Lucy/Lucy/Climbing/DerivedDataCache/Compressed.ddp not found, will not use a pak cache.
[2017.12.07-04.44.37:892][  0]LogDerivedDataCache: Unable to find inner node CompressedPak for hierarchical cache Hierarchy.
[2017.12.07-04.44.38:013][  0]LogDerivedDataCache:Display: Pak cache opened for reading ../../../Engine/DerivedDataCache/Compressed.ddp.
[2017.12.07-04.44.38:028][  0]LogDerivedDataCache: Using Local data cache path C:/Users/Insigma/AppData/Local/UnrealEngine/Common/DerivedDataCache: Writable
[2017.12.07-04.44.38:086][  0]LogMaterial: Verifying Global Shaders for PCD3D_SM5
[2017.12.07-04.44.38:158][  0]LogSlate: Using Freetype 2.6.0
[2017.12.07-04.44.38:281][  0]LogSlate: SlateFontCache - WITH_FREETYPE: 1, WITH_HARFBUZZ: 1
[2017.12.07-04.44.38:281][  0]LogSlate: SlateFontCache - WITH_FREETYPE: 1, WITH_HARFBUZZ: 1
[2017.12.07-04.44.47:637][  0]LogInit: Selected Device Profile: [Windows]
[2017.12.07-04.44.47:728][  0]LogContentStreaming: Texture pool size is 0.00 MB
[2017.12.07-04.44.49:210][  0]LogMeshUtilities: Using QuadricMeshReduction for automatic static mesh reduction
[2017.12.07-04.44.49:373][  0]LogSimplygon: Simplygon DLL not present - disabling.
[2017.12.07-04.44.49:429][  0]LogMeshUtilities: Using SimplygonSwarm for distributed automatic mesh merging
[2017.12.07-04.44.49:429][  0]LogMeshUtilities: No automatic skeletal mesh reduction module available
[2017.12.07-04.44.49:429][  0]LogMeshUtilities: No automatic mesh merging module available
[2017.12.07-04.44.54:148][  0]LogNetVersion: Lucy , NetCL: 3452394, EngineNetVer: 2, GameNetVer: 0 (Checksum: 3432496989)
[2017.12.07-04.44.54:589][  0]LogAssetRegistry: FAssetRegistry took 0.0561 seconds to start up
[2017.12.07-04.44.55:279][  0]LogPackageLocalizationCache: Processed 4 localized package path(s) for 2 prioritized culture(s) in 0.554085 seconds
[2017.12.07-04.44.55:344][  0]LogUObjectArray: 34194 objects as part of root set at end of initial load.
[2017.12.07-04.44.55:344][  0]LogUObjectAllocator: 7260416 out of 0 bytes used by permanent object pool.
[2017.12.07-04.44.55:344][  0]LogUObjectArray: CloseDisregardForGC: 0/0 objects in disregard for GC pool
[2017.12.07-04.44.55:396][  0]LogInit: WinSock: version 1.1 (2.2), MaxSocks=32767, MaxUdp=65467
[2017.12.07-04.45.26:682][  0]LogTcpMessaging: Initializing TcpMessaging bridge
[2017.12.07-04.45.26:758][  0]LogUdpMessaging: Initializing bridge on interface 0.0.0.0:0 to multicast group 230.0.0.1:6666.
[2017.12.07-04.45.28:176][  0]LogMaterial: Uniform references updated for custom material expression Custom.
[2017.12.07-04.45.28:910][  0]SourceControl: Info Source control is disabled
[2017.12.07-04.45.28:923][  0]SourceControl: Info Source control is disabled
[2017.12.07-04.45.29:034][  0]SourceControl: Info Source control is disabled
[2017.12.07-04.45.29:131][  0]SourceControl: Info Source control is disabled
[2017.12.07-04.45.30:344][  0]LogAndroidPermission: UAndroidPermissionCallbackProxy::GetInstance
[2017.12.07-04.45.31:323][  0]LogEngine: Initializing Engine...
[2017.12.07-04.45.31:330][  0]LogHMD: Failed to initialize OpenVR with code 110
[2017.12.07-04.45.32:061][  0]LogStats: UGameplayTagsManager::ConstructGameplayTagTree: Construct from data asset -  0.000 s
[2017.12.07-04.45.32:061][  0]LogStats: UGameplayTagsManager::ConstructGameplayTagTree: GameplayTagTreeChangedEvent.Broadcast -  0.000 s
[2017.12.07-04.45.32:528][  0]LogAIModule: Creating AISystem for world Untitled
[2017.12.07-04.45.32:604][  0]LogInit: XAudio2 using 'Speakers (Sound Blaster Recon3Di)' : 2 channels at 48 kHz using 32 bits per sample (channel mask 0x3)
[2017.12.07-04.45.32:611][  0]LogInit: FAudioDevice initialized.
[2017.12.07-04.45.32:646][  0]LogDerivedDataCache: Saved boot cache 0.03s 90MB C:/Users/Insigma/AppData/Local/UnrealEngine/4.16/DerivedDataCache/Boot.ddc.
[2017.12.07-04.45.32:658][  0]LogInit: Texture streaming: Enabled
[2017.12.07-04.45.32:749][  0]LogEngineSessionManager: EngineSessionManager initialized
[2017.12.07-04.45.33:670][  0]LogInit: Transaction tracking system initialized
[2017.12.07-04.45.35:174][  0]BlueprintLog: New page: Editor Load
[2017.12.07-04.45.39:798][  0]LocalizationService: Info Localization service is disabled
[2017.12.07-04.45.43:039][  0]LogConsoleResponse:Display: 
[2017.12.07-04.45.48:412][  0]LogCook:Display: Max memory allowance for cook 16384mb min free memory 0mb
[2017.12.07-04.45.48:412][  0]LogCook:Display: Mobile HDR setting 1
[2017.12.07-04.45.48:659][  0]LogFileCache: Scanning file cache for directory 'D:/Software/Unreal Engine 4/Lucy/Lucy/Climbing/Content/' took 0.23s
[2017.12.07-04.45.56:341][  0]SourceControl: Info Source control is disabled
[2017.12.07-04.45.56:638][  0]Cmd: MAP LOAD FILE="../../../../../Lucy/Lucy/Climbing/Content/SideScrollerBP/Maps/SideScrollerExampleMap.umap" TEMPLATE=0 SHOWPROGRESS=1 FEATURELEVEL=3
[2017.12.07-04.45.56:694][  0]LightingResults: New page: Lighting Build
[2017.12.07-04.45.57:173][  0]MapCheck: New page: Map Check
[2017.12.07-04.45.57:173][  0]LightingResults: New page: Lighting Build
[2017.12.07-04.46.04:590][  0]LogLinker:Warning: Can't find file '/Game/SideScrollerBP/Maps/SideScrollerExampleMap_BuiltData'
[2017.12.07-04.46.04:590][  0]LogLinker:Warning: Can't find file for asset '/Game/SideScrollerBP/Maps/SideScrollerExampleMap_BuiltData' while loading ../../../../../Lucy/Lucy/Climbing/Content/SideScrollerBP/Maps/SideScrollerExampleMap.umap.
[2017.12.07-04.46.04:590][  0]LoadErrors:Error: Error /Game/SideScrollerBP/Maps/SideScrollerExampleMap : Can't find file for asset. /Game/SideScrollerBP/Maps/SideScrollerExampleMap_BuiltData
[2017.12.07-04.46.04:729][  0]LogLinker:Warning: Can't find file '/Game/SideScrollerBP/Maps/SideScrollerExampleMap_BuiltData'
[2017.12.07-04.46.04:729][  0]LogLinker:Warning: Can't find file for asset '/Game/SideScrollerBP/Maps/SideScrollerExampleMap_BuiltData' while loading ../../../../../Lucy/Lucy/Climbing/Content/SideScrollerBP/Maps/SideScrollerExampleMap.umap.
[2017.12.07-04.46.04:729][  0]LoadErrors:Error: Error /Game/SideScrollerBP/Maps/SideScrollerExampleMap : Can't find file for asset. /Game/SideScrollerBP/Maps/SideScrollerExampleMap_BuiltData
[2017.12.07-04.46.04:752][  0]LogLinker:Warning: Can't find file '/Game/SideScrollerBP/Maps/SideScrollerExampleMap_BuiltData'
[2017.12.07-04.46.04:752][  0]LogLinker:Warning: Can't find file for asset '/Game/SideScrollerBP/Maps/SideScrollerExampleMap_BuiltData' while loading NULL.
[2017.12.07-04.46.04:752][  0]LogLinker:Warning: Can't find file '/Game/SideScrollerBP/Maps/SideScrollerExampleMap_BuiltData'
[2017.12.07-04.46.04:753][  0]LogLinker:Warning: Can't find file for asset '/Game/SideScrollerBP/Maps/SideScrollerExampleMap_BuiltData' while loading NULL.
[2017.12.07-04.46.04:820][  0]LogLinker:Warning: Can't find file '/Game/SideScrollerBP/Maps/SideScrollerExampleMap_BuiltData'
[2017.12.07-04.46.04:820][  0]LoadErrors: Info Failed to load /Game/SideScrollerBP/Maps/SideScrollerExampleMap_BuiltData.SideScrollerExampleMap_BuiltData Referenced by PersistentLevel
[2017.12.07-04.46.04:820][  0]LogLinker:Warning: Can't find file for asset '/Game/SideScrollerBP/Maps/SideScrollerExampleMap_BuiltData' while loading NULL.
[2017.12.07-04.46.04:820][  0]LoadErrors: Info Failed to load /Game/SideScrollerBP/Maps/SideScrollerExampleMap_BuiltData.SideScrollerExampleMap_BuiltData Referenced by PersistentLevel
[2017.12.07-04.46.06:942][  0]LogAIModule: Creating AISystem for world SideScrollerExampleMap
[2017.12.07-04.46.08:441][  0]LogEditorServer: Finished looking for orphan Actors (0.000 secs)
[2017.12.07-04.46.08:616][  0]Cmd: MAP CHECKDEP NOCLEARLOG
[2017.12.07-04.46.08:679][  0]MapCheck: Info Map check complete: 0 Error(s), 0 Warning(s), took 62.813ms to complete.
[2017.12.07-04.46.08:679][  0]LogFileHelpers: Loading map 'SideScrollerExampleMap' took 12.177
[2017.12.07-04.46.12:010][  0]LogCollectionManager: Loaded 0 collections in 0.000858 seconds
[2017.12.07-04.46.12:388][  0]LogFileCache: Scanning file cache for directory 'D:/Software/Unreal Engine 4/Lucy/Lucy/Climbing/Saved/Collections/' took 0.01s
[2017.12.07-04.46.12:388][  0]LogFileCache: Scanning file cache for directory 'D:/Software/Unreal Engine 4/Lucy/Lucy/Climbing/Content/Developers/Insigma/Collections/' took 0.01s
[2017.12.07-04.46.12:388][  0]LogFileCache: Scanning file cache for directory 'D:/Software/Unreal Engine 4/Lucy/Lucy/Climbing/Content/Collections/' took 0.01s
[2017.12.07-04.46.12:388][  0]LogCollectionManager: Rebuilt the GUID cache for 0 collections in 0.000003 seconds
[2017.12.07-04.46.12:410][  0]LogContentBrowser: Native class hierarchy populated in 0.0199 seconds. Added 2329 classes and 491 folders.
[2017.12.07-04.46.12:520][  0]LogContentBrowser: Native class hierarchy updated for 'WidgetCarousel' in 0.0006 seconds. Added 0 classes and 0 folders.
[2017.12.07-04.46.17:986][  0]LogContentBrowser: Native class hierarchy updated for 'AddContentDialog' in 0.0013 seconds. Added 0 classes and 0 folders.
[2017.12.07-04.46.18:414][  0]LogContentBrowser: Native class hierarchy updated for 'SceneOutliner' in 0.0009 seconds. Added 1 classes and 2 folders.
[2017.12.07-04.46.19:720][  0]LogCrashTracker: Crashtracker disabled due to settings.
[2017.12.07-04.46.20:194][  0]LogSlate: Took 0.061227 seconds to synchronously load lazily loaded font '../../../Engine/Content/Slate/Fonts/Roboto-Regular.ttf' (155K)
[2017.12.07-04.46.20:250][  0]LogSlate: Took 0.052343 seconds to synchronously load lazily loaded font '../../../Engine/Content/Slate/Fonts/Roboto-Bold.ttf' (160K)
[2017.12.07-04.46.20:371][  0]LogSlate: Took 0.043934 seconds to synchronously load lazily loaded font '../../../Engine/Content/Editor/Slate/Fonts/FontAwesome.ttf' (139K)
[2017.12.07-04.46.21:683][  0]LogRenderer: Reallocating scene render targets to support 1252x592 NumSamples 1 (Frame:1).
[2017.12.07-04.46.24:599][  0]LogUObjectGlobals:Warning: Failed to find object 'Class None.'
[2017.12.07-04.46.24:807][  0]LogContentBrowser: Native class hierarchy updated for 'HierarchicalLODOutliner' in 0.0010 seconds. Added 1 classes and 2 folders.
[2017.12.07-04.46.24:808][  0]LogLoad: (Engine Initialization) Total time: 137.91 seconds
[2017.12.07-04.46.24:808][  0]LogLoad: (Engine Initialization) Total Blueprint compile time: 2.12 seconds
[2017.12.07-04.46.24:808][  0]LogExternalProfiler: Found external profiler: VSPerf
[2017.12.07-04.46.24:808][  0]LogExternalProfiler: Using external profiler: VSPerf
[2017.12.07-04.46.25:194][  0]LogOcInput: OculusInput pre-init called
[2017.12.07-04.46.25:194][  0]LogHMD: Starting GearVRController plugin
[2017.12.07-04.46.25:615][  0]LogContentStreaming: Texture pool size now 1000 MB
[2017.12.07-04.46.26:256][  0]LogSlate: Took 0.040795 seconds to synchronously load lazily loaded font '../../../Engine/Content/Slate/Fonts/Roboto-Light.ttf' (159K)
[2017.12.07-04.46.26:680][  1]LogFileCache: Retrieving MD5 hashes for directory 'D:/Software/Unreal Engine 4/Lucy/Lucy/Climbing/Content/' took 1.47s
[2017.12.07-04.46.27:382][  3]LogAssetRegistry: Asset discovery search completed in 92.8106 seconds
[2017.12.07-04.46.27:385][  3]LogCollectionManager: Rebuilt the object cache for 0 collections in 0.000001 seconds (found 0 objects)
[2017.12.07-04.46.27:385][  3]LogCollectionManager: Fixed up redirectors for 0 collections in 0.000085 seconds (updated 0 objects)
[2017.12.07-04.49.07:609][263]LogTemp: Repeting last play command: Selected Viewport
[2017.12.07-04.49.07:827][263]LogBlueprintUserMessages: Early PlayInEditor Detection: Level '/Game/SideScrollerBP/Maps/SideScrollerExampleMap.SideScrollerExampleMap:PersistentLevel' has LevelScriptBlueprint '/Game/SideScrollerBP/Maps/SideScrollerExampleMap.SideScrollerExampleMap:PersistentLevel.SideScrollerExampleMap' with GeneratedClass '/Game/SideScrollerBP/Maps/SideScrollerExampleMap.SideScrollerExampleMap_C' with ClassGeneratedBy '/Game/SideScrollerBP/Maps/SideScrollerExampleMap.SideScrollerExampleMap:PersistentLevel.SideScrollerExampleMap'
[2017.12.07-04.49.07:827][263]LogPlayLevel: PlayLevel: No blueprints needed recompiling
[2017.12.07-04.49.07:869][263]PIE: New page: PIE session: SideScrollerExampleMap (Dec 8, 2017, 2:49:07 AM)
[2017.12.07-04.49.07:869][263]LogPlayLevel: Creating play world package: /Game/SideScrollerBP/Maps/UEDPIE_0_SideScrollerExampleMap
[2017.12.07-04.49.07:966][263]LogPlayLevel: PIE: StaticDuplicateObject took: (0.096173s)
[2017.12.07-04.49.07:968][263]LogAIModule: Creating AISystem for world SideScrollerExampleMap
[2017.12.07-04.49.07:968][263]LogPlayLevel: PIE: World Init took: (0.002174s)
[2017.12.07-04.49.07:968][263]LogPlayLevel: PIE: Created PIE world by copying editor world from /Game/SideScrollerBP/Maps/SideScrollerExampleMap.SideScrollerExampleMap to /Game/SideScrollerBP/Maps/UEDPIE_0_SideScrollerExampleMap.SideScrollerExampleMap (0.098999s)
[2017.12.07-04.49.08:016][263]LogInit: XAudio2 using 'Speakers (Sound Blaster Recon3Di)' : 2 channels at 48 kHz using 32 bits per sample (channel mask 0x3)
[2017.12.07-04.49.08:024][263]LogInit: FAudioDevice initialized.
[2017.12.07-04.49.08:141][263]LogLoad: Game class is 'SideScrollerGameMode_C'
[2017.12.07-04.49.08:161][263]LogWorld: Bringing World /Game/SideScrollerBP/Maps/UEDPIE_0_SideScrollerExampleMap.SideScrollerExampleMap up for play (max tick rate 0) at 2017.12.07-15.49.08
[2017.12.07-04.49.08:200][263]LogWorld: Bringing up level for play took: 0.041822
[2017.12.07-04.49.08:393][263]LogContentBrowser: Native class hierarchy updated for 'MovieSceneCapture' in 0.0007 seconds. Added 11 classes and 0 folders.
[2017.12.07-04.49.08:406][263]PIE: Info Play in editor start time for /Game/SideScrollerBP/Maps/UEDPIE_0_SideScrollerExampleMap 0.424
[2017.12.07-04.49.08:406][263]LogBlueprintUserMessages: Late PlayInEditor Detection: Level '/Game/SideScrollerBP/Maps/SideScrollerExampleMap.SideScrollerExampleMap:PersistentLevel' has LevelScriptBlueprint '/Game/SideScrollerBP/Maps/SideScrollerExampleMap.SideScrollerExampleMap:PersistentLevel.SideScrollerExampleMap' with GeneratedClass '/Game/SideScrollerBP/Maps/SideScrollerExampleMap.SideScrollerExampleMap_C' with ClassGeneratedBy '/Game/SideScrollerBP/Maps/SideScrollerExampleMap.SideScrollerExampleMap:PersistentLevel.SideScrollerExampleMap'
[2017.12.07-04.49.15:876][123]LogBlueprintUserMessages: [Button_206] Bye
[2017.12.07-04.49.18:387][423]LogBlueprintUserMessages: [Button_206] Hello
[2017.12.07-04.50.14:450][137]LogBlueprintUserMessages: Early EndPlayMap Detection: Level '/Game/SideScrollerBP/Maps/SideScrollerExampleMap.SideScrollerExampleMap:PersistentLevel' has LevelScriptBlueprint '/Game/SideScrollerBP/Maps/SideScrollerExampleMap.SideScrollerExampleMap:PersistentLevel.SideScrollerExampleMap' with GeneratedClass '/Game/SideScrollerBP/Maps/SideScrollerExampleMap.SideScrollerExampleMap_C' with ClassGeneratedBy '/Game/SideScrollerBP/Maps/SideScrollerExampleMap.SideScrollerExampleMap:PersistentLevel.SideScrollerExampleMap'
[2017.12.07-04.50.15:038][137]LogBlueprintUserMessages: Late EndPlayMap Detection: Level '/Game/SideScrollerBP/Maps/SideScrollerExampleMap.SideScrollerExampleMap:PersistentLevel' has LevelScriptBlueprint '/Game/SideScrollerBP/Maps/SideScrollerExampleMap.SideScrollerExampleMap:PersistentLevel.SideScrollerExampleMap' with GeneratedClass '/Game/SideScrollerBP/Maps/SideScrollerExampleMap.SideScrollerExampleMap_C' with ClassGeneratedBy '/Game/SideScrollerBP/Maps/SideScrollerExampleMap.SideScrollerExampleMap:PersistentLevel.SideScrollerExampleMap'
[2017.12.07-04.50.22:138][630]LogTemp: Executing iPhonePackager certificates Engine -bundlename com.YourCompany.Lucy
[2017.12.07-04.50.22:138][630]LogTemp: CWD: D:\Software\Unreal Engine 4\Epic Games\UE_4.16\Engine\Binaries\DotNET\IOS
[2017.12.07-04.50.22:138][630]LogTemp: Initial Dir: D:\Software\Unreal Engine 4\Epic Games\UE_4.16
[2017.12.07-04.50.22:138][630]LogTemp: Env CWD: D:\Software\Unreal Engine 4\Epic Games\UE_4.16\Engine\Binaries\DotNET\IOS
[2017.12.07-04.50.22:138][630]LogTemp: BranchPath = JACKE-PC/D/Software/Unreal Engine 4/Epic Games/UE_4.16/Engine/Binaries --- GameBranchPath = JACKE-PC/D/Software/Unreal Engine 4/Epic Games/UE_4.16/Engine/Binaries
[2017.12.07-04.50.22:138][630]LogTemp: IPP ERROR: Could not find provision directory 'C:\Users\Insigma\AppData\Local/Apple Computer/MobileDevice/Provisioning Profiles/'.
[2017.12.07-04.50.22:138][630]LogSlate: Only BGRA pngs, bmps or icos are supported in by External Image Picker
[2017.12.07-04.50.28:631][370]LogSlate: Took 0.000505 seconds to synchronously load lazily loaded font '../../../Engine/Content/Slate/Fonts/Roboto-Light.ttf' (159K)
[2017.12.07-04.50.33:155][879]LogSlate: Took 0.000223 seconds to synchronously load lazily loaded font '../../../Engine/Content/Slate/Fonts/Roboto-Light.ttf' (159K)
[2017.12.07-04.50.38:182][459]LogTemp: Repeting last play command: Selected Viewport
[2017.12.07-04.50.38:194][459]LogBlueprintUserMessages: Early PlayInEditor Detection: Level '/Game/SideScrollerBP/Maps/SideScrollerExampleMap.SideScrollerExampleMap:PersistentLevel' has LevelScriptBlueprint '/Game/SideScrollerBP/Maps/SideScrollerExampleMap.SideScrollerExampleMap:PersistentLevel.SideScrollerExampleMap' with GeneratedClass '/Game/SideScrollerBP/Maps/SideScrollerExampleMap.SideScrollerExampleMap_C' with ClassGeneratedBy '/Game/SideScrollerBP/Maps/SideScrollerExampleMap.SideScrollerExampleMap:PersistentLevel.SideScrollerExampleMap'
[2017.12.07-04.50.38:194][459]LogPlayLevel: PlayLevel: No blueprints needed recompiling
[2017.12.07-04.50.38:194][459]PIE: New page: PIE session: SideScrollerExampleMap (Dec 8, 2017, 2:50:38 AM)
[2017.12.07-04.50.38:194][459]LogPlayLevel: Creating play world package: /Game/SideScrollerBP/Maps/UEDPIE_0_SideScrollerExampleMap
[2017.12.07-04.50.38:208][459]LogPlayLevel: PIE: StaticDuplicateObject took: (0.013350s)
[2017.12.07-04.50.38:208][459]LogAIModule: Creating AISystem for world SideScrollerExampleMap
[2017.12.07-04.50.38:208][459]LogPlayLevel: PIE: World Init took: (0.000709s)
[2017.12.07-04.50.38:208][459]LogPlayLevel: PIE: Created PIE world by copying editor world from /Game/SideScrollerBP/Maps/SideScrollerExampleMap.SideScrollerExampleMap to /Game/SideScrollerBP/Maps/UEDPIE_0_SideScrollerExampleMap.SideScrollerExampleMap (0.014276s)
[2017.12.07-04.50.38:218][459]LogInit: XAudio2 using 'Speakers (Sound Blaster Recon3Di)' : 2 channels at 48 kHz using 32 bits per sample (channel mask 0x3)
[2017.12.07-04.50.38:225][459]LogInit: FAudioDevice initialized.
[2017.12.07-04.50.38:259][459]LogLoad: Game class is 'SideScrollerGameMode_C'
[2017.12.07-04.50.38:265][459]LogWorld: Bringing World /Game/SideScrollerBP/Maps/UEDPIE_0_SideScrollerExampleMap.SideScrollerExampleMap up for play (max tick rate 0) at 2017.12.07-15.50.38
[2017.12.07-04.50.38:266][459]LogWorld: Bringing up level for play took: 0.004655
[2017.12.07-04.50.38:267][459]PIE: Info Play in editor start time for /Game/SideScrollerBP/Maps/UEDPIE_0_SideScrollerExampleMap 0.282
[2017.12.07-04.50.38:267][459]LogBlueprintUserMessages: Late PlayInEditor Detection: Level '/Game/SideScrollerBP/Maps/SideScrollerExampleMap.SideScrollerExampleMap:PersistentLevel' has LevelScriptBlueprint '/Game/SideScrollerBP/Maps/SideScrollerExampleMap.SideScrollerExampleMap:PersistentLevel.SideScrollerExampleMap' with GeneratedClass '/Game/SideScrollerBP/Maps/SideScrollerExampleMap.SideScrollerExampleMap_C' with ClassGeneratedBy '/Game/SideScrollerBP/Maps/SideScrollerExampleMap.SideScrollerExampleMap:PersistentLevel.SideScrollerExampleMap'
[2017.12.07-04.50.39:189][565]LogBlueprintUserMessages: Early EndPlayMap Detection: Level '/Game/SideScrollerBP/Maps/SideScrollerExampleMap.SideScrollerExampleMap:PersistentLevel' has LevelScriptBlueprint '/Game/SideScrollerBP/Maps/SideScrollerExampleMap.SideScrollerExampleMap:PersistentLevel.SideScrollerExampleMap' with GeneratedClass '/Game/SideScrollerBP/Maps/SideScrollerExampleMap.SideScrollerExampleMap_C' with ClassGeneratedBy '/Game/SideScrollerBP/Maps/SideScrollerExampleMap.SideScrollerExampleMap:PersistentLevel.SideScrollerExampleMap'
[2017.12.07-04.50.39:218][565]LogBlueprintUserMessages: Late EndPlayMap Detection: Level '/Game/SideScrollerBP/Maps/SideScrollerExampleMap.SideScrollerExampleMap:PersistentLevel' has LevelScriptBlueprint '/Game/SideScrollerBP/Maps/SideScrollerExampleMap.SideScrollerExampleMap:PersistentLevel.SideScrollerExampleMap' with GeneratedClass '/Game/SideScrollerBP/Maps/SideScrollerExampleMap.SideScrollerExampleMap_C' with ClassGeneratedBy '/Game/SideScrollerBP/Maps/SideScrollerExampleMap.SideScrollerExampleMap:PersistentLevel.SideScrollerExampleMap'
[2017.12.07-04.50.41:588][769]LogAIModule: Creating AISystem for world TestLevel
[2017.12.07-04.50.41:612][769]Cmd: MAP LOAD FILE="../../../../../Lucy/Lucy/Climbing/Content/SideScrollerBP/Maps/TestLevel.umap" TEMPLATE=0 SHOWPROGRESS=1 FEATURELEVEL=3
[2017.12.07-04.50.41:612][769]LightingResults: New page: Lighting Build
[2017.12.07-04.50.41:613][769]LoadErrors: New page: Loading map: TestLevel.umap
[2017.12.07-04.50.41:614][769]MapCheck: New page: Map Check
[2017.12.07-04.50.41:614][769]LightingResults: New page: Lighting Build
[2017.12.07-04.50.41:643][769]LogEditorServer: Finished looking for orphan Actors (0.000 secs)
[2017.12.07-04.50.41:679][769]Cmd: MAP CHECKDEP NOCLEARLOG
[2017.12.07-04.50.41:707][769]MapCheck: Info Map check complete: 0 Error(s), 0 Warning(s), took 27.74ms to complete.
[2017.12.07-04.50.41:707][769]LogFileHelpers: Loading map 'TestLevel' took 0.096
[2017.12.07-04.50.43:081][917]LogTemp: Repeting last play command: Selected Viewport
[2017.12.07-04.50.43:093][917]LogBlueprintUserMessages: Early PlayInEditor Detection: Level '/Game/SideScrollerBP/Maps/TestLevel.TestLevel:PersistentLevel' has LevelScriptBlueprint '/Game/SideScrollerBP/Maps/TestLevel.TestLevel:PersistentLevel.TestLevel' with GeneratedClass '/Game/SideScrollerBP/Maps/TestLevel.TestLevel_C' with ClassGeneratedBy '/Game/SideScrollerBP/Maps/TestLevel.TestLevel:PersistentLevel.TestLevel'
[2017.12.07-04.50.43:093][917]LogPlayLevel: PlayLevel: No blueprints needed recompiling
[2017.12.07-04.50.43:093][917]PIE: New page: PIE session: TestLevel (Dec 8, 2017, 2:50:43 AM)
[2017.12.07-04.50.43:093][917]LogPlayLevel: Creating play world package: /Game/SideScrollerBP/Maps/UEDPIE_0_TestLevel
[2017.12.07-04.50.43:114][917]LogPlayLevel: PIE: StaticDuplicateObject took: (0.020613s)
[2017.12.07-04.50.43:115][917]LogAIModule: Creating AISystem for world TestLevel
[2017.12.07-04.50.43:115][917]LogPlayLevel: PIE: World Init took: (0.000685s)
[2017.12.07-04.50.43:115][917]LogPlayLevel: PIE: Created PIE world by copying editor world from /Game/SideScrollerBP/Maps/TestLevel.TestLevel to /Game/SideScrollerBP/Maps/UEDPIE_0_TestLevel.TestLevel (0.021557s)
[2017.12.07-04.50.43:125][917]LogInit: XAudio2 using 'Speakers (Sound Blaster Recon3Di)' : 2 channels at 48 kHz using 32 bits per sample (channel mask 0x3)
[2017.12.07-04.50.43:132][917]LogInit: FAudioDevice initialized.
[2017.12.07-04.50.43:162][917]LogLoad: Game class is 'SideScrollerGameMode_C'
[2017.12.07-04.50.43:167][917]LogWorld: Bringing World /Game/SideScrollerBP/Maps/UEDPIE_0_TestLevel.TestLevel up for play (max tick rate 0) at 2017.12.07-15.50.43
[2017.12.07-04.50.43:210][917]LogWorld: Bringing up level for play took: 0.046476
[2017.12.07-04.50.43:213][917]PIE: Info Play in editor start time for /Game/SideScrollerBP/Maps/UEDPIE_0_TestLevel -0.772
[2017.12.07-04.50.43:214][917]LogBlueprintUserMessages: Late PlayInEditor Detection: Level '/Game/SideScrollerBP/Maps/TestLevel.TestLevel:PersistentLevel' has LevelScriptBlueprint '/Game/SideScrollerBP/Maps/TestLevel.TestLevel:PersistentLevel.TestLevel' with GeneratedClass '/Game/SideScrollerBP/Maps/TestLevel.TestLevel_C' with ClassGeneratedBy '/Game/SideScrollerBP/Maps/TestLevel.TestLevel:PersistentLevel.TestLevel'
[2017.12.07-04.51.23:550][751]LogOutputDevice:Warning: 

Script Stack:
ElevatorSwitch1_Blueprint_C.ExecuteUbergraph_ElevatorSwitch1_Blueprint
ElevatorSwitch1_Blueprint_C.BndEvt__CollisionMesh_K2Node_ComponentBoundEvent_2_ComponentBeginOverlapSignature__DelegateSignature

[2017.12.07-04.51.24:432][751]LogStats: FPlatformStackWalk::StackWalkAndDump -  0.882 s
[2017.12.07-04.51.24:433][751]LogOutputDevice:Error: === Handled ensure: ===
[2017.12.07-04.51.24:433][751]LogOutputDevice:Error: 
[2017.12.07-04.51.24:433][751]LogOutputDevice:Error: Ensure condition failed: false [File:D:\Build\++UE4+Release-4.16+Compile\Sync\Engine\Source\Runtime\CoreUObject\Private\UObject\Obj.cpp] [Line: 787]
[2017.12.07-04.51.24:433][751]LogOutputDevice:Error: Unsupported context object of class LevelSequence (SuperClass(es) - MovieSceneSequence, MovieSceneSignedObject, Object). You must add a way to retrieve a UWorld context for this class.
[2017.12.07-04.51.24:433][751]LogOutputDevice:Error: Stack: 
[2017.12.07-04.51.24:433][751]LogOutputDevice:Error: UE4Editor-Core.dll!0x00000000EA2BE2B6
[2017.12.07-04.51.24:433][751]LogOutputDevice:Error: UE4Editor-Core.dll!0x00000000EA06B8C2
[2017.12.07-04.51.24:433][751]LogOutputDevice:Error: UE4Editor-Core.dll!0x00000000EA081E86
[2017.12.07-04.51.24:433][751]LogOutputDevice:Error: UE4Editor-CoreUObject.dll!0x00000000DB013E5D
[2017.12.07-04.51.24:433][751]LogOutputDevice:Error: UE4Editor-Engine.dll!0x00000000D7503C66
[2017.12.07-04.51.24:433][751]LogOutputDevice:Error: UE4Editor-LevelSequence.dll!0x00000000EAB0CC00
[2017.12.07-04.51.24:433][751]LogOutputDevice:Error: UE4Editor-LevelSequence.dll!0x00000000EAB17A07
[2017.12.07-04.51.24:433][751]LogOutputDevice:Error: UE4Editor-CoreUObject.dll!0x00000000DAE98734
[2017.12.07-04.51.24:433][751]LogOutputDevice:Error: UE4Editor-CoreUObject.dll!0x00000000DB056DD4
[2017.12.07-04.51.24:433][751]LogOutputDevice:Error: UE4Editor-CoreUObject.dll!0x00000000DB06BDA1
[2017.12.07-04.51.24:433][751]LogOutputDevice:Error: UE4Editor-CoreUObject.dll!0x00000000DB094884
[2017.12.07-04.51.24:433][751]LogOutputDevice:Error: UE4Editor-CoreUObject.dll!0x00000000DB06DFD2
[2017.12.07-04.51.24:433][751]LogOutputDevice:Error: UE4Editor-CoreUObject.dll!0x00000000DB0577DE
[2017.12.07-04.51.24:433][751]LogOutputDevice:Error: UE4Editor-CoreUObject.dll!0x00000000DB06DFD2
[2017.12.07-04.51.24:433][751]LogOutputDevice:Error: UE4Editor-CoreUObject.dll!0x00000000DAE98734
[2017.12.07-04.51.24:433][751]LogOutputDevice:Error: UE4Editor-CoreUObject.dll!0x00000000DB06D366
[2017.12.07-04.51.24:433][751]LogOutputDevice:Error: UE4Editor-Engine.dll!0x00000000D64D3F27
[2017.12.07-04.51.24:433][751]LogOutputDevice:Error: UE4Editor-Engine.dll!0x00000000D64552A9
[2017.12.07-04.51.24:434][751]LogOutputDevice:Error: UE4Editor-Engine.dll!0x00000000D698B798
[2017.12.07-04.51.24:434][751]LogOutputDevice:Error: UE4Editor-Engine.dll!0x00000000D6978C06
[2017.12.07-04.51.24:434][751]LogOutputDevice:Error: UE4Editor-Engine.dll!0x00000000D69B883C
[2017.12.07-04.51.24:434][751]LogOutputDevice:Error: UE4Editor-Engine.dll!0x00000000D6988A7C
[2017.12.07-04.51.24:434][751]LogOutputDevice:Error: UE4Editor-Engine.dll!0x00000000D696EAE9
[2017.12.07-04.51.24:434][751]LogOutputDevice:Error: UE4Editor-Engine.dll!0x00000000D68D547A
[2017.12.07-04.51.24:434][751]LogOutputDevice:Error: UE4Editor-Engine.dll!0x00000000D68FB184
[2017.12.07-04.51.24:434][751]LogOutputDevice:Error: UE4Editor-Engine.dll!0x00000000D6884884
[2017.12.07-04.51.24:434][751]LogOutputDevice:Error: UE4Editor-Engine.dll!0x00000000D68B8695
[2017.12.07-04.51.24:434][751]LogOutputDevice:Error: UE4Editor-Engine.dll!0x00000000D748379B
[2017.12.07-04.51.24:434][751]LogOutputDevice:Error: UE4Editor-Engine.dll!0x00000000D748A17B
[2017.12.07-04.51.24:434][751]LogOutputDevice:Error: UE4Editor-Core.dll!0x00000000E9F34D8C
[2017.12.07-04.51.24:434][751]LogOutputDevice:Error: UE4Editor-Core.dll!0x00000000E9F351AD
[2017.12.07-04.51.24:434][751]LogOutputDevice:Error: UE4Editor-Core.dll!0x00000000E9F4FA66
[2017.12.07-04.51.24:434][751]LogOutputDevice:Error: UE4Editor-Engine.dll!0x00000000D74A6662
[2017.12.07-04.51.24:434][751]LogOutputDevice:Error: UE4Editor-Engine.dll!0x00000000D74ABBC2
[2017.12.07-04.51.24:434][751]LogOutputDevice:Error: UE4Editor-Engine.dll!0x00000000D6DCE504
[2017.12.07-04.51.24:434][751]LogOutputDevice:Error: UE4Editor-Engine.dll!0x00000000D6DD65CF
[2017.12.07-04.51.24:434][751]LogOutputDevice:Error: UE4Editor-UnrealEd.dll!0x00000000D41C3973
[2017.12.07-04.51.24:434][751]LogOutputDevice:Error: UE4Editor-UnrealEd.dll!0x00000000D49E8D86
[2017.12.07-04.51.24:434][751]LogOutputDevice:Error: UE4Editor.exe!0x000000003F99E2B2
[2017.12.07-04.51.24:434][751]LogOutputDevice:Error: UE4Editor.exe!0x000000003F98F0B0
[2017.12.07-04.51.24:434][751]LogOutputDevice:Error: UE4Editor.exe!0x000000003F98F12A
[2017.12.07-04.51.24:434][751]LogOutputDevice:Error: UE4Editor.exe!0x000000003F9A0CF9
[2017.12.07-04.51.24:434][751]LogOutputDevice:Error: UE4Editor.exe!0x000000003F9A25F7
[2017.12.07-04.51.24:434][751]LogOutputDevice:Error: kernel32.dll!0x00000000775359CD
[2017.12.07-04.51.24:434][751]LogOutputDevice:Error: ntdll.dll!0x000000007776A2E1
[2017.12.07-04.51.24:434][751]LogOutputDevice:Error: 
[2017.12.07-04.51.24:436][751]LogStats:                SubmitErrorReport -  0.000 s
[2017.12.07-04.51.24:856][751]LogStats:                    SendNewReport -  0.421 s
[2017.12.07-04.51.24:857][751]LogStats:             FDebug::EnsureFailed -  1.307 s
[2017.12.07-04.51.33:133][737]LogCharacterMovement: SideScrollerCharacter_78 is stuck and failed to move! Velocity: X=0.00 Y=486.34 Z=0.00 Location: X=1200.00 Y=-11134.43 Z=220.19 Normal: X=0.00 Y=0.00 Z=-1.00 PenetrationDepth:0.431 Actor:Elevator_Bottom_8 Component:StaticMeshComponent0 BoneName:None (0 other events since notify)
[2017.12.07-04.52.07:874][901]LogBlueprintUserMessages: Early EndPlayMap Detection: Level '/Game/SideScrollerBP/Maps/TestLevel.TestLevel:PersistentLevel' has LevelScriptBlueprint '/Game/SideScrollerBP/Maps/TestLevel.TestLevel:PersistentLevel.TestLevel' with GeneratedClass '/Game/SideScrollerBP/Maps/TestLevel.TestLevel_C' with ClassGeneratedBy '/Game/SideScrollerBP/Maps/TestLevel.TestLevel:PersistentLevel.TestLevel'
[2017.12.07-04.52.07:903][901]LogBlueprintUserMessages: Late EndPlayMap Detection: Level '/Game/SideScrollerBP/Maps/TestLevel.TestLevel:PersistentLevel' has LevelScriptBlueprint '/Game/SideScrollerBP/Maps/TestLevel.TestLevel:PersistentLevel.TestLevel' with GeneratedClass '/Game/SideScrollerBP/Maps/TestLevel.TestLevel_C' with ClassGeneratedBy '/Game/SideScrollerBP/Maps/TestLevel.TestLevel:PersistentLevel.TestLevel'
[2017.12.07-04.53.01:656][958]Cmd: QUIT_EDITOR
[2017.12.07-04.53.01:815][958]LogExit: Preparing to exit.
[2017.12.07-04.53.02:941][958]LogDirectoryWatcher: A directory notification for 'D:/Software/Unreal Engine 4/Lucy/Lucy/Climbing/Content/' was aborted.
[2017.12.07-04.53.03:009][958]LogExit: Editor shut down
[2017.12.07-04.53.03:011][958]LogExit: Transaction tracking system shut down
[2017.12.07-04.53.03:369][958]LogObj: Freed 0b from 0 cluster array pools.
[2017.12.07-04.53.03:369][958]LogExit: Object subsystem successfully closed.
[2017.12.07-04.53.03:423][958]LogD3D11RHI: Shutdown
[2017.12.07-04.53.03:423][958]LogD3D11RHI: CleanupD3DDevice
[2017.12.07-04.53.03:511][958]LogD3D11RHI: ~FD3D11DynamicRHI
[2017.12.07-04.53.03:706][958]LogModuleManager: Shutting down and abandoning module ExternalImagePicker (528)
[2017.12.07-04.53.03:706][958]LogModuleManager: Shutting down and abandoning module MovieSceneCapture (526)
[2017.12.07-04.53.03:706][958]LogModuleManager: Shutting down and abandoning module HierarchicalLODOutliner (524)
[2017.12.07-04.53.03:706][958]LogModuleManager: Shutting down and abandoning module CrashTracker (522)
[2017.12.07-04.53.03:706][958]LogModuleManager: Shutting down and abandoning module SceneOutliner (520)
[2017.12.07-04.53.03:706][958]LogModuleManager: Shutting down and abandoning module AddContentDialog (518)
[2017.12.07-04.53.03:712][958]LogDirectoryWatcher: A directory notification for 'D:/Software/Unreal Engine 4/Epic Games/UE_4.16/FeaturePacks/' was aborted.
[2017.12.07-04.53.03:713][958]LogModuleManager: Shutting down and abandoning module WidgetCarousel (517)
[2017.12.07-04.53.03:713][958]LogModuleManager: Shutting down and abandoning module EditorWidgets (514)
[2017.12.07-04.53.03:713][958]LogModuleManager: Shutting down and abandoning module CollectionManager (512)
[2017.12.07-04.53.03:713][958]LogDirectoryWatcher: A directory notification for 'D:/Software/Unreal Engine 4/Lucy/Lucy/Climbing/Content/Collections/' was aborted.
[2017.12.07-04.53.03:713][958]LogDirectoryWatcher: A directory notification for 'D:/Software/Unreal Engine 4/Lucy/Lucy/Climbing/Content/Developers/Insigma/Collections/' was aborted.
[2017.12.07-04.53.03:713][958]LogDirectoryWatcher: A directory notification for 'D:/Software/Unreal Engine 4/Lucy/Lucy/Climbing/Saved/Collections/' was aborted.
[2017.12.07-04.53.03:714][958]LogModuleManager: Shutting down and abandoning module StatsViewer (510)
[2017.12.07-04.53.03:714][958]LogModuleManager: Shutting down and abandoning module FoliageEdit (508)
[2017.12.07-04.53.03:714][958]LogModuleManager: Shutting down and abandoning module LandscapeEditor (506)
[2017.12.07-04.53.03:714][958]LogModuleManager: Shutting down and abandoning module MeshPaintMode (504)
[2017.12.07-04.53.03:714][958]LogModuleManager: Shutting down and abandoning module SceneDepthPickerMode (502)
[2017.12.07-04.53.03:714][958]LogModuleManager: Shutting down and abandoning module ActorPickerMode (500)
[2017.12.07-04.53.03:714][958]LogModuleManager: Shutting down and abandoning module GeometryMode (498)
[2017.12.07-04.53.03:714][958]LogModuleManager: Shutting down and abandoning module TextureAlignMode (496)
[2017.12.07-04.53.03:714][958]LogModuleManager: Shutting down and abandoning module BspMode (494)
[2017.12.07-04.53.03:714][958]LogModuleManager: Shutting down and abandoning module HardwareSurvey (492)
[2017.12.07-04.53.03:714][958]LogModuleManager: Shutting down and abandoning module SequenceRecorderSections (490)
[2017.12.07-04.53.03:714][958]LogModuleManager: Shutting down and abandoning module AutomationWorker (488)
[2017.12.07-04.53.03:714][958]LogModuleManager: Shutting down and abandoning module MatineeToLevelSequence (486)
[2017.12.07-04.53.03:714][958]LogModuleManager: Shutting down and abandoning module LevelSequenceEditor (484)
[2017.12.07-04.53.03:739][958]LogModuleManager: Shutting down and abandoning module PlacementMode (483)
[2017.12.07-04.53.03:739][958]LogModuleManager: Shutting down and abandoning module WmfMediaFactory (480)
[2017.12.07-04.53.03:739][958]LogModuleManager: Shutting down and abandoning module WmfMediaEditor (478)
[2017.12.07-04.53.03:739][958]LogModuleManager: Shutting down and abandoning module AvfMediaFactory (476)
[2017.12.07-04.53.03:739][958]LogModuleManager: Shutting down and abandoning module AvfMediaEditor (474)
[2017.12.07-04.53.03:739][958]LogModuleManager: Shutting down and abandoning module AndroidMediaFactory (472)
[2017.12.07-04.53.03:739][958]LogModuleManager: Shutting down and abandoning module Media (471)
[2017.12.07-04.53.03:739][958]LogModuleManager: Shutting down and abandoning module AndroidMediaEditor (468)
[2017.12.07-04.53.03:739][958]LogModuleManager: Shutting down and abandoning module CharacterAI (466)
[2017.12.07-04.53.03:739][958]LogModuleManager: Shutting down and abandoning module AudioCapture (464)
[2017.12.07-04.53.03:739][958]LogModuleManager: Shutting down and abandoning module SequenceRecorder (463)
[2017.12.07-04.53.03:739][958]LogModuleManager: Shutting down and abandoning module SmartSnapping (460)
[2017.12.07-04.53.03:739][958]LogModuleManager: Shutting down and abandoning module SessionServices (458)
[2017.12.07-04.53.03:739][958]LogModuleManager: Shutting down and abandoning module ViewportSnapping (456)
[2017.12.07-04.53.03:739][958]LogModuleManager: Shutting down and abandoning module ViewportInteraction (454)
[2017.12.07-04.53.03:739][958]LogModuleManager: Shutting down and abandoning module ClothPainter (452)
[2017.12.07-04.53.03:773][958]LogModuleManager: Shutting down and abandoning module LogVisualizer (450)
[2017.12.07-04.53.03:777][958]LogModuleManager: Shutting down and abandoning module IntroTutorials (448)
[2017.12.07-04.53.03:777][958]LogModuleManager: Shutting down and abandoning module GameProjectGeneration (447)
[2017.12.07-04.53.03:793][958]LogModuleManager: Shutting down and abandoning module EditorLiveStreaming (444)
[2017.12.07-04.53.03:793][958]LogModuleManager: Shutting down and abandoning module IOSPlatformEditor (442)
[2017.12.07-04.53.03:793][958]LogModuleManager: Shutting down and abandoning module HTML5PlatformEditor (440)
[2017.12.07-04.53.03:793][958]LogModuleManager: Shutting down and abandoning module AndroidPlatformEditor (438)
[2017.12.07-04.53.03:793][958]LogModuleManager: Shutting down and abandoning module AndroidDeviceDetection (437)
[2017.12.07-04.53.04:000][958]LogModuleManager: Shutting down and abandoning module IOSRuntimeSettings (434)
[2017.12.07-04.53.04:000][958]LogModuleManager: Shutting down and abandoning module AndroidRuntimeSettings (432)
[2017.12.07-04.53.04:000][958]LogModuleManager: Shutting down and abandoning module InputBindingEditor (430)
[2017.12.07-04.53.04:000][958]LogModuleManager: Shutting down and abandoning module MergeActors (428)
[2017.12.07-04.53.04:013][958]LogModuleManager: Shutting down and abandoning module SizeMap (426)
[2017.12.07-04.53.04:013][958]LogModuleManager: Shutting down and abandoning module TreeMap (424)
[2017.12.07-04.53.04:013][958]LogModuleManager: Shutting down and abandoning module ReferenceViewer (422)
[2017.12.07-04.53.04:013][958]LogModuleManager: Shutting down and abandoning module LocalizationDashboard (420)
[2017.12.07-04.53.04:022][958]LogModuleManager: Shutting down and abandoning module LocalizationService (419)
[2017.12.07-04.53.04:022][958]LogModuleManager: Shutting down and abandoning module HardwareTargeting (416)
[2017.12.07-04.53.04:022][958]LogModuleManager: Shutting down and abandoning module DeviceProfileEditor (414)
[2017.12.07-04.53.04:031][958]LogModuleManager: Shutting down and abandoning module UndoHistory (412)
[2017.12.07-04.53.04:031][958]LogModuleManager: Shutting down and abandoning module UserFeedback (410)
[2017.12.07-04.53.04:031][958]LogModuleManager: Shutting down and abandoning module XmlParser (408)
[2017.12.07-04.53.04:031][958]LogModuleManager: Shutting down and abandoning module Blutility (406)
[2017.12.07-04.53.04:031][958]LogModuleManager: Shutting down and abandoning module ProjectSettingsViewer (404)
[2017.12.07-04.53.04:031][958]LogModuleManager: Shutting down and abandoning module ProjectTargetPlatformEditor (403)
[2017.12.07-04.53.04:031][958]LogModuleManager: Shutting down and abandoning module EditorSettingsViewer (400)
[2017.12.07-04.53.04:031][958]LogModuleManager: Shutting down and abandoning module SettingsEditor (398)
[2017.12.07-04.53.04:032][958]LogModuleManager: Shutting down and abandoning module ProjectLauncher (396)
[2017.12.07-04.53.04:052][958]LogModuleManager: Shutting down and abandoning module SessionFrontend (394)
[2017.12.07-04.53.04:058][958]LogModuleManager: Shutting down and abandoning module ProfilerClient (392)
[2017.12.07-04.53.04:058][958]LogModuleManager: Shutting down and abandoning module DeviceManager (390)
[2017.12.07-04.53.04:075][958]LogModuleManager: Shutting down and abandoning module TargetDeviceServices (389)
[2017.12.07-04.53.04:115][958]LogModuleManager: Shutting down and abandoning module AutomationController (386)
[2017.12.07-04.53.04:115][958]LogModuleManager: Shutting down and abandoning module AutomationWindow (384)
[2017.12.07-04.53.04:138][958]LogModuleManager: Shutting down and abandoning module Layers (382)
[2017.12.07-04.53.04:142][958]LogModuleManager: Shutting down and abandoning module ComponentVisualizers (380)
[2017.12.07-04.53.04:142][958]LogModuleManager: Shutting down and abandoning module DetailCustomizations (378)
[2017.12.07-04.53.04:142][958]LogModuleManager: Shutting down and abandoning module PackagesDialog (376)
[2017.12.07-04.53.04:142][958]LogModuleManager: Shutting down and abandoning module Persona (374)
[2017.12.07-04.53.04:154][958]LogModuleManager: Shutting down and abandoning module AdvancedPreviewScene (373)
[2017.12.07-04.53.04:154][958]LogModuleManager: Shutting down and abandoning module AnimGraph (371)
[2017.12.07-04.53.04:154][958]LogModuleManager: Shutting down and abandoning module Kismet (368)
[2017.12.07-04.53.04:156][958]LogModuleManager: Shutting down and abandoning module ClassViewer (366)
[2017.12.07-04.53.04:158][958]LogModuleManager: Shutting down and abandoning module Toolbox (364)
[2017.12.07-04.53.04:158][958]LogModuleManager: Shutting down and abandoning module ModuleUI (362)
[2017.12.07-04.53.04:158][958]LogModuleManager: Shutting down and abandoning module MovieSceneTools (360)
[2017.12.07-04.53.04:158][958]LogModuleManager: Shutting down and abandoning module OutputLog (358)
[2017.12.07-04.53.04:158][958]LogModuleManager: Shutting down and abandoning module GammaUI (356)
[2017.12.07-04.53.04:158][958]LogModuleManager: Shutting down and abandoning module Documentation (354)
[2017.12.07-04.53.04:158][958]LogModuleManager: Shutting down and abandoning module MovieSceneTracks (352)
[2017.12.07-04.53.04:158][958]LogModuleManager: Shutting down and abandoning module MovieScene (350)
[2017.12.07-04.53.04:158][958]LogModuleManager: Shutting down and abandoning module Niagara (348)
[2017.12.07-04.53.04:158][958]LogModuleManager: Shutting down and abandoning module NiagaraEditor (347)
[2017.12.07-04.53.04:159][958]LogModuleManager: Shutting down and abandoning module StreamingPauseRendering (344)
[2017.12.07-04.53.04:159][958]LogModuleManager: Shutting down and abandoning module AnalyticsET (342)
[2017.12.07-04.53.04:159][958]LogModuleManager: Shutting down and abandoning module PortalServices (340)
[2017.12.07-04.53.04:159][958]LogModuleManager: Shutting down and abandoning module PortalRpc (338)
[2017.12.07-04.53.04:159][958]LogModuleManager: Shutting down and abandoning module MessagingRpc (336)
[2017.12.07-04.53.04:159][958]LogModuleManager: Shutting down and abandoning module AIModule (334)
[2017.12.07-04.53.04:159][958]LogModuleManager: Shutting down and abandoning module GameplayDebugger (333)
[2017.12.07-04.53.04:159][958]LogModuleManager: Shutting down and abandoning module AITestSuite (331)
[2017.12.07-04.53.04:159][958]LogModuleManager: Shutting down and abandoning module ProfilerService (328)
[2017.12.07-04.53.04:288][958]LogModuleManager: Shutting down and abandoning module TaskGraph (326)
[2017.12.07-04.53.04:294][958]LogModuleManager: Shutting down and abandoning module SteamVRController (324)
[2017.12.07-04.53.04:294][958]LogModuleManager: Shutting down and abandoning module SteamVR (322)
[2017.12.07-04.53.04:294][958]LogModuleManager: Shutting down and abandoning module ProceduralMeshComponentEditor (320)
[2017.12.07-04.53.04:294][958]LogModuleManager: Shutting down and abandoning module ProceduralMeshComponent (318)
[2017.12.07-04.53.04:294][958]LogModuleManager: Shutting down and abandoning module OculusLibrary (316)
[2017.12.07-04.53.04:294][958]LogModuleManager: Shutting down and abandoning module OculusInput (314)
[2017.12.07-04.53.04:294][958]LogModuleManager: Shutting down and abandoning module MobilePatchingUtils (312)
[2017.12.07-04.53.04:294][958]LogModuleManager: Shutting down and abandoning module CustomMeshComponent (310)
[2017.12.07-04.53.04:294][958]LogModuleManager: Shutting down and abandoning module CableComponent (308)
[2017.12.07-04.53.04:294][958]LogModuleManager: Shutting down and abandoning module ArchVisCharacter (306)
[2017.12.07-04.53.04:294][958]LogModuleManager: Shutting down and abandoning module AndroidPermission (304)
[2017.12.07-04.53.04:294][958]LogModuleManager: Shutting down and abandoning module MediaPlayerEditor (300)
[2017.12.07-04.53.04:313][958]LogModuleManager: Shutting down and abandoning module HTML5Networking (298)
[2017.12.07-04.53.04:313][958]LogModuleManager: Shutting down and abandoning module AlembicImporter (296)
[2017.12.07-04.53.04:314][958]LogModuleManager: Shutting down and abandoning module AlembicLibrary (295)
[2017.12.07-04.53.04:314][958]LogModuleManager: Shutting down and abandoning module GeometryCache (294)
[2017.12.07-04.53.04:314][958]LogModuleManager: Shutting down and abandoning module GeometryCacheEd (293)
[2017.12.07-04.53.04:314][958]LogModuleManager: Shutting down and abandoning module SuperSearchEditor (288)
[2017.12.07-04.53.04:314][958]LogModuleManager: Shutting down and abandoning module SuperSearch (287)
[2017.12.07-04.53.04:314][958]LogModuleManager: Shutting down and abandoning module SpeedTreeImporter (284)
[2017.12.07-04.53.04:314][958]LogModuleManager: Shutting down and abandoning module PluginBrowser (282)
[2017.12.07-04.53.04:314][958]LogModuleManager: Shutting down and abandoning module MobileLauncherProfileWizard (280)
[2017.12.07-04.53.04:327][958]LogModuleManager: Shutting down and abandoning module VisualStudioSourceCodeAccess (278)
[2017.12.07-04.53.04:327][958]LogModuleManager: Shutting down and abandoning module DesktopPlatform (277)
[2017.12.07-04.53.04:327][958]LogModuleManager: Shutting down and abandoning module UObjectPlugin (274)
[2017.12.07-04.53.04:327][958]LogModuleManager: Shutting down and abandoning module SubversionSourceControl (272)
[2017.12.07-04.53.04:327][958]LogModuleManager: Shutting down and abandoning module PerforceSourceControl (270)
[2017.12.07-04.53.04:327][958]LogModuleManager: Shutting down and abandoning module GitSourceControl (268)
[2017.12.07-04.53.04:327][958]LogModuleManager: Shutting down and abandoning module SourceControl (267)
[2017.12.07-04.53.04:327][958]LogModuleManager: Shutting down and abandoning module LightPropagationVolumeEditor (264)
[2017.12.07-04.53.04:327][958]LogModuleManager: Shutting down and abandoning module PaperTiledImporter (262)
[2017.12.07-04.53.04:327][958]LogModuleManager: Shutting down and abandoning module PaperSpriteSheetImporter (260)
[2017.12.07-04.53.04:327][958]LogModuleManager: Shutting down and abandoning module Paper2DEditor (258)
[2017.12.07-04.53.04:327][958]LogModuleManager: Shutting down and abandoning module MeshPaint (257)
[2017.12.07-04.53.04:327][958]LogModuleManager: Shutting down and abandoning module LevelEditor (255)
[2017.12.07-04.53.04:327][958]LogModuleManager: Shutting down and abandoning module PixelInspectorModule (254)
[2017.12.07-04.53.04:327][958]LogModuleManager: Shutting down and abandoning module MainFrame (252)
[2017.12.07-04.53.04:327][958]LogModuleManager: Shutting down and abandoning module HotReload (251)
[2017.12.07-04.53.04:328][958]LogModuleManager: Shutting down and abandoning module PhysXVehiclesEditor (246)
[2017.12.07-04.53.04:328][958]LogModuleManager: Shutting down and abandoning module PhysXVehicles (244)
[2017.12.07-04.53.04:328][958]LogModuleManager: Shutting down and abandoning module LocationServicesBPLibrary (242)
[2017.12.07-04.53.04:328][958]LogModuleManager: Shutting down and abandoning module ImmediatePhysicsEditor (240)
[2017.12.07-04.53.04:328][958]LogModuleManager: Shutting down and abandoning module ImmediatePhysics (238)
[2017.12.07-04.53.04:328][958]LogModuleManager: Shutting down and abandoning module UdpMessaging (236)
[2017.12.07-04.53.04:428][958]LogModuleManager: Shutting down and abandoning module TcpMessaging (234)
[2017.12.07-04.53.04:528][958]LogModuleManager: Shutting down and abandoning module GameplayTagsEditor (232)
[2017.12.07-04.53.04:528][958]LogModuleManager: Shutting down and abandoning module FacialAnimationEditor (230)
[2017.12.07-04.53.04:528][958]LogModuleManager: Shutting down and abandoning module FacialAnimation (228)
[2017.12.07-04.53.04:528][958]LogModuleManager: Shutting down and abandoning module AssetManagerEditor (226)
[2017.12.07-04.53.04:538][958]LogModuleManager: Shutting down and abandoning module GraphEditor (225)
[2017.12.07-04.53.04:566][958]LogModuleManager: Shutting down and abandoning module ContentBrowser (223)
[2017.12.07-04.53.04:567][958]LogModuleManager: Shutting down and abandoning module LightPropagationVolumeRuntime (220)
[2017.12.07-04.53.04:567][958]LogModuleManager: Shutting down and abandoning module Paper2D (218)
[2017.12.07-04.53.04:567][958]LogModuleManager: Shutting down and abandoning module WindowsMoviePlayer (216)
[2017.12.07-04.53.04:567][958]LogModuleManager: Shutting down and abandoning module WmfMedia (214)
[2017.12.07-04.53.04:567][958]LogModuleManager: Shutting down and abandoning module ClothingSystemEditor (212)
[2017.12.07-04.53.04:567][958]LogModuleManager: Shutting down and abandoning module ClothingSystemRuntime (210)
[2017.12.07-04.53.04:581][958]LogModuleManager: Shutting down and abandoning module MediaAssets (208)
[2017.12.07-04.53.04:581][958]LogModuleManager: Shutting down and abandoning module GameLiveStreaming (206)
[2017.12.07-04.53.04:581][958]LogModuleManager: Shutting down and abandoning module VREditor (204)
[2017.12.07-04.53.04:581][958]LogModuleManager: Shutting down and abandoning module StringTableEditor (202)
[2017.12.07-04.53.04:581][958]LogModuleManager: Shutting down and abandoning module GameplayTasksEditor (200)
[2017.12.07-04.53.04:581][958]LogModuleManager: Shutting down and abandoning module BehaviorTreeEditor (198)
[2017.12.07-04.53.04:594][958]LogModuleManager: Shutting down and abandoning module FunctionalTesting (196)
[2017.12.07-04.53.04:594][958]LogModuleManager: Shutting down and abandoning module CollisionAnalyzer (194)
[2017.12.07-04.53.04:608][958]LogModuleManager: Shutting down and abandoning module UMG (192)
[2017.12.07-04.53.04:621][958]LogModuleManager: Shutting down and abandoning module UMGEditor (191)
[2017.12.07-04.53.04:639][958]LogModuleManager: Shutting down and abandoning module Sequencer (190)
[2017.12.07-04.53.04:639][958]LogModuleManager: Shutting down and abandoning module AssetTools (188)
[2017.12.07-04.53.04:648][958]LogModuleManager: Shutting down and abandoning module MessageLog (187)
[2017.12.07-04.53.04:648][958]LogModuleManager: Shutting down and abandoning module WorkspaceMenuStructure (186)
[2017.12.07-04.53.04:648][958]LogModuleManager: Shutting down and abandoning module SlateReflector (180)
[2017.12.07-04.53.04:663][958]LogModuleManager: Shutting down and abandoning module Slate (178)
[2017.12.07-04.53.04:663][958]LogModuleManager: Shutting down and abandoning module EditorStyle (176)
[2017.12.07-04.53.04:664][958]LogModuleManager: Shutting down and abandoning module SourceCodeAccess (174)
[2017.12.07-04.53.04:664][958]LogModuleManager: Shutting down and abandoning module HeadMountedDisplay (172)
[2017.12.07-04.53.04:664][958]LogModuleManager: Shutting down and abandoning module XAudio2 (170)
[2017.12.07-04.53.04:664][958]LogModuleManager: Shutting down and abandoning module Networking (168)
[2017.12.07-04.53.04:664][958]LogModuleManager: Shutting down and abandoning module Core (164)
[2017.12.07-04.53.04:664][958]LogModuleManager: Shutting down and abandoning module AssetRegistry (162)
[2017.12.07-04.53.04:849][958]LogDirectoryWatcher: A directory notification for '../../../Engine/Content/' was aborted.
[2017.12.07-04.53.04:849][958]LogDirectoryWatcher: A directory notification for '../../../../../Lucy/Lucy/Climbing/Content/' was aborted.
[2017.12.07-04.53.04:849][958]LogDirectoryWatcher: A directory notification for '../../../Engine/Plugins/2D/Paper2D/Content/' was aborted.
[2017.12.07-04.53.04:849][958]LogDirectoryWatcher: A directory notification for '../../../Engine/Plugins/Runtime/GearVR/Content/' was aborted.
[2017.12.07-04.53.04:850][958]LogModuleManager: Shutting down and abandoning module DirectoryWatcher (161)
[2017.12.07-04.53.04:850][958]LogModuleManager: Shutting down and abandoning module KismetCompiler (158)
[2017.12.07-04.53.04:850][958]LogModuleManager: Shutting down and abandoning module PhysXFormats (156)
[2017.12.07-04.53.04:850][958]LogModuleManager: Shutting down and abandoning module MeshUtilities (154)
[2017.12.07-04.53.04:850][958]LogModuleManager: Shutting down and abandoning module SimplygonSwarm (153)
[2017.12.07-04.53.04:850][958]LogModuleManager: Shutting down and abandoning module SimplygonMeshReduction (151)
[2017.12.07-04.53.04:850][958]LogModuleManager: Shutting down and abandoning module QuadricMeshReduction (149)
[2017.12.07-04.53.04:850][958]LogModuleManager: Shutting down and abandoning module LevelSequence (146)
[2017.12.07-04.53.04:850][958]LogModuleManager: Shutting down and abandoning module DerivedDataCache (144)
[2017.12.07-04.53.04:917][958]LogDerivedDataCache: Shutdown
[2017.12.07-04.53.04:917][958]LogModuleManager: Shutting down and abandoning module TargetPlatform (142)
[2017.12.07-04.53.04:917][958]LogModuleManager: Shutting down and abandoning module VulkanShaderFormat (141)
[2017.12.07-04.53.04:917][958]LogModuleManager: Shutting down and abandoning module ShaderFormatVectorVM (139)
[2017.12.07-04.53.04:917][958]LogModuleManager: Shutting down and abandoning module ShaderFormatOpenGL (137)
[2017.12.07-04.53.04:917][958]LogModuleManager: Shutting down and abandoning module ShaderFormatD3D (135)
[2017.12.07-04.53.04:917][958]LogModuleManager: Shutting down and abandoning module MetalShaderFormat (133)
[2017.12.07-04.53.04:917][958]LogModuleManager: Shutting down and abandoning module TextureFormatUncompressed (131)
[2017.12.07-04.53.04:917][958]LogModuleManager: Shutting down and abandoning module TextureFormatPVR (129)
[2017.12.07-04.53.04:917][958]LogModuleManager: Shutting down and abandoning module TextureFormatDXT (127)
[2017.12.07-04.53.04:917][958]LogModuleManager: Shutting down and abandoning module TextureFormatIntelISPCTexComp (125)
[2017.12.07-04.53.04:917][958]LogModuleManager: Shutting down and abandoning module TextureFormatASTC (123)
[2017.12.07-04.53.04:917][958]LogModuleManager: Shutting down and abandoning module ImageWrapper (122)
[2017.12.07-04.53.04:917][958]LogModuleManager: Shutting down and abandoning module TextureFormatAndroid (119)
[2017.12.07-04.53.04:917][958]LogModuleManager: Shutting down and abandoning module AudioFormatOpus (117)
[2017.12.07-04.53.04:917][958]LogModuleManager: Shutting down and abandoning module AudioFormatOgg (115)
[2017.12.07-04.53.04:917][958]LogModuleManager: Shutting down and abandoning module AudioFormatADPCM (113)
[2017.12.07-04.53.04:917][958]LogModuleManager: Shutting down and abandoning module LinuxTargetPlatform (111)
[2017.12.07-04.53.04:917][958]LogModuleManager: Shutting down and abandoning module LinuxServerTargetPlatform (109)
[2017.12.07-04.53.04:917][958]LogModuleManager: Shutting down and abandoning module LinuxNoEditorTargetPlatform (107)
[2017.12.07-04.53.04:917][958]LogModuleManager: Shutting down and abandoning module LinuxClientTargetPlatform (105)
[2017.12.07-04.53.04:917][958]LogModuleManager: Shutting down and abandoning module TVOSTargetPlatform (103)
[2017.12.07-04.53.04:917][958]LogModuleManager: Shutting down and abandoning module Messaging (101)
[2017.12.07-04.53.04:917][958]LogModuleManager: Shutting down and abandoning module IOSTargetPlatform (99)
[2017.12.07-04.53.04:917][958]LogModuleManager: Shutting down and abandoning module HTML5TargetPlatform (97)
[2017.12.07-04.53.04:917][958]LogModuleManager: Shutting down and abandoning module Android_PVRTCTargetPlatform (95)
[2017.12.07-04.53.04:917][958]LogModuleManager: Shutting down and abandoning module Android_MultiTargetPlatform (93)
[2017.12.07-04.53.04:917][958]LogModuleManager: Shutting down and abandoning module Android_ETC2TargetPlatform (91)
[2017.12.07-04.53.04:917][958]LogModuleManager: Shutting down and abandoning module Android_ETC1TargetPlatform (89)
[2017.12.07-04.53.04:917][958]LogModuleManager: Shutting down and abandoning module Android_DXTTargetPlatform (87)
[2017.12.07-04.53.04:917][958]LogModuleManager: Shutting down and abandoning module Android_ATCTargetPlatform (85)
[2017.12.07-04.53.04:917][958]LogModuleManager: Shutting down and abandoning module Android_ASTCTargetPlatform (83)
[2017.12.07-04.53.04:917][958]LogModuleManager: Shutting down and abandoning module AndroidTargetPlatform (81)
[2017.12.07-04.53.04:917][958]LogModuleManager: Shutting down and abandoning module WindowsTargetPlatform (79)
[2017.12.07-04.53.04:917][958]LogModuleManager: Shutting down and abandoning module WindowsServerTargetPlatform (77)
[2017.12.07-04.53.04:917][958]LogModuleManager: Shutting down and abandoning module WindowsNoEditorTargetPlatform (75)
[2017.12.07-04.53.04:917][958]LogModuleManager: Shutting down and abandoning module WindowsClientTargetPlatform (73)
[2017.12.07-04.53.04:917][958]LogModuleManager: Shutting down and abandoning module MacTargetPlatform (71)
[2017.12.07-04.53.04:917][958]LogModuleManager: Shutting down and abandoning module MacServerTargetPlatform (69)
[2017.12.07-04.53.04:917][958]LogModuleManager: Shutting down and abandoning module MacNoEditorTargetPlatform (67)
[2017.12.07-04.53.04:917][958]LogModuleManager: Shutting down and abandoning module MacClientTargetPlatform (65)
[2017.12.07-04.53.04:917][958]LogModuleManager: Shutting down and abandoning module AllDesktopTargetPlatform (63)
[2017.12.07-04.53.04:917][958]LogModuleManager: Shutting down and abandoning module InputCore (60)
[2017.12.07-04.53.04:917][958]LogModuleManager: Shutting down and abandoning module Settings (58)
[2017.12.07-04.53.04:917][958]LogModuleManager: Shutting down and abandoning module OculusRift (56)
[2017.12.07-04.53.04:917][958]LogModuleManager: Shutting down and abandoning module GearVRController (54)
[2017.12.07-04.53.04:917][958]LogModuleManager: Shutting down and abandoning module GearVR (52)
[2017.12.07-04.53.04:917][958]LogModuleManager: Shutting down and abandoning module ExampleDeviceProfileSelector (50)
[2017.12.07-04.53.04:917][958]LogModuleManager: Shutting down and abandoning module OnlineBlueprintSupport (48)
[2017.12.07-04.53.04:917][958]LogModuleManager: Shutting down and abandoning module OnlineSubsystem (44)
[2017.12.07-04.53.04:917][958]LogOnline:Display: Unloading online subsystem: NULL
[2017.12.07-04.53.04:917][958]LogModuleManager: Shutting down and abandoning module XMPP (43)
[2017.12.07-04.53.04:929][958]LogModuleManager: Shutting down and abandoning module HTTP (41)
[2017.12.07-04.53.04:929][958]LogHttp:Display: Http module shutting down, but needs to wait on 1 outstanding Http requests:
[2017.12.07-04.53.04:929][958]LogHttp:Display: 	verb=[POST] url=[https://datarouter.ol.epicgames.com/datarouter/api/v1/public/data?SessionID=%7B10B5B2F1-4072-36F8-C8BE-73904B01B70D%7D&AppID=UEEditor.Rocket.Release&AppVersion=4.16.3-3561208%2B%2B%2BUE4%2BRelease-4.16&UserID=37455e184213eeac73424196fac0a9b5%7C8a243beec6d44cfdb529f95d9020becb%7Cea0c5f4a-54c2-4bf2-abf8-cbd62efac170&AppEnvironment=datacollector-binary&UploadType=eteventstream] status=Processing
[2017.12.07-04.53.04:960][958]LogModuleManager: Shutting down and abandoning module SSL (40)
[2017.12.07-04.53.04:961][958]LogModuleManager: Shutting down and abandoning module HTTPChunkInstaller (36)
[2017.12.07-04.53.04:961][958]LogModuleManager: Shutting down and abandoning module AnimationModifiers (34)
[2017.12.07-04.53.04:961][958]LogModuleManager: Shutting down and abandoning module PropertyEditor (33)
[2017.12.07-04.53.04:961][958]LogModuleManager: Shutting down and abandoning module AudioEditor (30)
[2017.12.07-04.53.04:991][958]LogModuleManager: Shutting down and abandoning module TextureCompressor (28)
[2017.12.07-04.53.04:991][958]LogModuleManager: Shutting down and abandoning module ShaderCore (26)
[2017.12.07-04.53.04:991][958]LogModuleManager: Shutting down and abandoning module Landscape (24)
[2017.12.07-04.53.04:991][958]LogModuleManager: Shutting down and abandoning module SlateRHIRenderer (22)
[2017.12.07-04.53.05:000][958]LogModuleManager: Shutting down and abandoning module OpenGLDrv (20)
[2017.12.07-04.53.05:037][958]LogModuleManager: Shutting down and abandoning module D3D11RHI (18)
[2017.12.07-04.53.05:037][958]LogModuleManager: Shutting down and abandoning module AnimGraphRuntime (16)
[2017.12.07-04.53.05:037][958]LogModuleManager: Shutting down and abandoning module Renderer (14)
[2017.12.07-04.53.05:037][958]LogModuleManager: Shutting down and abandoning module Engine (12)
[2017.12.07-04.53.05:037][958]LogModuleManager: Shutting down and abandoning module CoreUObject (10)
[2017.12.07-04.53.05:037][958]LogModuleManager: Shutting down and abandoning module NetworkFile (8)
[2017.12.07-04.53.05:037][958]LogModuleManager: Shutting down and abandoning module StreamingFile (6)
[2017.12.07-04.53.05:037][958]LogModuleManager: Shutting down and abandoning module SandboxFile (4)
[2017.12.07-04.53.05:037][958]LogModuleManager: Shutting down and abandoning module PakFile (2)
[2017.12.07-04.53.05:038][958]LogExit: Exiting.
[2017.12.07-04.53.05:053][958]Log file closed, 12/07/17 15:53:05
