Log file open, 08/22/17 17:40:50
LogInit:Display: Running engine for game: Lucy
LogPlatformFile: Not using cached read wrapper
LogInit:Display: RandInit(-1168416128) SRandInit(-1168416127).
LogTaskGraph: Started task graph with 5 named threads and 6 total threads with 1 sets of task threads.
LogStats: Stats thread started at 0.604677
LogInit: Using libcurl 7.47.1
LogInit:  - built for x86_64-pc-win32
LogInit:  - supports SSL with OpenSSL/1.0.2g
LogInit:  - supports HTTP deflate (compression) using libz 1.2.8
LogInit:  - other features:
LogInit:      CURL_VERSION_SSL
LogInit:      CURL_VERSION_LIBZ
LogInit:      CURL_VERSION_IPV6
LogInit:      CURL_VERSION_ASYNCHDNS
LogInit:      CURL_VERSION_LARGEFILE
LogInit:      CURL_VERSION_IDN
LogInit:  CurlRequestOptions (configurable via config and command line):
LogInit:  - bVerifyPeer = false  - Libcurl will NOT verify peer certificate
LogInit:  - bUseHttpProxy = false  - Libcurl will NOT use HTTP proxy
LogInit:  - bDontReuseConnections = false  - Libcurl will reuse connections
LogInit:  - CertBundlePath = nullptr  - Libcurl will use whatever was configured at build time.
LogInit: Build: ++UE4+Release-4.16-CL-3514769
LogInit: Engine Version: 4.16.2-3514769+++UE4+Release-4.16
LogInit: Compatible Engine Version: 4.16.0-3452394+++UE4+Release-4.16
LogInit: Net CL: 3452394
LogDevObjectVersion: Number of dev versions registered: 16
LogDevObjectVersion:   Dev-Blueprints (B0D832E4-1F89-4F0D-ACCF-7EB736FD4AA2): 9
LogDevObjectVersion:   Dev-Build (E1C64328-A22C-4D53-A36C-8E866417BD8C): 0
LogDevObjectVersion:   Dev-Core (375EC13C-06E4-48FB-B500-84F0262A717E): 2
LogDevObjectVersion:   Dev-Editor (E4B068ED-F494-42E9-A231-DA0B2E46BB41): 17
LogDevObjectVersion:   Dev-Framework (CFFC743F-43B0-4480-9391-14DF171D2073): 23
LogDevObjectVersion:   Dev-Mobile (B02B49B5-BB20-44E9-A304-32B752E40360): 0
LogDevObjectVersion:   Dev-Networking (A4E4105C-59A1-49B5-A7C5-40C4547EDFEE): 0
LogDevObjectVersion:   Dev-Online (39C831C9-5AE6-47DC-9A44-9C173E1C8E7C): 0
LogDevObjectVersion:   Dev-Physics (78F01B33-EBEA-4F98-B9B4-84EACCB95AA2): 0
LogDevObjectVersion:   Dev-Platform (6631380F-2D4D-43E0-8009-CF276956A95A): 0
LogDevObjectVersion:   Dev-Rendering (12F88B9F-8875-4AFC-A67C-D90C383ABD29): 15
LogDevObjectVersion:   Dev-Sequencer (7B5AE74C-D270-4C10-A958-57980B212A5A): 4
LogDevObjectVersion:   Dev-VR (D7296918-1DD6-4BDD-9DE2-64A83CC13884): 0
LogDevObjectVersion:   Dev-LoadTimes (C2A15278-BFE7-4AFE-6C17-90FF531DF755): 1
LogDevObjectVersion:   Private-Geometry (6EACA3D4-40EC-4CC1-B786-8BED09428FC5): 1
LogDevObjectVersion:   Dev-AnimPhys (29E575DD-E0A3-4627-9D10-D276232CDCEA): 3
LogInit: Compiled (64-bit): Jun 29 2017 02:03:24
LogInit: Compiled with Visual C++: 19.00.24215.01
LogInit: Build Configuration: Development
LogInit: Branch Name: ++UE4+Release-4.16
LogInit: Command line:  
LogInit: Base directory: C:/Program Files/Epic Games/UE_4.16/Engine/Binaries/Win64/
LogInit: Installed Engine Build: 1
LogInit: Presizing for max 8388607 objects, including 0 objects not considered by GC, pre-allocating 0 bytes for permanent pool.
LogInit: Object subsystem initialized
[2017.08.22-07.40.51:236][  0]LogInit: Selected Device Profile: [Windows]
[2017.08.22-07.40.51:236][  0]LogInit: Applying CVar settings loaded from the selected device profile: [Windows]
[2017.08.22-07.40.51:262][  0]LogInit: Computer: SURFACED-WHALE-
[2017.08.22-07.40.51:262][  0]LogInit: User: WeilonYing
[2017.08.22-07.40.51:262][  0]LogInit: CPU Page size=4096, Cores=2
[2017.08.22-07.40.51:262][  0]LogInit: High frequency timer resolution =2.742191 MHz
[2017.08.22-07.40.51:263][  0]LogMemory: Memory total: Physical=15.9GB (16GB approx)
[2017.08.22-07.40.51:263][  0]LogMemory: Platform Memory Stats for Windows
[2017.08.22-07.40.51:263][  0]LogMemory: Process Physical Memory: 272.03 MB used, 272.03 MB peak
[2017.08.22-07.40.51:263][  0]LogMemory: Process Virtual Memory: 258.52 MB used, 258.52 MB peak
[2017.08.22-07.40.51:263][  0]LogMemory: Physical Memory: 6878.11 MB used,  9432.02 MB free, 16310.13 MB total
[2017.08.22-07.40.51:263][  0]LogMemory: Virtual Memory: 634.24 MB used,  9432.02 MB free, 134217728.00 MB total
[2017.08.22-07.40.52:426][  0]LogInit: Using OS detected language (en-GB).
[2017.08.22-07.40.52:426][  0]LogInit: Using OS detected locale (en-AU).
[2017.08.22-07.40.52:486][  0]LogTextLocalizationManager: No specific localization for 'en-GB' exists, so the 'en' localization will be used.
[2017.08.22-07.40.55:704][  0]LogD3D11RHI: D3D11 adapters:
[2017.08.22-07.40.57:047][  0]LogD3D11RHI:    0. 'NVIDIA GeForce GTX 965M' (Feature Level 11_0)
[2017.08.22-07.40.57:047][  0]LogD3D11RHI:       2019/0/8155 MB DedicatedVideo/DedicatedSystem/SharedSystem, Outputs:1, VendorId:0x10de
[2017.08.22-07.40.57:088][  0]LogD3D11RHI:    1. 'Intel(R) HD Graphics 520' (Feature Level 11_0)
[2017.08.22-07.40.57:088][  0]LogD3D11RHI:       128/0/8155 MB DedicatedVideo/DedicatedSystem/SharedSystem, Outputs:0, VendorId:0x8086
[2017.08.22-07.40.57:089][  0]LogD3D11RHI:    2. 'Microsoft Basic Render Driver' (Feature Level 11_0)
[2017.08.22-07.40.57:089][  0]LogD3D11RHI:       0/0/8155 MB DedicatedVideo/DedicatedSystem/SharedSystem, Outputs:0, VendorId:0x1414
[2017.08.22-07.40.57:089][  0]LogD3D11RHI: Chosen D3D11 Adapter: 0
[2017.08.22-07.40.57:100][  0]LogD3D11RHI: Creating new Direct3DDevice
[2017.08.22-07.40.57:100][  0]LogD3D11RHI:     GPU DeviceId: 0x1427 (for the marketing name, search the web for "GPU Device Id")
[2017.08.22-07.40.57:100][  0]LogWindows: EnumDisplayDevices:
[2017.08.22-07.40.57:100][  0]LogWindows:    0. 'Intel(R) HD Graphics 520' (P:1 D:1)
[2017.08.22-07.40.57:100][  0]LogWindows:    1. 'Intel(R) HD Graphics 520' (P:0 D:0)
[2017.08.22-07.40.57:100][  0]LogWindows:    2. 'Intel(R) HD Graphics 520' (P:0 D:0)
[2017.08.22-07.40.57:100][  0]LogWindows: DebugString: PrimaryIsNotTheChoosenAdapter PrimaryIsNotTheChoosenAdapter PrimaryIsNotTheChoosenAdapter FoundDriverCount:0 
[2017.08.22-07.40.57:100][  0]LogD3D11RHI:     Adapter Name: NVIDIA GeForce GTX 965M
[2017.08.22-07.40.57:100][  0]LogD3D11RHI:   Driver Version: Unknown (internal:Unknown, unified:Unknown)
[2017.08.22-07.40.57:100][  0]LogD3D11RHI:      Driver Date: Unknown
[2017.08.22-07.40.57:100][  0]LogRHI: Texture pool is 1361 MB (70% of 1945 MB)
[2017.08.22-07.40.57:127][  0]LogD3D11RHI: Async texture creation enabled
[2017.08.22-07.40.57:165][  0]LogD3D11RHI: GPU Timing Frequency: 1000.000000 (Debug: 2 2)
[2017.08.22-07.40.57:174][  0]LogShaderCompilers: Guid format shader working directory is -19 characters bigger than the processId version (../../../../../../Users/Weilon Ying/Documents/Unreal Projects/Lucy/Lucy/Intermediate/Shaders/WorkingDirectory/4192/).
[2017.08.22-07.40.57:175][  0]LogShaderCompilers: Cleaned the shader compiler working directory 'C:/Users/Weilon Ying/AppData/Local/Temp/UnrealShaderWorkingDir/53701377489F6E4CD57A96824F9B1A77/'.
[2017.08.22-07.40.57:176][  0]LogShaderCompilers:Display: Using Local Shader Compiler.
[2017.08.22-07.40.59:322][  0]LogTemp:Display: Loaded TP AllDesktopTargetPlatform
[2017.08.22-07.40.59:368][  0]LogTemp:Display: Loaded TP MacClientTargetPlatform
[2017.08.22-07.40.59:414][  0]LogTemp:Display: Loaded TP MacNoEditorTargetPlatform
[2017.08.22-07.40.59:459][  0]LogTemp:Display: Loaded TP MacServerTargetPlatform
[2017.08.22-07.40.59:512][  0]LogTemp:Display: Loaded TP MacTargetPlatform
[2017.08.22-07.40.59:558][  0]LogTemp:Display: Loaded TP WindowsClientTargetPlatform
[2017.08.22-07.40.59:605][  0]LogTemp:Display: Loaded TP WindowsNoEditorTargetPlatform
[2017.08.22-07.40.59:652][  0]LogTemp:Display: Loaded TP WindowsServerTargetPlatform
[2017.08.22-07.40.59:694][  0]LogTemp:Display: Loaded TP WindowsTargetPlatform
[2017.08.22-07.40.59:743][  0]LogTemp:Display: Loaded TP AndroidTargetPlatform
[2017.08.22-07.40.59:790][  0]LogTemp:Display: Loaded TP Android_ASTCTargetPlatform
[2017.08.22-07.40.59:836][  0]LogTemp:Display: Loaded TP Android_ATCTargetPlatform
[2017.08.22-07.40.59:936][  0]LogTemp:Display: Loaded TP Android_DXTTargetPlatform
[2017.08.22-07.40.59:982][  0]LogTemp:Display: Loaded TP Android_ETC1TargetPlatform
[2017.08.22-07.41.00:033][  0]LogTemp:Display: Loaded TP Android_ETC2TargetPlatform
[2017.08.22-07.41.00:127][  0]LogTemp:Display: Loaded TP Android_MultiTargetPlatform
[2017.08.22-07.41.00:127][  0]LogTemp:Display: Loaded TP Android_PVRTCTargetPlatform
[2017.08.22-07.41.00:163][  0]LogTemp:Display: Loaded TP HTML5TargetPlatform
[2017.08.22-07.41.00:261][  0]LogTemp:Display: Loaded TP IOSTargetPlatform
[2017.08.22-07.41.00:302][  0]LogTemp:Display: Loaded TP TVOSTargetPlatform
[2017.08.22-07.41.00:349][  0]LogTemp:Display: Loaded TP LinuxClientTargetPlatform
[2017.08.22-07.41.00:398][  0]LogTemp:Display: Loaded TP LinuxNoEditorTargetPlatform
[2017.08.22-07.41.00:443][  0]LogTemp:Display: Loaded TP LinuxServerTargetPlatform
[2017.08.22-07.41.00:494][  0]LogTemp:Display: Loaded TP LinuxTargetPlatform
[2017.08.22-07.41.00:494][  0]LogTargetPlatformManager:Display: Building Assets For Windows
[2017.08.22-07.41.01:125][  0]LogDerivedDataCache:Display: Max Cache Size: 512 MB
[2017.08.22-07.41.01:372][  0]LogDerivedDataCache: Loaded boot cache 0.25s 90MB C:/Users/Weilon Ying/AppData/Local/UnrealEngine/4.16/DerivedDataCache/Boot.ddc.
[2017.08.22-07.41.01:372][  0]LogDerivedDataCache:Display: Loaded Boot cache: C:/Users/Weilon Ying/AppData/Local/UnrealEngine/4.16/DerivedDataCache/Boot.ddc
[2017.08.22-07.41.01:372][  0]LogDerivedDataCache: FDerivedDataBackendGraph:  Pak pak cache file ../../../../../../Users/Weilon Ying/Documents/Unreal Projects/Lucy/Lucy/DerivedDataCache/DDC.ddp not found, will not use a pak cache.
[2017.08.22-07.41.01:372][  0]LogDerivedDataCache: Unable to find inner node Pak for hierarchical cache Hierarchy.
[2017.08.22-07.41.01:372][  0]LogDerivedDataCache: FDerivedDataBackendGraph:  CompressedPak pak cache file ../../../../../../Users/Weilon Ying/Documents/Unreal Projects/Lucy/Lucy/DerivedDataCache/Compressed.ddp not found, will not use a pak cache.
[2017.08.22-07.41.01:372][  0]LogDerivedDataCache: Unable to find inner node CompressedPak for hierarchical cache Hierarchy.
[2017.08.22-07.41.01:398][  0]LogDerivedDataCache:Display: Pak cache opened for reading ../../../Engine/DerivedDataCache/Compressed.ddp.
[2017.08.22-07.41.01:411][  0]LogDerivedDataCache: Using Local data cache path C:/Users/Weilon Ying/AppData/Local/UnrealEngine/Common/DerivedDataCache: Writable
[2017.08.22-07.41.01:427][  0]LogMaterial: Verifying Global Shaders for PCD3D_SM5
[2017.08.22-07.41.01:437][  0]LogSlate: Using Freetype 2.6.0
[2017.08.22-07.41.01:457][  0]LogSlate: SlateFontCache - WITH_FREETYPE: 1, WITH_HARFBUZZ: 1
[2017.08.22-07.41.01:457][  0]LogSlate: SlateFontCache - WITH_FREETYPE: 1, WITH_HARFBUZZ: 1
[2017.08.22-07.41.02:720][  0]LogInit: Selected Device Profile: [Windows]
[2017.08.22-07.41.02:988][  0]LogContentStreaming: Texture pool size is 0.00 MB
[2017.08.22-07.41.03:237][  0]LogMeshUtilities: Using QuadricMeshReduction for automatic static mesh reduction
[2017.08.22-07.41.03:294][  0]LogSimplygon: Simplygon DLL not present - disabling.
[2017.08.22-07.41.03:342][  0]LogMeshUtilities: Using SimplygonSwarm for distributed automatic mesh merging
[2017.08.22-07.41.03:342][  0]LogMeshUtilities: No automatic skeletal mesh reduction module available
[2017.08.22-07.41.03:342][  0]LogMeshUtilities: No automatic mesh merging module available
[2017.08.22-07.41.04:988][  0]LogNetVersion: Lucy , NetCL: 3452394, EngineNetVer: 2, GameNetVer: 0 (Checksum: 3432496989)
[2017.08.22-07.41.05:116][  0]LogAssetRegistry: FAssetRegistry took 0.0309 seconds to start up
[2017.08.22-07.41.05:196][  0]LogPackageLocalizationCache: Processed 4 localized package path(s) for 2 prioritized culture(s) in 0.049222 seconds
[2017.08.22-07.41.05:203][  0]LogUObjectArray: 34194 objects as part of root set at end of initial load.
[2017.08.22-07.41.05:203][  0]LogUObjectAllocator: 7260424 out of 0 bytes used by permanent object pool.
[2017.08.22-07.41.05:203][  0]LogUObjectArray: CloseDisregardForGC: 0/0 objects in disregard for GC pool
[2017.08.22-07.41.05:272][  0]LogInit: WinSock: version 1.1 (2.2), MaxSocks=32767, MaxUdp=65467
[2017.08.22-07.41.10:642][  0]LogTcpMessaging: Initializing TcpMessaging bridge
[2017.08.22-07.41.10:689][  0]LogUdpMessaging: Initializing bridge on interface 0.0.0.0:0 to multicast group 230.0.0.1:6666.
[2017.08.22-07.41.11:341][  0]LogMaterial: Uniform references updated for custom material expression Custom.
[2017.08.22-07.41.11:786][  0]SourceControl: Info Source control is disabled
[2017.08.22-07.41.11:787][  0]SourceControl: Info Source control is disabled
[2017.08.22-07.41.11:846][  0]SourceControl: Info Source control is disabled
[2017.08.22-07.41.11:897][  0]SourceControl: Info Source control is disabled
[2017.08.22-07.41.12:680][  0]LogAndroidPermission: UAndroidPermissionCallbackProxy::GetInstance
[2017.08.22-07.41.13:318][  0]LogEngine: Initializing Engine...
[2017.08.22-07.41.13:322][  0]LogHMD: Failed to initialize OpenVR with code 110
[2017.08.22-07.41.13:547][  0]LogStats: UGameplayTagsManager::ConstructGameplayTagTree: Construct from data asset -  0.000 s
[2017.08.22-07.41.13:548][  0]LogStats: UGameplayTagsManager::ConstructGameplayTagTree: GameplayTagTreeChangedEvent.Broadcast -  0.000 s
[2017.08.22-07.41.13:739][  0]LogAIModule: Creating AISystem for world Untitled
[2017.08.22-07.41.13:781][  0]LogInit: XAudio2 using 'Headphones (Realtek High Definition Audio(SST))' : 2 channels at 48 kHz using 32 bits per sample (channel mask 0x3)
[2017.08.22-07.41.14:434][  0]LogInit: FAudioDevice initialized.
[2017.08.22-07.41.14:475][  0]LogDerivedDataCache: Saved boot cache 0.04s 90MB C:/Users/Weilon Ying/AppData/Local/UnrealEngine/4.16/DerivedDataCache/Boot.ddc.
[2017.08.22-07.41.14:490][  0]LogInit: Texture streaming: Enabled
[2017.08.22-07.41.14:592][  0]LogEngineSessionManager: EngineSessionManager initialized
[2017.08.22-07.41.14:865][  0]LogWindowsTextInputMethodSystem:Display: IME system now deactivated.
[2017.08.22-07.41.14:865][  0]LogWindowsTextInputMethodSystem:Display: IME system now deactivated.
[2017.08.22-07.41.14:921][  0]LogInit: Transaction tracking system initialized
[2017.08.22-07.41.15:335][  0]BlueprintLog: New page: Editor Load
[2017.08.22-07.41.16:498][  0]LocalizationService: Info Localization service is disabled
[2017.08.22-07.41.17:316][  0]LogConsoleResponse:Display: 
[2017.08.22-07.41.17:543][  0]LogCook:Display: Max memory allowance for cook 16384mb min free memory 0mb
[2017.08.22-07.41.17:543][  0]LogCook:Display: Mobile HDR setting 1
[2017.08.22-07.41.18:270][  0]LogFileCache: Scanning file cache for directory 'C:/Users/Weilon Ying/Documents/Unreal Projects/Lucy/Lucy/Content/' took 0.02s
[2017.08.22-07.41.18:874][  0]SourceControl: Info Source control is disabled
[2017.08.22-07.41.18:876][  0]Cmd: MAP LOAD FILE="../../../../../../Users/Weilon Ying/Documents/Unreal Projects/Lucy/Lucy/Content/SideScrollerBP/Maps/SideScrollerExampleMap.umap" TEMPLATE=0 SHOWPROGRESS=1 FEATURELEVEL=3
[2017.08.22-07.41.18:877][  0]LightingResults: New page: Lighting Build
[2017.08.22-07.41.18:938][  0]MapCheck: New page: Map Check
[2017.08.22-07.41.18:938][  0]LightingResults: New page: Lighting Build
[2017.08.22-07.41.19:508][  0]LogLinker:Warning: Can't find file '/Game/SideScrollerBP/Maps/SideScrollerExampleMap_BuiltData'
[2017.08.22-07.41.19:508][  0]LogLinker:Warning: Can't find file for asset '/Game/SideScrollerBP/Maps/SideScrollerExampleMap_BuiltData' while loading ../../../../../../Users/Weilon Ying/Documents/Unreal Projects/Lucy/Lucy/Content/SideScrollerBP/Maps/SideScrollerExampleMap.umap.
[2017.08.22-07.41.19:508][  0]LoadErrors:Error: Error /Game/SideScrollerBP/Maps/SideScrollerExampleMap : Can't find file for asset. /Game/SideScrollerBP/Maps/SideScrollerExampleMap_BuiltData
[2017.08.22-07.41.19:515][  0]LogLinker:Warning: Can't find file '/Game/SideScrollerBP/Maps/SideScrollerExampleMap_BuiltData'
[2017.08.22-07.41.19:515][  0]LogLinker:Warning: Can't find file for asset '/Game/SideScrollerBP/Maps/SideScrollerExampleMap_BuiltData' while loading ../../../../../../Users/Weilon Ying/Documents/Unreal Projects/Lucy/Lucy/Content/SideScrollerBP/Maps/SideScrollerExampleMap.umap.
[2017.08.22-07.41.19:515][  0]LoadErrors:Error: Error /Game/SideScrollerBP/Maps/SideScrollerExampleMap : Can't find file for asset. /Game/SideScrollerBP/Maps/SideScrollerExampleMap_BuiltData
[2017.08.22-07.41.19:519][  0]LogLinker:Warning: Can't find file '/Game/SideScrollerBP/Maps/SideScrollerExampleMap_BuiltData'
[2017.08.22-07.41.19:519][  0]LogLinker:Warning: Can't find file for asset '/Game/SideScrollerBP/Maps/SideScrollerExampleMap_BuiltData' while loading NULL.
[2017.08.22-07.41.19:519][  0]LogLinker:Warning: Can't find file '/Game/SideScrollerBP/Maps/SideScrollerExampleMap_BuiltData'
[2017.08.22-07.41.19:519][  0]LogLinker:Warning: Can't find file for asset '/Game/SideScrollerBP/Maps/SideScrollerExampleMap_BuiltData' while loading NULL.
[2017.08.22-07.41.19:540][  0]LogLinker:Warning: Can't find file '/Game/SideScrollerBP/Maps/SideScrollerExampleMap_BuiltData'
[2017.08.22-07.41.19:540][  0]LoadErrors: Info Failed to load /Game/SideScrollerBP/Maps/SideScrollerExampleMap_BuiltData.SideScrollerExampleMap_BuiltData Referenced by PersistentLevel
[2017.08.22-07.41.19:540][  0]LogLinker:Warning: Can't find file for asset '/Game/SideScrollerBP/Maps/SideScrollerExampleMap_BuiltData' while loading NULL.
[2017.08.22-07.41.19:540][  0]LoadErrors: Info Failed to load /Game/SideScrollerBP/Maps/SideScrollerExampleMap_BuiltData.SideScrollerExampleMap_BuiltData Referenced by PersistentLevel
[2017.08.22-07.41.19:868][  0]LogAIModule: Creating AISystem for world SideScrollerExampleMap
[2017.08.22-07.41.19:926][  0]LogEditorServer: Finished looking for orphan Actors (0.000 secs)
[2017.08.22-07.41.19:971][  0]Cmd: MAP CHECKDEP NOCLEARLOG
[2017.08.22-07.41.20:030][  0]MapCheck: Info Map check complete: 0 Error(s), 0 Warning(s), took 57.615ms to complete.
[2017.08.22-07.41.20:030][  0]LogFileHelpers: Loading map 'SideScrollerExampleMap' took 1.155
[2017.08.22-07.41.20:338][  0]LogCollectionManager: Loaded 0 collections in 0.001683 seconds
[2017.08.22-07.41.20:445][  0]LogFileCache: Scanning file cache for directory 'C:/Users/Weilon Ying/Documents/Unreal Projects/Lucy/Lucy/Saved/Collections/' took 0.01s
[2017.08.22-07.41.20:445][  0]LogFileCache: Scanning file cache for directory 'C:/Users/Weilon Ying/Documents/Unreal Projects/Lucy/Lucy/Content/Developers/WeilonYing/Collections/' took 0.01s
[2017.08.22-07.41.20:445][  0]LogFileCache: Scanning file cache for directory 'C:/Users/Weilon Ying/Documents/Unreal Projects/Lucy/Lucy/Content/Collections/' took 0.01s
[2017.08.22-07.41.20:445][  0]LogCollectionManager: Rebuilt the GUID cache for 0 collections in 0.000003 seconds
[2017.08.22-07.41.20:460][  0]LogContentBrowser: Native class hierarchy populated in 0.0116 seconds. Added 2329 classes and 491 folders.
[2017.08.22-07.41.20:549][  0]LogContentBrowser: Native class hierarchy updated for 'WidgetCarousel' in 0.0008 seconds. Added 0 classes and 0 folders.
[2017.08.22-07.41.20:935][  0]LogContentBrowser: Native class hierarchy updated for 'AddContentDialog' in 0.0009 seconds. Added 0 classes and 0 folders.
[2017.08.22-07.41.21:007][  0]LogContentBrowser: Native class hierarchy updated for 'SceneOutliner' in 0.0006 seconds. Added 1 classes and 2 folders.
[2017.08.22-07.41.21:108][  0]LogCrashTracker: Crashtracker disabled due to settings.
[2017.08.22-07.41.21:140][  0]LogSlate: Took 0.006029 seconds to synchronously load lazily loaded font '../../../Engine/Content/Slate/Fonts/Roboto-Regular.ttf' (155K)
[2017.08.22-07.41.21:153][  0]LogSlate: Took 0.008757 seconds to synchronously load lazily loaded font '../../../Engine/Content/Slate/Fonts/Roboto-Bold.ttf' (160K)
[2017.08.22-07.41.21:177][  0]LogSlate: Took 0.008866 seconds to synchronously load lazily loaded font '../../../Engine/Content/Editor/Slate/Fonts/FontAwesome.ttf' (139K)
[2017.08.22-07.41.21:355][  0]LogRenderer: Reallocating scene render targets to support 752x524 NumSamples 1 (Frame:1).
[2017.08.22-07.41.21:633][  0]LogUObjectGlobals:Warning: Failed to find object 'Class None.'
[2017.08.22-07.41.21:709][  0]LogContentBrowser: Native class hierarchy updated for 'HierarchicalLODOutliner' in 0.0006 seconds. Added 1 classes and 2 folders.
[2017.08.22-07.41.21:709][  0]LogLoad: (Engine Initialization) Total time: 33.69 seconds
[2017.08.22-07.41.21:709][  0]LogLoad: (Engine Initialization) Total Blueprint compile time: 0.38 seconds
[2017.08.22-07.41.21:709][  0]LogExternalProfiler: No external profilers were discovered.  External profiling features will not be available.
[2017.08.22-07.41.21:724][  0]LogOcInput: OculusInput pre-init called
[2017.08.22-07.41.21:725][  0]LogHMD: Starting GearVRController plugin
[2017.08.22-07.41.21:771][  0]LogContentStreaming: Texture pool size now 1000 MB
[2017.08.22-07.41.21:886][  0]LogSlate: Took 0.006832 seconds to synchronously load lazily loaded font '../../../Engine/Content/Slate/Fonts/Roboto-Light.ttf' (159K)
[2017.08.22-07.41.21:913][  1]LogFileCache: Retrieving MD5 hashes for directory 'C:/Users/Weilon Ying/Documents/Unreal Projects/Lucy/Lucy/Content/' took 0.17s
[2017.08.22-07.41.22:002][  2]LogAssetRegistry: Asset discovery search completed in 16.9087 seconds
[2017.08.22-07.41.22:006][  2]LogCollectionManager: Rebuilt the object cache for 0 collections in 0.000001 seconds (found 0 objects)
[2017.08.22-07.41.22:006][  2]LogCollectionManager: Fixed up redirectors for 0 collections in 0.001043 seconds (updated 0 objects)
[2017.08.22-07.41.43:245][ 49]LogStreaming:Warning: Failed to open ANSI TEXT file C:/Users/Weilon Ying/Documents/Unreal Projects/Lucy/Lucy/Saved/HardwareSurvey/dxdiag.txt
[2017.08.22-07.41.43:293][ 50]LogSynthBenchmark:Display: FSynthBenchmark (V0.95):  requested WorkScale=5.00
[2017.08.22-07.41.43:293][ 50]LogSynthBenchmark:Display: ===============
[2017.08.22-07.41.43:293][ 50]LogSynthBenchmark:Display: Main Processor:
[2017.08.22-07.41.43:510][ 50]LogSynthBenchmark:Display:          ... 0.022661 s/Run 'RayIntersect'
[2017.08.22-07.41.43:510][ 50]LogSynthBenchmark:Display:          ... 0.020872 s/Run 'Fractal'
[2017.08.22-07.41.43:510][ 50]LogSynthBenchmark:Display: 
[2017.08.22-07.41.43:510][ 50]LogSynthBenchmark:Display:   CompiledTarget_x_Bits: 64
[2017.08.22-07.41.43:510][ 50]LogSynthBenchmark:Display:   UE_BUILD_SHIPPING: 0
[2017.08.22-07.41.43:510][ 50]LogSynthBenchmark:Display:   UE_BUILD_TEST: 0
[2017.08.22-07.41.43:510][ 50]LogSynthBenchmark:Display:   UE_BUILD_DEBUG: 0
[2017.08.22-07.41.43:510][ 50]LogSynthBenchmark:Display:   TotalPhysicalGBRam: 16
[2017.08.22-07.41.43:510][ 50]LogSynthBenchmark:Display:   NumberOfCores (physical): 2
[2017.08.22-07.41.43:510][ 50]LogSynthBenchmark:Display:   NumberOfCores (logical): 4
[2017.08.22-07.41.43:510][ 50]LogSynthBenchmark:Display:   CPU Perf Index 0: 113.0 (weight 1.00)
[2017.08.22-07.41.43:510][ 50]LogSynthBenchmark:Display:   CPU Perf Index 1: 137.0 (weight 1.50)
[2017.08.22-07.41.43:510][ 50]LogSynthBenchmark:Display:  
[2017.08.22-07.41.43:510][ 50]LogSynthBenchmark:Display: Graphics:
[2017.08.22-07.41.43:510][ 50]LogSynthBenchmark:Display:   Adapter Name: 'NVIDIA GeForce GTX 965M'
[2017.08.22-07.41.43:510][ 50]LogSynthBenchmark:Display:   (On Optimus the name might be wrong, memory should be ok)
[2017.08.22-07.41.43:510][ 50]LogSynthBenchmark:Display:   Vendor Id: 0x10DE
[2017.08.22-07.41.43:510][ 50]LogSynthBenchmark:Display:   Device Id: 0x1427
[2017.08.22-07.41.43:510][ 50]LogSynthBenchmark:Display:   Device Revision: 0xA1
[2017.08.22-07.41.43:510][ 50]LogSynthBenchmark:Display:   GPU Memory: 2020/0/8156 MB
[2017.08.22-07.41.43:722][ 50]LogSynthBenchmark:Display:   GPU first test: 0.07s
[2017.08.22-07.41.43:722][ 50]LogSynthBenchmark:Display:          ... 3.294 s/GigaPix, Confidence=100% 'ALUHeavyNoise' (likely to be very inaccurate)
[2017.08.22-07.41.43:722][ 50]LogSynthBenchmark:Display:          ... 3.094 s/GigaPix, Confidence=100% 'TexHeavy' (likely to be very inaccurate)
[2017.08.22-07.41.43:722][ 50]LogSynthBenchmark:Display:          ... 2.575 s/GigaPix, Confidence=100% 'DepTexHeavy' (likely to be very inaccurate)
[2017.08.22-07.41.43:722][ 50]LogSynthBenchmark:Display:          ... 13.346 s/GigaPix, Confidence=89% 'FillOnly' (likely to be very inaccurate)
[2017.08.22-07.41.43:722][ 50]LogSynthBenchmark:Display:          ... 0.406 s/GigaPix, Confidence=100% 'Bandwidth' (likely to be very inaccurate)
[2017.08.22-07.41.43:722][ 50]LogSynthBenchmark:Display:          ... 2.018 s/GigaVert, Confidence=89% 'VertThroughPut1' (likely to be very inaccurate)
[2017.08.22-07.41.43:722][ 50]LogSynthBenchmark:Display:          ... 2.575 s/GigaVert, Confidence=100% 'VertThroughPut2' (likely to be very inaccurate)
[2017.08.22-07.41.44:012][ 50]LogSynthBenchmark:Display:   GPU second test: 0.23s
[2017.08.22-07.41.44:012][ 50]LogSynthBenchmark:Display:          ... 4.538 s/GigaPix, Confidence=100% 'ALUHeavyNoise' (likely to be inaccurate)
[2017.08.22-07.41.44:012][ 50]LogSynthBenchmark:Display:          ... 3.544 s/GigaPix, Confidence=100% 'TexHeavy' (likely to be inaccurate)
[2017.08.22-07.41.44:012][ 50]LogSynthBenchmark:Display:          ... 3.297 s/GigaPix, Confidence=100% 'DepTexHeavy' (likely to be inaccurate)
[2017.08.22-07.41.44:012][ 50]LogSynthBenchmark:Display:          ... 15.374 s/GigaPix, Confidence=100% 'FillOnly' (likely to be inaccurate)
[2017.08.22-07.41.44:012][ 50]LogSynthBenchmark:Display:          ... 0.455 s/GigaPix, Confidence=100% 'Bandwidth' (likely to be inaccurate)
[2017.08.22-07.41.44:012][ 50]LogSynthBenchmark:Display:          ... 1.392 s/GigaVert, Confidence=100% 'VertThroughPut1' (likely to be inaccurate)
[2017.08.22-07.41.44:012][ 50]LogSynthBenchmark:Display:          ... 2.371 s/GigaVert, Confidence=100% 'VertThroughPut2' (likely to be inaccurate)
[2017.08.22-07.41.44:012][ 50]LogSynthBenchmark:Display:   GPU Final Results:
[2017.08.22-07.41.44:012][ 50]LogSynthBenchmark:Display:          ... 4.538 s/GigaPix, Confidence=100% 'ALUHeavyNoise'
[2017.08.22-07.41.44:012][ 50]LogSynthBenchmark:Display:          ... 3.544 s/GigaPix, Confidence=100% 'TexHeavy'
[2017.08.22-07.41.44:012][ 50]LogSynthBenchmark:Display:          ... 3.297 s/GigaPix, Confidence=100% 'DepTexHeavy'
[2017.08.22-07.41.44:012][ 50]LogSynthBenchmark:Display:          ... 15.374 s/GigaPix, Confidence=100% 'FillOnly'
[2017.08.22-07.41.44:012][ 50]LogSynthBenchmark:Display:          ... 0.455 s/GigaPix, Confidence=100% 'Bandwidth'
[2017.08.22-07.41.44:012][ 50]LogSynthBenchmark:Display:          ... 1.392 s/GigaVert, Confidence=100% 'VertThroughPut1'
[2017.08.22-07.41.44:012][ 50]LogSynthBenchmark:Display:          ... 2.371 s/GigaVert, Confidence=100% 'VertThroughPut2'
[2017.08.22-07.41.44:012][ 50]LogSynthBenchmark:Display: 
[2017.08.22-07.41.44:012][ 50]LogSynthBenchmark:Display:   GPU Perf Index 0: 98.6 (weight 1.00)
[2017.08.22-07.41.44:012][ 50]LogSynthBenchmark:Display:   GPU Perf Index 1: 47.6 (weight 0.10)
[2017.08.22-07.41.44:012][ 50]LogSynthBenchmark:Display:   GPU Perf Index 2: 85.7 (weight 0.10)
[2017.08.22-07.41.44:012][ 50]LogSynthBenchmark:Display:   GPU Perf Index 3: 60.4 (weight 3.00)
[2017.08.22-07.41.44:012][ 50]LogSynthBenchmark:Display:   GPU Perf Index 4: 42.4 (weight 1.00)
[2017.08.22-07.41.44:012][ 50]LogSynthBenchmark:Display:   GPU Perf Index 5: 90.6 (weight 0.00)
[2017.08.22-07.41.44:012][ 50]LogSynthBenchmark:Display:   GPU Perf Index 6: 134.2 (weight 0.00)
[2017.08.22-07.41.44:012][ 50]LogSynthBenchmark:Display:   CPUIndex: 127.4
[2017.08.22-07.41.44:012][ 50]LogSynthBenchmark:Display:   GPUIndex: 64.5
[2017.08.22-07.41.44:012][ 50]LogSynthBenchmark:Display: 
[2017.08.22-07.41.44:012][ 50]LogSynthBenchmark:Display:          ... Total Time: 0.720211 sec
[2017.08.22-07.41.48:168][456]LogWindowsTextInputMethodSystem:Display: IME system now deactivated.
[2017.08.22-07.41.48:168][456]LogWindowsTextInputMethodSystem:Display: IME system now deactivated.
[2017.08.22-07.41.48:439][457]Cmd: QUIT_EDITOR
[2017.08.22-07.41.48:529][457]LogExit: Preparing to exit.
[2017.08.22-07.41.48:893][457]LogDirectoryWatcher: A directory notification for 'C:/Users/Weilon Ying/Documents/Unreal Projects/Lucy/Lucy/Content/' was aborted.
[2017.08.22-07.41.48:925][457]LogExit: Editor shut down
[2017.08.22-07.41.48:927][457]LogExit: Transaction tracking system shut down
[2017.08.22-07.41.49:101][457]LogObj: Freed 0b from 0 cluster array pools.
[2017.08.22-07.41.49:101][457]LogExit: Object subsystem successfully closed.
[2017.08.22-07.41.49:235][457]LogD3D11RHI: Shutdown
[2017.08.22-07.41.49:235][457]LogD3D11RHI: CleanupD3DDevice
[2017.08.22-07.41.49:871][457]LogD3D11RHI: ~FD3D11DynamicRHI
[2017.08.22-07.41.49:962][457]LogModuleManager: Shutting down and abandoning module SynthBenchmark (526)
[2017.08.22-07.41.49:962][457]LogModuleManager: Shutting down and abandoning module HierarchicalLODOutliner (524)
[2017.08.22-07.41.49:962][457]LogModuleManager: Shutting down and abandoning module CrashTracker (522)
[2017.08.22-07.41.49:962][457]LogModuleManager: Shutting down and abandoning module SceneOutliner (520)
[2017.08.22-07.41.49:963][457]LogModuleManager: Shutting down and abandoning module AddContentDialog (518)
[2017.08.22-07.41.49:964][457]LogDirectoryWatcher: A directory notification for 'C:/Program Files/Epic Games/UE_4.16/FeaturePacks/' was aborted.
[2017.08.22-07.41.49:964][457]LogModuleManager: Shutting down and abandoning module WidgetCarousel (517)
[2017.08.22-07.41.49:964][457]LogModuleManager: Shutting down and abandoning module EditorWidgets (514)
[2017.08.22-07.41.49:964][457]LogModuleManager: Shutting down and abandoning module CollectionManager (512)
[2017.08.22-07.41.49:965][457]LogDirectoryWatcher: A directory notification for 'C:/Users/Weilon Ying/Documents/Unreal Projects/Lucy/Lucy/Content/Collections/' was aborted.
[2017.08.22-07.41.49:965][457]LogDirectoryWatcher: A directory notification for 'C:/Users/Weilon Ying/Documents/Unreal Projects/Lucy/Lucy/Content/Developers/WeilonYing/Collections/' was aborted.
[2017.08.22-07.41.49:965][457]LogDirectoryWatcher: A directory notification for 'C:/Users/Weilon Ying/Documents/Unreal Projects/Lucy/Lucy/Saved/Collections/' was aborted.
[2017.08.22-07.41.49:965][457]LogModuleManager: Shutting down and abandoning module StatsViewer (510)
[2017.08.22-07.41.49:965][457]LogModuleManager: Shutting down and abandoning module FoliageEdit (508)
[2017.08.22-07.41.49:965][457]LogModuleManager: Shutting down and abandoning module LandscapeEditor (506)
[2017.08.22-07.41.49:966][457]LogModuleManager: Shutting down and abandoning module MeshPaintMode (504)
[2017.08.22-07.41.49:966][457]LogModuleManager: Shutting down and abandoning module SceneDepthPickerMode (502)
[2017.08.22-07.41.49:966][457]LogModuleManager: Shutting down and abandoning module ActorPickerMode (500)
[2017.08.22-07.41.49:966][457]LogModuleManager: Shutting down and abandoning module GeometryMode (498)
[2017.08.22-07.41.49:966][457]LogModuleManager: Shutting down and abandoning module TextureAlignMode (496)
[2017.08.22-07.41.49:966][457]LogModuleManager: Shutting down and abandoning module BspMode (494)
[2017.08.22-07.41.49:966][457]LogModuleManager: Shutting down and abandoning module HardwareSurvey (492)
[2017.08.22-07.41.49:966][457]LogModuleManager: Shutting down and abandoning module SequenceRecorderSections (490)
[2017.08.22-07.41.49:967][457]LogModuleManager: Shutting down and abandoning module AutomationWorker (488)
[2017.08.22-07.41.49:967][457]LogModuleManager: Shutting down and abandoning module MatineeToLevelSequence (486)
[2017.08.22-07.41.49:967][457]LogModuleManager: Shutting down and abandoning module LevelSequenceEditor (484)
[2017.08.22-07.41.49:970][457]LogModuleManager: Shutting down and abandoning module PlacementMode (483)
[2017.08.22-07.41.49:970][457]LogModuleManager: Shutting down and abandoning module WmfMediaFactory (480)
[2017.08.22-07.41.49:970][457]LogModuleManager: Shutting down and abandoning module WmfMediaEditor (478)
[2017.08.22-07.41.49:970][457]LogModuleManager: Shutting down and abandoning module AvfMediaFactory (476)
[2017.08.22-07.41.49:970][457]LogModuleManager: Shutting down and abandoning module AvfMediaEditor (474)
[2017.08.22-07.41.49:970][457]LogModuleManager: Shutting down and abandoning module AndroidMediaFactory (472)
[2017.08.22-07.41.49:970][457]LogModuleManager: Shutting down and abandoning module Media (471)
[2017.08.22-07.41.49:970][457]LogModuleManager: Shutting down and abandoning module AndroidMediaEditor (468)
[2017.08.22-07.41.49:970][457]LogModuleManager: Shutting down and abandoning module CharacterAI (466)
[2017.08.22-07.41.49:970][457]LogModuleManager: Shutting down and abandoning module AudioCapture (464)
[2017.08.22-07.41.49:971][457]LogModuleManager: Shutting down and abandoning module SequenceRecorder (463)
[2017.08.22-07.41.49:972][457]LogModuleManager: Shutting down and abandoning module SmartSnapping (460)
[2017.08.22-07.41.49:972][457]LogModuleManager: Shutting down and abandoning module SessionServices (458)
[2017.08.22-07.41.49:972][457]LogModuleManager: Shutting down and abandoning module ViewportSnapping (456)
[2017.08.22-07.41.49:972][457]LogModuleManager: Shutting down and abandoning module ViewportInteraction (454)
[2017.08.22-07.41.49:972][457]LogModuleManager: Shutting down and abandoning module ClothPainter (452)
[2017.08.22-07.41.49:974][457]LogModuleManager: Shutting down and abandoning module LogVisualizer (450)
[2017.08.22-07.41.49:975][457]LogModuleManager: Shutting down and abandoning module IntroTutorials (448)
[2017.08.22-07.41.49:976][457]LogModuleManager: Shutting down and abandoning module GameProjectGeneration (447)
[2017.08.22-07.41.49:978][457]LogModuleManager: Shutting down and abandoning module EditorLiveStreaming (444)
[2017.08.22-07.41.49:978][457]LogModuleManager: Shutting down and abandoning module IOSPlatformEditor (442)
[2017.08.22-07.41.49:978][457]LogModuleManager: Shutting down and abandoning module HTML5PlatformEditor (440)
[2017.08.22-07.41.49:978][457]LogModuleManager: Shutting down and abandoning module AndroidPlatformEditor (438)
[2017.08.22-07.41.49:978][457]LogModuleManager: Shutting down and abandoning module AndroidDeviceDetection (437)
[2017.08.22-07.41.50:900][457]LogModuleManager: Shutting down and abandoning module IOSRuntimeSettings (434)
[2017.08.22-07.41.50:900][457]LogModuleManager: Shutting down and abandoning module AndroidRuntimeSettings (432)
[2017.08.22-07.41.50:900][457]LogModuleManager: Shutting down and abandoning module InputBindingEditor (430)
[2017.08.22-07.41.50:901][457]LogModuleManager: Shutting down and abandoning module MergeActors (428)
[2017.08.22-07.41.50:901][457]LogModuleManager: Shutting down and abandoning module SizeMap (426)
[2017.08.22-07.41.50:901][457]LogModuleManager: Shutting down and abandoning module TreeMap (424)
[2017.08.22-07.41.50:902][457]LogModuleManager: Shutting down and abandoning module ReferenceViewer (422)
[2017.08.22-07.41.50:902][457]LogModuleManager: Shutting down and abandoning module LocalizationDashboard (420)
[2017.08.22-07.41.50:904][457]LogModuleManager: Shutting down and abandoning module LocalizationService (419)
[2017.08.22-07.41.50:904][457]LogModuleManager: Shutting down and abandoning module HardwareTargeting (416)
[2017.08.22-07.41.50:904][457]LogModuleManager: Shutting down and abandoning module DeviceProfileEditor (414)
[2017.08.22-07.41.50:905][457]LogModuleManager: Shutting down and abandoning module UndoHistory (412)
[2017.08.22-07.41.50:905][457]LogModuleManager: Shutting down and abandoning module UserFeedback (410)
[2017.08.22-07.41.50:906][457]LogModuleManager: Shutting down and abandoning module XmlParser (408)
[2017.08.22-07.41.50:906][457]LogModuleManager: Shutting down and abandoning module Blutility (406)
[2017.08.22-07.41.50:906][457]LogModuleManager: Shutting down and abandoning module ProjectSettingsViewer (404)
[2017.08.22-07.41.50:907][457]LogModuleManager: Shutting down and abandoning module ProjectTargetPlatformEditor (403)
[2017.08.22-07.41.50:907][457]LogModuleManager: Shutting down and abandoning module EditorSettingsViewer (400)
[2017.08.22-07.41.50:907][457]LogModuleManager: Shutting down and abandoning module SettingsEditor (398)
[2017.08.22-07.41.50:909][457]LogModuleManager: Shutting down and abandoning module ProjectLauncher (396)
[2017.08.22-07.41.50:910][457]LogModuleManager: Shutting down and abandoning module SessionFrontend (394)
[2017.08.22-07.41.50:911][457]LogModuleManager: Shutting down and abandoning module ProfilerClient (392)
[2017.08.22-07.41.50:912][457]LogModuleManager: Shutting down and abandoning module DeviceManager (390)
[2017.08.22-07.41.50:912][457]LogModuleManager: Shutting down and abandoning module TargetDeviceServices (389)
[2017.08.22-07.41.50:979][457]LogModuleManager: Shutting down and abandoning module AutomationController (386)
[2017.08.22-07.41.50:980][457]LogModuleManager: Shutting down and abandoning module AutomationWindow (384)
[2017.08.22-07.41.50:981][457]LogModuleManager: Shutting down and abandoning module Layers (382)
[2017.08.22-07.41.50:984][457]LogModuleManager: Shutting down and abandoning module ComponentVisualizers (380)
[2017.08.22-07.41.50:984][457]LogModuleManager: Shutting down and abandoning module DetailCustomizations (378)
[2017.08.22-07.41.50:986][457]LogModuleManager: Shutting down and abandoning module PackagesDialog (376)
[2017.08.22-07.41.50:987][457]LogModuleManager: Shutting down and abandoning module Persona (374)
[2017.08.22-07.41.50:994][457]LogModuleManager: Shutting down and abandoning module AdvancedPreviewScene (373)
[2017.08.22-07.41.50:994][457]LogModuleManager: Shutting down and abandoning module AnimGraph (371)
[2017.08.22-07.41.50:994][457]LogModuleManager: Shutting down and abandoning module Kismet (368)
[2017.08.22-07.41.50:998][457]LogModuleManager: Shutting down and abandoning module ClassViewer (366)
[2017.08.22-07.41.50:998][457]LogModuleManager: Shutting down and abandoning module Toolbox (364)
[2017.08.22-07.41.50:998][457]LogModuleManager: Shutting down and abandoning module ModuleUI (362)
[2017.08.22-07.41.50:999][457]LogModuleManager: Shutting down and abandoning module MovieSceneTools (360)
[2017.08.22-07.41.51:001][457]LogModuleManager: Shutting down and abandoning module OutputLog (358)
[2017.08.22-07.41.51:003][457]LogModuleManager: Shutting down and abandoning module GammaUI (356)
[2017.08.22-07.41.51:003][457]LogModuleManager: Shutting down and abandoning module Documentation (354)
[2017.08.22-07.41.51:003][457]LogModuleManager: Shutting down and abandoning module MovieSceneTracks (352)
[2017.08.22-07.41.51:003][457]LogModuleManager: Shutting down and abandoning module MovieScene (350)
[2017.08.22-07.41.51:003][457]LogModuleManager: Shutting down and abandoning module Niagara (348)
[2017.08.22-07.41.51:003][457]LogModuleManager: Shutting down and abandoning module NiagaraEditor (347)
[2017.08.22-07.41.51:005][457]LogModuleManager: Shutting down and abandoning module StreamingPauseRendering (344)
[2017.08.22-07.41.51:005][457]LogModuleManager: Shutting down and abandoning module AnalyticsET (342)
[2017.08.22-07.41.51:005][457]LogModuleManager: Shutting down and abandoning module PortalServices (340)
[2017.08.22-07.41.51:005][457]LogModuleManager: Shutting down and abandoning module PortalRpc (338)
[2017.08.22-07.41.51:005][457]LogModuleManager: Shutting down and abandoning module MessagingRpc (336)
[2017.08.22-07.41.51:005][457]LogModuleManager: Shutting down and abandoning module AIModule (334)
[2017.08.22-07.41.51:005][457]LogModuleManager: Shutting down and abandoning module GameplayDebugger (333)
[2017.08.22-07.41.51:007][457]LogModuleManager: Shutting down and abandoning module AITestSuite (331)
[2017.08.22-07.41.51:007][457]LogModuleManager: Shutting down and abandoning module ProfilerService (328)
[2017.08.22-07.41.51:036][457]LogModuleManager: Shutting down and abandoning module TaskGraph (326)
[2017.08.22-07.41.51:038][457]LogModuleManager: Shutting down and abandoning module SteamVRController (324)
[2017.08.22-07.41.51:038][457]LogModuleManager: Shutting down and abandoning module SteamVR (322)
[2017.08.22-07.41.51:038][457]LogModuleManager: Shutting down and abandoning module ProceduralMeshComponentEditor (320)
[2017.08.22-07.41.51:038][457]LogModuleManager: Shutting down and abandoning module ProceduralMeshComponent (318)
[2017.08.22-07.41.51:039][457]LogModuleManager: Shutting down and abandoning module OculusLibrary (316)
[2017.08.22-07.41.51:039][457]LogModuleManager: Shutting down and abandoning module OculusInput (314)
[2017.08.22-07.41.51:039][457]LogModuleManager: Shutting down and abandoning module MobilePatchingUtils (312)
[2017.08.22-07.41.51:039][457]LogModuleManager: Shutting down and abandoning module CustomMeshComponent (310)
[2017.08.22-07.41.51:039][457]LogModuleManager: Shutting down and abandoning module CableComponent (308)
[2017.08.22-07.41.51:039][457]LogModuleManager: Shutting down and abandoning module ArchVisCharacter (306)
[2017.08.22-07.41.51:039][457]LogModuleManager: Shutting down and abandoning module AndroidPermission (304)
[2017.08.22-07.41.51:039][457]LogModuleManager: Shutting down and abandoning module MediaPlayerEditor (300)
[2017.08.22-07.41.51:042][457]LogModuleManager: Shutting down and abandoning module HTML5Networking (298)
[2017.08.22-07.41.51:042][457]LogModuleManager: Shutting down and abandoning module AlembicImporter (296)
[2017.08.22-07.41.51:043][457]LogModuleManager: Shutting down and abandoning module AlembicLibrary (295)
[2017.08.22-07.41.51:043][457]LogModuleManager: Shutting down and abandoning module GeometryCache (294)
[2017.08.22-07.41.51:043][457]LogModuleManager: Shutting down and abandoning module GeometryCacheEd (293)
[2017.08.22-07.41.51:043][457]LogModuleManager: Shutting down and abandoning module SuperSearchEditor (288)
[2017.08.22-07.41.51:043][457]LogModuleManager: Shutting down and abandoning module SuperSearch (287)
[2017.08.22-07.41.51:043][457]LogModuleManager: Shutting down and abandoning module SpeedTreeImporter (284)
[2017.08.22-07.41.51:043][457]LogModuleManager: Shutting down and abandoning module PluginBrowser (282)
[2017.08.22-07.41.51:045][457]LogModuleManager: Shutting down and abandoning module MobileLauncherProfileWizard (280)
[2017.08.22-07.41.51:047][457]LogModuleManager: Shutting down and abandoning module VisualStudioSourceCodeAccess (278)
[2017.08.22-07.41.51:047][457]LogModuleManager: Shutting down and abandoning module DesktopPlatform (277)
[2017.08.22-07.41.51:047][457]LogModuleManager: Shutting down and abandoning module UObjectPlugin (274)
[2017.08.22-07.41.51:047][457]LogModuleManager: Shutting down and abandoning module SubversionSourceControl (272)
[2017.08.22-07.41.51:048][457]LogModuleManager: Shutting down and abandoning module PerforceSourceControl (270)
[2017.08.22-07.41.51:049][457]LogModuleManager: Shutting down and abandoning module GitSourceControl (268)
[2017.08.22-07.41.51:049][457]LogModuleManager: Shutting down and abandoning module SourceControl (267)
[2017.08.22-07.41.51:050][457]LogModuleManager: Shutting down and abandoning module LightPropagationVolumeEditor (264)
[2017.08.22-07.41.51:050][457]LogModuleManager: Shutting down and abandoning module PaperTiledImporter (262)
[2017.08.22-07.41.51:050][457]LogModuleManager: Shutting down and abandoning module PaperSpriteSheetImporter (260)
[2017.08.22-07.41.51:050][457]LogModuleManager: Shutting down and abandoning module Paper2DEditor (258)
[2017.08.22-07.41.51:051][457]LogModuleManager: Shutting down and abandoning module MeshPaint (257)
[2017.08.22-07.41.51:051][457]LogModuleManager: Shutting down and abandoning module LevelEditor (255)
[2017.08.22-07.41.51:052][457]LogModuleManager: Shutting down and abandoning module PixelInspectorModule (254)
[2017.08.22-07.41.51:053][457]LogModuleManager: Shutting down and abandoning module MainFrame (252)
[2017.08.22-07.41.51:054][457]LogModuleManager: Shutting down and abandoning module HotReload (251)
[2017.08.22-07.41.51:055][457]LogModuleManager: Shutting down and abandoning module PhysXVehiclesEditor (246)
[2017.08.22-07.41.51:055][457]LogModuleManager: Shutting down and abandoning module PhysXVehicles (244)
[2017.08.22-07.41.51:056][457]LogModuleManager: Shutting down and abandoning module LocationServicesBPLibrary (242)
[2017.08.22-07.41.51:056][457]LogModuleManager: Shutting down and abandoning module ImmediatePhysicsEditor (240)
[2017.08.22-07.41.51:056][457]LogModuleManager: Shutting down and abandoning module ImmediatePhysics (238)
[2017.08.22-07.41.51:056][457]LogModuleManager: Shutting down and abandoning module UdpMessaging (236)
[2017.08.22-07.41.51:158][457]LogModuleManager: Shutting down and abandoning module TcpMessaging (234)
[2017.08.22-07.41.51:259][457]LogModuleManager: Shutting down and abandoning module GameplayTagsEditor (232)
[2017.08.22-07.41.51:262][457]LogModuleManager: Shutting down and abandoning module FacialAnimationEditor (230)
[2017.08.22-07.41.51:262][457]LogModuleManager: Shutting down and abandoning module FacialAnimation (228)
[2017.08.22-07.41.51:263][457]LogModuleManager: Shutting down and abandoning module AssetManagerEditor (226)
[2017.08.22-07.41.51:265][457]LogModuleManager: Shutting down and abandoning module GraphEditor (225)
[2017.08.22-07.41.51:269][457]LogModuleManager: Shutting down and abandoning module ContentBrowser (223)
[2017.08.22-07.41.51:271][457]LogModuleManager: Shutting down and abandoning module LightPropagationVolumeRuntime (220)
[2017.08.22-07.41.51:271][457]LogModuleManager: Shutting down and abandoning module Paper2D (218)
[2017.08.22-07.41.51:272][457]LogModuleManager: Shutting down and abandoning module WindowsMoviePlayer (216)
[2017.08.22-07.41.51:272][457]LogModuleManager: Shutting down and abandoning module WmfMedia (214)
[2017.08.22-07.41.51:273][457]LogModuleManager: Shutting down and abandoning module ClothingSystemEditor (212)
[2017.08.22-07.41.51:273][457]LogModuleManager: Shutting down and abandoning module ClothingSystemRuntime (210)
[2017.08.22-07.41.51:274][457]LogModuleManager: Shutting down and abandoning module MediaAssets (208)
[2017.08.22-07.41.51:274][457]LogModuleManager: Shutting down and abandoning module GameLiveStreaming (206)
[2017.08.22-07.41.51:274][457]LogModuleManager: Shutting down and abandoning module VREditor (204)
[2017.08.22-07.41.51:275][457]LogModuleManager: Shutting down and abandoning module StringTableEditor (202)
[2017.08.22-07.41.51:277][457]LogModuleManager: Shutting down and abandoning module GameplayTasksEditor (200)
[2017.08.22-07.41.51:277][457]LogModuleManager: Shutting down and abandoning module BehaviorTreeEditor (198)
[2017.08.22-07.41.51:281][457]LogModuleManager: Shutting down and abandoning module FunctionalTesting (196)
[2017.08.22-07.41.51:281][457]LogModuleManager: Shutting down and abandoning module CollisionAnalyzer (194)
[2017.08.22-07.41.51:283][457]LogModuleManager: Shutting down and abandoning module UMG (192)
[2017.08.22-07.41.51:284][457]LogModuleManager: Shutting down and abandoning module UMGEditor (191)
[2017.08.22-07.41.51:288][457]LogModuleManager: Shutting down and abandoning module Sequencer (190)
[2017.08.22-07.41.51:290][457]LogModuleManager: Shutting down and abandoning module AssetTools (188)
[2017.08.22-07.41.51:297][457]LogModuleManager: Shutting down and abandoning module MessageLog (187)
[2017.08.22-07.41.51:297][457]LogModuleManager: Shutting down and abandoning module WorkspaceMenuStructure (186)
[2017.08.22-07.41.51:297][457]LogModuleManager: Shutting down and abandoning module SlateReflector (180)
[2017.08.22-07.41.51:301][457]LogModuleManager: Shutting down and abandoning module Slate (178)
[2017.08.22-07.41.51:301][457]LogModuleManager: Shutting down and abandoning module EditorStyle (176)
[2017.08.22-07.41.51:305][457]LogModuleManager: Shutting down and abandoning module SourceCodeAccess (174)
[2017.08.22-07.41.51:305][457]LogModuleManager: Shutting down and abandoning module HeadMountedDisplay (172)
[2017.08.22-07.41.51:305][457]LogModuleManager: Shutting down and abandoning module XAudio2 (170)
[2017.08.22-07.41.51:306][457]LogModuleManager: Shutting down and abandoning module Networking (168)
[2017.08.22-07.41.51:306][457]LogModuleManager: Shutting down and abandoning module Core (164)
[2017.08.22-07.41.51:306][457]LogModuleManager: Shutting down and abandoning module AssetRegistry (162)
[2017.08.22-07.41.51:442][457]LogDirectoryWatcher: A directory notification for '../../../Engine/Content/' was aborted.
[2017.08.22-07.41.51:442][457]LogDirectoryWatcher: A directory notification for '../../../../../../Users/Weilon Ying/Documents/Unreal Projects/Lucy/Lucy/Content/' was aborted.
[2017.08.22-07.41.51:442][457]LogDirectoryWatcher: A directory notification for '../../../Engine/Plugins/2D/Paper2D/Content/' was aborted.
[2017.08.22-07.41.51:442][457]LogDirectoryWatcher: A directory notification for '../../../Engine/Plugins/Runtime/GearVR/Content/' was aborted.
[2017.08.22-07.41.51:479][457]LogModuleManager: Shutting down and abandoning module DirectoryWatcher (161)
[2017.08.22-07.41.51:479][457]LogModuleManager: Shutting down and abandoning module KismetCompiler (158)
[2017.08.22-07.41.51:479][457]LogModuleManager: Shutting down and abandoning module LevelSequence (156)
[2017.08.22-07.41.51:479][457]LogModuleManager: Shutting down and abandoning module PhysXFormats (154)
[2017.08.22-07.41.51:479][457]LogModuleManager: Shutting down and abandoning module MeshUtilities (152)
[2017.08.22-07.41.51:480][457]LogModuleManager: Shutting down and abandoning module SimplygonSwarm (151)
[2017.08.22-07.41.51:481][457]LogModuleManager: Shutting down and abandoning module SimplygonMeshReduction (149)
[2017.08.22-07.41.51:481][457]LogModuleManager: Shutting down and abandoning module QuadricMeshReduction (147)
[2017.08.22-07.41.51:482][457]LogModuleManager: Shutting down and abandoning module DerivedDataCache (144)
[2017.08.22-07.41.51:956][457]LogDerivedDataCache: Shutdown
[2017.08.22-07.41.51:958][457]LogModuleManager: Shutting down and abandoning module TargetPlatform (142)
[2017.08.22-07.41.51:958][457]LogModuleManager: Shutting down and abandoning module VulkanShaderFormat (141)
[2017.08.22-07.41.51:960][457]LogModuleManager: Shutting down and abandoning module ShaderFormatVectorVM (139)
[2017.08.22-07.41.51:960][457]LogModuleManager: Shutting down and abandoning module ShaderFormatOpenGL (137)
[2017.08.22-07.41.51:962][457]LogModuleManager: Shutting down and abandoning module ShaderFormatD3D (135)
[2017.08.22-07.41.51:962][457]LogModuleManager: Shutting down and abandoning module MetalShaderFormat (133)
[2017.08.22-07.41.51:963][457]LogModuleManager: Shutting down and abandoning module TextureFormatUncompressed (131)
[2017.08.22-07.41.51:963][457]LogModuleManager: Shutting down and abandoning module TextureFormatPVR (129)
[2017.08.22-07.41.51:963][457]LogModuleManager: Shutting down and abandoning module TextureFormatDXT (127)
[2017.08.22-07.41.51:963][457]LogModuleManager: Shutting down and abandoning module TextureFormatIntelISPCTexComp (125)
[2017.08.22-07.41.51:963][457]LogModuleManager: Shutting down and abandoning module TextureFormatASTC (123)
[2017.08.22-07.41.51:963][457]LogModuleManager: Shutting down and abandoning module ImageWrapper (122)
[2017.08.22-07.41.51:963][457]LogModuleManager: Shutting down and abandoning module TextureFormatAndroid (119)
[2017.08.22-07.41.51:963][457]LogModuleManager: Shutting down and abandoning module AudioFormatOpus (117)
[2017.08.22-07.41.51:963][457]LogModuleManager: Shutting down and abandoning module AudioFormatOgg (115)
[2017.08.22-07.41.51:963][457]LogModuleManager: Shutting down and abandoning module AudioFormatADPCM (113)
[2017.08.22-07.41.51:963][457]LogModuleManager: Shutting down and abandoning module LinuxTargetPlatform (111)
[2017.08.22-07.41.51:963][457]LogModuleManager: Shutting down and abandoning module LinuxServerTargetPlatform (109)
[2017.08.22-07.41.51:963][457]LogModuleManager: Shutting down and abandoning module LinuxNoEditorTargetPlatform (107)
[2017.08.22-07.41.51:963][457]LogModuleManager: Shutting down and abandoning module LinuxClientTargetPlatform (105)
[2017.08.22-07.41.51:963][457]LogModuleManager: Shutting down and abandoning module TVOSTargetPlatform (103)
[2017.08.22-07.41.51:963][457]LogModuleManager: Shutting down and abandoning module Messaging (101)
[2017.08.22-07.41.51:963][457]LogModuleManager: Shutting down and abandoning module IOSTargetPlatform (99)
[2017.08.22-07.41.51:963][457]LogModuleManager: Shutting down and abandoning module HTML5TargetPlatform (97)
[2017.08.22-07.41.51:963][457]LogModuleManager: Shutting down and abandoning module Android_PVRTCTargetPlatform (95)
[2017.08.22-07.41.51:963][457]LogModuleManager: Shutting down and abandoning module Android_MultiTargetPlatform (93)
[2017.08.22-07.41.51:963][457]LogModuleManager: Shutting down and abandoning module Android_ETC2TargetPlatform (91)
[2017.08.22-07.41.51:963][457]LogModuleManager: Shutting down and abandoning module Android_ETC1TargetPlatform (89)
[2017.08.22-07.41.51:963][457]LogModuleManager: Shutting down and abandoning module Android_DXTTargetPlatform (87)
[2017.08.22-07.41.51:963][457]LogModuleManager: Shutting down and abandoning module Android_ATCTargetPlatform (85)
[2017.08.22-07.41.51:963][457]LogModuleManager: Shutting down and abandoning module Android_ASTCTargetPlatform (83)
[2017.08.22-07.41.51:963][457]LogModuleManager: Shutting down and abandoning module AndroidTargetPlatform (81)
[2017.08.22-07.41.51:963][457]LogModuleManager: Shutting down and abandoning module WindowsTargetPlatform (79)
[2017.08.22-07.41.51:963][457]LogModuleManager: Shutting down and abandoning module WindowsServerTargetPlatform (77)
[2017.08.22-07.41.51:963][457]LogModuleManager: Shutting down and abandoning module WindowsNoEditorTargetPlatform (75)
[2017.08.22-07.41.51:963][457]LogModuleManager: Shutting down and abandoning module WindowsClientTargetPlatform (73)
[2017.08.22-07.41.51:963][457]LogModuleManager: Shutting down and abandoning module MacTargetPlatform (71)
[2017.08.22-07.41.51:963][457]LogModuleManager: Shutting down and abandoning module MacServerTargetPlatform (69)
[2017.08.22-07.41.51:963][457]LogModuleManager: Shutting down and abandoning module MacNoEditorTargetPlatform (67)
[2017.08.22-07.41.51:963][457]LogModuleManager: Shutting down and abandoning module MacClientTargetPlatform (65)
[2017.08.22-07.41.51:963][457]LogModuleManager: Shutting down and abandoning module AllDesktopTargetPlatform (63)
[2017.08.22-07.41.51:963][457]LogModuleManager: Shutting down and abandoning module InputCore (60)
[2017.08.22-07.41.51:963][457]LogModuleManager: Shutting down and abandoning module Settings (58)
[2017.08.22-07.41.51:963][457]LogModuleManager: Shutting down and abandoning module OculusRift (56)
[2017.08.22-07.41.51:964][457]LogModuleManager: Shutting down and abandoning module GearVRController (54)
[2017.08.22-07.41.51:964][457]LogModuleManager: Shutting down and abandoning module GearVR (52)
[2017.08.22-07.41.51:965][457]LogModuleManager: Shutting down and abandoning module ExampleDeviceProfileSelector (50)
[2017.08.22-07.41.51:965][457]LogModuleManager: Shutting down and abandoning module OnlineBlueprintSupport (48)
[2017.08.22-07.41.51:965][457]LogModuleManager: Shutting down and abandoning module OnlineSubsystem (44)
[2017.08.22-07.41.51:965][457]LogOnline:Display: Unloading online subsystem: NULL
[2017.08.22-07.41.51:968][457]LogModuleManager: Shutting down and abandoning module XMPP (43)
[2017.08.22-07.41.51:970][457]LogModuleManager: Shutting down and abandoning module HTTP (41)
[2017.08.22-07.41.51:970][457]LogHttp:Display: Http module shutting down, but needs to wait on 1 outstanding Http requests:
[2017.08.22-07.41.51:970][457]LogHttp:Display: 	verb=[POST] url=[https://datarouter.ol.epicgames.com/datarouter/api/v1/public/data?SessionID=%7B03983CD4-4DD9-F72E-EC74-6289E4799C78%7D&AppID=UEEditor.Rocket.Release&AppVersion=4.16.2-3514769%2B%2B%2BUE4%2BRelease-4.16&UserID=41e3df2a4506b5406b85f2997b67ffcb%7Cea07e313af72464aa13cf08170615c52%7C52103205-c197-472f-8f05-3806362f2ae2&AppEnvironment=datacollector-binary&UploadType=eteventstream] status=Processing
[2017.08.22-07.41.51:975][457]LogModuleManager: Shutting down and abandoning module SSL (40)
[2017.08.22-07.41.51:978][457]LogModuleManager: Shutting down and abandoning module HTTPChunkInstaller (36)
[2017.08.22-07.41.51:979][457]LogModuleManager: Shutting down and abandoning module AnimationModifiers (34)
[2017.08.22-07.41.51:980][457]LogModuleManager: Shutting down and abandoning module PropertyEditor (33)
[2017.08.22-07.41.51:981][457]LogModuleManager: Shutting down and abandoning module AudioEditor (30)
[2017.08.22-07.41.51:984][457]LogModuleManager: Shutting down and abandoning module TextureCompressor (28)
[2017.08.22-07.41.51:984][457]LogModuleManager: Shutting down and abandoning module ShaderCore (26)
[2017.08.22-07.41.51:984][457]LogModuleManager: Shutting down and abandoning module Landscape (24)
[2017.08.22-07.41.51:984][457]LogModuleManager: Shutting down and abandoning module SlateRHIRenderer (22)
[2017.08.22-07.41.51:986][457]LogModuleManager: Shutting down and abandoning module OpenGLDrv (20)
[2017.08.22-07.41.51:987][457]LogModuleManager: Shutting down and abandoning module D3D11RHI (18)
[2017.08.22-07.41.51:987][457]LogModuleManager: Shutting down and abandoning module AnimGraphRuntime (16)
[2017.08.22-07.41.51:987][457]LogModuleManager: Shutting down and abandoning module Renderer (14)
[2017.08.22-07.41.51:987][457]LogModuleManager: Shutting down and abandoning module Engine (12)
[2017.08.22-07.41.51:987][457]LogModuleManager: Shutting down and abandoning module CoreUObject (10)
[2017.08.22-07.41.51:987][457]LogModuleManager: Shutting down and abandoning module NetworkFile (8)
[2017.08.22-07.41.51:987][457]LogModuleManager: Shutting down and abandoning module StreamingFile (6)
[2017.08.22-07.41.51:987][457]LogModuleManager: Shutting down and abandoning module SandboxFile (4)
[2017.08.22-07.41.51:987][457]LogModuleManager: Shutting down and abandoning module PakFile (2)
[2017.08.22-07.41.51:990][457]LogExit: Exiting.
[2017.08.22-07.41.52:013][457]Log file closed, 08/22/17 17:41:52
