Log file open, 08/22/17 19:40:45
LogInit:Display: Running engine for game: Lucy
LogPlatformFile: Not using cached read wrapper
LogInit:Display: RandInit(1384894819) SRandInit(1384894819).
LogTaskGraph: Started task graph with 5 named threads and 6 total threads with 1 sets of task threads.
LogStats: Stats thread started at 0.065134
LogInit: Using libcurl 7.47.1
LogInit:  - built for x86_64-pc-win32
LogInit:  - supports SSL with OpenSSL/1.0.2g
LogInit:  - supports HTTP deflate (compression) using libz 1.2.8
LogInit:  - other features:
LogInit:      CURL_VERSION_SSL
LogInit:      CURL_VERSION_LIBZ
LogInit:      CURL_VERSION_IPV6
LogInit:      CURL_VERSION_ASYNCHDNS
LogInit:      CURL_VERSION_LARGEFILE
LogInit:      CURL_VERSION_IDN
LogInit:  CurlRequestOptions (configurable via config and command line):
LogInit:  - bVerifyPeer = false  - Libcurl will NOT verify peer certificate
LogInit:  - bUseHttpProxy = false  - Libcurl will NOT use HTTP proxy
LogInit:  - bDontReuseConnections = false  - Libcurl will reuse connections
LogInit:  - CertBundlePath = nullptr  - Libcurl will use whatever was configured at build time.
LogInit: Build: ++UE4+Release-4.16-CL-3514769
LogInit: Engine Version: 4.16.2-3514769+++UE4+Release-4.16
LogInit: Compatible Engine Version: 4.16.0-3452394+++UE4+Release-4.16
LogInit: Net CL: 3452394
LogDevObjectVersion: Number of dev versions registered: 16
LogDevObjectVersion:   Dev-Blueprints (B0D832E4-1F89-4F0D-ACCF-7EB736FD4AA2): 9
LogDevObjectVersion:   Dev-Build (E1C64328-A22C-4D53-A36C-8E866417BD8C): 0
LogDevObjectVersion:   Dev-Core (375EC13C-06E4-48FB-B500-84F0262A717E): 2
LogDevObjectVersion:   Dev-Editor (E4B068ED-F494-42E9-A231-DA0B2E46BB41): 17
LogDevObjectVersion:   Dev-Framework (CFFC743F-43B0-4480-9391-14DF171D2073): 23
LogDevObjectVersion:   Dev-Mobile (B02B49B5-BB20-44E9-A304-32B752E40360): 0
LogDevObjectVersion:   Dev-Networking (A4E4105C-59A1-49B5-A7C5-40C4547EDFEE): 0
LogDevObjectVersion:   Dev-Online (39C831C9-5AE6-47DC-9A44-9C173E1C8E7C): 0
LogDevObjectVersion:   Dev-Physics (78F01B33-EBEA-4F98-B9B4-84EACCB95AA2): 0
LogDevObjectVersion:   Dev-Platform (6631380F-2D4D-43E0-8009-CF276956A95A): 0
LogDevObjectVersion:   Dev-Rendering (12F88B9F-8875-4AFC-A67C-D90C383ABD29): 15
LogDevObjectVersion:   Dev-Sequencer (7B5AE74C-D270-4C10-A958-57980B212A5A): 4
LogDevObjectVersion:   Dev-VR (D7296918-1DD6-4BDD-9DE2-64A83CC13884): 0
LogDevObjectVersion:   Dev-LoadTimes (C2A15278-BFE7-4AFE-6C17-90FF531DF755): 1
LogDevObjectVersion:   Private-Geometry (6EACA3D4-40EC-4CC1-B786-8BED09428FC5): 1
LogDevObjectVersion:   Dev-AnimPhys (29E575DD-E0A3-4627-9D10-D276232CDCEA): 3
LogInit: Compiled (64-bit): Jun 29 2017 02:03:24
LogInit: Compiled with Visual C++: 19.00.24215.01
LogInit: Build Configuration: Development
LogInit: Branch Name: ++UE4+Release-4.16
LogInit: Command line:  
LogInit: Base directory: C:/Program Files/Epic Games/UE_4.16/Engine/Binaries/Win64/
LogInit: Installed Engine Build: 1
LogInit: Presizing for max 8388607 objects, including 0 objects not considered by GC, pre-allocating 0 bytes for permanent pool.
LogInit: Object subsystem initialized
[2017.08.22-09.40.46:093][  0]LogInit: Selected Device Profile: [Windows]
[2017.08.22-09.40.46:093][  0]LogInit: Applying CVar settings loaded from the selected device profile: [Windows]
[2017.08.22-09.40.46:104][  0]LogInit: Computer: SURFACED-WHALE-
[2017.08.22-09.40.46:104][  0]LogInit: User: WeilonYing
[2017.08.22-09.40.46:104][  0]LogInit: CPU Page size=4096, Cores=2
[2017.08.22-09.40.46:104][  0]LogInit: High frequency timer resolution =2.742191 MHz
[2017.08.22-09.40.46:104][  0]LogMemory: Memory total: Physical=15.9GB (16GB approx)
[2017.08.22-09.40.46:104][  0]LogMemory: Platform Memory Stats for Windows
[2017.08.22-09.40.46:104][  0]LogMemory: Process Physical Memory: 272.29 MB used, 272.29 MB peak
[2017.08.22-09.40.46:104][  0]LogMemory: Process Virtual Memory: 258.57 MB used, 258.57 MB peak
[2017.08.22-09.40.46:104][  0]LogMemory: Physical Memory: 4955.93 MB used,  11354.20 MB free, 16310.13 MB total
[2017.08.22-09.40.46:104][  0]LogMemory: Virtual Memory: 634.24 MB used,  11354.20 MB free, 134217728.00 MB total
[2017.08.22-09.40.46:863][  0]LogInit: Using OS detected language (en-GB).
[2017.08.22-09.40.46:863][  0]LogInit: Using OS detected locale (en-AU).
[2017.08.22-09.40.46:866][  0]LogTextLocalizationManager: No specific localization for 'en-GB' exists, so the 'en' localization will be used.
[2017.08.22-09.40.47:795][  0]LogD3D11RHI: D3D11 adapters:
[2017.08.22-09.40.47:843][  0]LogD3D11RHI:    0. 'NVIDIA GeForce GTX 965M' (Feature Level 11_0)
[2017.08.22-09.40.47:843][  0]LogD3D11RHI:       2019/0/8155 MB DedicatedVideo/DedicatedSystem/SharedSystem, Outputs:1, VendorId:0x10de
[2017.08.22-09.40.47:850][  0]LogD3D11RHI:    1. 'Intel(R) HD Graphics 520' (Feature Level 11_0)
[2017.08.22-09.40.47:850][  0]LogD3D11RHI:       128/0/8155 MB DedicatedVideo/DedicatedSystem/SharedSystem, Outputs:0, VendorId:0x8086
[2017.08.22-09.40.47:851][  0]LogD3D11RHI:    2. 'Microsoft Basic Render Driver' (Feature Level 11_0)
[2017.08.22-09.40.47:851][  0]LogD3D11RHI:       0/0/8155 MB DedicatedVideo/DedicatedSystem/SharedSystem, Outputs:0, VendorId:0x1414
[2017.08.22-09.40.47:851][  0]LogD3D11RHI: Chosen D3D11 Adapter: 0
[2017.08.22-09.40.47:859][  0]LogD3D11RHI: Creating new Direct3DDevice
[2017.08.22-09.40.47:859][  0]LogD3D11RHI:     GPU DeviceId: 0x1427 (for the marketing name, search the web for "GPU Device Id")
[2017.08.22-09.40.47:859][  0]LogWindows: EnumDisplayDevices:
[2017.08.22-09.40.47:860][  0]LogWindows:    0. 'Intel(R) HD Graphics 520' (P:1 D:1)
[2017.08.22-09.40.47:860][  0]LogWindows:    1. 'Intel(R) HD Graphics 520' (P:0 D:0)
[2017.08.22-09.40.47:860][  0]LogWindows:    2. 'Intel(R) HD Graphics 520' (P:0 D:0)
[2017.08.22-09.40.47:860][  0]LogWindows: DebugString: PrimaryIsNotTheChoosenAdapter PrimaryIsNotTheChoosenAdapter PrimaryIsNotTheChoosenAdapter FoundDriverCount:0 
[2017.08.22-09.40.47:860][  0]LogD3D11RHI:     Adapter Name: NVIDIA GeForce GTX 965M
[2017.08.22-09.40.47:860][  0]LogD3D11RHI:   Driver Version: Unknown (internal:Unknown, unified:Unknown)
[2017.08.22-09.40.47:860][  0]LogD3D11RHI:      Driver Date: Unknown
[2017.08.22-09.40.47:860][  0]LogRHI: Texture pool is 1361 MB (70% of 1945 MB)
[2017.08.22-09.40.47:888][  0]LogD3D11RHI: Async texture creation enabled
[2017.08.22-09.40.47:906][  0]LogD3D11RHI: GPU Timing Frequency: 1000.000000 (Debug: 2 2)
[2017.08.22-09.40.47:906][  0]LogShaderCompilers: Guid format shader working directory is -24 characters bigger than the processId version (../../../../../../Users/Weilon Ying/Documents/Unreal Projects/Lucy/Climbing/Intermediate/Shaders/WorkingDirectory/15912/).
[2017.08.22-09.40.47:907][  0]LogShaderCompilers: Cleaned the shader compiler working directory 'C:/Users/Weilon Ying/AppData/Local/Temp/UnrealShaderWorkingDir/70B739CA450EE4CCC1C49DB1C840FE7A/'.
[2017.08.22-09.40.47:907][  0]LogShaderCompilers:Display: Using Local Shader Compiler.
[2017.08.22-09.40.48:858][  0]LogTemp:Display: Loaded TP AllDesktopTargetPlatform
[2017.08.22-09.40.48:905][  0]LogTemp:Display: Loaded TP MacClientTargetPlatform
[2017.08.22-09.40.48:952][  0]LogTemp:Display: Loaded TP MacNoEditorTargetPlatform
[2017.08.22-09.40.49:000][  0]LogTemp:Display: Loaded TP MacServerTargetPlatform
[2017.08.22-09.40.49:059][  0]LogTemp:Display: Loaded TP MacTargetPlatform
[2017.08.22-09.40.49:115][  0]LogTemp:Display: Loaded TP WindowsClientTargetPlatform
[2017.08.22-09.40.49:167][  0]LogTemp:Display: Loaded TP WindowsNoEditorTargetPlatform
[2017.08.22-09.40.49:219][  0]LogTemp:Display: Loaded TP WindowsServerTargetPlatform
[2017.08.22-09.40.49:265][  0]LogTemp:Display: Loaded TP WindowsTargetPlatform
[2017.08.22-09.40.49:311][  0]LogTemp:Display: Loaded TP AndroidTargetPlatform
[2017.08.22-09.40.49:359][  0]LogTemp:Display: Loaded TP Android_ASTCTargetPlatform
[2017.08.22-09.40.49:406][  0]LogTemp:Display: Loaded TP Android_ATCTargetPlatform
[2017.08.22-09.40.49:460][  0]LogTemp:Display: Loaded TP Android_DXTTargetPlatform
[2017.08.22-09.40.49:508][  0]LogTemp:Display: Loaded TP Android_ETC1TargetPlatform
[2017.08.22-09.40.49:555][  0]LogTemp:Display: Loaded TP Android_ETC2TargetPlatform
[2017.08.22-09.40.49:647][  0]LogTemp:Display: Loaded TP Android_MultiTargetPlatform
[2017.08.22-09.40.49:647][  0]LogTemp:Display: Loaded TP Android_PVRTCTargetPlatform
[2017.08.22-09.40.49:681][  0]LogTemp:Display: Loaded TP HTML5TargetPlatform
[2017.08.22-09.40.49:768][  0]LogTemp:Display: Loaded TP IOSTargetPlatform
[2017.08.22-09.40.49:797][  0]LogTemp:Display: Loaded TP TVOSTargetPlatform
[2017.08.22-09.40.49:844][  0]LogTemp:Display: Loaded TP LinuxClientTargetPlatform
[2017.08.22-09.40.49:889][  0]LogTemp:Display: Loaded TP LinuxNoEditorTargetPlatform
[2017.08.22-09.40.49:935][  0]LogTemp:Display: Loaded TP LinuxServerTargetPlatform
[2017.08.22-09.40.49:980][  0]LogTemp:Display: Loaded TP LinuxTargetPlatform
[2017.08.22-09.40.49:980][  0]LogTargetPlatformManager:Display: Building Assets For Windows
[2017.08.22-09.40.50:421][  0]LogDerivedDataCache:Display: Max Cache Size: 512 MB
[2017.08.22-09.40.50:517][  0]LogDerivedDataCache: Loaded boot cache 0.10s 90MB C:/Users/Weilon Ying/AppData/Local/UnrealEngine/4.16/DerivedDataCache/Boot.ddc.
[2017.08.22-09.40.50:517][  0]LogDerivedDataCache:Display: Loaded Boot cache: C:/Users/Weilon Ying/AppData/Local/UnrealEngine/4.16/DerivedDataCache/Boot.ddc
[2017.08.22-09.40.50:517][  0]LogDerivedDataCache: FDerivedDataBackendGraph:  Pak pak cache file ../../../../../../Users/Weilon Ying/Documents/Unreal Projects/Lucy/Climbing/DerivedDataCache/DDC.ddp not found, will not use a pak cache.
[2017.08.22-09.40.50:517][  0]LogDerivedDataCache: Unable to find inner node Pak for hierarchical cache Hierarchy.
[2017.08.22-09.40.50:517][  0]LogDerivedDataCache: FDerivedDataBackendGraph:  CompressedPak pak cache file ../../../../../../Users/Weilon Ying/Documents/Unreal Projects/Lucy/Climbing/DerivedDataCache/Compressed.ddp not found, will not use a pak cache.
[2017.08.22-09.40.50:517][  0]LogDerivedDataCache: Unable to find inner node CompressedPak for hierarchical cache Hierarchy.
[2017.08.22-09.40.50:533][  0]LogDerivedDataCache:Display: Pak cache opened for reading ../../../Engine/DerivedDataCache/Compressed.ddp.
[2017.08.22-09.40.50:545][  0]LogDerivedDataCache: Using Local data cache path C:/Users/Weilon Ying/AppData/Local/UnrealEngine/Common/DerivedDataCache: Writable
[2017.08.22-09.40.50:555][  0]LogMaterial: Verifying Global Shaders for PCD3D_SM5
[2017.08.22-09.40.50:555][  0]LogSlate: Using Freetype 2.6.0
[2017.08.22-09.40.50:556][  0]LogSlate: SlateFontCache - WITH_FREETYPE: 1, WITH_HARFBUZZ: 1
[2017.08.22-09.40.50:556][  0]LogSlate: SlateFontCache - WITH_FREETYPE: 1, WITH_HARFBUZZ: 1
[2017.08.22-09.40.50:851][  0]LogInit: Selected Device Profile: [Windows]
[2017.08.22-09.40.50:933][  0]LogContentStreaming: Texture pool size is 0.00 MB
[2017.08.22-09.40.51:083][  0]LogMeshUtilities: Using QuadricMeshReduction for automatic static mesh reduction
[2017.08.22-09.40.51:124][  0]LogSimplygon: Simplygon DLL not present - disabling.
[2017.08.22-09.40.51:167][  0]LogMeshUtilities: Using SimplygonSwarm for distributed automatic mesh merging
[2017.08.22-09.40.51:167][  0]LogMeshUtilities: No automatic skeletal mesh reduction module available
[2017.08.22-09.40.51:167][  0]LogMeshUtilities: No automatic mesh merging module available
[2017.08.22-09.40.51:802][  0]LogNetVersion: Lucy , NetCL: 3452394, EngineNetVer: 2, GameNetVer: 0 (Checksum: 3432496989)
[2017.08.22-09.40.51:870][  0]LogAssetRegistry: FAssetRegistry took 0.0278 seconds to start up
[2017.08.22-09.40.51:940][  0]LogPackageLocalizationCache: Processed 4 localized package path(s) for 2 prioritized culture(s) in 0.045058 seconds
[2017.08.22-09.40.51:947][  0]LogUObjectArray: 34194 objects as part of root set at end of initial load.
[2017.08.22-09.40.51:947][  0]LogUObjectAllocator: 7260424 out of 0 bytes used by permanent object pool.
[2017.08.22-09.40.51:947][  0]LogUObjectArray: CloseDisregardForGC: 0/0 objects in disregard for GC pool
[2017.08.22-09.40.52:013][  0]LogInit: WinSock: version 1.1 (2.2), MaxSocks=32767, MaxUdp=65467
[2017.08.22-09.40.54:268][  0]LogTcpMessaging: Initializing TcpMessaging bridge
[2017.08.22-09.40.54:305][  0]LogUdpMessaging: Initializing bridge on interface 0.0.0.0:0 to multicast group 230.0.0.1:6666.
[2017.08.22-09.40.54:783][  0]LogMaterial: Uniform references updated for custom material expression Custom.
[2017.08.22-09.40.55:149][  0]SourceControl: Info Source control is disabled
[2017.08.22-09.40.55:150][  0]SourceControl: Info Source control is disabled
[2017.08.22-09.40.55:193][  0]SourceControl: Info Source control is disabled
[2017.08.22-09.40.55:235][  0]SourceControl: Info Source control is disabled
[2017.08.22-09.40.55:828][  0]LogAndroidPermission: UAndroidPermissionCallbackProxy::GetInstance
[2017.08.22-09.40.56:369][  0]LogEngine: Initializing Engine...
[2017.08.22-09.40.56:369][  0]LogHMD: Failed to initialize OpenVR with code 110
[2017.08.22-09.40.56:582][  0]LogStats: UGameplayTagsManager::ConstructGameplayTagTree: Construct from data asset -  0.000 s
[2017.08.22-09.40.56:582][  0]LogStats: UGameplayTagsManager::ConstructGameplayTagTree: GameplayTagTreeChangedEvent.Broadcast -  0.000 s
[2017.08.22-09.40.56:703][  0]LogAIModule: Creating AISystem for world Untitled
[2017.08.22-09.40.56:711][  0]LogInit: XAudio2 using 'Speakers (Realtek High Definition Audio(SST))' : 2 channels at 48 kHz using 32 bits per sample (channel mask 0x3)
[2017.08.22-09.40.56:847][  0]LogInit: FAudioDevice initialized.
[2017.08.22-09.40.56:899][  0]LogDerivedDataCache: Saved boot cache 0.05s 90MB C:/Users/Weilon Ying/AppData/Local/UnrealEngine/4.16/DerivedDataCache/Boot.ddc.
[2017.08.22-09.40.56:928][  0]LogInit: Texture streaming: Enabled
[2017.08.22-09.40.57:045][  0]LogEngineSessionManager: EngineSessionManager initialized
[2017.08.22-09.40.57:259][  0]LogInit: Transaction tracking system initialized
[2017.08.22-09.40.57:550][  0]BlueprintLog: New page: Editor Load
[2017.08.22-09.40.58:426][  0]LocalizationService: Info Localization service is disabled
[2017.08.22-09.40.59:053][  0]LogConsoleResponse:Display: 
[2017.08.22-09.40.59:206][  0]LogCook:Display: Max memory allowance for cook 16384mb min free memory 0mb
[2017.08.22-09.40.59:206][  0]LogCook:Display: Mobile HDR setting 1
[2017.08.22-09.40.59:574][  0]LogFileCache: Scanning file cache for directory 'C:/Users/Weilon Ying/Documents/Unreal Projects/Lucy/Climbing/Content/' took 0.01s
[2017.08.22-09.41.00:154][  0]SourceControl: Info Source control is disabled
[2017.08.22-09.41.00:154][  0]Cmd: MAP LOAD FILE="../../../../../../Users/Weilon Ying/Documents/Unreal Projects/Lucy/Climbing/Content/SideScrollerBP/Maps/SideScrollerExampleMap.umap" TEMPLATE=0 SHOWPROGRESS=1 FEATURELEVEL=3
[2017.08.22-09.41.00:154][  0]LightingResults: New page: Lighting Build
[2017.08.22-09.41.00:192][  0]MapCheck: New page: Map Check
[2017.08.22-09.41.00:192][  0]LightingResults: New page: Lighting Build
[2017.08.22-09.41.00:860][  0]LogAIModule: Creating AISystem for world SideScrollerExampleMap
[2017.08.22-09.41.00:872][  0]LogEditorServer: Finished looking for orphan Actors (0.000 secs)
[2017.08.22-09.41.00:952][  0]Cmd: MAP CHECKDEP NOCLEARLOG
[2017.08.22-09.41.01:000][  0]MapCheck: Info Map check complete: 0 Error(s), 0 Warning(s), took 48.097ms to complete.
[2017.08.22-09.41.01:000][  0]LogFileHelpers: Loading map 'SideScrollerExampleMap' took 0.847
[2017.08.22-09.41.01:066][  0]LogWindowsTextInputMethodSystem:Display: IME system now deactivated.
[2017.08.22-09.41.01:066][  0]LogWindowsTextInputMethodSystem:Display: IME system now deactivated.
[2017.08.22-09.41.01:147][  0]LogCollectionManager: Loaded 0 collections in 0.001381 seconds
[2017.08.22-09.41.01:226][  0]LogFileCache: Scanning file cache for directory 'C:/Users/Weilon Ying/Documents/Unreal Projects/Lucy/Climbing/Saved/Collections/' took 0.01s
[2017.08.22-09.41.01:226][  0]LogFileCache: Scanning file cache for directory 'C:/Users/Weilon Ying/Documents/Unreal Projects/Lucy/Climbing/Content/Developers/WeilonYing/Collections/' took 0.01s
[2017.08.22-09.41.01:226][  0]LogFileCache: Scanning file cache for directory 'C:/Users/Weilon Ying/Documents/Unreal Projects/Lucy/Climbing/Content/Collections/' took 0.01s
[2017.08.22-09.41.01:226][  0]LogCollectionManager: Rebuilt the GUID cache for 0 collections in 0.000001 seconds
[2017.08.22-09.41.01:236][  0]LogContentBrowser: Native class hierarchy populated in 0.0098 seconds. Added 2329 classes and 491 folders.
[2017.08.22-09.41.01:297][  0]LogContentBrowser: Native class hierarchy updated for 'WidgetCarousel' in 0.0005 seconds. Added 0 classes and 0 folders.
[2017.08.22-09.41.01:329][  0]LogContentBrowser: Native class hierarchy updated for 'AddContentDialog' in 0.0005 seconds. Added 0 classes and 0 folders.
[2017.08.22-09.41.01:371][  0]LogContentBrowser: Native class hierarchy updated for 'SceneOutliner' in 0.0006 seconds. Added 1 classes and 2 folders.
[2017.08.22-09.41.01:409][  0]LogCrashTracker: Crashtracker disabled due to settings.
[2017.08.22-09.41.01:417][  0]LogSlate: Took 0.000197 seconds to synchronously load lazily loaded font '../../../Engine/Content/Slate/Fonts/Roboto-Regular.ttf' (155K)
[2017.08.22-09.41.01:420][  0]LogSlate: Took 0.000652 seconds to synchronously load lazily loaded font '../../../Engine/Content/Slate/Fonts/Roboto-Bold.ttf' (160K)
[2017.08.22-09.41.01:427][  0]LogSlate: Took 0.000198 seconds to synchronously load lazily loaded font '../../../Engine/Content/Editor/Slate/Fonts/FontAwesome.ttf' (139K)
[2017.08.22-09.41.01:531][  0]LogRenderer: Reallocating scene render targets to support 752x524 NumSamples 1 (Frame:1).
[2017.08.22-09.41.01:776][  0]LogUObjectGlobals:Warning: Failed to find object 'Class None.'
[2017.08.22-09.41.01:838][  0]LogContentBrowser: Native class hierarchy updated for 'HierarchicalLODOutliner' in 0.0006 seconds. Added 1 classes and 2 folders.
[2017.08.22-09.41.01:839][  0]LogLoad: (Engine Initialization) Total time: 17.16 seconds
[2017.08.22-09.41.01:839][  0]LogLoad: (Engine Initialization) Total Blueprint compile time: 0.26 seconds
[2017.08.22-09.41.01:839][  0]LogExternalProfiler: No external profilers were discovered.  External profiling features will not be available.
[2017.08.22-09.41.01:862][  0]LogOcInput: OculusInput pre-init called
[2017.08.22-09.41.01:862][  0]LogHMD: Starting GearVRController plugin
[2017.08.22-09.41.01:892][  0]LogContentStreaming: Texture pool size now 1000 MB
[2017.08.22-09.41.01:914][  0]LogSlate: Took 0.000150 seconds to synchronously load lazily loaded font '../../../Engine/Content/Slate/Fonts/Roboto-Light.ttf' (159K)
[2017.08.22-09.41.01:926][  1]LogFileCache: Retrieving MD5 hashes for directory 'C:/Users/Weilon Ying/Documents/Unreal Projects/Lucy/Climbing/Content/' took 0.05s
[2017.08.22-09.41.01:937][  1]LogAssetRegistry: Asset discovery search completed in 10.0903 seconds
[2017.08.22-09.41.01:939][  1]LogCollectionManager: Rebuilt the object cache for 0 collections in 0.000001 seconds (found 0 objects)
[2017.08.22-09.41.01:939][  1]LogCollectionManager: Fixed up redirectors for 0 collections in 0.000046 seconds (updated 0 objects)
[2017.08.22-09.41.02:877][ 48]LogSlate: Took 0.000224 seconds to synchronously load lazily loaded font '../../../Engine/Content/Slate/Fonts/Roboto-Light.ttf' (159K)
[2017.08.22-09.41.07:586][330]LogSlate: Took 0.000244 seconds to synchronously load lazily loaded font '../../../Engine/Content/Slate/Fonts/Roboto-Light.ttf' (159K)
[2017.08.22-09.41.07:735][330]LogAIModule: Creating AISystem for world TestLevel
[2017.08.22-09.41.07:783][330]Cmd: MAP LOAD FILE="../../../../../../Users/Weilon Ying/Documents/Unreal Projects/Lucy/Climbing/Content/SideScrollerBP/Maps/TestLevel.umap" TEMPLATE=0 SHOWPROGRESS=1 FEATURELEVEL=3
[2017.08.22-09.41.07:783][330]LightingResults: New page: Lighting Build
[2017.08.22-09.41.07:784][330]LoadErrors: New page: Loading map: TestLevel.umap
[2017.08.22-09.41.07:785][330]MapCheck: New page: Map Check
[2017.08.22-09.41.07:785][330]LightingResults: New page: Lighting Build
[2017.08.22-09.41.07:816][330]LogEditorServer: Finished looking for orphan Actors (0.000 secs)
[2017.08.22-09.41.07:867][330]Cmd: MAP CHECKDEP NOCLEARLOG
[2017.08.22-09.41.07:914][330]MapCheck: Info Map check complete: 0 Error(s), 0 Warning(s), took 46.619ms to complete.
[2017.08.22-09.41.07:914][330]LogFileHelpers: Loading map 'TestLevel' took 0.132
[2017.08.22-09.41.09:231][399]LogTemp: Repeting last play command: Selected Viewport
[2017.08.22-09.41.09:274][399]LogBlueprintUserMessages: Early PlayInEditor Detection: Level '/Game/SideScrollerBP/Maps/TestLevel.TestLevel:PersistentLevel' has LevelScriptBlueprint '/Game/SideScrollerBP/Maps/TestLevel.TestLevel:PersistentLevel.TestLevel' with GeneratedClass '/Game/SideScrollerBP/Maps/TestLevel.TestLevel_C' with ClassGeneratedBy '/Game/SideScrollerBP/Maps/TestLevel.TestLevel:PersistentLevel.TestLevel'
[2017.08.22-09.41.09:274][399]LogPlayLevel: PlayLevel: No blueprints needed recompiling
[2017.08.22-09.41.09:274][399]PIE: New page: PIE session: TestLevel (23 Aug 2017 5:41:09 am)
[2017.08.22-09.41.09:274][399]LogPlayLevel: Creating play world package: /Game/SideScrollerBP/Maps/UEDPIE_0_TestLevel
[2017.08.22-09.41.09:310][399]LogPlayLevel: PIE: StaticDuplicateObject took: (0.035730s)
[2017.08.22-09.41.09:311][399]LogAIModule: Creating AISystem for world TestLevel
[2017.08.22-09.41.09:311][399]LogPlayLevel: PIE: World Init took: (0.000835s)
[2017.08.22-09.41.09:311][399]LogPlayLevel: PIE: Created PIE world by copying editor world from /Game/SideScrollerBP/Maps/TestLevel.TestLevel to /Game/SideScrollerBP/Maps/UEDPIE_0_TestLevel.TestLevel (0.036897s)
[2017.08.22-09.41.09:342][399]LogInit: XAudio2 using 'Speakers (Realtek High Definition Audio(SST))' : 2 channels at 48 kHz using 32 bits per sample (channel mask 0x3)
[2017.08.22-09.41.09:352][399]LogInit: FAudioDevice initialized.
[2017.08.22-09.41.09:405][399]LogLoad: Game class is 'SideScrollerGameMode_C'
[2017.08.22-09.41.09:409][399]LogWorld: Bringing World /Game/SideScrollerBP/Maps/UEDPIE_0_TestLevel.TestLevel up for play (max tick rate 60) at 2017.08.22-19.41.09
[2017.08.22-09.41.09:410][399]LogWorld: Bringing up level for play took: 0.004625
[2017.08.22-09.41.09:449][399]LogContentBrowser: Native class hierarchy updated for 'MovieSceneCapture' in 0.0007 seconds. Added 11 classes and 0 folders.
[2017.08.22-09.41.09:450][399]PIE: Info Play in editor start time for /Game/SideScrollerBP/Maps/UEDPIE_0_TestLevel 0.688
[2017.08.22-09.41.09:451][399]LogBlueprintUserMessages: Late PlayInEditor Detection: Level '/Game/SideScrollerBP/Maps/TestLevel.TestLevel:PersistentLevel' has LevelScriptBlueprint '/Game/SideScrollerBP/Maps/TestLevel.TestLevel:PersistentLevel.TestLevel' with GeneratedClass '/Game/SideScrollerBP/Maps/TestLevel.TestLevel_C' with ClassGeneratedBy '/Game/SideScrollerBP/Maps/TestLevel.TestLevel:PersistentLevel.TestLevel'
[2017.08.22-09.41.13:018][605]LogOutputDevice:Warning: 

Script Stack:
ElevatorSwitch1_Blueprint_C.ExecuteUbergraph_ElevatorSwitch1_Blueprint
ElevatorSwitch1_Blueprint_C.BndEvt__CollisionMesh_K2Node_ComponentBoundEvent_2_ComponentBeginOverlapSignature__DelegateSignature

[2017.08.22-09.41.13:206][605]LogStats: FPlatformStackWalk::StackWalkAndDump -  0.189 s
[2017.08.22-09.41.13:206][605]LogOutputDevice:Error: === Handled ensure: ===
[2017.08.22-09.41.13:206][605]LogOutputDevice:Error: 
[2017.08.22-09.41.13:206][605]LogOutputDevice:Error: Ensure condition failed: false [File:D:\Build\++UE4+Release-4.16+Compile\Sync\Engine\Source\Runtime\CoreUObject\Private\UObject\Obj.cpp] [Line: 787]
[2017.08.22-09.41.13:206][605]LogOutputDevice:Error: Unsupported context object of class LevelSequence (SuperClass(es) - MovieSceneSequence, MovieSceneSignedObject, Object). You must add a way to retrieve a UWorld context for this class.
[2017.08.22-09.41.13:206][605]LogOutputDevice:Error: Stack: 
[2017.08.22-09.41.13:206][605]LogOutputDevice:Error: UE4Editor-Core.dll!0x000000006907E256
[2017.08.22-09.41.13:206][605]LogOutputDevice:Error: UE4Editor-Core.dll!0x0000000068E2B862
[2017.08.22-09.41.13:206][605]LogOutputDevice:Error: UE4Editor-Core.dll!0x0000000068E41E26
[2017.08.22-09.41.13:206][605]LogOutputDevice:Error: UE4Editor-CoreUObject.dll!0x0000000076193E5D
[2017.08.22-09.41.13:206][605]LogOutputDevice:Error: UE4Editor-Engine.dll!0x0000000065373BB6
[2017.08.22-09.41.13:206][605]LogOutputDevice:Error: UE4Editor-LevelSequence.dll!0x0000000091B1CC00
[2017.08.22-09.41.13:206][605]LogOutputDevice:Error: UE4Editor-LevelSequence.dll!0x0000000091B27A07
[2017.08.22-09.41.13:206][605]LogOutputDevice:Error: UE4Editor-CoreUObject.dll!0x0000000076018734
[2017.08.22-09.41.13:206][605]LogOutputDevice:Error: UE4Editor-CoreUObject.dll!0x00000000761D6DD4
[2017.08.22-09.41.13:206][605]LogOutputDevice:Error: UE4Editor-CoreUObject.dll!0x00000000761EBDA1
[2017.08.22-09.41.13:206][605]LogOutputDevice:Error: UE4Editor-CoreUObject.dll!0x0000000076214884
[2017.08.22-09.41.13:206][605]LogOutputDevice:Error: UE4Editor-CoreUObject.dll!0x00000000761EDFD2
[2017.08.22-09.41.13:206][605]LogOutputDevice:Error: UE4Editor-CoreUObject.dll!0x00000000761D77DE
[2017.08.22-09.41.13:206][605]LogOutputDevice:Error: UE4Editor-CoreUObject.dll!0x00000000761EDFD2
[2017.08.22-09.41.13:206][605]LogOutputDevice:Error: UE4Editor-CoreUObject.dll!0x0000000076018734
[2017.08.22-09.41.13:206][605]LogOutputDevice:Error: UE4Editor-CoreUObject.dll!0x00000000761ED366
[2017.08.22-09.41.13:206][605]LogOutputDevice:Error: UE4Editor-Engine.dll!0x0000000064343F27
[2017.08.22-09.41.13:206][605]LogOutputDevice:Error: UE4Editor-Engine.dll!0x00000000642C52A9
[2017.08.22-09.41.13:206][605]LogOutputDevice:Error: UE4Editor-Engine.dll!0x00000000647FB768
[2017.08.22-09.41.13:206][605]LogOutputDevice:Error: UE4Editor-Engine.dll!0x00000000647E8BD6
[2017.08.22-09.41.13:206][605]LogOutputDevice:Error: UE4Editor-Engine.dll!0x000000006482880C
[2017.08.22-09.41.13:207][605]LogOutputDevice:Error: UE4Editor-Engine.dll!0x00000000647F8A4C
[2017.08.22-09.41.13:207][605]LogOutputDevice:Error: UE4Editor-Engine.dll!0x00000000647DEAB9
[2017.08.22-09.41.13:207][605]LogOutputDevice:Error: UE4Editor-Engine.dll!0x000000006474544A
[2017.08.22-09.41.13:207][605]LogOutputDevice:Error: UE4Editor-Engine.dll!0x000000006476B154
[2017.08.22-09.41.13:207][605]LogOutputDevice:Error: UE4Editor-Engine.dll!0x00000000646F4854
[2017.08.22-09.41.13:207][605]LogOutputDevice:Error: UE4Editor-Engine.dll!0x0000000064728665
[2017.08.22-09.41.13:207][605]LogOutputDevice:Error: UE4Editor-Engine.dll!0x00000000652F36EB
[2017.08.22-09.41.13:207][605]LogOutputDevice:Error: UE4Editor-Engine.dll!0x00000000652FA0CB
[2017.08.22-09.41.13:207][605]LogOutputDevice:Error: UE4Editor-Core.dll!0x0000000068CF4D8C
[2017.08.22-09.41.13:207][605]LogOutputDevice:Error: UE4Editor-Core.dll!0x0000000068CF51AD
[2017.08.22-09.41.13:207][605]LogOutputDevice:Error: UE4Editor-Core.dll!0x0000000068D0FA06
[2017.08.22-09.41.13:207][605]LogOutputDevice:Error: UE4Editor-Engine.dll!0x00000000653165B2
[2017.08.22-09.41.13:207][605]LogOutputDevice:Error: UE4Editor-Engine.dll!0x000000006531BB12
[2017.08.22-09.41.13:207][605]LogOutputDevice:Error: UE4Editor-Engine.dll!0x0000000064C3E464
[2017.08.22-09.41.13:207][605]LogOutputDevice:Error: UE4Editor-Engine.dll!0x0000000064C4652F
[2017.08.22-09.41.13:207][605]LogOutputDevice:Error: UE4Editor-UnrealEd.dll!0x0000000062E53973
[2017.08.22-09.41.13:207][605]LogOutputDevice:Error: UE4Editor-UnrealEd.dll!0x0000000063678D76
[2017.08.22-09.41.13:207][605]LogOutputDevice:Error: UE4Editor.exe!0x00000000A2BFE2B2
[2017.08.22-09.41.13:207][605]LogOutputDevice:Error: UE4Editor.exe!0x00000000A2BEF0B0
[2017.08.22-09.41.13:207][605]LogOutputDevice:Error: UE4Editor.exe!0x00000000A2BEF12A
[2017.08.22-09.41.13:207][605]LogOutputDevice:Error: UE4Editor.exe!0x00000000A2C00CF9
[2017.08.22-09.41.13:207][605]LogOutputDevice:Error: UE4Editor.exe!0x00000000A2C025F7
[2017.08.22-09.41.13:207][605]LogOutputDevice:Error: KERNEL32.DLL!0x00000000C0422774
[2017.08.22-09.41.13:207][605]LogOutputDevice:Error: ntdll.dll!0x00000000C2DE0D51
[2017.08.22-09.41.13:207][605]LogOutputDevice:Error: 
[2017.08.22-09.41.13:211][605]LogStats:                SubmitErrorReport -  0.000 s
[2017.08.22-09.41.13:431][605]LogStats:                    SendNewReport -  0.220 s
[2017.08.22-09.41.13:431][605]LogStats:             FDebug::EnsureFailed -  0.413 s
[2017.08.22-09.41.17:556][846]LogBlueprintUserMessages: Early EndPlayMap Detection: Level '/Game/SideScrollerBP/Maps/TestLevel.TestLevel:PersistentLevel' has LevelScriptBlueprint '/Game/SideScrollerBP/Maps/TestLevel.TestLevel:PersistentLevel.TestLevel' with GeneratedClass '/Game/SideScrollerBP/Maps/TestLevel.TestLevel_C' with ClassGeneratedBy '/Game/SideScrollerBP/Maps/TestLevel.TestLevel:PersistentLevel.TestLevel'
[2017.08.22-09.41.17:596][846]LogBlueprintUserMessages: Late EndPlayMap Detection: Level '/Game/SideScrollerBP/Maps/TestLevel.TestLevel:PersistentLevel' has LevelScriptBlueprint '/Game/SideScrollerBP/Maps/TestLevel.TestLevel:PersistentLevel.TestLevel' with GeneratedClass '/Game/SideScrollerBP/Maps/TestLevel.TestLevel_C' with ClassGeneratedBy '/Game/SideScrollerBP/Maps/TestLevel.TestLevel:PersistentLevel.TestLevel'
[2017.08.22-09.41.18:274][885]LogTemp: Repeting last play command: Selected Viewport
[2017.08.22-09.41.18:294][885]LogBlueprintUserMessages: Early PlayInEditor Detection: Level '/Game/SideScrollerBP/Maps/TestLevel.TestLevel:PersistentLevel' has LevelScriptBlueprint '/Game/SideScrollerBP/Maps/TestLevel.TestLevel:PersistentLevel.TestLevel' with GeneratedClass '/Game/SideScrollerBP/Maps/TestLevel.TestLevel_C' with ClassGeneratedBy '/Game/SideScrollerBP/Maps/TestLevel.TestLevel:PersistentLevel.TestLevel'
[2017.08.22-09.41.18:294][885]LogPlayLevel: PlayLevel: No blueprints needed recompiling
[2017.08.22-09.41.18:295][885]PIE: New page: PIE session: TestLevel (23 Aug 2017 5:41:18 am)
[2017.08.22-09.41.18:295][885]LogPlayLevel: Creating play world package: /Game/SideScrollerBP/Maps/UEDPIE_0_TestLevel
[2017.08.22-09.41.18:323][885]LogPlayLevel: PIE: StaticDuplicateObject took: (0.028016s)
[2017.08.22-09.41.18:323][885]LogAIModule: Creating AISystem for world TestLevel
[2017.08.22-09.41.18:324][885]LogPlayLevel: PIE: World Init took: (0.000927s)
[2017.08.22-09.41.18:324][885]LogPlayLevel: PIE: Created PIE world by copying editor world from /Game/SideScrollerBP/Maps/TestLevel.TestLevel to /Game/SideScrollerBP/Maps/UEDPIE_0_TestLevel.TestLevel (0.029283s)
[2017.08.22-09.41.18:350][885]LogInit: XAudio2 using 'Speakers (Realtek High Definition Audio(SST))' : 2 channels at 48 kHz using 32 bits per sample (channel mask 0x3)
[2017.08.22-09.41.18:360][885]LogInit: FAudioDevice initialized.
[2017.08.22-09.41.18:395][885]LogLoad: Game class is 'SideScrollerGameMode_C'
[2017.08.22-09.41.18:400][885]LogWorld: Bringing World /Game/SideScrollerBP/Maps/UEDPIE_0_TestLevel.TestLevel up for play (max tick rate 60) at 2017.08.22-19.41.18
[2017.08.22-09.41.18:401][885]LogWorld: Bringing up level for play took: 0.005485
[2017.08.22-09.41.18:402][885]PIE: Info Play in editor start time for /Game/SideScrollerBP/Maps/UEDPIE_0_TestLevel -0.361
[2017.08.22-09.41.18:402][885]LogBlueprintUserMessages: Late PlayInEditor Detection: Level '/Game/SideScrollerBP/Maps/TestLevel.TestLevel:PersistentLevel' has LevelScriptBlueprint '/Game/SideScrollerBP/Maps/TestLevel.TestLevel:PersistentLevel.TestLevel' with GeneratedClass '/Game/SideScrollerBP/Maps/TestLevel.TestLevel_C' with ClassGeneratedBy '/Game/SideScrollerBP/Maps/TestLevel.TestLevel:PersistentLevel.TestLevel'
[2017.08.22-09.41.40:413][867]LogBlueprintUserMessages: Early EndPlayMap Detection: Level '/Game/SideScrollerBP/Maps/TestLevel.TestLevel:PersistentLevel' has LevelScriptBlueprint '/Game/SideScrollerBP/Maps/TestLevel.TestLevel:PersistentLevel.TestLevel' with GeneratedClass '/Game/SideScrollerBP/Maps/TestLevel.TestLevel_C' with ClassGeneratedBy '/Game/SideScrollerBP/Maps/TestLevel.TestLevel:PersistentLevel.TestLevel'
[2017.08.22-09.41.40:466][867]LogBlueprintUserMessages: Late EndPlayMap Detection: Level '/Game/SideScrollerBP/Maps/TestLevel.TestLevel:PersistentLevel' has LevelScriptBlueprint '/Game/SideScrollerBP/Maps/TestLevel.TestLevel:PersistentLevel.TestLevel' with GeneratedClass '/Game/SideScrollerBP/Maps/TestLevel.TestLevel_C' with ClassGeneratedBy '/Game/SideScrollerBP/Maps/TestLevel.TestLevel:PersistentLevel.TestLevel'
[2017.08.22-09.41.41:659][915]LogEditorViewport: Clicking on Actor (LMB): StaticMeshActor (Elevator_Top)
[2017.08.22-09.41.46:705][115]LogEditorViewport: Clicking on Actor (LMB): LevelSequenceActor (Elevator2Anim)
[2017.08.22-09.41.50:913][283]LogTemp: Repeting last play command: Selected Viewport
[2017.08.22-09.41.50:934][283]LogBlueprintUserMessages: Early PlayInEditor Detection: Level '/Game/SideScrollerBP/Maps/TestLevel.TestLevel:PersistentLevel' has LevelScriptBlueprint '/Game/SideScrollerBP/Maps/TestLevel.TestLevel:PersistentLevel.TestLevel' with GeneratedClass '/Game/SideScrollerBP/Maps/TestLevel.TestLevel_C' with ClassGeneratedBy '/Game/SideScrollerBP/Maps/TestLevel.TestLevel:PersistentLevel.TestLevel'
[2017.08.22-09.41.50:934][283]LogPlayLevel: PlayLevel: No blueprints needed recompiling
[2017.08.22-09.41.50:934][283]PIE: New page: PIE session: TestLevel (23 Aug 2017 5:41:50 am)
[2017.08.22-09.41.50:934][283]LogPlayLevel: Creating play world package: /Game/SideScrollerBP/Maps/UEDPIE_0_TestLevel
[2017.08.22-09.41.50:963][283]LogPlayLevel: PIE: StaticDuplicateObject took: (0.028794s)
[2017.08.22-09.41.50:965][283]LogAIModule: Creating AISystem for world TestLevel
[2017.08.22-09.41.50:965][283]LogPlayLevel: PIE: World Init took: (0.002328s)
[2017.08.22-09.41.50:967][283]LogPlayLevel: PIE: Created PIE world by copying editor world from /Game/SideScrollerBP/Maps/TestLevel.TestLevel to /Game/SideScrollerBP/Maps/UEDPIE_0_TestLevel.TestLevel (0.031972s)
[2017.08.22-09.41.50:998][283]LogInit: XAudio2 using 'Speakers (Realtek High Definition Audio(SST))' : 2 channels at 48 kHz using 32 bits per sample (channel mask 0x3)
[2017.08.22-09.41.51:007][283]LogInit: FAudioDevice initialized.
[2017.08.22-09.41.51:039][283]LogLoad: Game class is 'SideScrollerGameMode_C'
[2017.08.22-09.41.51:044][283]LogWorld: Bringing World /Game/SideScrollerBP/Maps/UEDPIE_0_TestLevel.TestLevel up for play (max tick rate 60) at 2017.08.22-19.41.51
[2017.08.22-09.41.51:044][283]LogWorld: Bringing up level for play took: 0.004503
[2017.08.22-09.41.51:046][283]PIE: Info Play in editor start time for /Game/SideScrollerBP/Maps/UEDPIE_0_TestLevel 0.283
[2017.08.22-09.41.51:046][283]LogBlueprintUserMessages: Late PlayInEditor Detection: Level '/Game/SideScrollerBP/Maps/TestLevel.TestLevel:PersistentLevel' has LevelScriptBlueprint '/Game/SideScrollerBP/Maps/TestLevel.TestLevel:PersistentLevel.TestLevel' with GeneratedClass '/Game/SideScrollerBP/Maps/TestLevel.TestLevel_C' with ClassGeneratedBy '/Game/SideScrollerBP/Maps/TestLevel.TestLevel:PersistentLevel.TestLevel'
[2017.08.22-09.42.07:929][989]LogBlueprintUserMessages: Early EndPlayMap Detection: Level '/Game/SideScrollerBP/Maps/TestLevel.TestLevel:PersistentLevel' has LevelScriptBlueprint '/Game/SideScrollerBP/Maps/TestLevel.TestLevel:PersistentLevel.TestLevel' with GeneratedClass '/Game/SideScrollerBP/Maps/TestLevel.TestLevel_C' with ClassGeneratedBy '/Game/SideScrollerBP/Maps/TestLevel.TestLevel:PersistentLevel.TestLevel'
[2017.08.22-09.42.07:993][989]LogBlueprintUserMessages: Late EndPlayMap Detection: Level '/Game/SideScrollerBP/Maps/TestLevel.TestLevel:PersistentLevel' has LevelScriptBlueprint '/Game/SideScrollerBP/Maps/TestLevel.TestLevel:PersistentLevel.TestLevel' with GeneratedClass '/Game/SideScrollerBP/Maps/TestLevel.TestLevel_C' with ClassGeneratedBy '/Game/SideScrollerBP/Maps/TestLevel.TestLevel:PersistentLevel.TestLevel'
[2017.08.22-09.42.11:075][112]LogEditorViewport: Clicking on Actor (LMB): ElevatorSwitch1_Blueprint_C (ElevatorSwitch1_Blueprint)
[2017.08.22-09.42.13:296][186]LogContentBrowser: Native class hierarchy updated for 'BlueprintGraph' in 0.0010 seconds. Added 112 classes and 0 folders.
[2017.08.22-09.42.13:918][186]LogSlate: Took 0.000239 seconds to synchronously load lazily loaded font '../../../Engine/Content/Editor/Slate/Fonts/Roboto-BoldCondensed.ttf' (158K)
[2017.08.22-09.42.13:988][187]LogSlate: Took 0.000348 seconds to synchronously load lazily loaded font '../../../Engine/Content/Editor/Slate/Fonts/Roboto-Italic.ttf' (157K)
[2017.08.22-09.42.18:042][325]LogEditorViewport: Clicking on Actor (LMB): LevelSequenceActor (Elevator2Anim)
[2017.08.22-09.44.06:081][655]LogSavePackage: Save=35.87ms
[2017.08.22-09.44.06:081][655]LogSavePackage: Moving '../../../../../../Users/Weilon Ying/Documents/Unreal Projects/Lucy/Climbing/Saved/ElevatorSwitch1_BlueprintE10B99534C2EAE6B70070FA70E125C1E.tmp' to '../../../../../../Users/Weilon Ying/Documents/Unreal Projects/Lucy/Climbing/Content/SideScrollerBP/Actors/ElevatorSwitch1_Blueprint.uasset'
[2017.08.22-09.44.06:088][655]LogSavePackage:Display: Finished SavePackage ../../../../../../Users/Weilon Ying/Documents/Unreal Projects/Lucy/Climbing/Content/SideScrollerBP/Actors/ElevatorSwitch1_Blueprint.uasset
[2017.08.22-09.44.11:139][950]LogSavePackage: Save=62.68ms
[2017.08.22-09.44.11:139][950]LogSavePackage: Moving '../../../../../../Users/Weilon Ying/Documents/Unreal Projects/Lucy/Climbing/Saved/ElevatorSwitch1_BlueprintCC55D6AD4307B7A058F3B490C64EE870.tmp' to '../../../../../../Users/Weilon Ying/Documents/Unreal Projects/Lucy/Climbing/Content/SideScrollerBP/Actors/ElevatorSwitch1_Blueprint.uasset'
[2017.08.22-09.44.11:143][950]LogSavePackage:Display: Finished SavePackage ../../../../../../Users/Weilon Ying/Documents/Unreal Projects/Lucy/Climbing/Content/SideScrollerBP/Actors/ElevatorSwitch1_Blueprint.uasset
[2017.08.22-09.44.12:269][ 12]LogTemp: Repeting last play command: Selected Viewport
[2017.08.22-09.44.12:301][ 12]LogBlueprintUserMessages: Early PlayInEditor Detection: Level '/Game/SideScrollerBP/Maps/TestLevel.TestLevel:PersistentLevel' has LevelScriptBlueprint '/Game/SideScrollerBP/Maps/TestLevel.TestLevel:PersistentLevel.TestLevel' with GeneratedClass '/Game/SideScrollerBP/Maps/TestLevel.TestLevel_C' with ClassGeneratedBy '/Game/SideScrollerBP/Maps/TestLevel.TestLevel:PersistentLevel.TestLevel'
[2017.08.22-09.44.12:301][ 12]BlueprintLog: New page: Pre-Play auto-recompile
[2017.08.22-09.44.12:301][ 12]LogPlayLevel: [PlayLevel] Compiling ElevatorSwitch1_Blueprint before play...
[2017.08.22-09.44.12:475][ 12]LogPlayLevel: PlayLevel: Blueprint regeneration took 174 ms (1 blueprints)
[2017.08.22-09.44.12:475][ 12]PIE: New page: PIE session: TestLevel (23 Aug 2017 5:44:12 am)
[2017.08.22-09.44.12:475][ 12]LogPlayLevel: Creating play world package: /Game/SideScrollerBP/Maps/UEDPIE_0_TestLevel
[2017.08.22-09.44.12:501][ 12]LogPlayLevel: PIE: StaticDuplicateObject took: (0.026114s)
[2017.08.22-09.44.12:502][ 12]LogAIModule: Creating AISystem for world TestLevel
[2017.08.22-09.44.12:503][ 12]LogPlayLevel: PIE: World Init took: (0.001043s)
[2017.08.22-09.44.12:503][ 12]LogPlayLevel: PIE: Created PIE world by copying editor world from /Game/SideScrollerBP/Maps/TestLevel.TestLevel to /Game/SideScrollerBP/Maps/UEDPIE_0_TestLevel.TestLevel (0.027540s)
[2017.08.22-09.44.12:541][ 12]LogInit: XAudio2 using 'Speakers (Realtek High Definition Audio(SST))' : 2 channels at 48 kHz using 32 bits per sample (channel mask 0x3)
[2017.08.22-09.44.12:550][ 12]LogInit: FAudioDevice initialized.
[2017.08.22-09.44.12:581][ 12]LogLoad: Game class is 'SideScrollerGameMode_C'
[2017.08.22-09.44.12:586][ 12]LogWorld: Bringing World /Game/SideScrollerBP/Maps/UEDPIE_0_TestLevel.TestLevel up for play (max tick rate 60) at 2017.08.22-19.44.12
[2017.08.22-09.44.12:587][ 12]LogWorld: Bringing up level for play took: 0.004902
[2017.08.22-09.44.12:588][ 12]PIE: Info Play in editor start time for /Game/SideScrollerBP/Maps/UEDPIE_0_TestLevel -0.174
[2017.08.22-09.44.12:588][ 12]LogBlueprintUserMessages: Late PlayInEditor Detection: Level '/Game/SideScrollerBP/Maps/TestLevel.TestLevel:PersistentLevel' has LevelScriptBlueprint '/Game/SideScrollerBP/Maps/TestLevel.TestLevel:PersistentLevel.TestLevel' with GeneratedClass '/Game/SideScrollerBP/Maps/TestLevel.TestLevel_C' with ClassGeneratedBy '/Game/SideScrollerBP/Maps/TestLevel.TestLevel:PersistentLevel.TestLevel'
[2017.08.22-09.44.15:994][215]LogCharacterMovement: SideScrollerCharacter_78 is stuck and failed to move! Velocity: X=0.00 Y=-13.15 Z=0.00 Location: X=1200.00 Y=-11173.13 Z=220.19 Normal: X=0.00 Y=0.00 Z=-1.00 PenetrationDepth:0.080 Actor:Elevator_Bottom_8 Component:StaticMeshComponent0 BoneName:None (0 other events since notify)
[2017.08.22-09.44.30:850][876]LogBlueprintUserMessages: Early EndPlayMap Detection: Level '/Game/SideScrollerBP/Maps/TestLevel.TestLevel:PersistentLevel' has LevelScriptBlueprint '/Game/SideScrollerBP/Maps/TestLevel.TestLevel:PersistentLevel.TestLevel' with GeneratedClass '/Game/SideScrollerBP/Maps/TestLevel.TestLevel_C' with ClassGeneratedBy '/Game/SideScrollerBP/Maps/TestLevel.TestLevel:PersistentLevel.TestLevel'
[2017.08.22-09.44.30:919][876]LogBlueprintUserMessages: Late EndPlayMap Detection: Level '/Game/SideScrollerBP/Maps/TestLevel.TestLevel:PersistentLevel' has LevelScriptBlueprint '/Game/SideScrollerBP/Maps/TestLevel.TestLevel:PersistentLevel.TestLevel' with GeneratedClass '/Game/SideScrollerBP/Maps/TestLevel.TestLevel_C' with ClassGeneratedBy '/Game/SideScrollerBP/Maps/TestLevel.TestLevel:PersistentLevel.TestLevel'
[2017.08.22-09.44.32:566][941]LogTemp: Repeting last play command: Selected Viewport
[2017.08.22-09.44.32:586][941]LogBlueprintUserMessages: Early PlayInEditor Detection: Level '/Game/SideScrollerBP/Maps/TestLevel.TestLevel:PersistentLevel' has LevelScriptBlueprint '/Game/SideScrollerBP/Maps/TestLevel.TestLevel:PersistentLevel.TestLevel' with GeneratedClass '/Game/SideScrollerBP/Maps/TestLevel.TestLevel_C' with ClassGeneratedBy '/Game/SideScrollerBP/Maps/TestLevel.TestLevel:PersistentLevel.TestLevel'
[2017.08.22-09.44.32:587][941]LogPlayLevel: PlayLevel: No blueprints needed recompiling
[2017.08.22-09.44.32:587][941]PIE: New page: PIE session: TestLevel (23 Aug 2017 5:44:32 am)
[2017.08.22-09.44.32:587][941]LogPlayLevel: Creating play world package: /Game/SideScrollerBP/Maps/UEDPIE_0_TestLevel
[2017.08.22-09.44.32:617][941]LogPlayLevel: PIE: StaticDuplicateObject took: (0.030186s)
[2017.08.22-09.44.32:618][941]LogAIModule: Creating AISystem for world TestLevel
[2017.08.22-09.44.32:618][941]LogPlayLevel: PIE: World Init took: (0.001019s)
[2017.08.22-09.44.32:618][941]LogPlayLevel: PIE: Created PIE world by copying editor world from /Game/SideScrollerBP/Maps/TestLevel.TestLevel to /Game/SideScrollerBP/Maps/UEDPIE_0_TestLevel.TestLevel (0.031606s)
[2017.08.22-09.44.32:669][941]LogInit: XAudio2 using 'Speakers (Realtek High Definition Audio(SST))' : 2 channels at 48 kHz using 32 bits per sample (channel mask 0x3)
[2017.08.22-09.44.32:679][941]LogInit: FAudioDevice initialized.
[2017.08.22-09.44.32:712][941]LogLoad: Game class is 'SideScrollerGameMode_C'
[2017.08.22-09.44.32:716][941]LogWorld: Bringing World /Game/SideScrollerBP/Maps/UEDPIE_0_TestLevel.TestLevel up for play (max tick rate 60) at 2017.08.22-19.44.32
[2017.08.22-09.44.32:717][941]LogWorld: Bringing up level for play took: 0.004942
[2017.08.22-09.44.32:718][941]PIE: Info Play in editor start time for /Game/SideScrollerBP/Maps/UEDPIE_0_TestLevel -0.044
[2017.08.22-09.44.32:718][941]LogBlueprintUserMessages: Late PlayInEditor Detection: Level '/Game/SideScrollerBP/Maps/TestLevel.TestLevel:PersistentLevel' has LevelScriptBlueprint '/Game/SideScrollerBP/Maps/TestLevel.TestLevel:PersistentLevel.TestLevel' with GeneratedClass '/Game/SideScrollerBP/Maps/TestLevel.TestLevel_C' with ClassGeneratedBy '/Game/SideScrollerBP/Maps/TestLevel.TestLevel:PersistentLevel.TestLevel'
[2017.08.22-09.44.45:211][464]Cmd: LevelEditor.ToggleImmersive
[2017.08.22-09.44.45:361][465]LogRenderer: Reallocating scene render targets to support 1348x872 NumSamples 1 (Frame:525).
[2017.08.22-09.44.45:417][466]LogRenderer: Reallocating scene render targets to support 1500x960 NumSamples 1 (Frame:527).
[2017.08.22-09.45.09:634][914]LogBlueprintUserMessages: Early EndPlayMap Detection: Level '/Game/SideScrollerBP/Maps/TestLevel.TestLevel:PersistentLevel' has LevelScriptBlueprint '/Game/SideScrollerBP/Maps/TestLevel.TestLevel:PersistentLevel.TestLevel' with GeneratedClass '/Game/SideScrollerBP/Maps/TestLevel.TestLevel_C' with ClassGeneratedBy '/Game/SideScrollerBP/Maps/TestLevel.TestLevel:PersistentLevel.TestLevel'
[2017.08.22-09.45.09:713][914]LogBlueprintUserMessages: Late EndPlayMap Detection: Level '/Game/SideScrollerBP/Maps/TestLevel.TestLevel:PersistentLevel' has LevelScriptBlueprint '/Game/SideScrollerBP/Maps/TestLevel.TestLevel:PersistentLevel.TestLevel' with GeneratedClass '/Game/SideScrollerBP/Maps/TestLevel.TestLevel_C' with ClassGeneratedBy '/Game/SideScrollerBP/Maps/TestLevel.TestLevel:PersistentLevel.TestLevel'
[2017.08.22-09.45.15:142][204]LogTemp: Repeting last play command: Selected Viewport
[2017.08.22-09.45.15:163][204]LogBlueprintUserMessages: Early PlayInEditor Detection: Level '/Game/SideScrollerBP/Maps/TestLevel.TestLevel:PersistentLevel' has LevelScriptBlueprint '/Game/SideScrollerBP/Maps/TestLevel.TestLevel:PersistentLevel.TestLevel' with GeneratedClass '/Game/SideScrollerBP/Maps/TestLevel.TestLevel_C' with ClassGeneratedBy '/Game/SideScrollerBP/Maps/TestLevel.TestLevel:PersistentLevel.TestLevel'
[2017.08.22-09.45.15:163][204]LogPlayLevel: PlayLevel: No blueprints needed recompiling
[2017.08.22-09.45.15:163][204]PIE: New page: PIE session: TestLevel (23 Aug 2017 5:45:15 am)
[2017.08.22-09.45.15:164][204]LogPlayLevel: Creating play world package: /Game/SideScrollerBP/Maps/UEDPIE_0_TestLevel
[2017.08.22-09.45.15:194][204]LogPlayLevel: PIE: StaticDuplicateObject took: (0.030319s)
[2017.08.22-09.45.15:195][204]LogAIModule: Creating AISystem for world TestLevel
[2017.08.22-09.45.15:195][204]LogPlayLevel: PIE: World Init took: (0.001376s)
[2017.08.22-09.45.15:196][204]LogPlayLevel: PIE: Created PIE world by copying editor world from /Game/SideScrollerBP/Maps/TestLevel.TestLevel to /Game/SideScrollerBP/Maps/UEDPIE_0_TestLevel.TestLevel (0.032258s)
[2017.08.22-09.45.15:240][204]LogInit: XAudio2 using 'Speakers (Realtek High Definition Audio(SST))' : 2 channels at 48 kHz using 32 bits per sample (channel mask 0x3)
[2017.08.22-09.45.15:250][204]LogInit: FAudioDevice initialized.
[2017.08.22-09.45.15:281][204]LogLoad: Game class is 'SideScrollerGameMode_C'
[2017.08.22-09.45.15:286][204]LogWorld: Bringing World /Game/SideScrollerBP/Maps/UEDPIE_0_TestLevel.TestLevel up for play (max tick rate 60) at 2017.08.22-19.45.15
[2017.08.22-09.45.15:286][204]LogWorld: Bringing up level for play took: 0.004648
[2017.08.22-09.45.15:287][204]PIE: Info Play in editor start time for /Game/SideScrollerBP/Maps/UEDPIE_0_TestLevel 0.525
[2017.08.22-09.45.15:288][204]LogBlueprintUserMessages: Late PlayInEditor Detection: Level '/Game/SideScrollerBP/Maps/TestLevel.TestLevel:PersistentLevel' has LevelScriptBlueprint '/Game/SideScrollerBP/Maps/TestLevel.TestLevel:PersistentLevel.TestLevel' with GeneratedClass '/Game/SideScrollerBP/Maps/TestLevel.TestLevel_C' with ClassGeneratedBy '/Game/SideScrollerBP/Maps/TestLevel.TestLevel:PersistentLevel.TestLevel'
[2017.08.22-09.45.17:534][295]Cmd: LevelEditor.ToggleImmersive
[2017.08.22-09.45.29:524][  4]LogBlueprintUserMessages: Early EndPlayMap Detection: Level '/Game/SideScrollerBP/Maps/TestLevel.TestLevel:PersistentLevel' has LevelScriptBlueprint '/Game/SideScrollerBP/Maps/TestLevel.TestLevel:PersistentLevel.TestLevel' with GeneratedClass '/Game/SideScrollerBP/Maps/TestLevel.TestLevel_C' with ClassGeneratedBy '/Game/SideScrollerBP/Maps/TestLevel.TestLevel:PersistentLevel.TestLevel'
[2017.08.22-09.45.29:600][  4]LogBlueprintUserMessages: Late EndPlayMap Detection: Level '/Game/SideScrollerBP/Maps/TestLevel.TestLevel:PersistentLevel' has LevelScriptBlueprint '/Game/SideScrollerBP/Maps/TestLevel.TestLevel:PersistentLevel.TestLevel' with GeneratedClass '/Game/SideScrollerBP/Maps/TestLevel.TestLevel_C' with ClassGeneratedBy '/Game/SideScrollerBP/Maps/TestLevel.TestLevel:PersistentLevel.TestLevel'
[2017.08.22-09.47.46:079][392]LogSavePackage: Save=37.56ms
[2017.08.22-09.47.46:079][392]LogSavePackage: Moving '../../../../../../Users/Weilon Ying/Documents/Unreal Projects/Lucy/Climbing/Saved/ElevatorSwitch1_BlueprintAB81ADD546F7FBB5D33261989C0A97CA.tmp' to '../../../../../../Users/Weilon Ying/Documents/Unreal Projects/Lucy/Climbing/Content/SideScrollerBP/Actors/ElevatorSwitch1_Blueprint.uasset'
[2017.08.22-09.47.46:083][392]LogSavePackage:Display: Finished SavePackage ../../../../../../Users/Weilon Ying/Documents/Unreal Projects/Lucy/Climbing/Content/SideScrollerBP/Actors/ElevatorSwitch1_Blueprint.uasset
[2017.08.22-09.47.47:477][475]LogTemp: Repeting last play command: Selected Viewport
[2017.08.22-09.47.47:497][475]LogBlueprintUserMessages: Early PlayInEditor Detection: Level '/Game/SideScrollerBP/Maps/TestLevel.TestLevel:PersistentLevel' has LevelScriptBlueprint '/Game/SideScrollerBP/Maps/TestLevel.TestLevel:PersistentLevel.TestLevel' with GeneratedClass '/Game/SideScrollerBP/Maps/TestLevel.TestLevel_C' with ClassGeneratedBy '/Game/SideScrollerBP/Maps/TestLevel.TestLevel:PersistentLevel.TestLevel'
[2017.08.22-09.47.47:497][475]BlueprintLog: New page: Pre-Play auto-recompile
[2017.08.22-09.47.47:497][475]LogPlayLevel: [PlayLevel] Compiling ElevatorSwitch1_Blueprint before play...
[2017.08.22-09.47.47:628][475]LogPlayLevel: PlayLevel: Blueprint regeneration took 131 ms (1 blueprints)
[2017.08.22-09.47.47:629][475]PIE: New page: PIE session: TestLevel (23 Aug 2017 5:47:47 am)
[2017.08.22-09.47.47:629][475]LogPlayLevel: Creating play world package: /Game/SideScrollerBP/Maps/UEDPIE_0_TestLevel
[2017.08.22-09.47.47:655][475]LogPlayLevel: PIE: StaticDuplicateObject took: (0.026272s)
[2017.08.22-09.47.47:656][475]LogAIModule: Creating AISystem for world TestLevel
[2017.08.22-09.47.47:656][475]LogPlayLevel: PIE: World Init took: (0.001205s)
[2017.08.22-09.47.47:656][475]LogPlayLevel: PIE: Created PIE world by copying editor world from /Game/SideScrollerBP/Maps/TestLevel.TestLevel to /Game/SideScrollerBP/Maps/UEDPIE_0_TestLevel.TestLevel (0.027785s)
[2017.08.22-09.47.47:699][475]LogInit: XAudio2 using 'Speakers (Realtek High Definition Audio(SST))' : 2 channels at 48 kHz using 32 bits per sample (channel mask 0x3)
[2017.08.22-09.47.47:709][475]LogInit: FAudioDevice initialized.
[2017.08.22-09.47.47:741][475]LogLoad: Game class is 'SideScrollerGameMode_C'
[2017.08.22-09.47.47:746][475]LogWorld: Bringing World /Game/SideScrollerBP/Maps/UEDPIE_0_TestLevel.TestLevel up for play (max tick rate 60) at 2017.08.22-19.47.47
[2017.08.22-09.47.47:747][475]LogWorld: Bringing up level for play took: 0.005422
[2017.08.22-09.47.47:748][475]PIE: Info Play in editor start time for /Game/SideScrollerBP/Maps/UEDPIE_0_TestLevel 0.986
[2017.08.22-09.47.47:749][475]LogBlueprintUserMessages: Late PlayInEditor Detection: Level '/Game/SideScrollerBP/Maps/TestLevel.TestLevel:PersistentLevel' has LevelScriptBlueprint '/Game/SideScrollerBP/Maps/TestLevel.TestLevel:PersistentLevel.TestLevel' with GeneratedClass '/Game/SideScrollerBP/Maps/TestLevel.TestLevel_C' with ClassGeneratedBy '/Game/SideScrollerBP/Maps/TestLevel.TestLevel:PersistentLevel.TestLevel'
[2017.08.22-09.47.50:560][633]LogBlueprintUserMessages: Early EndPlayMap Detection: Level '/Game/SideScrollerBP/Maps/TestLevel.TestLevel:PersistentLevel' has LevelScriptBlueprint '/Game/SideScrollerBP/Maps/TestLevel.TestLevel:PersistentLevel.TestLevel' with GeneratedClass '/Game/SideScrollerBP/Maps/TestLevel.TestLevel_C' with ClassGeneratedBy '/Game/SideScrollerBP/Maps/TestLevel.TestLevel:PersistentLevel.TestLevel'
[2017.08.22-09.47.50:612][633]LogBlueprintUserMessages: Late EndPlayMap Detection: Level '/Game/SideScrollerBP/Maps/TestLevel.TestLevel:PersistentLevel' has LevelScriptBlueprint '/Game/SideScrollerBP/Maps/TestLevel.TestLevel:PersistentLevel.TestLevel' with GeneratedClass '/Game/SideScrollerBP/Maps/TestLevel.TestLevel_C' with ClassGeneratedBy '/Game/SideScrollerBP/Maps/TestLevel.TestLevel:PersistentLevel.TestLevel'
[2017.08.22-09.48.30:218][930]LogSavePackage: Save=34.32ms
[2017.08.22-09.48.30:218][930]LogSavePackage: Moving '../../../../../../Users/Weilon Ying/Documents/Unreal Projects/Lucy/Climbing/Saved/ElevatorSwitch1_Blueprint4C2F32454F8E66B5389B21B5471BD1E2.tmp' to '../../../../../../Users/Weilon Ying/Documents/Unreal Projects/Lucy/Climbing/Content/SideScrollerBP/Actors/ElevatorSwitch1_Blueprint.uasset'
[2017.08.22-09.48.30:222][930]LogSavePackage:Display: Finished SavePackage ../../../../../../Users/Weilon Ying/Documents/Unreal Projects/Lucy/Climbing/Content/SideScrollerBP/Actors/ElevatorSwitch1_Blueprint.uasset
[2017.08.22-09.48.31:882][ 29]LogTemp: Repeting last play command: Selected Viewport
[2017.08.22-09.48.31:902][ 29]LogBlueprintUserMessages: Early PlayInEditor Detection: Level '/Game/SideScrollerBP/Maps/TestLevel.TestLevel:PersistentLevel' has LevelScriptBlueprint '/Game/SideScrollerBP/Maps/TestLevel.TestLevel:PersistentLevel.TestLevel' with GeneratedClass '/Game/SideScrollerBP/Maps/TestLevel.TestLevel_C' with ClassGeneratedBy '/Game/SideScrollerBP/Maps/TestLevel.TestLevel:PersistentLevel.TestLevel'
[2017.08.22-09.48.31:902][ 29]BlueprintLog: New page: Pre-Play auto-recompile
[2017.08.22-09.48.31:902][ 29]LogPlayLevel: [PlayLevel] Compiling ElevatorSwitch1_Blueprint before play...
[2017.08.22-09.48.32:031][ 29]LogPlayLevel: PlayLevel: Blueprint regeneration took 128 ms (1 blueprints)
[2017.08.22-09.48.32:031][ 29]PIE: New page: PIE session: TestLevel (23 Aug 2017 5:48:32 am)
[2017.08.22-09.48.32:031][ 29]LogPlayLevel: Creating play world package: /Game/SideScrollerBP/Maps/UEDPIE_0_TestLevel
[2017.08.22-09.48.32:056][ 29]LogPlayLevel: PIE: StaticDuplicateObject took: (0.024937s)
[2017.08.22-09.48.32:057][ 29]LogAIModule: Creating AISystem for world TestLevel
[2017.08.22-09.48.32:057][ 29]LogPlayLevel: PIE: World Init took: (0.001515s)
[2017.08.22-09.48.32:058][ 29]LogPlayLevel: PIE: Created PIE world by copying editor world from /Game/SideScrollerBP/Maps/TestLevel.TestLevel to /Game/SideScrollerBP/Maps/UEDPIE_0_TestLevel.TestLevel (0.026982s)
[2017.08.22-09.48.32:102][ 29]LogInit: XAudio2 using 'Speakers (Realtek High Definition Audio(SST))' : 2 channels at 48 kHz using 32 bits per sample (channel mask 0x3)
[2017.08.22-09.48.32:111][ 29]LogInit: FAudioDevice initialized.
[2017.08.22-09.48.32:147][ 29]LogLoad: Game class is 'SideScrollerGameMode_C'
[2017.08.22-09.48.32:152][ 29]LogWorld: Bringing World /Game/SideScrollerBP/Maps/UEDPIE_0_TestLevel.TestLevel up for play (max tick rate 60) at 2017.08.22-19.48.32
[2017.08.22-09.48.32:153][ 29]LogWorld: Bringing up level for play took: 0.005149
[2017.08.22-09.48.32:154][ 29]PIE: Info Play in editor start time for /Game/SideScrollerBP/Maps/UEDPIE_0_TestLevel -0.608
[2017.08.22-09.48.32:154][ 29]LogBlueprintUserMessages: Late PlayInEditor Detection: Level '/Game/SideScrollerBP/Maps/TestLevel.TestLevel:PersistentLevel' has LevelScriptBlueprint '/Game/SideScrollerBP/Maps/TestLevel.TestLevel:PersistentLevel.TestLevel' with GeneratedClass '/Game/SideScrollerBP/Maps/TestLevel.TestLevel_C' with ClassGeneratedBy '/Game/SideScrollerBP/Maps/TestLevel.TestLevel:PersistentLevel.TestLevel'
[2017.08.22-09.48.47:700][749]Cmd: LevelEditor.ToggleImmersive
[2017.08.22-09.49.27:157][104]Cmd: LevelEditor.ToggleImmersive
[2017.08.22-09.49.27:594][121]LogBlueprintUserMessages: Early EndPlayMap Detection: Level '/Game/SideScrollerBP/Maps/TestLevel.TestLevel:PersistentLevel' has LevelScriptBlueprint '/Game/SideScrollerBP/Maps/TestLevel.TestLevel:PersistentLevel.TestLevel' with GeneratedClass '/Game/SideScrollerBP/Maps/TestLevel.TestLevel_C' with ClassGeneratedBy '/Game/SideScrollerBP/Maps/TestLevel.TestLevel:PersistentLevel.TestLevel'
[2017.08.22-09.49.27:645][121]LogBlueprintUserMessages: Late EndPlayMap Detection: Level '/Game/SideScrollerBP/Maps/TestLevel.TestLevel:PersistentLevel' has LevelScriptBlueprint '/Game/SideScrollerBP/Maps/TestLevel.TestLevel:PersistentLevel.TestLevel' with GeneratedClass '/Game/SideScrollerBP/Maps/TestLevel.TestLevel_C' with ClassGeneratedBy '/Game/SideScrollerBP/Maps/TestLevel.TestLevel:PersistentLevel.TestLevel'
[2017.08.22-09.49.30:200][199]LogSavePackage: Save=341.86ms
[2017.08.22-09.49.30:200][199]LogSavePackage: Moving '../../../../../../Users/Weilon Ying/Documents/Unreal Projects/Lucy/Climbing/Saved/TestLevel8732AFE748626579EB7559A749DE6A15.tmp' to '../../../../../../Users/Weilon Ying/Documents/Unreal Projects/Lucy/Climbing/Content/SideScrollerBP/Maps/TestLevel.umap'
[2017.08.22-09.49.30:205][199]LogSavePackage:Display: Finished SavePackage ../../../../../../Users/Weilon Ying/Documents/Unreal Projects/Lucy/Climbing/Content/SideScrollerBP/Maps/TestLevel.umap
